|--- feature_16 <= 9.50
|   |--- feature_27 <= 0.50
|   |   |--- feature_93 <= 0.50
|   |   |   |--- feature_70 <= 1.50
|   |   |   |   |--- feature_73 <= 1.50
|   |   |   |   |   |--- feature_13 <= 6.50
|   |   |   |   |   |   |--- feature_14 <= -0.27
|   |   |   |   |   |   |   |--- feature_90 <= 0.50
|   |   |   |   |   |   |   |   |--- feature_8 <= 0.50
|   |   |   |   |   |   |   |   |   |--- feature_9 <= 9.15
|   |   |   |   |   |   |   |   |   |   |--- feature_16 <= 1.50
|   |   |   |   |   |   |   |   |   |   |   |--- truncated branch of depth 2
|   |   |   |   |   |   |   |   |   |   |--- feature_16 >  1.50
|   |   |   |   |   |   |   |   |   |   |   |--- class: increase
|   |   |   |   |   |   |   |   |   |--- feature_9 >  9.15
|   |   |   |   |   |   |   |   |   |   |--- class: decrease
|   |   |   |   |   |   |   |   |--- feature_8 >  0.50
|   |   |   |   |   |   |   |   |   |--- class: increase
|   |   |   |   |   |   |   |--- feature_90 >  0.50
|   |   |   |   |   |   |   |   |--- class: decrease
|   |   |   |   |   |   |--- feature_14 >  -0.27
|   |   |   |   |   |   |   |--- feature_12 <= 7.50
|   |   |   |   |   |   |   |   |--- feature_73 <= 0.50
|   |   |   |   |   |   |   |   |   |--- feature_46 <= 0.50
|   |   |   |   |   |   |   |   |   |   |--- feature_16 <= 3.50
|   |   |   |   |   |   |   |   |   |   |   |--- truncated branch of depth 21
|   |   |   |   |   |   |   |   |   |   |--- feature_16 >  3.50
|   |   |   |   |   |   |   |   |   |   |   |--- truncated branch of depth 30
|   |   |   |   |   |   |   |   |   |--- feature_46 >  0.50
|   |   |   |   |   |   |   |   |   |   |--- feature_13 <= 0.50
|   |   |   |   |   |   |   |   |   |   |   |--- class: decrease
|   |   |   |   |   |   |   |   |   |   |--- feature_13 >  0.50
|   |   |   |   |   |   |   |   |   |   |   |--- truncated branch of depth 7
|   |   |   |   |   |   |   |   |--- feature_73 >  0.50
|   |   |   |   |   |   |   |   |   |--- feature_13 <= 1.50
|   |   |   |   |   |   |   |   |   |   |--- class: increase
|   |   |   |   |   |   |   |   |   |--- feature_13 >  1.50
|   |   |   |   |   |   |   |   |   |   |--- class: decrease
|   |   |   |   |   |   |   |--- feature_12 >  7.50
|   |   |   |   |   |   |   |   |--- feature_5 <= 130.50
|   |   |   |   |   |   |   |   |   |--- class: decrease
|   |   |   |   |   |   |   |   |--- feature_5 >  130.50
|   |   |   |   |   |   |   |   |   |--- feature_16 <= 8.50
|   |   |   |   |   |   |   |   |   |   |--- class: increase
|   |   |   |   |   |   |   |   |   |--- feature_16 >  8.50
|   |   |   |   |   |   |   |   |   |   |--- class: decrease
|   |   |   |   |   |--- feature_13 >  6.50
|   |   |   |   |   |   |--- feature_9 <= 4.80
|   |   |   |   |   |   |   |--- feature_109 <= 0.50
|   |   |   |   |   |   |   |   |--- feature_41 <= 0.50
|   |   |   |   |   |   |   |   |   |--- feature_26 <= 0.50
|   |   |   |   |   |   |   |   |   |   |--- feature_61 <= 0.50
|   |   |   |   |   |   |   |   |   |   |   |--- truncated branch of depth 23
|   |   |   |   |   |   |   |   |   |   |--- feature_61 >  0.50
|   |   |   |   |   |   |   |   |   |   |   |--- truncated branch of depth 2
|   |   |   |   |   |   |   |   |   |--- feature_26 >  0.50
|   |   |   |   |   |   |   |   |   |   |--- feature_14 <= 0.19
|   |   |   |   |   |   |   |   |   |   |   |--- class: increase
|   |   |   |   |   |   |   |   |   |   |--- feature_14 >  0.19
|   |   |   |   |   |   |   |   |   |   |   |--- truncated branch of depth 2
|   |   |   |   |   |   |   |   |--- feature_41 >  0.50
|   |   |   |   |   |   |   |   |   |--- feature_2 <= 0.50
|   |   |   |   |   |   |   |   |   |   |--- class: decrease
|   |   |   |   |   |   |   |   |   |--- feature_2 >  0.50
|   |   |   |   |   |   |   |   |   |   |--- feature_99 <= 0.50
|   |   |   |   |   |   |   |   |   |   |   |--- class: decrease
|   |   |   |   |   |   |   |   |   |   |--- feature_99 >  0.50
|   |   |   |   |   |   |   |   |   |   |   |--- truncated branch of depth 2
|   |   |   |   |   |   |   |--- feature_109 >  0.50
|   |   |   |   |   |   |   |   |--- feature_5 <= 136.50
|   |   |   |   |   |   |   |   |   |--- feature_57 <= 0.50
|   |   |   |   |   |   |   |   |   |   |--- feature_10 <= 5.50
|   |   |   |   |   |   |   |   |   |   |   |--- truncated branch of depth 2
|   |   |   |   |   |   |   |   |   |   |--- feature_10 >  5.50
|   |   |   |   |   |   |   |   |   |   |   |--- class: increase
|   |   |   |   |   |   |   |   |   |--- feature_57 >  0.50
|   |   |   |   |   |   |   |   |   |   |--- class: decrease
|   |   |   |   |   |   |   |   |--- feature_5 >  136.50
|   |   |   |   |   |   |   |   |   |--- class: decrease
|   |   |   |   |   |   |--- feature_9 >  4.80
|   |   |   |   |   |   |   |--- feature_11 <= 1.50
|   |   |   |   |   |   |   |   |--- feature_4 <= 34.50
|   |   |   |   |   |   |   |   |   |--- feature_12 <= 3.50
|   |   |   |   |   |   |   |   |   |   |--- feature_9 <= 6.90
|   |   |   |   |   |   |   |   |   |   |   |--- truncated branch of depth 25
|   |   |   |   |   |   |   |   |   |   |--- feature_9 >  6.90
|   |   |   |   |   |   |   |   |   |   |   |--- truncated branch of depth 5
|   |   |   |   |   |   |   |   |   |--- feature_12 >  3.50
|   |   |   |   |   |   |   |   |   |   |--- feature_6 <= 11.50
|   |   |   |   |   |   |   |   |   |   |   |--- class: decrease
|   |   |   |   |   |   |   |   |   |   |--- feature_6 >  11.50
|   |   |   |   |   |   |   |   |   |   |   |--- truncated branch of depth 4
|   |   |   |   |   |   |   |   |--- feature_4 >  34.50
|   |   |   |   |   |   |   |   |   |--- class: decrease
|   |   |   |   |   |   |   |--- feature_11 >  1.50
|   |   |   |   |   |   |   |   |--- feature_54 <= 0.50
|   |   |   |   |   |   |   |   |   |--- feature_12 <= 3.50
|   |   |   |   |   |   |   |   |   |   |--- feature_13 <= 31.50
|   |   |   |   |   |   |   |   |   |   |   |--- truncated branch of depth 12
|   |   |   |   |   |   |   |   |   |   |--- feature_13 >  31.50
|   |   |   |   |   |   |   |   |   |   |   |--- class: decrease
|   |   |   |   |   |   |   |   |   |--- feature_12 >  3.50
|   |   |   |   |   |   |   |   |   |   |--- feature_9 <= 5.09
|   |   |   |   |   |   |   |   |   |   |   |--- truncated branch of depth 2
|   |   |   |   |   |   |   |   |   |   |--- feature_9 >  5.09
|   |   |   |   |   |   |   |   |   |   |   |--- class: increase
|   |   |   |   |   |   |   |   |--- feature_54 >  0.50
|   |   |   |   |   |   |   |   |   |--- feature_5 <= 95.50
|   |   |   |   |   |   |   |   |   |   |--- feature_26 <= 1.50
|   |   |   |   |   |   |   |   |   |   |   |--- truncated branch of depth 4
|   |   |   |   |   |   |   |   |   |   |--- feature_26 >  1.50
|   |   |   |   |   |   |   |   |   |   |   |--- class: increase
|   |   |   |   |   |   |   |   |   |--- feature_5 >  95.50
|   |   |   |   |   |   |   |   |   |   |--- feature_11 <= 14.50
|   |   |   |   |   |   |   |   |   |   |   |--- truncated branch of depth 21
|   |   |   |   |   |   |   |   |   |   |--- feature_11 >  14.50
|   |   |   |   |   |   |   |   |   |   |   |--- truncated branch of depth 3
|   |   |   |   |--- feature_73 >  1.50
|   |   |   |   |   |--- class: increase
|   |   |   |--- feature_70 >  1.50
|   |   |   |   |--- feature_2 <= 16.50
|   |   |   |   |   |--- class: decrease
|   |   |   |   |--- feature_2 >  16.50
|   |   |   |   |   |--- class: increase
|   |   |--- feature_93 >  0.50
|   |   |   |--- feature_16 <= 7.50
|   |   |   |   |--- feature_97 <= 0.50
|   |   |   |   |   |--- feature_9 <= 7.69
|   |   |   |   |   |   |--- feature_3 <= 23.00
|   |   |   |   |   |   |   |--- feature_24 <= 0.50
|   |   |   |   |   |   |   |   |--- feature_91 <= 0.50
|   |   |   |   |   |   |   |   |   |--- feature_13 <= 9.50
|   |   |   |   |   |   |   |   |   |   |--- feature_2 <= 0.50
|   |   |   |   |   |   |   |   |   |   |   |--- truncated branch of depth 5
|   |   |   |   |   |   |   |   |   |   |--- feature_2 >  0.50
|   |   |   |   |   |   |   |   |   |   |   |--- class: increase
|   |   |   |   |   |   |   |   |   |--- feature_13 >  9.50
|   |   |   |   |   |   |   |   |   |   |--- class: decrease
|   |   |   |   |   |   |   |   |--- feature_91 >  0.50
|   |   |   |   |   |   |   |   |   |--- class: increase
|   |   |   |   |   |   |   |--- feature_24 >  0.50
|   |   |   |   |   |   |   |   |--- class: increase
|   |   |   |   |   |   |--- feature_3 >  23.00
|   |   |   |   |   |   |   |--- class: increase
|   |   |   |   |   |--- feature_9 >  7.69
|   |   |   |   |   |   |--- feature_99 <= 0.50
|   |   |   |   |   |   |   |--- class: increase
|   |   |   |   |   |   |--- feature_99 >  0.50
|   |   |   |   |   |   |   |--- class: decrease
|   |   |   |   |--- feature_97 >  0.50
|   |   |   |   |   |--- class: decrease
|   |   |   |--- feature_16 >  7.50
|   |   |   |   |--- feature_2 <= 1.50
|   |   |   |   |   |--- class: increase
|   |   |   |   |--- feature_2 >  1.50
|   |   |   |   |   |--- feature_7 <= 5.50
|   |   |   |   |   |   |--- class: increase
|   |   |   |   |   |--- feature_7 >  5.50
|   |   |   |   |   |   |--- class: decrease
|   |--- feature_27 >  0.50
|   |   |--- feature_102 <= 0.50
|   |   |   |--- feature_1 <= 2.50
|   |   |   |   |--- feature_5 <= 264.00
|   |   |   |   |   |--- feature_100 <= 0.50
|   |   |   |   |   |   |--- feature_52 <= 0.50
|   |   |   |   |   |   |   |--- feature_47 <= 0.50
|   |   |   |   |   |   |   |   |--- feature_67 <= 0.50
|   |   |   |   |   |   |   |   |   |--- feature_5 <= 69.50
|   |   |   |   |   |   |   |   |   |   |--- feature_5 <= 40.50
|   |   |   |   |   |   |   |   |   |   |   |--- truncated branch of depth 2
|   |   |   |   |   |   |   |   |   |   |--- feature_5 >  40.50
|   |   |   |   |   |   |   |   |   |   |   |--- class: decrease
|   |   |   |   |   |   |   |   |   |--- feature_5 >  69.50
|   |   |   |   |   |   |   |   |   |   |--- feature_5 <= 82.00
|   |   |   |   |   |   |   |   |   |   |   |--- truncated branch of depth 4
|   |   |   |   |   |   |   |   |   |   |--- feature_5 >  82.00
|   |   |   |   |   |   |   |   |   |   |   |--- truncated branch of depth 12
|   |   |   |   |   |   |   |   |--- feature_67 >  0.50
|   |   |   |   |   |   |   |   |   |--- class: increase
|   |   |   |   |   |   |   |--- feature_47 >  0.50
|   |   |   |   |   |   |   |   |--- class: decrease
|   |   |   |   |   |   |--- feature_52 >  0.50
|   |   |   |   |   |   |   |--- class: increase
|   |   |   |   |   |--- feature_100 >  0.50
|   |   |   |   |   |   |--- class: decrease
|   |   |   |   |--- feature_5 >  264.00
|   |   |   |   |   |--- class: increase
|   |   |   |--- feature_1 >  2.50
|   |   |   |   |--- feature_1 <= 22.00
|   |   |   |   |   |--- class: increase
|   |   |   |   |--- feature_1 >  22.00
|   |   |   |   |   |--- class: decrease
|   |   |--- feature_102 >  0.50
|   |   |   |--- class: decrease
|--- feature_16 >  9.50
|   |--- feature_103 <= 1.50
|   |   |--- feature_14 <= 0.63
|   |   |   |--- feature_5 <= 133.50
|   |   |   |   |--- feature_103 <= 0.50
|   |   |   |   |   |--- feature_71 <= 0.50
|   |   |   |   |   |   |--- feature_54 <= 0.50
|   |   |   |   |   |   |   |--- feature_2 <= 1.50
|   |   |   |   |   |   |   |   |--- feature_8 <= 3.50
|   |   |   |   |   |   |   |   |   |--- class: increase
|   |   |   |   |   |   |   |   |--- feature_8 >  3.50
|   |   |   |   |   |   |   |   |   |--- feature_49 <= 0.50
|   |   |   |   |   |   |   |   |   |   |--- feature_5 <= 131.00
|   |   |   |   |   |   |   |   |   |   |   |--- class: increase
|   |   |   |   |   |   |   |   |   |   |--- feature_5 >  131.00
|   |   |   |   |   |   |   |   |   |   |   |--- class: decrease
|   |   |   |   |   |   |   |   |   |--- feature_49 >  0.50
|   |   |   |   |   |   |   |   |   |   |--- class: decrease
|   |   |   |   |   |   |   |--- feature_2 >  1.50
|   |   |   |   |   |   |   |   |--- feature_5 <= 105.00
|   |   |   |   |   |   |   |   |   |--- class: decrease
|   |   |   |   |   |   |   |   |--- feature_5 >  105.00
|   |   |   |   |   |   |   |   |   |--- class: increase
|   |   |   |   |   |   |--- feature_54 >  0.50
|   |   |   |   |   |   |   |--- class: increase
|   |   |   |   |   |--- feature_71 >  0.50
|   |   |   |   |   |   |--- feature_10 <= 15.50
|   |   |   |   |   |   |   |--- class: increase
|   |   |   |   |   |   |--- feature_10 >  15.50
|   |   |   |   |   |   |   |--- class: decrease
|   |   |   |   |--- feature_103 >  0.50
|   |   |   |   |   |--- feature_91 <= 0.50
|   |   |   |   |   |   |--- feature_4 <= 11.50
|   |   |   |   |   |   |   |--- class: increase
|   |   |   |   |   |   |--- feature_4 >  11.50
|   |   |   |   |   |   |   |--- class: decrease
|   |   |   |   |   |--- feature_91 >  0.50
|   |   |   |   |   |   |--- class: increase
|   |   |   |--- feature_5 >  133.50
|   |   |   |   |--- feature_10 <= 12.50
|   |   |   |   |   |--- class: decrease
|   |   |   |   |--- feature_10 >  12.50
|   |   |   |   |   |--- feature_2 <= 3.50
|   |   |   |   |   |   |--- feature_81 <= 1.50
|   |   |   |   |   |   |   |--- feature_58 <= 0.50
|   |   |   |   |   |   |   |   |--- feature_107 <= 0.50
|   |   |   |   |   |   |   |   |   |--- feature_10 <= 15.50
|   |   |   |   |   |   |   |   |   |   |--- class: increase
|   |   |   |   |   |   |   |   |   |--- feature_10 >  15.50
|   |   |   |   |   |   |   |   |   |   |--- feature_70 <= 1.50
|   |   |   |   |   |   |   |   |   |   |   |--- truncated branch of depth 22
|   |   |   |   |   |   |   |   |   |   |--- feature_70 >  1.50
|   |   |   |   |   |   |   |   |   |   |   |--- class: increase
|   |   |   |   |   |   |   |   |--- feature_107 >  0.50
|   |   |   |   |   |   |   |   |   |--- feature_16 <= 11.50
|   |   |   |   |   |   |   |   |   |   |--- class: increase
|   |   |   |   |   |   |   |   |   |--- feature_16 >  11.50
|   |   |   |   |   |   |   |   |   |   |--- class: decrease
|   |   |   |   |   |   |   |--- feature_58 >  0.50
|   |   |   |   |   |   |   |   |--- class: decrease
|   |   |   |   |   |   |--- feature_81 >  1.50
|   |   |   |   |   |   |   |--- class: decrease
|   |   |   |   |   |--- feature_2 >  3.50
|   |   |   |   |   |   |--- feature_44 <= 0.50
|   |   |   |   |   |   |   |--- class: decrease
|   |   |   |   |   |   |--- feature_44 >  0.50
|   |   |   |   |   |   |   |--- feature_10 <= 25.50
|   |   |   |   |   |   |   |   |--- class: decrease
|   |   |   |   |   |   |   |--- feature_10 >  25.50
|   |   |   |   |   |   |   |   |--- class: increase
|   |   |--- feature_14 >  0.63
|   |   |   |--- class: increase
|   |--- feature_103 >  1.50
|   |   |--- class: decrease
