|--- feature_79 <= 0.50
|   |--- feature_82 <= 0.50
|   |   |--- feature_1 <= 25.50
|   |   |   |--- feature_36 <= 0.50
|   |   |   |   |--- feature_34 <= 0.50
|   |   |   |   |   |--- feature_21 <= 0.50
|   |   |   |   |   |   |--- feature_11 <= 4.50
|   |   |   |   |   |   |   |--- feature_7 <= 11.04
|   |   |   |   |   |   |   |   |--- feature_14 <= 13.50
|   |   |   |   |   |   |   |   |   |--- feature_8 <= 1.50
|   |   |   |   |   |   |   |   |   |   |--- feature_0 <= 1.63
|   |   |   |   |   |   |   |   |   |   |   |--- truncated branch of depth 12
|   |   |   |   |   |   |   |   |   |   |--- feature_0 >  1.63
|   |   |   |   |   |   |   |   |   |   |   |--- truncated branch of depth 2
|   |   |   |   |   |   |   |   |   |--- feature_8 >  1.50
|   |   |   |   |   |   |   |   |   |   |--- feature_3 <= 128.00
|   |   |   |   |   |   |   |   |   |   |   |--- truncated branch of depth 17
|   |   |   |   |   |   |   |   |   |   |--- feature_3 >  128.00
|   |   |   |   |   |   |   |   |   |   |   |--- truncated branch of depth 8
|   |   |   |   |   |   |   |   |--- feature_14 >  13.50
|   |   |   |   |   |   |   |   |   |--- feature_3 <= 215.50
|   |   |   |   |   |   |   |   |   |   |--- feature_101 <= 0.50
|   |   |   |   |   |   |   |   |   |   |   |--- truncated branch of depth 7
|   |   |   |   |   |   |   |   |   |   |--- feature_101 >  0.50
|   |   |   |   |   |   |   |   |   |   |   |--- class: high
|   |   |   |   |   |   |   |   |   |--- feature_3 >  215.50
|   |   |   |   |   |   |   |   |   |   |--- class: none
|   |   |   |   |   |   |   |--- feature_7 >  11.04
|   |   |   |   |   |   |   |   |--- feature_1 <= 4.00
|   |   |   |   |   |   |   |   |   |--- feature_10 <= 0.50
|   |   |   |   |   |   |   |   |   |   |--- class: high
|   |   |   |   |   |   |   |   |   |--- feature_10 >  0.50
|   |   |   |   |   |   |   |   |   |   |--- class: low
|   |   |   |   |   |   |   |   |--- feature_1 >  4.00
|   |   |   |   |   |   |   |   |   |--- class: low
|   |   |   |   |   |   |--- feature_11 >  4.50
|   |   |   |   |   |   |   |--- feature_57 <= 0.50
|   |   |   |   |   |   |   |   |--- feature_46 <= 0.50
|   |   |   |   |   |   |   |   |   |--- feature_0 <= 2.24
|   |   |   |   |   |   |   |   |   |   |--- feature_78 <= 0.50
|   |   |   |   |   |   |   |   |   |   |   |--- truncated branch of depth 37
|   |   |   |   |   |   |   |   |   |   |--- feature_78 >  0.50
|   |   |   |   |   |   |   |   |   |   |   |--- truncated branch of depth 12
|   |   |   |   |   |   |   |   |   |--- feature_0 >  2.24
|   |   |   |   |   |   |   |   |   |   |--- feature_11 <= 17.50
|   |   |   |   |   |   |   |   |   |   |   |--- truncated branch of depth 4
|   |   |   |   |   |   |   |   |   |   |--- feature_11 >  17.50
|   |   |   |   |   |   |   |   |   |   |   |--- truncated branch of depth 2
|   |   |   |   |   |   |   |   |--- feature_46 >  0.50
|   |   |   |   |   |   |   |   |   |--- feature_14 <= 1.50
|   |   |   |   |   |   |   |   |   |   |--- feature_37 <= 0.50
|   |   |   |   |   |   |   |   |   |   |   |--- truncated branch of depth 5
|   |   |   |   |   |   |   |   |   |   |--- feature_37 >  0.50
|   |   |   |   |   |   |   |   |   |   |   |--- class: medium
|   |   |   |   |   |   |   |   |   |--- feature_14 >  1.50
|   |   |   |   |   |   |   |   |   |   |--- feature_11 <= 16.50
|   |   |   |   |   |   |   |   |   |   |   |--- truncated branch of depth 7
|   |   |   |   |   |   |   |   |   |   |--- feature_11 >  16.50
|   |   |   |   |   |   |   |   |   |   |   |--- truncated branch of depth 2
|   |   |   |   |   |   |   |--- feature_57 >  0.50
|   |   |   |   |   |   |   |   |--- feature_8 <= 11.00
|   |   |   |   |   |   |   |   |   |--- feature_9 <= 1.50
|   |   |   |   |   |   |   |   |   |   |--- feature_26 <= 0.50
|   |   |   |   |   |   |   |   |   |   |   |--- truncated branch of depth 4
|   |   |   |   |   |   |   |   |   |   |--- feature_26 >  0.50
|   |   |   |   |   |   |   |   |   |   |   |--- class: none
|   |   |   |   |   |   |   |   |   |--- feature_9 >  1.50
|   |   |   |   |   |   |   |   |   |   |--- feature_5 <= 2.50
|   |   |   |   |   |   |   |   |   |   |   |--- truncated branch of depth 4
|   |   |   |   |   |   |   |   |   |   |--- feature_5 >  2.50
|   |   |   |   |   |   |   |   |   |   |   |--- truncated branch of depth 2
|   |   |   |   |   |   |   |   |--- feature_8 >  11.00
|   |   |   |   |   |   |   |   |   |--- class: none
|   |   |   |   |   |--- feature_21 >  0.50
|   |   |   |   |   |   |--- feature_6 <= 5.50
|   |   |   |   |   |   |   |--- feature_11 <= 0.50
|   |   |   |   |   |   |   |   |--- feature_8 <= 2.50
|   |   |   |   |   |   |   |   |   |--- feature_3 <= 26.50
|   |   |   |   |   |   |   |   |   |   |--- feature_1 <= 3.00
|   |   |   |   |   |   |   |   |   |   |   |--- class: none
|   |   |   |   |   |   |   |   |   |   |--- feature_1 >  3.00
|   |   |   |   |   |   |   |   |   |   |   |--- class: low
|   |   |   |   |   |   |   |   |   |--- feature_3 >  26.50
|   |   |   |   |   |   |   |   |   |   |--- feature_0 <= -1.19
|   |   |   |   |   |   |   |   |   |   |   |--- class: medium
|   |   |   |   |   |   |   |   |   |   |--- feature_0 >  -1.19
|   |   |   |   |   |   |   |   |   |   |   |--- class: high
|   |   |   |   |   |   |   |   |--- feature_8 >  2.50
|   |   |   |   |   |   |   |   |   |--- feature_47 <= 0.50
|   |   |   |   |   |   |   |   |   |   |--- feature_40 <= 0.50
|   |   |   |   |   |   |   |   |   |   |   |--- class: medium
|   |   |   |   |   |   |   |   |   |   |--- feature_40 >  0.50
|   |   |   |   |   |   |   |   |   |   |   |--- class: low
|   |   |   |   |   |   |   |   |   |--- feature_47 >  0.50
|   |   |   |   |   |   |   |   |   |   |--- class: none
|   |   |   |   |   |   |   |--- feature_11 >  0.50
|   |   |   |   |   |   |   |   |--- feature_96 <= 0.50
|   |   |   |   |   |   |   |   |   |--- feature_8 <= 11.50
|   |   |   |   |   |   |   |   |   |   |--- feature_7 <= 5.84
|   |   |   |   |   |   |   |   |   |   |   |--- truncated branch of depth 12
|   |   |   |   |   |   |   |   |   |   |--- feature_7 >  5.84
|   |   |   |   |   |   |   |   |   |   |   |--- truncated branch of depth 10
|   |   |   |   |   |   |   |   |   |--- feature_8 >  11.50
|   |   |   |   |   |   |   |   |   |   |--- feature_11 <= 13.50
|   |   |   |   |   |   |   |   |   |   |   |--- truncated branch of depth 7
|   |   |   |   |   |   |   |   |   |   |--- feature_11 >  13.50
|   |   |   |   |   |   |   |   |   |   |   |--- truncated branch of depth 2
|   |   |   |   |   |   |   |   |--- feature_96 >  0.50
|   |   |   |   |   |   |   |   |   |--- feature_14 <= 6.00
|   |   |   |   |   |   |   |   |   |   |--- class: high
|   |   |   |   |   |   |   |   |   |--- feature_14 >  6.00
|   |   |   |   |   |   |   |   |   |   |--- class: medium
|   |   |   |   |   |   |--- feature_6 >  5.50
|   |   |   |   |   |   |   |--- feature_93 <= 0.50
|   |   |   |   |   |   |   |   |--- feature_71 <= 0.50
|   |   |   |   |   |   |   |   |   |--- feature_8 <= 3.50
|   |   |   |   |   |   |   |   |   |   |--- feature_1 <= 11.50
|   |   |   |   |   |   |   |   |   |   |   |--- truncated branch of depth 2
|   |   |   |   |   |   |   |   |   |   |--- feature_1 >  11.50
|   |   |   |   |   |   |   |   |   |   |   |--- truncated branch of depth 4
|   |   |   |   |   |   |   |   |   |--- feature_8 >  3.50
|   |   |   |   |   |   |   |   |   |   |--- feature_54 <= 0.50
|   |   |   |   |   |   |   |   |   |   |   |--- truncated branch of depth 10
|   |   |   |   |   |   |   |   |   |   |--- feature_54 >  0.50
|   |   |   |   |   |   |   |   |   |   |   |--- truncated branch of depth 3
|   |   |   |   |   |   |   |   |--- feature_71 >  0.50
|   |   |   |   |   |   |   |   |   |--- class: high
|   |   |   |   |   |   |   |--- feature_93 >  0.50
|   |   |   |   |   |   |   |   |--- feature_1 <= 15.50
|   |   |   |   |   |   |   |   |   |--- feature_28 <= 0.50
|   |   |   |   |   |   |   |   |   |   |--- class: medium
|   |   |   |   |   |   |   |   |   |--- feature_28 >  0.50
|   |   |   |   |   |   |   |   |   |   |--- class: low
|   |   |   |   |   |   |   |   |--- feature_1 >  15.50
|   |   |   |   |   |   |   |   |   |--- class: high
|   |   |   |   |--- feature_34 >  0.50
|   |   |   |   |   |--- feature_3 <= 132.50
|   |   |   |   |   |   |--- feature_7 <= 12.47
|   |   |   |   |   |   |   |--- feature_0 <= -0.38
|   |   |   |   |   |   |   |   |--- feature_7 <= 7.11
|   |   |   |   |   |   |   |   |   |--- feature_40 <= 0.50
|   |   |   |   |   |   |   |   |   |   |--- feature_0 <= -0.66
|   |   |   |   |   |   |   |   |   |   |   |--- class: medium
|   |   |   |   |   |   |   |   |   |   |--- feature_0 >  -0.66
|   |   |   |   |   |   |   |   |   |   |   |--- truncated branch of depth 3
|   |   |   |   |   |   |   |   |   |--- feature_40 >  0.50
|   |   |   |   |   |   |   |   |   |   |--- class: none
|   |   |   |   |   |   |   |   |--- feature_7 >  7.11
|   |   |   |   |   |   |   |   |   |--- feature_24 <= 0.50
|   |   |   |   |   |   |   |   |   |   |--- feature_10 <= 1.50
|   |   |   |   |   |   |   |   |   |   |   |--- truncated branch of depth 6
|   |   |   |   |   |   |   |   |   |   |--- feature_10 >  1.50
|   |   |   |   |   |   |   |   |   |   |   |--- truncated branch of depth 5
|   |   |   |   |   |   |   |   |   |--- feature_24 >  0.50
|   |   |   |   |   |   |   |   |   |   |--- class: high
|   |   |   |   |   |   |   |--- feature_0 >  -0.38
|   |   |   |   |   |   |   |   |--- feature_7 <= 7.36
|   |   |   |   |   |   |   |   |   |--- feature_95 <= 0.50
|   |   |   |   |   |   |   |   |   |   |--- feature_9 <= 2.50
|   |   |   |   |   |   |   |   |   |   |   |--- truncated branch of depth 5
|   |   |   |   |   |   |   |   |   |   |--- feature_9 >  2.50
|   |   |   |   |   |   |   |   |   |   |   |--- truncated branch of depth 8
|   |   |   |   |   |   |   |   |   |--- feature_95 >  0.50
|   |   |   |   |   |   |   |   |   |   |--- feature_76 <= 0.50
|   |   |   |   |   |   |   |   |   |   |   |--- truncated branch of depth 5
|   |   |   |   |   |   |   |   |   |   |--- feature_76 >  0.50
|   |   |   |   |   |   |   |   |   |   |   |--- truncated branch of depth 2
|   |   |   |   |   |   |   |   |--- feature_7 >  7.36
|   |   |   |   |   |   |   |   |   |--- feature_24 <= 0.50
|   |   |   |   |   |   |   |   |   |   |--- feature_4 <= 13.50
|   |   |   |   |   |   |   |   |   |   |   |--- truncated branch of depth 12
|   |   |   |   |   |   |   |   |   |   |--- feature_4 >  13.50
|   |   |   |   |   |   |   |   |   |   |   |--- truncated branch of depth 11
|   |   |   |   |   |   |   |   |   |--- feature_24 >  0.50
|   |   |   |   |   |   |   |   |   |   |--- class: none
|   |   |   |   |   |   |--- feature_7 >  12.47
|   |   |   |   |   |   |   |--- feature_0 <= 0.70
|   |   |   |   |   |   |   |   |--- feature_10 <= 2.50
|   |   |   |   |   |   |   |   |   |--- feature_9 <= 2.50
|   |   |   |   |   |   |   |   |   |   |--- feature_0 <= 0.16
|   |   |   |   |   |   |   |   |   |   |   |--- class: low
|   |   |   |   |   |   |   |   |   |   |--- feature_0 >  0.16
|   |   |   |   |   |   |   |   |   |   |   |--- class: none
|   |   |   |   |   |   |   |   |   |--- feature_9 >  2.50
|   |   |   |   |   |   |   |   |   |   |--- feature_14 <= 5.50
|   |   |   |   |   |   |   |   |   |   |   |--- truncated branch of depth 4
|   |   |   |   |   |   |   |   |   |   |--- feature_14 >  5.50
|   |   |   |   |   |   |   |   |   |   |   |--- class: high
|   |   |   |   |   |   |   |   |--- feature_10 >  2.50
|   |   |   |   |   |   |   |   |   |--- class: low
|   |   |   |   |   |   |   |--- feature_0 >  0.70
|   |   |   |   |   |   |   |   |--- feature_50 <= 0.50
|   |   |   |   |   |   |   |   |   |--- class: low
|   |   |   |   |   |   |   |   |--- feature_50 >  0.50
|   |   |   |   |   |   |   |   |   |--- class: none
|   |   |   |   |   |--- feature_3 >  132.50
|   |   |   |   |   |   |--- feature_89 <= 0.50
|   |   |   |   |   |   |   |--- feature_16 <= 0.50
|   |   |   |   |   |   |   |   |--- feature_14 <= 19.50
|   |   |   |   |   |   |   |   |   |--- feature_112 <= 0.50
|   |   |   |   |   |   |   |   |   |   |--- feature_46 <= 1.50
|   |   |   |   |   |   |   |   |   |   |   |--- truncated branch of depth 20
|   |   |   |   |   |   |   |   |   |   |--- feature_46 >  1.50
|   |   |   |   |   |   |   |   |   |   |   |--- truncated branch of depth 3
|   |   |   |   |   |   |   |   |   |--- feature_112 >  0.50
|   |   |   |   |   |   |   |   |   |   |--- feature_3 <= 159.00
|   |   |   |   |   |   |   |   |   |   |   |--- truncated branch of depth 3
|   |   |   |   |   |   |   |   |   |   |--- feature_3 >  159.00
|   |   |   |   |   |   |   |   |   |   |   |--- truncated branch of depth 2
|   |   |   |   |   |   |   |   |--- feature_14 >  19.50
|   |   |   |   |   |   |   |   |   |--- feature_11 <= 6.00
|   |   |   |   |   |   |   |   |   |   |--- feature_10 <= 17.50
|   |   |   |   |   |   |   |   |   |   |   |--- class: none
|   |   |   |   |   |   |   |   |   |   |--- feature_10 >  17.50
|   |   |   |   |   |   |   |   |   |   |   |--- truncated branch of depth 2
|   |   |   |   |   |   |   |   |   |--- feature_11 >  6.00
|   |   |   |   |   |   |   |   |   |   |--- class: low
|   |   |   |   |   |   |   |--- feature_16 >  0.50
|   |   |   |   |   |   |   |   |--- feature_8 <= 26.50
|   |   |   |   |   |   |   |   |   |--- feature_4 <= 17.50
|   |   |   |   |   |   |   |   |   |   |--- class: none
|   |   |   |   |   |   |   |   |   |--- feature_4 >  17.50
|   |   |   |   |   |   |   |   |   |   |--- feature_7 <= 11.93
|   |   |   |   |   |   |   |   |   |   |   |--- class: medium
|   |   |   |   |   |   |   |   |   |   |--- feature_7 >  11.93
|   |   |   |   |   |   |   |   |   |   |   |--- truncated branch of depth 2
|   |   |   |   |   |   |   |   |--- feature_8 >  26.50
|   |   |   |   |   |   |   |   |   |--- class: none
|   |   |   |   |   |   |--- feature_89 >  0.50
|   |   |   |   |   |   |   |--- feature_7 <= 11.27
|   |   |   |   |   |   |   |   |--- feature_0 <= 0.39
|   |   |   |   |   |   |   |   |   |--- feature_0 <= -0.50
|   |   |   |   |   |   |   |   |   |   |--- feature_3 <= 199.50
|   |   |   |   |   |   |   |   |   |   |   |--- class: high
|   |   |   |   |   |   |   |   |   |   |--- feature_3 >  199.50
|   |   |   |   |   |   |   |   |   |   |   |--- class: none
|   |   |   |   |   |   |   |   |   |--- feature_0 >  -0.50
|   |   |   |   |   |   |   |   |   |   |--- feature_68 <= 0.50
|   |   |   |   |   |   |   |   |   |   |   |--- truncated branch of depth 6
|   |   |   |   |   |   |   |   |   |   |--- feature_68 >  0.50
|   |   |   |   |   |   |   |   |   |   |   |--- class: low
|   |   |   |   |   |   |   |   |--- feature_0 >  0.39
|   |   |   |   |   |   |   |   |   |--- feature_9 <= 8.50
|   |   |   |   |   |   |   |   |   |   |--- feature_18 <= 0.50
|   |   |   |   |   |   |   |   |   |   |   |--- truncated branch of depth 2
|   |   |   |   |   |   |   |   |   |   |--- feature_18 >  0.50
|   |   |   |   |   |   |   |   |   |   |   |--- truncated branch of depth 2
|   |   |   |   |   |   |   |   |   |--- feature_9 >  8.50
|   |   |   |   |   |   |   |   |   |   |--- feature_12 <= -0.03
|   |   |   |   |   |   |   |   |   |   |   |--- class: none
|   |   |   |   |   |   |   |   |   |   |--- feature_12 >  -0.03
|   |   |   |   |   |   |   |   |   |   |   |--- class: high
|   |   |   |   |   |   |   |--- feature_7 >  11.27
|   |   |   |   |   |   |   |   |--- feature_75 <= 1.00
|   |   |   |   |   |   |   |   |   |--- class: none
|   |   |   |   |   |   |   |   |--- feature_75 >  1.00
|   |   |   |   |   |   |   |   |   |--- class: low
|   |   |   |--- feature_36 >  0.50
|   |   |   |   |--- feature_7 <= 7.03
|   |   |   |   |   |--- feature_7 <= 6.32
|   |   |   |   |   |   |--- feature_10 <= 2.50
|   |   |   |   |   |   |   |--- feature_95 <= 0.50
|   |   |   |   |   |   |   |   |--- feature_9 <= 5.50
|   |   |   |   |   |   |   |   |   |--- feature_1 <= 12.50
|   |   |   |   |   |   |   |   |   |   |--- feature_6 <= 3.00
|   |   |   |   |   |   |   |   |   |   |   |--- class: medium
|   |   |   |   |   |   |   |   |   |   |--- feature_6 >  3.00
|   |   |   |   |   |   |   |   |   |   |   |--- class: low
|   |   |   |   |   |   |   |   |   |--- feature_1 >  12.50
|   |   |   |   |   |   |   |   |   |   |--- feature_30 <= 0.50
|   |   |   |   |   |   |   |   |   |   |   |--- truncated branch of depth 5
|   |   |   |   |   |   |   |   |   |   |--- feature_30 >  0.50
|   |   |   |   |   |   |   |   |   |   |   |--- class: medium
|   |   |   |   |   |   |   |   |--- feature_9 >  5.50
|   |   |   |   |   |   |   |   |   |--- feature_42 <= 0.50
|   |   |   |   |   |   |   |   |   |   |--- class: none
|   |   |   |   |   |   |   |   |   |--- feature_42 >  0.50
|   |   |   |   |   |   |   |   |   |   |--- class: high
|   |   |   |   |   |   |   |--- feature_95 >  0.50
|   |   |   |   |   |   |   |   |--- feature_9 <= 3.50
|   |   |   |   |   |   |   |   |   |--- class: medium
|   |   |   |   |   |   |   |   |--- feature_9 >  3.50
|   |   |   |   |   |   |   |   |   |--- feature_1 <= 17.50
|   |   |   |   |   |   |   |   |   |   |--- class: none
|   |   |   |   |   |   |   |   |   |--- feature_1 >  17.50
|   |   |   |   |   |   |   |   |   |   |--- class: medium
|   |   |   |   |   |   |--- feature_10 >  2.50
|   |   |   |   |   |   |   |--- feature_8 <= 12.50
|   |   |   |   |   |   |   |   |--- feature_8 <= 7.50
|   |   |   |   |   |   |   |   |   |--- class: medium
|   |   |   |   |   |   |   |   |--- feature_8 >  7.50
|   |   |   |   |   |   |   |   |   |--- feature_99 <= 0.50
|   |   |   |   |   |   |   |   |   |   |--- feature_71 <= 0.50
|   |   |   |   |   |   |   |   |   |   |   |--- class: low
|   |   |   |   |   |   |   |   |   |   |--- feature_71 >  0.50
|   |   |   |   |   |   |   |   |   |   |   |--- class: high
|   |   |   |   |   |   |   |   |   |--- feature_99 >  0.50
|   |   |   |   |   |   |   |   |   |   |--- class: high
|   |   |   |   |   |   |   |--- feature_8 >  12.50
|   |   |   |   |   |   |   |   |--- feature_3 <= 106.50
|   |   |   |   |   |   |   |   |   |--- feature_6 <= 5.50
|   |   |   |   |   |   |   |   |   |   |--- class: none
|   |   |   |   |   |   |   |   |   |--- feature_6 >  5.50
|   |   |   |   |   |   |   |   |   |   |--- feature_9 <= 11.50
|   |   |   |   |   |   |   |   |   |   |   |--- class: medium
|   |   |   |   |   |   |   |   |   |   |--- feature_9 >  11.50
|   |   |   |   |   |   |   |   |   |   |   |--- class: none
|   |   |   |   |   |   |   |   |--- feature_3 >  106.50
|   |   |   |   |   |   |   |   |   |--- feature_18 <= 0.50
|   |   |   |   |   |   |   |   |   |   |--- class: medium
|   |   |   |   |   |   |   |   |   |--- feature_18 >  0.50
|   |   |   |   |   |   |   |   |   |   |--- class: high
|   |   |   |   |   |--- feature_7 >  6.32
|   |   |   |   |   |   |--- feature_9 <= 5.50
|   |   |   |   |   |   |   |--- feature_0 <= 0.32
|   |   |   |   |   |   |   |   |--- feature_6 <= 11.50
|   |   |   |   |   |   |   |   |   |--- feature_7 <= 6.94
|   |   |   |   |   |   |   |   |   |   |--- feature_3 <= 91.50
|   |   |   |   |   |   |   |   |   |   |   |--- class: low
|   |   |   |   |   |   |   |   |   |   |--- feature_3 >  91.50
|   |   |   |   |   |   |   |   |   |   |   |--- truncated branch of depth 5
|   |   |   |   |   |   |   |   |   |--- feature_7 >  6.94
|   |   |   |   |   |   |   |   |   |   |--- feature_27 <= 0.50
|   |   |   |   |   |   |   |   |   |   |   |--- truncated branch of depth 2
|   |   |   |   |   |   |   |   |   |   |--- feature_27 >  0.50
|   |   |   |   |   |   |   |   |   |   |   |--- class: low
|   |   |   |   |   |   |   |   |--- feature_6 >  11.50
|   |   |   |   |   |   |   |   |   |--- class: high
|   |   |   |   |   |   |   |--- feature_0 >  0.32
|   |   |   |   |   |   |   |   |--- feature_0 <= 0.92
|   |   |   |   |   |   |   |   |   |--- feature_3 <= 129.50
|   |   |   |   |   |   |   |   |   |   |--- class: none
|   |   |   |   |   |   |   |   |   |--- feature_3 >  129.50
|   |   |   |   |   |   |   |   |   |   |--- class: high
|   |   |   |   |   |   |   |   |--- feature_0 >  0.92
|   |   |   |   |   |   |   |   |   |--- feature_14 <= 6.50
|   |   |   |   |   |   |   |   |   |   |--- class: low
|   |   |   |   |   |   |   |   |   |--- feature_14 >  6.50
|   |   |   |   |   |   |   |   |   |   |--- class: high
|   |   |   |   |   |   |--- feature_9 >  5.50
|   |   |   |   |   |   |   |--- feature_2 <= 13.50
|   |   |   |   |   |   |   |   |--- feature_0 <= 1.04
|   |   |   |   |   |   |   |   |   |--- class: none
|   |   |   |   |   |   |   |   |--- feature_0 >  1.04
|   |   |   |   |   |   |   |   |   |--- class: medium
|   |   |   |   |   |   |   |--- feature_2 >  13.50
|   |   |   |   |   |   |   |   |--- feature_3 <= 110.50
|   |   |   |   |   |   |   |   |   |--- feature_3 <= 107.50
|   |   |   |   |   |   |   |   |   |   |--- class: low
|   |   |   |   |   |   |   |   |   |--- feature_3 >  107.50
|   |   |   |   |   |   |   |   |   |   |--- feature_0 <= 0.13
|   |   |   |   |   |   |   |   |   |   |   |--- class: none
|   |   |   |   |   |   |   |   |   |   |--- feature_0 >  0.13
|   |   |   |   |   |   |   |   |   |   |   |--- class: low
|   |   |   |   |   |   |   |   |--- feature_3 >  110.50
|   |   |   |   |   |   |   |   |   |--- feature_0 <= -0.72
|   |   |   |   |   |   |   |   |   |   |--- class: medium
|   |   |   |   |   |   |   |   |   |--- feature_0 >  -0.72
|   |   |   |   |   |   |   |   |   |   |--- class: low
|   |   |   |   |--- feature_7 >  7.03
|   |   |   |   |   |--- feature_40 <= 0.50
|   |   |   |   |   |   |--- feature_4 <= 13.50
|   |   |   |   |   |   |   |--- feature_3 <= 145.00
|   |   |   |   |   |   |   |   |--- feature_12 <= 0.15
|   |   |   |   |   |   |   |   |   |--- feature_90 <= 1.50
|   |   |   |   |   |   |   |   |   |   |--- feature_0 <= -2.16
|   |   |   |   |   |   |   |   |   |   |   |--- class: low
|   |   |   |   |   |   |   |   |   |   |--- feature_0 >  -2.16
|   |   |   |   |   |   |   |   |   |   |   |--- truncated branch of depth 6
|   |   |   |   |   |   |   |   |   |--- feature_90 >  1.50
|   |   |   |   |   |   |   |   |   |   |--- class: low
|   |   |   |   |   |   |   |   |--- feature_12 >  0.15
|   |   |   |   |   |   |   |   |   |--- feature_0 <= 0.25
|   |   |   |   |   |   |   |   |   |   |--- feature_6 <= 3.50
|   |   |   |   |   |   |   |   |   |   |   |--- truncated branch of depth 2
|   |   |   |   |   |   |   |   |   |   |--- feature_6 >  3.50
|   |   |   |   |   |   |   |   |   |   |   |--- class: low
|   |   |   |   |   |   |   |   |   |--- feature_0 >  0.25
|   |   |   |   |   |   |   |   |   |   |--- class: none
|   |   |   |   |   |   |   |--- feature_3 >  145.00
|   |   |   |   |   |   |   |   |--- class: medium
|   |   |   |   |   |   |--- feature_4 >  13.50
|   |   |   |   |   |   |   |--- feature_10 <= 4.00
|   |   |   |   |   |   |   |   |--- feature_73 <= 0.50
|   |   |   |   |   |   |   |   |   |--- class: medium
|   |   |   |   |   |   |   |   |--- feature_73 >  0.50
|   |   |   |   |   |   |   |   |   |--- class: none
|   |   |   |   |   |   |   |--- feature_10 >  4.00
|   |   |   |   |   |   |   |   |--- feature_7 <= 8.00
|   |   |   |   |   |   |   |   |   |--- feature_3 <= 86.00
|   |   |   |   |   |   |   |   |   |   |--- class: medium
|   |   |   |   |   |   |   |   |   |--- feature_3 >  86.00
|   |   |   |   |   |   |   |   |   |   |--- class: none
|   |   |   |   |   |   |   |   |--- feature_7 >  8.00
|   |   |   |   |   |   |   |   |   |--- feature_7 <= 8.27
|   |   |   |   |   |   |   |   |   |   |--- class: low
|   |   |   |   |   |   |   |   |   |--- feature_7 >  8.27
|   |   |   |   |   |   |   |   |   |   |--- feature_0 <= 0.69
|   |   |   |   |   |   |   |   |   |   |   |--- class: none
|   |   |   |   |   |   |   |   |   |   |--- feature_0 >  0.69
|   |   |   |   |   |   |   |   |   |   |   |--- class: medium
|   |   |   |   |   |--- feature_40 >  0.50
|   |   |   |   |   |   |--- feature_7 <= 7.22
|   |   |   |   |   |   |   |--- class: medium
|   |   |   |   |   |   |--- feature_7 >  7.22
|   |   |   |   |   |   |   |--- feature_0 <= 0.38
|   |   |   |   |   |   |   |   |--- class: none
|   |   |   |   |   |   |   |--- feature_0 >  0.38
|   |   |   |   |   |   |   |   |--- class: medium
|   |   |--- feature_1 >  25.50
|   |   |   |--- feature_7 <= 8.32
|   |   |   |   |--- feature_89 <= 0.50
|   |   |   |   |   |--- feature_14 <= 1.50
|   |   |   |   |   |   |--- feature_31 <= 1.50
|   |   |   |   |   |   |   |--- feature_8 <= 5.50
|   |   |   |   |   |   |   |   |--- feature_0 <= 0.32
|   |   |   |   |   |   |   |   |   |--- feature_26 <= 1.50
|   |   |   |   |   |   |   |   |   |   |--- class: medium
|   |   |   |   |   |   |   |   |   |--- feature_26 >  1.50
|   |   |   |   |   |   |   |   |   |   |--- feature_65 <= 0.50
|   |   |   |   |   |   |   |   |   |   |   |--- class: low
|   |   |   |   |   |   |   |   |   |   |--- feature_65 >  0.50
|   |   |   |   |   |   |   |   |   |   |   |--- class: high
|   |   |   |   |   |   |   |   |--- feature_0 >  0.32
|   |   |   |   |   |   |   |   |   |--- class: low
|   |   |   |   |   |   |   |--- feature_8 >  5.50
|   |   |   |   |   |   |   |   |--- feature_7 <= 4.33
|   |   |   |   |   |   |   |   |   |--- feature_9 <= 1.50
|   |   |   |   |   |   |   |   |   |   |--- class: high
|   |   |   |   |   |   |   |   |   |--- feature_9 >  1.50
|   |   |   |   |   |   |   |   |   |   |--- feature_1 <= 37.00
|   |   |   |   |   |   |   |   |   |   |   |--- class: medium
|   |   |   |   |   |   |   |   |   |   |--- feature_1 >  37.00
|   |   |   |   |   |   |   |   |   |   |   |--- truncated branch of depth 2
|   |   |   |   |   |   |   |   |--- feature_7 >  4.33
|   |   |   |   |   |   |   |   |   |--- feature_2 <= 35.50
|   |   |   |   |   |   |   |   |   |   |--- feature_6 <= 3.50
|   |   |   |   |   |   |   |   |   |   |   |--- class: high
|   |   |   |   |   |   |   |   |   |   |--- feature_6 >  3.50
|   |   |   |   |   |   |   |   |   |   |   |--- truncated branch of depth 2
|   |   |   |   |   |   |   |   |   |--- feature_2 >  35.50
|   |   |   |   |   |   |   |   |   |   |--- feature_19 <= 0.50
|   |   |   |   |   |   |   |   |   |   |   |--- class: low
|   |   |   |   |   |   |   |   |   |   |--- feature_19 >  0.50
|   |   |   |   |   |   |   |   |   |   |   |--- class: medium
|   |   |   |   |   |   |--- feature_31 >  1.50
|   |   |   |   |   |   |   |--- class: none
|   |   |   |   |   |--- feature_14 >  1.50
|   |   |   |   |   |   |--- feature_7 <= 3.70
|   |   |   |   |   |   |   |--- feature_31 <= 0.50
|   |   |   |   |   |   |   |   |--- feature_35 <= 0.50
|   |   |   |   |   |   |   |   |   |--- class: medium
|   |   |   |   |   |   |   |   |--- feature_35 >  0.50
|   |   |   |   |   |   |   |   |   |--- class: low
|   |   |   |   |   |   |   |--- feature_31 >  0.50
|   |   |   |   |   |   |   |   |--- class: none
|   |   |   |   |   |   |--- feature_7 >  3.70
|   |   |   |   |   |   |   |--- feature_50 <= 0.50
|   |   |   |   |   |   |   |   |--- feature_20 <= 1.50
|   |   |   |   |   |   |   |   |   |--- feature_111 <= 0.50
|   |   |   |   |   |   |   |   |   |   |--- feature_12 <= 0.59
|   |   |   |   |   |   |   |   |   |   |   |--- truncated branch of depth 19
|   |   |   |   |   |   |   |   |   |   |--- feature_12 >  0.59
|   |   |   |   |   |   |   |   |   |   |   |--- truncated branch of depth 3
|   |   |   |   |   |   |   |   |   |--- feature_111 >  0.50
|   |   |   |   |   |   |   |   |   |   |--- feature_21 <= 0.50
|   |   |   |   |   |   |   |   |   |   |   |--- truncated branch of depth 6
|   |   |   |   |   |   |   |   |   |   |--- feature_21 >  0.50
|   |   |   |   |   |   |   |   |   |   |   |--- truncated branch of depth 3
|   |   |   |   |   |   |   |   |--- feature_20 >  1.50
|   |   |   |   |   |   |   |   |   |--- feature_0 <= 0.17
|   |   |   |   |   |   |   |   |   |   |--- feature_6 <= 2.50
|   |   |   |   |   |   |   |   |   |   |   |--- truncated branch of depth 3
|   |   |   |   |   |   |   |   |   |   |--- feature_6 >  2.50
|   |   |   |   |   |   |   |   |   |   |   |--- truncated branch of depth 6
|   |   |   |   |   |   |   |   |   |--- feature_0 >  0.17
|   |   |   |   |   |   |   |   |   |   |--- feature_40 <= 0.50
|   |   |   |   |   |   |   |   |   |   |   |--- class: high
|   |   |   |   |   |   |   |   |   |   |--- feature_40 >  0.50
|   |   |   |   |   |   |   |   |   |   |   |--- truncated branch of depth 3
|   |   |   |   |   |   |   |--- feature_50 >  0.50
|   |   |   |   |   |   |   |   |--- feature_0 <= -0.61
|   |   |   |   |   |   |   |   |   |--- feature_6 <= 6.50
|   |   |   |   |   |   |   |   |   |   |--- class: medium
|   |   |   |   |   |   |   |   |   |--- feature_6 >  6.50
|   |   |   |   |   |   |   |   |   |   |--- class: none
|   |   |   |   |   |   |   |   |--- feature_0 >  -0.61
|   |   |   |   |   |   |   |   |   |--- feature_6 <= 5.50
|   |   |   |   |   |   |   |   |   |   |--- feature_3 <= 215.50
|   |   |   |   |   |   |   |   |   |   |   |--- truncated branch of depth 4
|   |   |   |   |   |   |   |   |   |   |--- feature_3 >  215.50
|   |   |   |   |   |   |   |   |   |   |   |--- truncated branch of depth 2
|   |   |   |   |   |   |   |   |   |--- feature_6 >  5.50
|   |   |   |   |   |   |   |   |   |   |--- feature_9 <= 8.50
|   |   |   |   |   |   |   |   |   |   |   |--- truncated branch of depth 2
|   |   |   |   |   |   |   |   |   |   |--- feature_9 >  8.50
|   |   |   |   |   |   |   |   |   |   |   |--- class: low
|   |   |   |   |--- feature_89 >  0.50
|   |   |   |   |   |--- feature_0 <= 1.15
|   |   |   |   |   |   |--- feature_3 <= 139.50
|   |   |   |   |   |   |   |--- feature_65 <= 0.50
|   |   |   |   |   |   |   |   |--- feature_12 <= 0.40
|   |   |   |   |   |   |   |   |   |--- feature_0 <= -1.30
|   |   |   |   |   |   |   |   |   |   |--- class: none
|   |   |   |   |   |   |   |   |   |--- feature_0 >  -1.30
|   |   |   |   |   |   |   |   |   |   |--- feature_53 <= 0.50
|   |   |   |   |   |   |   |   |   |   |   |--- class: low
|   |   |   |   |   |   |   |   |   |   |--- feature_53 >  0.50
|   |   |   |   |   |   |   |   |   |   |   |--- truncated branch of depth 2
|   |   |   |   |   |   |   |   |--- feature_12 >  0.40
|   |   |   |   |   |   |   |   |   |--- class: medium
|   |   |   |   |   |   |   |--- feature_65 >  0.50
|   |   |   |   |   |   |   |   |--- class: medium
|   |   |   |   |   |   |--- feature_3 >  139.50
|   |   |   |   |   |   |   |--- feature_4 <= 23.50
|   |   |   |   |   |   |   |   |--- feature_66 <= 0.50
|   |   |   |   |   |   |   |   |   |--- feature_0 <= 0.25
|   |   |   |   |   |   |   |   |   |   |--- feature_0 <= -0.41
|   |   |   |   |   |   |   |   |   |   |   |--- truncated branch of depth 4
|   |   |   |   |   |   |   |   |   |   |--- feature_0 >  -0.41
|   |   |   |   |   |   |   |   |   |   |   |--- truncated branch of depth 4
|   |   |   |   |   |   |   |   |   |--- feature_0 >  0.25
|   |   |   |   |   |   |   |   |   |   |--- feature_14 <= 8.50
|   |   |   |   |   |   |   |   |   |   |   |--- class: medium
|   |   |   |   |   |   |   |   |   |   |--- feature_14 >  8.50
|   |   |   |   |   |   |   |   |   |   |   |--- truncated branch of depth 2
|   |   |   |   |   |   |   |   |--- feature_66 >  0.50
|   |   |   |   |   |   |   |   |   |--- class: high
|   |   |   |   |   |   |   |--- feature_4 >  23.50
|   |   |   |   |   |   |   |   |--- feature_9 <= 1.50
|   |   |   |   |   |   |   |   |   |--- feature_5 <= 18.50
|   |   |   |   |   |   |   |   |   |   |--- feature_14 <= 22.00
|   |   |   |   |   |   |   |   |   |   |   |--- truncated branch of depth 3
|   |   |   |   |   |   |   |   |   |   |--- feature_14 >  22.00
|   |   |   |   |   |   |   |   |   |   |   |--- class: none
|   |   |   |   |   |   |   |   |   |--- feature_5 >  18.50
|   |   |   |   |   |   |   |   |   |   |--- feature_6 <= 5.00
|   |   |   |   |   |   |   |   |   |   |   |--- truncated branch of depth 2
|   |   |   |   |   |   |   |   |   |   |--- feature_6 >  5.00
|   |   |   |   |   |   |   |   |   |   |   |--- truncated branch of depth 2
|   |   |   |   |   |   |   |   |--- feature_9 >  1.50
|   |   |   |   |   |   |   |   |   |--- feature_4 <= 25.50
|   |   |   |   |   |   |   |   |   |   |--- feature_65 <= 0.50
|   |   |   |   |   |   |   |   |   |   |   |--- class: none
|   |   |   |   |   |   |   |   |   |   |--- feature_65 >  0.50
|   |   |   |   |   |   |   |   |   |   |   |--- class: low
|   |   |   |   |   |   |   |   |   |--- feature_4 >  25.50
|   |   |   |   |   |   |   |   |   |   |--- feature_95 <= 1.50
|   |   |   |   |   |   |   |   |   |   |   |--- truncated branch of depth 7
|   |   |   |   |   |   |   |   |   |   |--- feature_95 >  1.50
|   |   |   |   |   |   |   |   |   |   |   |--- truncated branch of depth 2
|   |   |   |   |   |--- feature_0 >  1.15
|   |   |   |   |   |   |--- feature_1 <= 34.50
|   |   |   |   |   |   |   |--- feature_91 <= 0.50
|   |   |   |   |   |   |   |   |--- feature_3 <= 162.50
|   |   |   |   |   |   |   |   |   |--- class: low
|   |   |   |   |   |   |   |   |--- feature_3 >  162.50
|   |   |   |   |   |   |   |   |   |--- class: none
|   |   |   |   |   |   |   |--- feature_91 >  0.50
|   |   |   |   |   |   |   |   |--- feature_31 <= 1.50
|   |   |   |   |   |   |   |   |   |--- class: low
|   |   |   |   |   |   |   |   |--- feature_31 >  1.50
|   |   |   |   |   |   |   |   |   |--- class: medium
|   |   |   |   |   |   |--- feature_1 >  34.50
|   |   |   |   |   |   |   |--- feature_3 <= 252.50
|   |   |   |   |   |   |   |   |--- feature_20 <= 0.50
|   |   |   |   |   |   |   |   |   |--- class: high
|   |   |   |   |   |   |   |   |--- feature_20 >  0.50
|   |   |   |   |   |   |   |   |   |--- feature_3 <= 204.00
|   |   |   |   |   |   |   |   |   |   |--- class: medium
|   |   |   |   |   |   |   |   |   |--- feature_3 >  204.00
|   |   |   |   |   |   |   |   |   |   |--- class: low
|   |   |   |   |   |   |   |--- feature_3 >  252.50
|   |   |   |   |   |   |   |   |--- class: high
|   |   |   |--- feature_7 >  8.32
|   |   |   |   |--- feature_69 <= 0.50
|   |   |   |   |   |--- feature_12 <= -0.03
|   |   |   |   |   |   |--- feature_8 <= 33.50
|   |   |   |   |   |   |   |--- class: low
|   |   |   |   |   |   |--- feature_8 >  33.50
|   |   |   |   |   |   |   |--- feature_32 <= 1.50
|   |   |   |   |   |   |   |   |--- class: high
|   |   |   |   |   |   |   |--- feature_32 >  1.50
|   |   |   |   |   |   |   |   |--- class: medium
|   |   |   |   |   |--- feature_12 >  -0.03
|   |   |   |   |   |   |--- feature_46 <= 0.50
|   |   |   |   |   |   |   |--- feature_7 <= 8.62
|   |   |   |   |   |   |   |   |--- class: none
|   |   |   |   |   |   |   |--- feature_7 >  8.62
|   |   |   |   |   |   |   |   |--- feature_10 <= 6.00
|   |   |   |   |   |   |   |   |   |--- class: medium
|   |   |   |   |   |   |   |   |--- feature_10 >  6.00
|   |   |   |   |   |   |   |   |   |--- feature_74 <= 0.50
|   |   |   |   |   |   |   |   |   |   |--- feature_9 <= 10.50
|   |   |   |   |   |   |   |   |   |   |   |--- truncated branch of depth 3
|   |   |   |   |   |   |   |   |   |   |--- feature_9 >  10.50
|   |   |   |   |   |   |   |   |   |   |   |--- class: none
|   |   |   |   |   |   |   |   |   |--- feature_74 >  0.50
|   |   |   |   |   |   |   |   |   |   |--- class: medium
|   |   |   |   |   |   |--- feature_46 >  0.50
|   |   |   |   |   |   |   |--- class: none
|   |   |   |   |--- feature_69 >  0.50
|   |   |   |   |   |--- class: high
|   |--- feature_82 >  0.50
|   |   |--- feature_7 <= 5.99
|   |   |   |--- feature_6 <= 5.50
|   |   |   |   |--- feature_0 <= 0.63
|   |   |   |   |   |--- feature_0 <= 0.59
|   |   |   |   |   |   |--- feature_0 <= 0.31
|   |   |   |   |   |   |   |--- feature_40 <= 1.50
|   |   |   |   |   |   |   |   |--- feature_2 <= 22.50
|   |   |   |   |   |   |   |   |   |--- feature_51 <= 0.50
|   |   |   |   |   |   |   |   |   |   |--- feature_3 <= 137.50
|   |   |   |   |   |   |   |   |   |   |   |--- truncated branch of depth 2
|   |   |   |   |   |   |   |   |   |   |--- feature_3 >  137.50
|   |   |   |   |   |   |   |   |   |   |   |--- class: low
|   |   |   |   |   |   |   |   |   |--- feature_51 >  0.50
|   |   |   |   |   |   |   |   |   |   |--- feature_7 <= 5.79
|   |   |   |   |   |   |   |   |   |   |   |--- truncated branch of depth 9
|   |   |   |   |   |   |   |   |   |   |--- feature_7 >  5.79
|   |   |   |   |   |   |   |   |   |   |   |--- class: low
|   |   |   |   |   |   |   |   |--- feature_2 >  22.50
|   |   |   |   |   |   |   |   |   |--- feature_3 <= 146.50
|   |   |   |   |   |   |   |   |   |   |--- feature_0 <= 0.07
|   |   |   |   |   |   |   |   |   |   |   |--- class: low
|   |   |   |   |   |   |   |   |   |   |--- feature_0 >  0.07
|   |   |   |   |   |   |   |   |   |   |   |--- truncated branch of depth 2
|   |   |   |   |   |   |   |   |   |--- feature_3 >  146.50
|   |   |   |   |   |   |   |   |   |   |--- feature_41 <= 1.50
|   |   |   |   |   |   |   |   |   |   |   |--- truncated branch of depth 5
|   |   |   |   |   |   |   |   |   |   |--- feature_41 >  1.50
|   |   |   |   |   |   |   |   |   |   |   |--- class: medium
|   |   |   |   |   |   |   |--- feature_40 >  1.50
|   |   |   |   |   |   |   |   |--- class: none
|   |   |   |   |   |   |--- feature_0 >  0.31
|   |   |   |   |   |   |   |--- feature_3 <= 141.50
|   |   |   |   |   |   |   |   |--- feature_7 <= 5.64
|   |   |   |   |   |   |   |   |   |--- feature_51 <= 0.50
|   |   |   |   |   |   |   |   |   |   |--- class: low
|   |   |   |   |   |   |   |   |   |--- feature_51 >  0.50
|   |   |   |   |   |   |   |   |   |   |--- feature_0 <= 0.37
|   |   |   |   |   |   |   |   |   |   |   |--- class: none
|   |   |   |   |   |   |   |   |   |   |--- feature_0 >  0.37
|   |   |   |   |   |   |   |   |   |   |   |--- truncated branch of depth 2
|   |   |   |   |   |   |   |   |--- feature_7 >  5.64
|   |   |   |   |   |   |   |   |   |--- class: low
|   |   |   |   |   |   |   |--- feature_3 >  141.50
|   |   |   |   |   |   |   |   |--- class: low
|   |   |   |   |   |--- feature_0 >  0.59
|   |   |   |   |   |   |--- class: medium
|   |   |   |   |--- feature_0 >  0.63
|   |   |   |   |   |--- feature_12 <= 0.36
|   |   |   |   |   |   |--- feature_11 <= 11.50
|   |   |   |   |   |   |   |--- class: medium
|   |   |   |   |   |   |--- feature_11 >  11.50
|   |   |   |   |   |   |   |--- class: none
|   |   |   |   |   |--- feature_12 >  0.36
|   |   |   |   |   |   |--- feature_9 <= 1.50
|   |   |   |   |   |   |   |--- feature_7 <= 5.55
|   |   |   |   |   |   |   |   |--- feature_50 <= 0.50
|   |   |   |   |   |   |   |   |   |--- feature_0 <= 1.21
|   |   |   |   |   |   |   |   |   |   |--- class: low
|   |   |   |   |   |   |   |   |   |--- feature_0 >  1.21
|   |   |   |   |   |   |   |   |   |   |--- feature_9 <= 0.50
|   |   |   |   |   |   |   |   |   |   |   |--- class: none
|   |   |   |   |   |   |   |   |   |   |--- feature_9 >  0.50
|   |   |   |   |   |   |   |   |   |   |   |--- class: low
|   |   |   |   |   |   |   |   |--- feature_50 >  0.50
|   |   |   |   |   |   |   |   |   |--- class: none
|   |   |   |   |   |   |   |--- feature_7 >  5.55
|   |   |   |   |   |   |   |   |--- class: low
|   |   |   |   |   |   |--- feature_9 >  1.50
|   |   |   |   |   |   |   |--- feature_7 <= 5.79
|   |   |   |   |   |   |   |   |--- class: low
|   |   |   |   |   |   |   |--- feature_7 >  5.79
|   |   |   |   |   |   |   |   |--- feature_0 <= 0.72
|   |   |   |   |   |   |   |   |   |--- class: low
|   |   |   |   |   |   |   |   |--- feature_0 >  0.72
|   |   |   |   |   |   |   |   |   |--- feature_0 <= 0.89
|   |   |   |   |   |   |   |   |   |   |--- class: high
|   |   |   |   |   |   |   |   |   |--- feature_0 >  0.89
|   |   |   |   |   |   |   |   |   |   |--- class: low
|   |   |   |--- feature_6 >  5.50
|   |   |   |   |--- feature_110 <= 1.50
|   |   |   |   |   |--- feature_102 <= 0.50
|   |   |   |   |   |   |--- class: none
|   |   |   |   |   |--- feature_102 >  0.50
|   |   |   |   |   |   |--- class: medium
|   |   |   |   |--- feature_110 >  1.50
|   |   |   |   |   |--- class: high
|   |   |--- feature_7 >  5.99
|   |   |   |--- feature_9 <= 3.50
|   |   |   |   |--- feature_106 <= 0.50
|   |   |   |   |   |--- class: none
|   |   |   |   |--- feature_106 >  0.50
|   |   |   |   |   |--- feature_11 <= 16.50
|   |   |   |   |   |   |--- class: medium
|   |   |   |   |   |--- feature_11 >  16.50
|   |   |   |   |   |   |--- class: none
|   |   |   |--- feature_9 >  3.50
|   |   |   |   |--- feature_4 <= 24.50
|   |   |   |   |   |--- class: high
|   |   |   |   |--- feature_4 >  24.50
|   |   |   |   |   |--- feature_87 <= 0.50
|   |   |   |   |   |   |--- class: low
|   |   |   |   |   |--- feature_87 >  0.50
|   |   |   |   |   |   |--- class: medium
|--- feature_79 >  0.50
|   |--- feature_16 <= 0.50
|   |   |--- feature_65 <= 0.50
|   |   |   |--- feature_3 <= 95.50
|   |   |   |   |--- feature_8 <= 10.50
|   |   |   |   |   |--- feature_7 <= 8.16
|   |   |   |   |   |   |--- feature_3 <= 94.50
|   |   |   |   |   |   |   |--- feature_15 <= 0.50
|   |   |   |   |   |   |   |   |--- feature_12 <= 0.18
|   |   |   |   |   |   |   |   |   |--- feature_8 <= 9.50
|   |   |   |   |   |   |   |   |   |   |--- class: none
|   |   |   |   |   |   |   |   |   |--- feature_8 >  9.50
|   |   |   |   |   |   |   |   |   |   |--- class: low
|   |   |   |   |   |   |   |   |--- feature_12 >  0.18
|   |   |   |   |   |   |   |   |   |--- feature_6 <= 3.50
|   |   |   |   |   |   |   |   |   |   |--- feature_9 <= 0.50
|   |   |   |   |   |   |   |   |   |   |   |--- class: none
|   |   |   |   |   |   |   |   |   |   |--- feature_9 >  0.50
|   |   |   |   |   |   |   |   |   |   |   |--- truncated branch of depth 4
|   |   |   |   |   |   |   |   |   |--- feature_6 >  3.50
|   |   |   |   |   |   |   |   |   |   |--- feature_40 <= 0.50
|   |   |   |   |   |   |   |   |   |   |   |--- class: none
|   |   |   |   |   |   |   |   |   |   |--- feature_40 >  0.50
|   |   |   |   |   |   |   |   |   |   |   |--- truncated branch of depth 2
|   |   |   |   |   |   |   |--- feature_15 >  0.50
|   |   |   |   |   |   |   |   |--- class: low
|   |   |   |   |   |   |--- feature_3 >  94.50
|   |   |   |   |   |   |   |--- class: low
|   |   |   |   |   |--- feature_7 >  8.16
|   |   |   |   |   |   |--- feature_3 <= 87.50
|   |   |   |   |   |   |   |--- class: none
|   |   |   |   |   |   |--- feature_3 >  87.50
|   |   |   |   |   |   |   |--- class: high
|   |   |   |   |--- feature_8 >  10.50
|   |   |   |   |   |--- feature_24 <= 0.50
|   |   |   |   |   |   |--- class: none
|   |   |   |   |   |--- feature_24 >  0.50
|   |   |   |   |   |   |--- class: medium
|   |   |   |--- feature_3 >  95.50
|   |   |   |   |--- feature_3 <= 106.50
|   |   |   |   |   |--- feature_5 <= 1.50
|   |   |   |   |   |   |--- feature_9 <= 5.50
|   |   |   |   |   |   |   |--- feature_55 <= 0.50
|   |   |   |   |   |   |   |   |--- class: none
|   |   |   |   |   |   |   |--- feature_55 >  0.50
|   |   |   |   |   |   |   |   |--- feature_2 <= 13.50
|   |   |   |   |   |   |   |   |   |--- feature_8 <= 9.50
|   |   |   |   |   |   |   |   |   |   |--- class: none
|   |   |   |   |   |   |   |   |   |--- feature_8 >  9.50
|   |   |   |   |   |   |   |   |   |   |--- class: medium
|   |   |   |   |   |   |   |   |--- feature_2 >  13.50
|   |   |   |   |   |   |   |   |   |--- class: none
|   |   |   |   |   |   |--- feature_9 >  5.50
|   |   |   |   |   |   |   |--- class: low
|   |   |   |   |   |--- feature_5 >  1.50
|   |   |   |   |   |   |--- feature_7 <= 5.33
|   |   |   |   |   |   |   |--- class: none
|   |   |   |   |   |   |--- feature_7 >  5.33
|   |   |   |   |   |   |   |--- feature_1 <= 15.50
|   |   |   |   |   |   |   |   |--- feature_3 <= 98.00
|   |   |   |   |   |   |   |   |   |--- class: medium
|   |   |   |   |   |   |   |   |--- feature_3 >  98.00
|   |   |   |   |   |   |   |   |   |--- feature_48 <= 0.50
|   |   |   |   |   |   |   |   |   |   |--- class: none
|   |   |   |   |   |   |   |   |   |--- feature_48 >  0.50
|   |   |   |   |   |   |   |   |   |   |--- class: medium
|   |   |   |   |   |   |   |--- feature_1 >  15.50
|   |   |   |   |   |   |   |   |--- class: medium
|   |   |   |   |--- feature_3 >  106.50
|   |   |   |   |   |--- feature_76 <= 0.50
|   |   |   |   |   |   |--- feature_7 <= 6.93
|   |   |   |   |   |   |   |--- feature_7 <= 6.11
|   |   |   |   |   |   |   |   |--- feature_2 <= 18.50
|   |   |   |   |   |   |   |   |   |--- feature_69 <= 0.50
|   |   |   |   |   |   |   |   |   |   |--- feature_6 <= 9.50
|   |   |   |   |   |   |   |   |   |   |   |--- truncated branch of depth 3
|   |   |   |   |   |   |   |   |   |   |--- feature_6 >  9.50
|   |   |   |   |   |   |   |   |   |   |   |--- truncated branch of depth 2
|   |   |   |   |   |   |   |   |   |--- feature_69 >  0.50
|   |   |   |   |   |   |   |   |   |   |--- feature_40 <= 0.50
|   |   |   |   |   |   |   |   |   |   |   |--- truncated branch of depth 2
|   |   |   |   |   |   |   |   |   |   |--- feature_40 >  0.50
|   |   |   |   |   |   |   |   |   |   |   |--- class: low
|   |   |   |   |   |   |   |   |--- feature_2 >  18.50
|   |   |   |   |   |   |   |   |   |--- class: none
|   |   |   |   |   |   |   |--- feature_7 >  6.11
|   |   |   |   |   |   |   |   |--- feature_24 <= 0.50
|   |   |   |   |   |   |   |   |   |--- feature_42 <= 0.50
|   |   |   |   |   |   |   |   |   |   |--- feature_3 <= 113.50
|   |   |   |   |   |   |   |   |   |   |   |--- truncated branch of depth 7
|   |   |   |   |   |   |   |   |   |   |--- feature_3 >  113.50
|   |   |   |   |   |   |   |   |   |   |   |--- truncated branch of depth 5
|   |   |   |   |   |   |   |   |   |--- feature_42 >  0.50
|   |   |   |   |   |   |   |   |   |   |--- feature_6 <= 7.00
|   |   |   |   |   |   |   |   |   |   |   |--- class: medium
|   |   |   |   |   |   |   |   |   |   |--- feature_6 >  7.00
|   |   |   |   |   |   |   |   |   |   |   |--- class: low
|   |   |   |   |   |   |   |   |--- feature_24 >  0.50
|   |   |   |   |   |   |   |   |   |--- class: low
|   |   |   |   |   |   |--- feature_7 >  6.93
|   |   |   |   |   |   |   |--- feature_95 <= 0.50
|   |   |   |   |   |   |   |   |--- feature_66 <= 1.50
|   |   |   |   |   |   |   |   |   |--- class: none
|   |   |   |   |   |   |   |   |--- feature_66 >  1.50
|   |   |   |   |   |   |   |   |   |--- class: low
|   |   |   |   |   |   |   |--- feature_95 >  0.50
|   |   |   |   |   |   |   |   |--- feature_9 <= 15.50
|   |   |   |   |   |   |   |   |   |--- class: none
|   |   |   |   |   |   |   |   |--- feature_9 >  15.50
|   |   |   |   |   |   |   |   |   |--- class: low
|   |   |   |   |   |--- feature_76 >  0.50
|   |   |   |   |   |   |--- feature_95 <= 0.50
|   |   |   |   |   |   |   |--- feature_11 <= 4.00
|   |   |   |   |   |   |   |   |--- class: none
|   |   |   |   |   |   |   |--- feature_11 >  4.00
|   |   |   |   |   |   |   |   |--- feature_54 <= 0.50
|   |   |   |   |   |   |   |   |   |--- feature_99 <= 0.50
|   |   |   |   |   |   |   |   |   |   |--- feature_3 <= 125.00
|   |   |   |   |   |   |   |   |   |   |   |--- class: medium
|   |   |   |   |   |   |   |   |   |   |--- feature_3 >  125.00
|   |   |   |   |   |   |   |   |   |   |   |--- truncated branch of depth 2
|   |   |   |   |   |   |   |   |   |--- feature_99 >  0.50
|   |   |   |   |   |   |   |   |   |   |--- class: low
|   |   |   |   |   |   |   |   |--- feature_54 >  0.50
|   |   |   |   |   |   |   |   |   |--- class: low
|   |   |   |   |   |   |--- feature_95 >  0.50
|   |   |   |   |   |   |   |--- class: none
|   |   |--- feature_65 >  0.50
|   |   |   |--- feature_9 <= 0.50
|   |   |   |   |--- class: none
|   |   |   |--- feature_9 >  0.50
|   |   |   |   |--- class: medium
|   |--- feature_16 >  0.50
|   |   |--- class: low
