|--- feature_80 <= 0.50
|   |--- feature_11 <= 3.50
|   |   |--- feature_50 <= 0.50
|   |   |   |--- feature_38 <= 0.50
|   |   |   |   |--- feature_2 <= 33.00
|   |   |   |   |   |--- feature_35 <= 2.50
|   |   |   |   |   |   |--- feature_0 <= -110.78
|   |   |   |   |   |   |   |--- feature_6 <= 0.50
|   |   |   |   |   |   |   |   |--- feature_14 <= 3.00
|   |   |   |   |   |   |   |   |   |--- feature_2 <= 3.50
|   |   |   |   |   |   |   |   |   |   |--- class: none
|   |   |   |   |   |   |   |   |   |--- feature_2 >  3.50
|   |   |   |   |   |   |   |   |   |   |--- class: high
|   |   |   |   |   |   |   |   |--- feature_14 >  3.00
|   |   |   |   |   |   |   |   |   |--- class: none
|   |   |   |   |   |   |   |--- feature_6 >  0.50
|   |   |   |   |   |   |   |   |--- feature_7 <= 4.09
|   |   |   |   |   |   |   |   |   |--- class: high
|   |   |   |   |   |   |   |   |--- feature_7 >  4.09
|   |   |   |   |   |   |   |   |   |--- feature_4 <= 10.00
|   |   |   |   |   |   |   |   |   |   |--- class: low
|   |   |   |   |   |   |   |   |   |--- feature_4 >  10.00
|   |   |   |   |   |   |   |   |   |   |--- class: high
|   |   |   |   |   |   |--- feature_0 >  -110.78
|   |   |   |   |   |   |   |--- feature_10 <= 10.50
|   |   |   |   |   |   |   |   |--- feature_3 <= 160.50
|   |   |   |   |   |   |   |   |   |--- feature_0 <= -17.82
|   |   |   |   |   |   |   |   |   |   |--- feature_3 <= 16.50
|   |   |   |   |   |   |   |   |   |   |   |--- truncated branch of depth 4
|   |   |   |   |   |   |   |   |   |   |--- feature_3 >  16.50
|   |   |   |   |   |   |   |   |   |   |   |--- truncated branch of depth 16
|   |   |   |   |   |   |   |   |   |--- feature_0 >  -17.82
|   |   |   |   |   |   |   |   |   |   |--- feature_6 <= 12.50
|   |   |   |   |   |   |   |   |   |   |   |--- truncated branch of depth 23
|   |   |   |   |   |   |   |   |   |   |--- feature_6 >  12.50
|   |   |   |   |   |   |   |   |   |   |   |--- truncated branch of depth 3
|   |   |   |   |   |   |   |   |--- feature_3 >  160.50
|   |   |   |   |   |   |   |   |   |--- feature_6 <= 10.50
|   |   |   |   |   |   |   |   |   |   |--- feature_9 <= 1.00
|   |   |   |   |   |   |   |   |   |   |   |--- class: medium
|   |   |   |   |   |   |   |   |   |   |--- feature_9 >  1.00
|   |   |   |   |   |   |   |   |   |   |   |--- truncated branch of depth 7
|   |   |   |   |   |   |   |   |   |--- feature_6 >  10.50
|   |   |   |   |   |   |   |   |   |   |--- feature_0 <= 33.08
|   |   |   |   |   |   |   |   |   |   |   |--- truncated branch of depth 3
|   |   |   |   |   |   |   |   |   |   |--- feature_0 >  33.08
|   |   |   |   |   |   |   |   |   |   |   |--- class: high
|   |   |   |   |   |   |   |--- feature_10 >  10.50
|   |   |   |   |   |   |   |   |--- feature_7 <= 5.79
|   |   |   |   |   |   |   |   |   |--- feature_2 <= 23.50
|   |   |   |   |   |   |   |   |   |   |--- feature_7 <= 4.98
|   |   |   |   |   |   |   |   |   |   |   |--- truncated branch of depth 9
|   |   |   |   |   |   |   |   |   |   |--- feature_7 >  4.98
|   |   |   |   |   |   |   |   |   |   |   |--- truncated branch of depth 5
|   |   |   |   |   |   |   |   |   |--- feature_2 >  23.50
|   |   |   |   |   |   |   |   |   |   |--- feature_0 <= 23.22
|   |   |   |   |   |   |   |   |   |   |   |--- truncated branch of depth 3
|   |   |   |   |   |   |   |   |   |   |--- feature_0 >  23.22
|   |   |   |   |   |   |   |   |   |   |   |--- truncated branch of depth 3
|   |   |   |   |   |   |   |   |--- feature_7 >  5.79
|   |   |   |   |   |   |   |   |   |--- feature_103 <= 0.50
|   |   |   |   |   |   |   |   |   |   |--- feature_9 <= 8.50
|   |   |   |   |   |   |   |   |   |   |   |--- class: low
|   |   |   |   |   |   |   |   |   |   |--- feature_9 >  8.50
|   |   |   |   |   |   |   |   |   |   |   |--- truncated branch of depth 2
|   |   |   |   |   |   |   |   |   |--- feature_103 >  0.50
|   |   |   |   |   |   |   |   |   |   |--- class: none
|   |   |   |   |   |--- feature_35 >  2.50
|   |   |   |   |   |   |--- feature_20 <= 1.50
|   |   |   |   |   |   |   |--- feature_9 <= 79.00
|   |   |   |   |   |   |   |   |--- class: medium
|   |   |   |   |   |   |   |--- feature_9 >  79.00
|   |   |   |   |   |   |   |   |--- class: low
|   |   |   |   |   |   |--- feature_20 >  1.50
|   |   |   |   |   |   |   |--- feature_3 <= 404.00
|   |   |   |   |   |   |   |   |--- class: none
|   |   |   |   |   |   |   |--- feature_3 >  404.00
|   |   |   |   |   |   |   |   |--- feature_2 <= 31.50
|   |   |   |   |   |   |   |   |   |--- class: low
|   |   |   |   |   |   |   |   |--- feature_2 >  31.50
|   |   |   |   |   |   |   |   |   |--- class: none
|   |   |   |   |--- feature_2 >  33.00
|   |   |   |   |   |--- feature_99 <= 0.50
|   |   |   |   |   |   |--- class: high
|   |   |   |   |   |--- feature_99 >  0.50
|   |   |   |   |   |   |--- feature_0 <= -4.37
|   |   |   |   |   |   |   |--- class: low
|   |   |   |   |   |   |--- feature_0 >  -4.37
|   |   |   |   |   |   |   |--- class: high
|   |   |   |--- feature_38 >  0.50
|   |   |   |   |--- feature_3 <= 85.50
|   |   |   |   |   |--- feature_0 <= -1.94
|   |   |   |   |   |   |--- class: medium
|   |   |   |   |   |--- feature_0 >  -1.94
|   |   |   |   |   |   |--- class: low
|   |   |   |   |--- feature_3 >  85.50
|   |   |   |   |   |--- feature_12 <= 0.08
|   |   |   |   |   |   |--- feature_54 <= 1.50
|   |   |   |   |   |   |   |--- feature_2 <= 11.50
|   |   |   |   |   |   |   |   |--- feature_7 <= 8.05
|   |   |   |   |   |   |   |   |   |--- feature_3 <= 89.00
|   |   |   |   |   |   |   |   |   |   |--- class: none
|   |   |   |   |   |   |   |   |   |--- feature_3 >  89.00
|   |   |   |   |   |   |   |   |   |   |--- class: low
|   |   |   |   |   |   |   |   |--- feature_7 >  8.05
|   |   |   |   |   |   |   |   |   |--- class: none
|   |   |   |   |   |   |   |--- feature_2 >  11.50
|   |   |   |   |   |   |   |   |--- feature_0 <= 7.21
|   |   |   |   |   |   |   |   |   |--- class: none
|   |   |   |   |   |   |   |   |--- feature_0 >  7.21
|   |   |   |   |   |   |   |   |   |--- feature_11 <= 1.50
|   |   |   |   |   |   |   |   |   |   |--- class: low
|   |   |   |   |   |   |   |   |   |--- feature_11 >  1.50
|   |   |   |   |   |   |   |   |   |   |--- feature_14 <= 7.50
|   |   |   |   |   |   |   |   |   |   |   |--- truncated branch of depth 2
|   |   |   |   |   |   |   |   |   |   |--- feature_14 >  7.50
|   |   |   |   |   |   |   |   |   |   |   |--- class: none
|   |   |   |   |   |   |--- feature_54 >  1.50
|   |   |   |   |   |   |   |--- feature_8 <= 16.50
|   |   |   |   |   |   |   |   |--- class: none
|   |   |   |   |   |   |   |--- feature_8 >  16.50
|   |   |   |   |   |   |   |   |--- class: medium
|   |   |   |   |   |--- feature_12 >  0.08
|   |   |   |   |   |   |--- class: medium
|   |   |--- feature_50 >  0.50
|   |   |   |--- feature_5 <= 6.50
|   |   |   |   |--- feature_11 <= 2.50
|   |   |   |   |   |--- feature_20 <= 1.50
|   |   |   |   |   |   |--- feature_54 <= 0.50
|   |   |   |   |   |   |   |--- feature_92 <= 0.50
|   |   |   |   |   |   |   |   |--- feature_30 <= 0.50
|   |   |   |   |   |   |   |   |   |--- feature_6 <= 5.50
|   |   |   |   |   |   |   |   |   |   |--- feature_14 <= 6.50
|   |   |   |   |   |   |   |   |   |   |   |--- truncated branch of depth 9
|   |   |   |   |   |   |   |   |   |   |--- feature_14 >  6.50
|   |   |   |   |   |   |   |   |   |   |   |--- truncated branch of depth 9
|   |   |   |   |   |   |   |   |   |--- feature_6 >  5.50
|   |   |   |   |   |   |   |   |   |   |--- feature_0 <= 8.27
|   |   |   |   |   |   |   |   |   |   |   |--- truncated branch of depth 8
|   |   |   |   |   |   |   |   |   |   |--- feature_0 >  8.27
|   |   |   |   |   |   |   |   |   |   |   |--- truncated branch of depth 6
|   |   |   |   |   |   |   |   |--- feature_30 >  0.50
|   |   |   |   |   |   |   |   |   |--- feature_0 <= -13.11
|   |   |   |   |   |   |   |   |   |   |--- feature_4 <= 10.00
|   |   |   |   |   |   |   |   |   |   |   |--- class: high
|   |   |   |   |   |   |   |   |   |   |--- feature_4 >  10.00
|   |   |   |   |   |   |   |   |   |   |   |--- class: none
|   |   |   |   |   |   |   |   |   |--- feature_0 >  -13.11
|   |   |   |   |   |   |   |   |   |   |--- feature_9 <= 13.00
|   |   |   |   |   |   |   |   |   |   |   |--- truncated branch of depth 9
|   |   |   |   |   |   |   |   |   |   |--- feature_9 >  13.00
|   |   |   |   |   |   |   |   |   |   |   |--- class: low
|   |   |   |   |   |   |   |--- feature_92 >  0.50
|   |   |   |   |   |   |   |   |--- feature_0 <= -9.73
|   |   |   |   |   |   |   |   |   |--- feature_9 <= 12.00
|   |   |   |   |   |   |   |   |   |   |--- feature_73 <= 0.50
|   |   |   |   |   |   |   |   |   |   |   |--- class: none
|   |   |   |   |   |   |   |   |   |   |--- feature_73 >  0.50
|   |   |   |   |   |   |   |   |   |   |   |--- class: low
|   |   |   |   |   |   |   |   |   |--- feature_9 >  12.00
|   |   |   |   |   |   |   |   |   |   |--- feature_0 <= -14.71
|   |   |   |   |   |   |   |   |   |   |   |--- class: low
|   |   |   |   |   |   |   |   |   |   |--- feature_0 >  -14.71
|   |   |   |   |   |   |   |   |   |   |   |--- class: medium
|   |   |   |   |   |   |   |   |--- feature_0 >  -9.73
|   |   |   |   |   |   |   |   |   |--- class: none
|   |   |   |   |   |   |--- feature_54 >  0.50
|   |   |   |   |   |   |   |--- feature_9 <= 2.50
|   |   |   |   |   |   |   |   |--- feature_7 <= 9.75
|   |   |   |   |   |   |   |   |   |--- class: none
|   |   |   |   |   |   |   |   |--- feature_7 >  9.75
|   |   |   |   |   |   |   |   |   |--- feature_99 <= 0.50
|   |   |   |   |   |   |   |   |   |   |--- class: medium
|   |   |   |   |   |   |   |   |   |--- feature_99 >  0.50
|   |   |   |   |   |   |   |   |   |   |--- class: none
|   |   |   |   |   |   |   |--- feature_9 >  2.50
|   |   |   |   |   |   |   |   |--- feature_0 <= 2.51
|   |   |   |   |   |   |   |   |   |--- class: none
|   |   |   |   |   |   |   |   |--- feature_0 >  2.51
|   |   |   |   |   |   |   |   |   |--- feature_5 <= 1.50
|   |   |   |   |   |   |   |   |   |   |--- feature_14 <= 4.00
|   |   |   |   |   |   |   |   |   |   |   |--- class: low
|   |   |   |   |   |   |   |   |   |   |--- feature_14 >  4.00
|   |   |   |   |   |   |   |   |   |   |   |--- class: medium
|   |   |   |   |   |   |   |   |   |--- feature_5 >  1.50
|   |   |   |   |   |   |   |   |   |   |--- feature_8 <= 15.00
|   |   |   |   |   |   |   |   |   |   |   |--- truncated branch of depth 2
|   |   |   |   |   |   |   |   |   |   |--- feature_8 >  15.00
|   |   |   |   |   |   |   |   |   |   |   |--- class: none
|   |   |   |   |   |--- feature_20 >  1.50
|   |   |   |   |   |   |--- feature_6 <= 9.50
|   |   |   |   |   |   |   |--- feature_10 <= 1.50
|   |   |   |   |   |   |   |   |--- feature_14 <= 5.50
|   |   |   |   |   |   |   |   |   |--- class: medium
|   |   |   |   |   |   |   |   |--- feature_14 >  5.50
|   |   |   |   |   |   |   |   |   |--- feature_1 <= 12.50
|   |   |   |   |   |   |   |   |   |   |--- class: none
|   |   |   |   |   |   |   |   |   |--- feature_1 >  12.50
|   |   |   |   |   |   |   |   |   |   |--- class: medium
|   |   |   |   |   |   |   |--- feature_10 >  1.50
|   |   |   |   |   |   |   |   |--- feature_0 <= 11.18
|   |   |   |   |   |   |   |   |   |--- feature_10 <= 3.50
|   |   |   |   |   |   |   |   |   |   |--- feature_6 <= 5.50
|   |   |   |   |   |   |   |   |   |   |   |--- class: high
|   |   |   |   |   |   |   |   |   |   |--- feature_6 >  5.50
|   |   |   |   |   |   |   |   |   |   |   |--- class: low
|   |   |   |   |   |   |   |   |   |--- feature_10 >  3.50
|   |   |   |   |   |   |   |   |   |   |--- feature_14 <= 8.50
|   |   |   |   |   |   |   |   |   |   |   |--- class: medium
|   |   |   |   |   |   |   |   |   |   |--- feature_14 >  8.50
|   |   |   |   |   |   |   |   |   |   |   |--- class: high
|   |   |   |   |   |   |   |   |--- feature_0 >  11.18
|   |   |   |   |   |   |   |   |   |--- feature_95 <= 1.00
|   |   |   |   |   |   |   |   |   |   |--- class: medium
|   |   |   |   |   |   |   |   |   |--- feature_95 >  1.00
|   |   |   |   |   |   |   |   |   |   |--- class: high
|   |   |   |   |   |   |--- feature_6 >  9.50
|   |   |   |   |   |   |   |--- class: none
|   |   |   |   |--- feature_11 >  2.50
|   |   |   |   |   |--- feature_8 <= 14.50
|   |   |   |   |   |   |--- feature_4 <= 9.50
|   |   |   |   |   |   |   |--- feature_6 <= 1.50
|   |   |   |   |   |   |   |   |--- class: low
|   |   |   |   |   |   |   |--- feature_6 >  1.50
|   |   |   |   |   |   |   |   |--- feature_7 <= 6.94
|   |   |   |   |   |   |   |   |   |--- feature_95 <= 0.50
|   |   |   |   |   |   |   |   |   |   |--- feature_65 <= 0.50
|   |   |   |   |   |   |   |   |   |   |   |--- class: none
|   |   |   |   |   |   |   |   |   |   |--- feature_65 >  0.50
|   |   |   |   |   |   |   |   |   |   |   |--- class: medium
|   |   |   |   |   |   |   |   |   |--- feature_95 >  0.50
|   |   |   |   |   |   |   |   |   |   |--- class: high
|   |   |   |   |   |   |   |   |--- feature_7 >  6.94
|   |   |   |   |   |   |   |   |   |--- class: high
|   |   |   |   |   |   |--- feature_4 >  9.50
|   |   |   |   |   |   |   |--- feature_7 <= 8.65
|   |   |   |   |   |   |   |   |--- feature_4 <= 10.50
|   |   |   |   |   |   |   |   |   |--- feature_0 <= 34.94
|   |   |   |   |   |   |   |   |   |   |--- class: medium
|   |   |   |   |   |   |   |   |   |--- feature_0 >  34.94
|   |   |   |   |   |   |   |   |   |   |--- class: low
|   |   |   |   |   |   |   |   |--- feature_4 >  10.50
|   |   |   |   |   |   |   |   |   |--- feature_3 <= 100.00
|   |   |   |   |   |   |   |   |   |   |--- feature_66 <= 0.50
|   |   |   |   |   |   |   |   |   |   |   |--- class: none
|   |   |   |   |   |   |   |   |   |   |--- feature_66 >  0.50
|   |   |   |   |   |   |   |   |   |   |   |--- class: low
|   |   |   |   |   |   |   |   |   |--- feature_3 >  100.00
|   |   |   |   |   |   |   |   |   |   |--- class: low
|   |   |   |   |   |   |   |--- feature_7 >  8.65
|   |   |   |   |   |   |   |   |--- feature_5 <= 2.50
|   |   |   |   |   |   |   |   |   |--- class: none
|   |   |   |   |   |   |   |   |--- feature_5 >  2.50
|   |   |   |   |   |   |   |   |   |--- class: high
|   |   |   |   |   |--- feature_8 >  14.50
|   |   |   |   |   |   |--- feature_0 <= -36.95
|   |   |   |   |   |   |   |--- feature_6 <= 9.50
|   |   |   |   |   |   |   |   |--- feature_58 <= 0.50
|   |   |   |   |   |   |   |   |   |--- class: none
|   |   |   |   |   |   |   |   |--- feature_58 >  0.50
|   |   |   |   |   |   |   |   |   |--- class: low
|   |   |   |   |   |   |   |--- feature_6 >  9.50
|   |   |   |   |   |   |   |   |--- class: high
|   |   |   |   |   |   |--- feature_0 >  -36.95
|   |   |   |   |   |   |   |--- feature_20 <= 3.50
|   |   |   |   |   |   |   |   |--- feature_7 <= 10.84
|   |   |   |   |   |   |   |   |   |--- feature_2 <= 14.50
|   |   |   |   |   |   |   |   |   |   |--- feature_1 <= 13.00
|   |   |   |   |   |   |   |   |   |   |   |--- truncated branch of depth 2
|   |   |   |   |   |   |   |   |   |   |--- feature_1 >  13.00
|   |   |   |   |   |   |   |   |   |   |   |--- class: none
|   |   |   |   |   |   |   |   |   |--- feature_2 >  14.50
|   |   |   |   |   |   |   |   |   |   |--- class: medium
|   |   |   |   |   |   |   |   |--- feature_7 >  10.84
|   |   |   |   |   |   |   |   |   |--- feature_6 <= 6.50
|   |   |   |   |   |   |   |   |   |   |--- class: none
|   |   |   |   |   |   |   |   |   |--- feature_6 >  6.50
|   |   |   |   |   |   |   |   |   |   |--- feature_6 <= 9.50
|   |   |   |   |   |   |   |   |   |   |   |--- truncated branch of depth 2
|   |   |   |   |   |   |   |   |   |   |--- feature_6 >  9.50
|   |   |   |   |   |   |   |   |   |   |   |--- class: none
|   |   |   |   |   |   |   |--- feature_20 >  3.50
|   |   |   |   |   |   |   |   |--- class: high
|   |   |   |--- feature_5 >  6.50
|   |   |   |   |--- feature_0 <= -21.46
|   |   |   |   |   |--- class: high
|   |   |   |   |--- feature_0 >  -21.46
|   |   |   |   |   |--- feature_0 <= 19.73
|   |   |   |   |   |   |--- feature_56 <= 1.50
|   |   |   |   |   |   |   |--- feature_7 <= 5.51
|   |   |   |   |   |   |   |   |--- feature_14 <= 9.50
|   |   |   |   |   |   |   |   |   |--- class: high
|   |   |   |   |   |   |   |   |--- feature_14 >  9.50
|   |   |   |   |   |   |   |   |   |--- feature_64 <= 0.50
|   |   |   |   |   |   |   |   |   |   |--- class: medium
|   |   |   |   |   |   |   |   |   |--- feature_64 >  0.50
|   |   |   |   |   |   |   |   |   |   |--- class: low
|   |   |   |   |   |   |   |--- feature_7 >  5.51
|   |   |   |   |   |   |   |   |--- feature_112 <= 0.50
|   |   |   |   |   |   |   |   |   |--- feature_70 <= 0.50
|   |   |   |   |   |   |   |   |   |   |--- feature_9 <= 7.50
|   |   |   |   |   |   |   |   |   |   |   |--- truncated branch of depth 5
|   |   |   |   |   |   |   |   |   |   |--- feature_9 >  7.50
|   |   |   |   |   |   |   |   |   |   |   |--- truncated branch of depth 2
|   |   |   |   |   |   |   |   |   |--- feature_70 >  0.50
|   |   |   |   |   |   |   |   |   |   |--- feature_6 <= 3.50
|   |   |   |   |   |   |   |   |   |   |   |--- truncated branch of depth 2
|   |   |   |   |   |   |   |   |   |   |--- feature_6 >  3.50
|   |   |   |   |   |   |   |   |   |   |   |--- class: none
|   |   |   |   |   |   |   |   |--- feature_112 >  0.50
|   |   |   |   |   |   |   |   |   |--- feature_14 <= 12.50
|   |   |   |   |   |   |   |   |   |   |--- class: none
|   |   |   |   |   |   |   |   |   |--- feature_14 >  12.50
|   |   |   |   |   |   |   |   |   |   |--- feature_63 <= 1.00
|   |   |   |   |   |   |   |   |   |   |   |--- class: medium
|   |   |   |   |   |   |   |   |   |   |--- feature_63 >  1.00
|   |   |   |   |   |   |   |   |   |   |   |--- class: none
|   |   |   |   |   |   |--- feature_56 >  1.50
|   |   |   |   |   |   |   |--- class: high
|   |   |   |   |   |--- feature_0 >  19.73
|   |   |   |   |   |   |--- feature_3 <= 122.50
|   |   |   |   |   |   |   |--- class: low
|   |   |   |   |   |   |--- feature_3 >  122.50
|   |   |   |   |   |   |   |--- class: none
|   |--- feature_11 >  3.50
|   |   |--- feature_1 <= 27.50
|   |   |   |--- feature_35 <= 0.50
|   |   |   |   |--- feature_20 <= 0.50
|   |   |   |   |   |--- feature_11 <= 9.50
|   |   |   |   |   |   |--- feature_7 <= 3.90
|   |   |   |   |   |   |   |--- feature_7 <= 3.88
|   |   |   |   |   |   |   |   |--- feature_9 <= 5.50
|   |   |   |   |   |   |   |   |   |--- feature_7 <= 3.79
|   |   |   |   |   |   |   |   |   |   |--- feature_12 <= -0.18
|   |   |   |   |   |   |   |   |   |   |   |--- truncated branch of depth 2
|   |   |   |   |   |   |   |   |   |   |--- feature_12 >  -0.18
|   |   |   |   |   |   |   |   |   |   |   |--- truncated branch of depth 10
|   |   |   |   |   |   |   |   |   |--- feature_7 >  3.79
|   |   |   |   |   |   |   |   |   |   |--- feature_12 <= -0.01
|   |   |   |   |   |   |   |   |   |   |   |--- truncated branch of depth 3
|   |   |   |   |   |   |   |   |   |   |--- feature_12 >  -0.01
|   |   |   |   |   |   |   |   |   |   |   |--- truncated branch of depth 4
|   |   |   |   |   |   |   |   |--- feature_9 >  5.50
|   |   |   |   |   |   |   |   |   |--- feature_0 <= 11.38
|   |   |   |   |   |   |   |   |   |   |--- class: medium
|   |   |   |   |   |   |   |   |   |--- feature_0 >  11.38
|   |   |   |   |   |   |   |   |   |   |--- feature_9 <= 8.50
|   |   |   |   |   |   |   |   |   |   |   |--- truncated branch of depth 2
|   |   |   |   |   |   |   |   |   |   |--- feature_9 >  8.50
|   |   |   |   |   |   |   |   |   |   |   |--- truncated branch of depth 2
|   |   |   |   |   |   |   |--- feature_7 >  3.88
|   |   |   |   |   |   |   |   |--- feature_53 <= 0.50
|   |   |   |   |   |   |   |   |   |--- feature_72 <= 0.50
|   |   |   |   |   |   |   |   |   |   |--- class: none
|   |   |   |   |   |   |   |   |   |--- feature_72 >  0.50
|   |   |   |   |   |   |   |   |   |   |--- class: high
|   |   |   |   |   |   |   |   |--- feature_53 >  0.50
|   |   |   |   |   |   |   |   |   |--- class: high
|   |   |   |   |   |   |--- feature_7 >  3.90
|   |   |   |   |   |   |   |--- feature_7 <= 4.83
|   |   |   |   |   |   |   |   |--- feature_48 <= 0.50
|   |   |   |   |   |   |   |   |   |--- feature_12 <= 0.65
|   |   |   |   |   |   |   |   |   |   |--- feature_12 <= -0.06
|   |   |   |   |   |   |   |   |   |   |   |--- truncated branch of depth 8
|   |   |   |   |   |   |   |   |   |   |--- feature_12 >  -0.06
|   |   |   |   |   |   |   |   |   |   |   |--- truncated branch of depth 26
|   |   |   |   |   |   |   |   |   |--- feature_12 >  0.65
|   |   |   |   |   |   |   |   |   |   |--- feature_7 <= 4.22
|   |   |   |   |   |   |   |   |   |   |   |--- class: none
|   |   |   |   |   |   |   |   |   |   |--- feature_7 >  4.22
|   |   |   |   |   |   |   |   |   |   |   |--- class: low
|   |   |   |   |   |   |   |   |--- feature_48 >  0.50
|   |   |   |   |   |   |   |   |   |--- feature_7 <= 4.45
|   |   |   |   |   |   |   |   |   |   |--- feature_66 <= 0.50
|   |   |   |   |   |   |   |   |   |   |   |--- truncated branch of depth 3
|   |   |   |   |   |   |   |   |   |   |--- feature_66 >  0.50
|   |   |   |   |   |   |   |   |   |   |   |--- class: medium
|   |   |   |   |   |   |   |   |   |--- feature_7 >  4.45
|   |   |   |   |   |   |   |   |   |   |--- feature_0 <= 3.83
|   |   |   |   |   |   |   |   |   |   |   |--- truncated branch of depth 2
|   |   |   |   |   |   |   |   |   |   |--- feature_0 >  3.83
|   |   |   |   |   |   |   |   |   |   |   |--- truncated branch of depth 2
|   |   |   |   |   |   |   |--- feature_7 >  4.83
|   |   |   |   |   |   |   |   |--- feature_113 <= 0.50
|   |   |   |   |   |   |   |   |   |--- feature_56 <= 0.50
|   |   |   |   |   |   |   |   |   |   |--- feature_99 <= 0.50
|   |   |   |   |   |   |   |   |   |   |   |--- truncated branch of depth 22
|   |   |   |   |   |   |   |   |   |   |--- feature_99 >  0.50
|   |   |   |   |   |   |   |   |   |   |   |--- truncated branch of depth 9
|   |   |   |   |   |   |   |   |   |--- feature_56 >  0.50
|   |   |   |   |   |   |   |   |   |   |--- feature_1 <= 14.50
|   |   |   |   |   |   |   |   |   |   |   |--- truncated branch of depth 7
|   |   |   |   |   |   |   |   |   |   |--- feature_1 >  14.50
|   |   |   |   |   |   |   |   |   |   |   |--- truncated branch of depth 5
|   |   |   |   |   |   |   |   |--- feature_113 >  0.50
|   |   |   |   |   |   |   |   |   |--- feature_9 <= 0.50
|   |   |   |   |   |   |   |   |   |   |--- feature_10 <= 1.50
|   |   |   |   |   |   |   |   |   |   |   |--- class: high
|   |   |   |   |   |   |   |   |   |   |--- feature_10 >  1.50
|   |   |   |   |   |   |   |   |   |   |   |--- class: low
|   |   |   |   |   |   |   |   |   |--- feature_9 >  0.50
|   |   |   |   |   |   |   |   |   |   |--- feature_11 <= 4.50
|   |   |   |   |   |   |   |   |   |   |   |--- truncated branch of depth 2
|   |   |   |   |   |   |   |   |   |   |--- feature_11 >  4.50
|   |   |   |   |   |   |   |   |   |   |   |--- truncated branch of depth 2
|   |   |   |   |   |--- feature_11 >  9.50
|   |   |   |   |   |   |--- feature_103 <= 0.50
|   |   |   |   |   |   |   |--- feature_8 <= 11.50
|   |   |   |   |   |   |   |   |--- feature_95 <= 0.50
|   |   |   |   |   |   |   |   |   |--- feature_2 <= 11.50
|   |   |   |   |   |   |   |   |   |   |--- feature_7 <= 5.14
|   |   |   |   |   |   |   |   |   |   |   |--- class: medium
|   |   |   |   |   |   |   |   |   |   |--- feature_7 >  5.14
|   |   |   |   |   |   |   |   |   |   |   |--- class: low
|   |   |   |   |   |   |   |   |   |--- feature_2 >  11.50
|   |   |   |   |   |   |   |   |   |   |--- feature_0 <= 67.48
|   |   |   |   |   |   |   |   |   |   |   |--- truncated branch of depth 24
|   |   |   |   |   |   |   |   |   |   |--- feature_0 >  67.48
|   |   |   |   |   |   |   |   |   |   |   |--- truncated branch of depth 4
|   |   |   |   |   |   |   |   |--- feature_95 >  0.50
|   |   |   |   |   |   |   |   |   |--- feature_22 <= 0.50
|   |   |   |   |   |   |   |   |   |   |--- feature_8 <= 8.50
|   |   |   |   |   |   |   |   |   |   |   |--- truncated branch of depth 13
|   |   |   |   |   |   |   |   |   |   |--- feature_8 >  8.50
|   |   |   |   |   |   |   |   |   |   |   |--- truncated branch of depth 8
|   |   |   |   |   |   |   |   |   |--- feature_22 >  0.50
|   |   |   |   |   |   |   |   |   |   |--- feature_11 <= 14.50
|   |   |   |   |   |   |   |   |   |   |   |--- truncated branch of depth 10
|   |   |   |   |   |   |   |   |   |   |--- feature_11 >  14.50
|   |   |   |   |   |   |   |   |   |   |   |--- truncated branch of depth 10
|   |   |   |   |   |   |   |--- feature_8 >  11.50
|   |   |   |   |   |   |   |   |--- feature_1 <= 13.50
|   |   |   |   |   |   |   |   |   |--- feature_14 <= 4.00
|   |   |   |   |   |   |   |   |   |   |--- class: none
|   |   |   |   |   |   |   |   |   |--- feature_14 >  4.00
|   |   |   |   |   |   |   |   |   |   |--- class: low
|   |   |   |   |   |   |   |   |--- feature_1 >  13.50
|   |   |   |   |   |   |   |   |   |--- feature_4 <= 11.50
|   |   |   |   |   |   |   |   |   |   |--- feature_6 <= 1.50
|   |   |   |   |   |   |   |   |   |   |   |--- truncated branch of depth 2
|   |   |   |   |   |   |   |   |   |   |--- feature_6 >  1.50
|   |   |   |   |   |   |   |   |   |   |   |--- class: medium
|   |   |   |   |   |   |   |   |   |--- feature_4 >  11.50
|   |   |   |   |   |   |   |   |   |   |--- feature_3 <= 136.50
|   |   |   |   |   |   |   |   |   |   |   |--- truncated branch of depth 8
|   |   |   |   |   |   |   |   |   |   |--- feature_3 >  136.50
|   |   |   |   |   |   |   |   |   |   |   |--- truncated branch of depth 10
|   |   |   |   |   |   |--- feature_103 >  0.50
|   |   |   |   |   |   |   |--- feature_0 <= -1.46
|   |   |   |   |   |   |   |   |--- feature_26 <= 0.50
|   |   |   |   |   |   |   |   |   |--- feature_53 <= 0.50
|   |   |   |   |   |   |   |   |   |   |--- class: low
|   |   |   |   |   |   |   |   |   |--- feature_53 >  0.50
|   |   |   |   |   |   |   |   |   |   |--- feature_74 <= 0.50
|   |   |   |   |   |   |   |   |   |   |   |--- class: none
|   |   |   |   |   |   |   |   |   |   |--- feature_74 >  0.50
|   |   |   |   |   |   |   |   |   |   |   |--- class: low
|   |   |   |   |   |   |   |   |--- feature_26 >  0.50
|   |   |   |   |   |   |   |   |   |--- feature_1 <= 19.50
|   |   |   |   |   |   |   |   |   |   |--- class: high
|   |   |   |   |   |   |   |   |   |--- feature_1 >  19.50
|   |   |   |   |   |   |   |   |   |   |--- class: medium
|   |   |   |   |   |   |   |--- feature_0 >  -1.46
|   |   |   |   |   |   |   |   |--- feature_22 <= 0.50
|   |   |   |   |   |   |   |   |   |--- feature_8 <= 8.50
|   |   |   |   |   |   |   |   |   |   |--- feature_94 <= 0.50
|   |   |   |   |   |   |   |   |   |   |   |--- truncated branch of depth 2
|   |   |   |   |   |   |   |   |   |   |--- feature_94 >  0.50
|   |   |   |   |   |   |   |   |   |   |   |--- class: low
|   |   |   |   |   |   |   |   |   |--- feature_8 >  8.50
|   |   |   |   |   |   |   |   |   |   |--- feature_0 <= 2.60
|   |   |   |   |   |   |   |   |   |   |   |--- class: medium
|   |   |   |   |   |   |   |   |   |   |--- feature_0 >  2.60
|   |   |   |   |   |   |   |   |   |   |   |--- truncated branch of depth 2
|   |   |   |   |   |   |   |   |--- feature_22 >  0.50
|   |   |   |   |   |   |   |   |   |--- feature_100 <= 0.50
|   |   |   |   |   |   |   |   |   |   |--- class: medium
|   |   |   |   |   |   |   |   |   |--- feature_100 >  0.50
|   |   |   |   |   |   |   |   |   |   |--- feature_1 <= 25.50
|   |   |   |   |   |   |   |   |   |   |   |--- class: high
|   |   |   |   |   |   |   |   |   |   |--- feature_1 >  25.50
|   |   |   |   |   |   |   |   |   |   |   |--- class: medium
|   |   |   |   |--- feature_20 >  0.50
|   |   |   |   |   |--- feature_3 <= 137.50
|   |   |   |   |   |   |--- feature_14 <= 3.50
|   |   |   |   |   |   |   |--- feature_11 <= 4.50
|   |   |   |   |   |   |   |   |--- feature_3 <= 59.50
|   |   |   |   |   |   |   |   |   |--- feature_73 <= 0.50
|   |   |   |   |   |   |   |   |   |   |--- class: medium
|   |   |   |   |   |   |   |   |   |--- feature_73 >  0.50
|   |   |   |   |   |   |   |   |   |   |--- class: high
|   |   |   |   |   |   |   |   |--- feature_3 >  59.50
|   |   |   |   |   |   |   |   |   |--- feature_3 <= 113.50
|   |   |   |   |   |   |   |   |   |   |--- class: none
|   |   |   |   |   |   |   |   |   |--- feature_3 >  113.50
|   |   |   |   |   |   |   |   |   |   |--- class: medium
|   |   |   |   |   |   |   |--- feature_11 >  4.50
|   |   |   |   |   |   |   |   |--- feature_8 <= 1.50
|   |   |   |   |   |   |   |   |   |--- feature_14 <= 1.50
|   |   |   |   |   |   |   |   |   |   |--- class: none
|   |   |   |   |   |   |   |   |   |--- feature_14 >  1.50
|   |   |   |   |   |   |   |   |   |   |--- class: low
|   |   |   |   |   |   |   |   |--- feature_8 >  1.50
|   |   |   |   |   |   |   |   |   |--- feature_7 <= 3.85
|   |   |   |   |   |   |   |   |   |   |--- class: low
|   |   |   |   |   |   |   |   |   |--- feature_7 >  3.85
|   |   |   |   |   |   |   |   |   |   |--- feature_22 <= 0.50
|   |   |   |   |   |   |   |   |   |   |   |--- truncated branch of depth 14
|   |   |   |   |   |   |   |   |   |   |--- feature_22 >  0.50
|   |   |   |   |   |   |   |   |   |   |   |--- truncated branch of depth 4
|   |   |   |   |   |   |--- feature_14 >  3.50
|   |   |   |   |   |   |   |--- feature_3 <= 80.50
|   |   |   |   |   |   |   |   |--- feature_2 <= 9.50
|   |   |   |   |   |   |   |   |   |--- feature_67 <= 0.50
|   |   |   |   |   |   |   |   |   |   |--- class: high
|   |   |   |   |   |   |   |   |   |--- feature_67 >  0.50
|   |   |   |   |   |   |   |   |   |   |--- class: none
|   |   |   |   |   |   |   |   |--- feature_2 >  9.50
|   |   |   |   |   |   |   |   |   |--- feature_8 <= 6.50
|   |   |   |   |   |   |   |   |   |   |--- feature_39 <= 0.50
|   |   |   |   |   |   |   |   |   |   |   |--- truncated branch of depth 2
|   |   |   |   |   |   |   |   |   |   |--- feature_39 >  0.50
|   |   |   |   |   |   |   |   |   |   |   |--- class: high
|   |   |   |   |   |   |   |   |   |--- feature_8 >  6.50
|   |   |   |   |   |   |   |   |   |   |--- class: none
|   |   |   |   |   |   |   |--- feature_3 >  80.50
|   |   |   |   |   |   |   |   |--- feature_7 <= 4.29
|   |   |   |   |   |   |   |   |   |--- feature_9 <= 3.00
|   |   |   |   |   |   |   |   |   |   |--- class: low
|   |   |   |   |   |   |   |   |   |--- feature_9 >  3.00
|   |   |   |   |   |   |   |   |   |   |--- class: medium
|   |   |   |   |   |   |   |   |--- feature_7 >  4.29
|   |   |   |   |   |   |   |   |   |--- feature_3 <= 102.50
|   |   |   |   |   |   |   |   |   |   |--- feature_8 <= 11.50
|   |   |   |   |   |   |   |   |   |   |   |--- truncated branch of depth 9
|   |   |   |   |   |   |   |   |   |   |--- feature_8 >  11.50
|   |   |   |   |   |   |   |   |   |   |   |--- truncated branch of depth 3
|   |   |   |   |   |   |   |   |   |--- feature_3 >  102.50
|   |   |   |   |   |   |   |   |   |   |--- feature_0 <= -11.27
|   |   |   |   |   |   |   |   |   |   |   |--- truncated branch of depth 5
|   |   |   |   |   |   |   |   |   |   |--- feature_0 >  -11.27
|   |   |   |   |   |   |   |   |   |   |   |--- truncated branch of depth 14
|   |   |   |   |   |--- feature_3 >  137.50
|   |   |   |   |   |   |--- feature_3 <= 155.50
|   |   |   |   |   |   |   |--- feature_7 <= 4.53
|   |   |   |   |   |   |   |   |--- feature_75 <= 0.50
|   |   |   |   |   |   |   |   |   |--- class: none
|   |   |   |   |   |   |   |   |--- feature_75 >  0.50
|   |   |   |   |   |   |   |   |   |--- class: low
|   |   |   |   |   |   |   |--- feature_7 >  4.53
|   |   |   |   |   |   |   |   |--- feature_0 <= 17.49
|   |   |   |   |   |   |   |   |   |--- feature_3 <= 147.50
|   |   |   |   |   |   |   |   |   |   |--- feature_14 <= 3.50
|   |   |   |   |   |   |   |   |   |   |   |--- truncated branch of depth 4
|   |   |   |   |   |   |   |   |   |   |--- feature_14 >  3.50
|   |   |   |   |   |   |   |   |   |   |   |--- truncated branch of depth 6
|   |   |   |   |   |   |   |   |   |--- feature_3 >  147.50
|   |   |   |   |   |   |   |   |   |   |--- class: none
|   |   |   |   |   |   |   |   |--- feature_0 >  17.49
|   |   |   |   |   |   |   |   |   |--- feature_7 <= 7.41
|   |   |   |   |   |   |   |   |   |   |--- feature_9 <= 0.50
|   |   |   |   |   |   |   |   |   |   |   |--- truncated branch of depth 2
|   |   |   |   |   |   |   |   |   |   |--- feature_9 >  0.50
|   |   |   |   |   |   |   |   |   |   |   |--- class: medium
|   |   |   |   |   |   |   |   |   |--- feature_7 >  7.41
|   |   |   |   |   |   |   |   |   |   |--- class: low
|   |   |   |   |   |   |--- feature_3 >  155.50
|   |   |   |   |   |   |   |--- feature_4 <= 18.50
|   |   |   |   |   |   |   |   |--- feature_6 <= 2.50
|   |   |   |   |   |   |   |   |   |--- feature_5 <= 2.50
|   |   |   |   |   |   |   |   |   |   |--- feature_88 <= 0.50
|   |   |   |   |   |   |   |   |   |   |   |--- class: high
|   |   |   |   |   |   |   |   |   |   |--- feature_88 >  0.50
|   |   |   |   |   |   |   |   |   |   |   |--- class: none
|   |   |   |   |   |   |   |   |   |--- feature_5 >  2.50
|   |   |   |   |   |   |   |   |   |   |--- class: medium
|   |   |   |   |   |   |   |   |--- feature_6 >  2.50
|   |   |   |   |   |   |   |   |   |--- feature_22 <= 0.50
|   |   |   |   |   |   |   |   |   |   |--- feature_62 <= 0.50
|   |   |   |   |   |   |   |   |   |   |   |--- truncated branch of depth 2
|   |   |   |   |   |   |   |   |   |   |--- feature_62 >  0.50
|   |   |   |   |   |   |   |   |   |   |   |--- class: high
|   |   |   |   |   |   |   |   |   |--- feature_22 >  0.50
|   |   |   |   |   |   |   |   |   |   |--- feature_9 <= 3.50
|   |   |   |   |   |   |   |   |   |   |   |--- class: none
|   |   |   |   |   |   |   |   |   |   |--- feature_9 >  3.50
|   |   |   |   |   |   |   |   |   |   |   |--- truncated branch of depth 2
|   |   |   |   |   |   |   |--- feature_4 >  18.50
|   |   |   |   |   |   |   |   |--- feature_47 <= 0.50
|   |   |   |   |   |   |   |   |   |--- class: low
|   |   |   |   |   |   |   |   |--- feature_47 >  0.50
|   |   |   |   |   |   |   |   |   |--- class: none
|   |   |   |--- feature_35 >  0.50
|   |   |   |   |--- feature_54 <= 0.50
|   |   |   |   |   |--- feature_11 <= 9.50
|   |   |   |   |   |   |--- feature_40 <= 0.50
|   |   |   |   |   |   |   |--- feature_9 <= 17.50
|   |   |   |   |   |   |   |   |--- feature_3 <= 209.00
|   |   |   |   |   |   |   |   |   |--- feature_85 <= 0.50
|   |   |   |   |   |   |   |   |   |   |--- feature_59 <= 0.50
|   |   |   |   |   |   |   |   |   |   |   |--- truncated branch of depth 21
|   |   |   |   |   |   |   |   |   |   |--- feature_59 >  0.50
|   |   |   |   |   |   |   |   |   |   |   |--- class: none
|   |   |   |   |   |   |   |   |   |--- feature_85 >  0.50
|   |   |   |   |   |   |   |   |   |   |--- feature_53 <= 0.50
|   |   |   |   |   |   |   |   |   |   |   |--- class: high
|   |   |   |   |   |   |   |   |   |   |--- feature_53 >  0.50
|   |   |   |   |   |   |   |   |   |   |   |--- class: none
|   |   |   |   |   |   |   |   |--- feature_3 >  209.00
|   |   |   |   |   |   |   |   |   |--- feature_8 <= 30.50
|   |   |   |   |   |   |   |   |   |   |--- feature_53 <= 0.50
|   |   |   |   |   |   |   |   |   |   |   |--- class: low
|   |   |   |   |   |   |   |   |   |   |--- feature_53 >  0.50
|   |   |   |   |   |   |   |   |   |   |   |--- truncated branch of depth 3
|   |   |   |   |   |   |   |   |   |--- feature_8 >  30.50
|   |   |   |   |   |   |   |   |   |   |--- feature_11 <= 5.00
|   |   |   |   |   |   |   |   |   |   |   |--- truncated branch of depth 2
|   |   |   |   |   |   |   |   |   |   |--- feature_11 >  5.00
|   |   |   |   |   |   |   |   |   |   |   |--- truncated branch of depth 3
|   |   |   |   |   |   |   |--- feature_9 >  17.50
|   |   |   |   |   |   |   |   |--- feature_12 <= -0.05
|   |   |   |   |   |   |   |   |   |--- class: medium
|   |   |   |   |   |   |   |   |--- feature_12 >  -0.05
|   |   |   |   |   |   |   |   |   |--- feature_74 <= 0.50
|   |   |   |   |   |   |   |   |   |   |--- feature_9 <= 45.00
|   |   |   |   |   |   |   |   |   |   |   |--- truncated branch of depth 6
|   |   |   |   |   |   |   |   |   |   |--- feature_9 >  45.00
|   |   |   |   |   |   |   |   |   |   |   |--- class: medium
|   |   |   |   |   |   |   |   |   |--- feature_74 >  0.50
|   |   |   |   |   |   |   |   |   |   |--- feature_51 <= 0.50
|   |   |   |   |   |   |   |   |   |   |   |--- class: medium
|   |   |   |   |   |   |   |   |   |   |--- feature_51 >  0.50
|   |   |   |   |   |   |   |   |   |   |   |--- class: low
|   |   |   |   |   |   |--- feature_40 >  0.50
|   |   |   |   |   |   |   |--- feature_7 <= 8.67
|   |   |   |   |   |   |   |   |--- feature_0 <= 16.23
|   |   |   |   |   |   |   |   |   |--- class: low
|   |   |   |   |   |   |   |   |--- feature_0 >  16.23
|   |   |   |   |   |   |   |   |   |--- class: medium
|   |   |   |   |   |   |   |--- feature_7 >  8.67
|   |   |   |   |   |   |   |   |--- class: high
|   |   |   |   |   |--- feature_11 >  9.50
|   |   |   |   |   |   |--- feature_19 <= 0.50
|   |   |   |   |   |   |   |--- feature_14 <= 3.50
|   |   |   |   |   |   |   |   |--- feature_51 <= 0.50
|   |   |   |   |   |   |   |   |   |--- class: low
|   |   |   |   |   |   |   |   |--- feature_51 >  0.50
|   |   |   |   |   |   |   |   |   |--- feature_23 <= 0.50
|   |   |   |   |   |   |   |   |   |   |--- class: high
|   |   |   |   |   |   |   |   |   |--- feature_23 >  0.50
|   |   |   |   |   |   |   |   |   |   |--- class: none
|   |   |   |   |   |   |   |--- feature_14 >  3.50
|   |   |   |   |   |   |   |   |--- feature_98 <= 0.50
|   |   |   |   |   |   |   |   |   |--- feature_9 <= 20.50
|   |   |   |   |   |   |   |   |   |   |--- feature_114 <= 0.50
|   |   |   |   |   |   |   |   |   |   |   |--- truncated branch of depth 15
|   |   |   |   |   |   |   |   |   |   |--- feature_114 >  0.50
|   |   |   |   |   |   |   |   |   |   |   |--- truncated branch of depth 3
|   |   |   |   |   |   |   |   |   |--- feature_9 >  20.50
|   |   |   |   |   |   |   |   |   |   |--- feature_6 <= 4.50
|   |   |   |   |   |   |   |   |   |   |   |--- class: medium
|   |   |   |   |   |   |   |   |   |   |--- feature_6 >  4.50
|   |   |   |   |   |   |   |   |   |   |   |--- class: low
|   |   |   |   |   |   |   |   |--- feature_98 >  0.50
|   |   |   |   |   |   |   |   |   |--- class: high
|   |   |   |   |   |   |--- feature_19 >  0.50
|   |   |   |   |   |   |   |--- feature_43 <= 0.50
|   |   |   |   |   |   |   |   |--- class: medium
|   |   |   |   |   |   |   |--- feature_43 >  0.50
|   |   |   |   |   |   |   |   |--- class: none
|   |   |   |   |--- feature_54 >  0.50
|   |   |   |   |   |--- feature_11 <= 5.50
|   |   |   |   |   |   |--- feature_35 <= 1.50
|   |   |   |   |   |   |   |--- feature_75 <= 1.50
|   |   |   |   |   |   |   |   |--- class: medium
|   |   |   |   |   |   |   |--- feature_75 >  1.50
|   |   |   |   |   |   |   |   |--- class: low
|   |   |   |   |   |   |--- feature_35 >  1.50
|   |   |   |   |   |   |   |--- class: none
|   |   |   |   |   |--- feature_11 >  5.50
|   |   |   |   |   |   |--- class: none
|   |   |--- feature_1 >  27.50
|   |   |   |--- feature_111 <= 0.50
|   |   |   |   |--- feature_35 <= 2.50
|   |   |   |   |   |--- feature_12 <= -0.47
|   |   |   |   |   |   |--- feature_9 <= 13.50
|   |   |   |   |   |   |   |--- class: low
|   |   |   |   |   |   |--- feature_9 >  13.50
|   |   |   |   |   |   |   |--- class: none
|   |   |   |   |   |--- feature_12 >  -0.47
|   |   |   |   |   |   |--- feature_108 <= 0.50
|   |   |   |   |   |   |   |--- feature_8 <= 3.50
|   |   |   |   |   |   |   |   |--- feature_11 <= 22.50
|   |   |   |   |   |   |   |   |   |--- feature_104 <= 0.50
|   |   |   |   |   |   |   |   |   |   |--- class: high
|   |   |   |   |   |   |   |   |   |--- feature_104 >  0.50
|   |   |   |   |   |   |   |   |   |   |--- class: medium
|   |   |   |   |   |   |   |   |--- feature_11 >  22.50
|   |   |   |   |   |   |   |   |   |--- feature_14 <= 2.50
|   |   |   |   |   |   |   |   |   |   |--- class: low
|   |   |   |   |   |   |   |   |   |--- feature_14 >  2.50
|   |   |   |   |   |   |   |   |   |   |--- feature_11 <= 26.50
|   |   |   |   |   |   |   |   |   |   |   |--- class: medium
|   |   |   |   |   |   |   |   |   |   |--- feature_11 >  26.50
|   |   |   |   |   |   |   |   |   |   |   |--- class: low
|   |   |   |   |   |   |   |--- feature_8 >  3.50
|   |   |   |   |   |   |   |   |--- feature_14 <= 27.50
|   |   |   |   |   |   |   |   |   |--- feature_28 <= 0.50
|   |   |   |   |   |   |   |   |   |   |--- feature_94 <= 0.50
|   |   |   |   |   |   |   |   |   |   |   |--- truncated branch of depth 22
|   |   |   |   |   |   |   |   |   |   |--- feature_94 >  0.50
|   |   |   |   |   |   |   |   |   |   |   |--- truncated branch of depth 10
|   |   |   |   |   |   |   |   |   |--- feature_28 >  0.50
|   |   |   |   |   |   |   |   |   |   |--- feature_51 <= 0.50
|   |   |   |   |   |   |   |   |   |   |   |--- truncated branch of depth 3
|   |   |   |   |   |   |   |   |   |   |--- feature_51 >  0.50
|   |   |   |   |   |   |   |   |   |   |   |--- class: low
|   |   |   |   |   |   |   |   |--- feature_14 >  27.50
|   |   |   |   |   |   |   |   |   |--- feature_1 <= 37.50
|   |   |   |   |   |   |   |   |   |   |--- feature_9 <= 6.00
|   |   |   |   |   |   |   |   |   |   |   |--- class: low
|   |   |   |   |   |   |   |   |   |   |--- feature_9 >  6.00
|   |   |   |   |   |   |   |   |   |   |   |--- class: none
|   |   |   |   |   |   |   |   |   |--- feature_1 >  37.50
|   |   |   |   |   |   |   |   |   |   |--- feature_6 <= 3.50
|   |   |   |   |   |   |   |   |   |   |   |--- truncated branch of depth 5
|   |   |   |   |   |   |   |   |   |   |--- feature_6 >  3.50
|   |   |   |   |   |   |   |   |   |   |   |--- class: low
|   |   |   |   |   |   |--- feature_108 >  0.50
|   |   |   |   |   |   |   |--- feature_33 <= 0.50
|   |   |   |   |   |   |   |   |--- feature_41 <= 0.50
|   |   |   |   |   |   |   |   |   |--- feature_0 <= 18.31
|   |   |   |   |   |   |   |   |   |   |--- feature_5 <= 1.50
|   |   |   |   |   |   |   |   |   |   |   |--- truncated branch of depth 3
|   |   |   |   |   |   |   |   |   |   |--- feature_5 >  1.50
|   |   |   |   |   |   |   |   |   |   |   |--- truncated branch of depth 4
|   |   |   |   |   |   |   |   |   |--- feature_0 >  18.31
|   |   |   |   |   |   |   |   |   |   |--- feature_27 <= 0.50
|   |   |   |   |   |   |   |   |   |   |   |--- truncated branch of depth 3
|   |   |   |   |   |   |   |   |   |   |--- feature_27 >  0.50
|   |   |   |   |   |   |   |   |   |   |   |--- class: low
|   |   |   |   |   |   |   |   |--- feature_41 >  0.50
|   |   |   |   |   |   |   |   |   |--- feature_112 <= 0.50
|   |   |   |   |   |   |   |   |   |   |--- feature_27 <= 0.50
|   |   |   |   |   |   |   |   |   |   |   |--- class: medium
|   |   |   |   |   |   |   |   |   |   |--- feature_27 >  0.50
|   |   |   |   |   |   |   |   |   |   |   |--- class: none
|   |   |   |   |   |   |   |   |   |--- feature_112 >  0.50
|   |   |   |   |   |   |   |   |   |   |--- class: low
|   |   |   |   |   |   |   |--- feature_33 >  0.50
|   |   |   |   |   |   |   |   |--- class: high
|   |   |   |   |--- feature_35 >  2.50
|   |   |   |   |   |--- class: none
|   |   |   |--- feature_111 >  0.50
|   |   |   |   |--- feature_37 <= 0.50
|   |   |   |   |   |--- feature_7 <= 5.07
|   |   |   |   |   |   |--- feature_0 <= -11.43
|   |   |   |   |   |   |   |--- feature_2 <= 41.50
|   |   |   |   |   |   |   |   |--- feature_30 <= 0.50
|   |   |   |   |   |   |   |   |   |--- class: high
|   |   |   |   |   |   |   |   |--- feature_30 >  0.50
|   |   |   |   |   |   |   |   |   |--- class: medium
|   |   |   |   |   |   |   |--- feature_2 >  41.50
|   |   |   |   |   |   |   |   |--- feature_6 <= 5.50
|   |   |   |   |   |   |   |   |   |--- class: low
|   |   |   |   |   |   |   |   |--- feature_6 >  5.50
|   |   |   |   |   |   |   |   |   |--- feature_99 <= 2.00
|   |   |   |   |   |   |   |   |   |   |--- class: medium
|   |   |   |   |   |   |   |   |   |--- feature_99 >  2.00
|   |   |   |   |   |   |   |   |   |   |--- class: low
|   |   |   |   |   |   |--- feature_0 >  -11.43
|   |   |   |   |   |   |   |--- feature_78 <= 0.50
|   |   |   |   |   |   |   |   |--- feature_104 <= 0.50
|   |   |   |   |   |   |   |   |   |--- feature_7 <= 4.59
|   |   |   |   |   |   |   |   |   |   |--- feature_6 <= 2.50
|   |   |   |   |   |   |   |   |   |   |   |--- truncated branch of depth 2
|   |   |   |   |   |   |   |   |   |   |--- feature_6 >  2.50
|   |   |   |   |   |   |   |   |   |   |   |--- truncated branch of depth 2
|   |   |   |   |   |   |   |   |   |--- feature_7 >  4.59
|   |   |   |   |   |   |   |   |   |   |--- feature_29 <= 1.00
|   |   |   |   |   |   |   |   |   |   |   |--- class: medium
|   |   |   |   |   |   |   |   |   |   |--- feature_29 >  1.00
|   |   |   |   |   |   |   |   |   |   |   |--- class: low
|   |   |   |   |   |   |   |   |--- feature_104 >  0.50
|   |   |   |   |   |   |   |   |   |--- feature_94 <= 0.50
|   |   |   |   |   |   |   |   |   |   |--- class: medium
|   |   |   |   |   |   |   |   |   |--- feature_94 >  0.50
|   |   |   |   |   |   |   |   |   |   |--- class: low
|   |   |   |   |   |   |   |--- feature_78 >  0.50
|   |   |   |   |   |   |   |   |--- feature_4 <= 8.50
|   |   |   |   |   |   |   |   |   |--- class: high
|   |   |   |   |   |   |   |   |--- feature_4 >  8.50
|   |   |   |   |   |   |   |   |   |--- class: low
|   |   |   |   |   |--- feature_7 >  5.07
|   |   |   |   |   |   |--- feature_36 <= 0.50
|   |   |   |   |   |   |   |--- feature_106 <= 0.50
|   |   |   |   |   |   |   |   |--- feature_89 <= 0.50
|   |   |   |   |   |   |   |   |   |--- feature_41 <= 1.50
|   |   |   |   |   |   |   |   |   |   |--- feature_4 <= 28.00
|   |   |   |   |   |   |   |   |   |   |   |--- class: high
|   |   |   |   |   |   |   |   |   |   |--- feature_4 >  28.00
|   |   |   |   |   |   |   |   |   |   |   |--- class: low
|   |   |   |   |   |   |   |   |   |--- feature_41 >  1.50
|   |   |   |   |   |   |   |   |   |   |--- class: low
|   |   |   |   |   |   |   |   |--- feature_89 >  0.50
|   |   |   |   |   |   |   |   |   |--- class: low
|   |   |   |   |   |   |   |--- feature_106 >  0.50
|   |   |   |   |   |   |   |   |--- class: low
|   |   |   |   |   |   |--- feature_36 >  0.50
|   |   |   |   |   |   |   |--- feature_1 <= 37.00
|   |   |   |   |   |   |   |   |--- class: low
|   |   |   |   |   |   |   |--- feature_1 >  37.00
|   |   |   |   |   |   |   |   |--- class: medium
|   |   |   |   |--- feature_37 >  0.50
|   |   |   |   |   |--- class: medium
|--- feature_80 >  0.50
|   |--- feature_6 <= 4.50
|   |   |--- feature_7 <= 6.91
|   |   |   |--- feature_9 <= 3.50
|   |   |   |   |--- feature_11 <= 11.50
|   |   |   |   |   |--- feature_7 <= 6.14
|   |   |   |   |   |   |--- class: none
|   |   |   |   |   |--- feature_7 >  6.14
|   |   |   |   |   |   |--- feature_14 <= 5.50
|   |   |   |   |   |   |   |--- feature_42 <= 0.50
|   |   |   |   |   |   |   |   |--- feature_53 <= 0.50
|   |   |   |   |   |   |   |   |   |--- class: none
|   |   |   |   |   |   |   |   |--- feature_53 >  0.50
|   |   |   |   |   |   |   |   |   |--- feature_4 <= 9.50
|   |   |   |   |   |   |   |   |   |   |--- class: low
|   |   |   |   |   |   |   |   |   |--- feature_4 >  9.50
|   |   |   |   |   |   |   |   |   |   |--- class: none
|   |   |   |   |   |   |   |--- feature_42 >  0.50
|   |   |   |   |   |   |   |   |--- feature_10 <= 1.50
|   |   |   |   |   |   |   |   |   |--- class: low
|   |   |   |   |   |   |   |   |--- feature_10 >  1.50
|   |   |   |   |   |   |   |   |   |--- class: none
|   |   |   |   |   |   |--- feature_14 >  5.50
|   |   |   |   |   |   |   |--- feature_12 <= 0.38
|   |   |   |   |   |   |   |   |--- class: low
|   |   |   |   |   |   |   |--- feature_12 >  0.38
|   |   |   |   |   |   |   |   |--- class: none
|   |   |   |   |--- feature_11 >  11.50
|   |   |   |   |   |--- feature_14 <= 4.50
|   |   |   |   |   |   |--- feature_95 <= 0.50
|   |   |   |   |   |   |   |--- class: medium
|   |   |   |   |   |   |--- feature_95 >  0.50
|   |   |   |   |   |   |   |--- class: low
|   |   |   |   |   |--- feature_14 >  4.50
|   |   |   |   |   |   |--- class: none
|   |   |   |--- feature_9 >  3.50
|   |   |   |   |--- feature_4 <= 10.00
|   |   |   |   |   |--- class: medium
|   |   |   |   |--- feature_4 >  10.00
|   |   |   |   |   |--- feature_10 <= 1.50
|   |   |   |   |   |   |--- class: low
|   |   |   |   |   |--- feature_10 >  1.50
|   |   |   |   |   |   |--- class: none
|   |   |--- feature_7 >  6.91
|   |   |   |--- feature_3 <= 69.00
|   |   |   |   |--- class: medium
|   |   |   |--- feature_3 >  69.00
|   |   |   |   |--- feature_112 <= 0.50
|   |   |   |   |   |--- class: none
|   |   |   |   |--- feature_112 >  0.50
|   |   |   |   |   |--- feature_1 <= 12.00
|   |   |   |   |   |   |--- class: none
|   |   |   |   |   |--- feature_1 >  12.00
|   |   |   |   |   |   |--- class: medium
|   |--- feature_6 >  4.50
|   |   |--- feature_109 <= 0.50
|   |   |   |--- feature_112 <= 0.50
|   |   |   |   |--- class: none
|   |   |   |--- feature_112 >  0.50
|   |   |   |   |--- feature_9 <= 3.00
|   |   |   |   |   |--- class: none
|   |   |   |   |--- feature_9 >  3.00
|   |   |   |   |   |--- class: low
|   |   |--- feature_109 >  0.50
|   |   |   |--- class: low
