|--- feature_68 <= 0.50
|   |--- feature_102 <= 0.50
|   |   |--- feature_49 <= 0.50
|   |   |   |--- feature_33 <= 0.50
|   |   |   |   |--- feature_31 <= 0.50
|   |   |   |   |   |--- feature_70 <= 0.50
|   |   |   |   |   |   |--- feature_41 <= 0.50
|   |   |   |   |   |   |   |--- feature_39 <= 2.50
|   |   |   |   |   |   |   |   |--- feature_59 <= 0.50
|   |   |   |   |   |   |   |   |   |--- feature_15 <= 0.50
|   |   |   |   |   |   |   |   |   |   |--- feature_7 <= 6.50
|   |   |   |   |   |   |   |   |   |   |   |--- truncated branch of depth 41
|   |   |   |   |   |   |   |   |   |   |--- feature_7 >  6.50
|   |   |   |   |   |   |   |   |   |   |   |--- truncated branch of depth 32
|   |   |   |   |   |   |   |   |   |--- feature_15 >  0.50
|   |   |   |   |   |   |   |   |   |   |--- feature_4 <= 27.50
|   |   |   |   |   |   |   |   |   |   |   |--- truncated branch of depth 5
|   |   |   |   |   |   |   |   |   |   |--- feature_4 >  27.50
|   |   |   |   |   |   |   |   |   |   |   |--- truncated branch of depth 2
|   |   |   |   |   |   |   |   |--- feature_59 >  0.50
|   |   |   |   |   |   |   |   |   |--- feature_62 <= 0.50
|   |   |   |   |   |   |   |   |   |   |--- feature_9 <= 8.50
|   |   |   |   |   |   |   |   |   |   |   |--- truncated branch of depth 7
|   |   |   |   |   |   |   |   |   |   |--- feature_9 >  8.50
|   |   |   |   |   |   |   |   |   |   |   |--- truncated branch of depth 3
|   |   |   |   |   |   |   |   |   |--- feature_62 >  0.50
|   |   |   |   |   |   |   |   |   |   |--- class: positive
|   |   |   |   |   |   |   |--- feature_39 >  2.50
|   |   |   |   |   |   |   |   |--- feature_6 <= 199.50
|   |   |   |   |   |   |   |   |   |--- feature_1 <= 1.00
|   |   |   |   |   |   |   |   |   |   |--- class: neutral
|   |   |   |   |   |   |   |   |   |--- feature_1 >  1.00
|   |   |   |   |   |   |   |   |   |   |--- class: negative
|   |   |   |   |   |   |   |   |--- feature_6 >  199.50
|   |   |   |   |   |   |   |   |   |--- feature_12 <= 9.00
|   |   |   |   |   |   |   |   |   |   |--- class: positive
|   |   |   |   |   |   |   |   |   |--- feature_12 >  9.00
|   |   |   |   |   |   |   |   |   |   |--- feature_12 <= 12.50
|   |   |   |   |   |   |   |   |   |   |   |--- class: neutral
|   |   |   |   |   |   |   |   |   |   |--- feature_12 >  12.50
|   |   |   |   |   |   |   |   |   |   |   |--- truncated branch of depth 5
|   |   |   |   |   |   |--- feature_41 >  0.50
|   |   |   |   |   |   |   |--- feature_10 <= 5.17
|   |   |   |   |   |   |   |   |--- feature_20 <= 0.50
|   |   |   |   |   |   |   |   |   |--- feature_2 <= 5.50
|   |   |   |   |   |   |   |   |   |   |--- feature_10 <= 5.12
|   |   |   |   |   |   |   |   |   |   |   |--- truncated branch of depth 5
|   |   |   |   |   |   |   |   |   |   |--- feature_10 >  5.12
|   |   |   |   |   |   |   |   |   |   |   |--- class: neutral
|   |   |   |   |   |   |   |   |   |--- feature_2 >  5.50
|   |   |   |   |   |   |   |   |   |   |--- class: neutral
|   |   |   |   |   |   |   |   |--- feature_20 >  0.50
|   |   |   |   |   |   |   |   |   |--- feature_108 <= 1.00
|   |   |   |   |   |   |   |   |   |   |--- class: neutral
|   |   |   |   |   |   |   |   |   |--- feature_108 >  1.00
|   |   |   |   |   |   |   |   |   |   |--- class: negative
|   |   |   |   |   |   |   |--- feature_10 >  5.17
|   |   |   |   |   |   |   |   |--- class: negative
|   |   |   |   |   |--- feature_70 >  0.50
|   |   |   |   |   |   |--- feature_60 <= 2.50
|   |   |   |   |   |   |   |--- feature_103 <= 0.50
|   |   |   |   |   |   |   |   |--- class: neutral
|   |   |   |   |   |   |   |--- feature_103 >  0.50
|   |   |   |   |   |   |   |   |--- feature_94 <= 0.50
|   |   |   |   |   |   |   |   |   |--- class: neutral
|   |   |   |   |   |   |   |   |--- feature_94 >  0.50
|   |   |   |   |   |   |   |   |   |--- class: positive
|   |   |   |   |   |   |--- feature_60 >  2.50
|   |   |   |   |   |   |   |--- class: positive
|   |   |   |   |--- feature_31 >  0.50
|   |   |   |   |   |--- feature_13 <= 0.50
|   |   |   |   |   |   |--- feature_16 <= 2.50
|   |   |   |   |   |   |   |--- feature_34 <= 0.50
|   |   |   |   |   |   |   |   |--- class: negative
|   |   |   |   |   |   |   |--- feature_34 >  0.50
|   |   |   |   |   |   |   |   |--- class: neutral
|   |   |   |   |   |   |--- feature_16 >  2.50
|   |   |   |   |   |   |   |--- class: neutral
|   |   |   |   |   |--- feature_13 >  0.50
|   |   |   |   |   |   |--- class: negative
|   |   |   |--- feature_33 >  0.50
|   |   |   |   |--- feature_14 <= 13.50
|   |   |   |   |   |--- class: positive
|   |   |   |   |--- feature_14 >  13.50
|   |   |   |   |   |--- feature_10 <= 8.60
|   |   |   |   |   |   |--- feature_95 <= 1.00
|   |   |   |   |   |   |   |--- class: positive
|   |   |   |   |   |   |--- feature_95 >  1.00
|   |   |   |   |   |   |   |--- class: neutral
|   |   |   |   |   |--- feature_10 >  8.60
|   |   |   |   |   |   |--- class: neutral
|   |   |--- feature_49 >  0.50
|   |   |   |--- feature_6 <= 194.50
|   |   |   |   |--- feature_96 <= 0.50
|   |   |   |   |   |--- feature_10 <= 4.55
|   |   |   |   |   |   |--- class: positive
|   |   |   |   |   |--- feature_10 >  4.55
|   |   |   |   |   |   |--- feature_47 <= 0.50
|   |   |   |   |   |   |   |--- feature_10 <= 4.61
|   |   |   |   |   |   |   |   |--- class: neutral
|   |   |   |   |   |   |   |--- feature_10 >  4.61
|   |   |   |   |   |   |   |   |--- feature_48 <= 0.50
|   |   |   |   |   |   |   |   |   |--- class: positive
|   |   |   |   |   |   |   |   |--- feature_48 >  0.50
|   |   |   |   |   |   |   |   |   |--- class: neutral
|   |   |   |   |   |   |--- feature_47 >  0.50
|   |   |   |   |   |   |   |--- class: neutral
|   |   |   |   |--- feature_96 >  0.50
|   |   |   |   |   |--- feature_5 <= 16.50
|   |   |   |   |   |   |--- class: positive
|   |   |   |   |   |--- feature_5 >  16.50
|   |   |   |   |   |   |--- feature_62 <= 0.50
|   |   |   |   |   |   |   |--- class: neutral
|   |   |   |   |   |   |--- feature_62 >  0.50
|   |   |   |   |   |   |   |--- class: positive
|   |   |   |--- feature_6 >  194.50
|   |   |   |   |--- feature_10 <= 4.97
|   |   |   |   |   |--- feature_15 <= 0.50
|   |   |   |   |   |   |--- class: neutral
|   |   |   |   |   |--- feature_15 >  0.50
|   |   |   |   |   |   |--- class: positive
|   |   |   |   |--- feature_10 >  4.97
|   |   |   |   |   |--- feature_2 <= 0.50
|   |   |   |   |   |   |--- class: negative
|   |   |   |   |   |--- feature_2 >  0.50
|   |   |   |   |   |   |--- class: positive
|   |--- feature_102 >  0.50
|   |   |--- feature_14 <= 13.50
|   |   |   |--- feature_7 <= 40.50
|   |   |   |   |--- feature_9 <= 2.50
|   |   |   |   |   |--- feature_85 <= 0.50
|   |   |   |   |   |   |--- feature_75 <= 1.50
|   |   |   |   |   |   |   |--- feature_6 <= 226.00
|   |   |   |   |   |   |   |   |--- feature_3 <= 54.73
|   |   |   |   |   |   |   |   |   |--- feature_71 <= 0.50
|   |   |   |   |   |   |   |   |   |   |--- class: positive
|   |   |   |   |   |   |   |   |   |--- feature_71 >  0.50
|   |   |   |   |   |   |   |   |   |   |--- feature_12 <= 6.50
|   |   |   |   |   |   |   |   |   |   |   |--- truncated branch of depth 4
|   |   |   |   |   |   |   |   |   |   |--- feature_12 >  6.50
|   |   |   |   |   |   |   |   |   |   |   |--- class: positive
|   |   |   |   |   |   |   |   |--- feature_3 >  54.73
|   |   |   |   |   |   |   |   |   |--- class: neutral
|   |   |   |   |   |   |   |--- feature_6 >  226.00
|   |   |   |   |   |   |   |   |--- class: neutral
|   |   |   |   |   |   |--- feature_75 >  1.50
|   |   |   |   |   |   |   |--- class: neutral
|   |   |   |   |   |--- feature_85 >  0.50
|   |   |   |   |   |   |--- class: neutral
|   |   |   |   |--- feature_9 >  2.50
|   |   |   |   |   |--- class: positive
|   |   |   |--- feature_7 >  40.50
|   |   |   |   |--- class: neutral
|   |   |--- feature_14 >  13.50
|   |   |   |--- feature_77 <= 0.50
|   |   |   |   |--- feature_48 <= 0.50
|   |   |   |   |   |--- class: neutral
|   |   |   |   |--- feature_48 >  0.50
|   |   |   |   |   |--- class: positive
|   |   |   |--- feature_77 >  0.50
|   |   |   |   |--- class: positive
|--- feature_68 >  0.50
|   |--- feature_55 <= 0.50
|   |   |--- feature_91 <= 0.50
|   |   |   |--- feature_14 <= 10.50
|   |   |   |   |--- feature_12 <= 12.50
|   |   |   |   |   |--- feature_61 <= 0.50
|   |   |   |   |   |   |--- feature_50 <= 0.50
|   |   |   |   |   |   |   |--- class: positive
|   |   |   |   |   |   |--- feature_50 >  0.50
|   |   |   |   |   |   |   |--- feature_6 <= 110.50
|   |   |   |   |   |   |   |   |--- class: neutral
|   |   |   |   |   |   |   |--- feature_6 >  110.50
|   |   |   |   |   |   |   |   |--- class: positive
|   |   |   |   |   |--- feature_61 >  0.50
|   |   |   |   |   |   |--- feature_81 <= 0.50
|   |   |   |   |   |   |   |--- class: neutral
|   |   |   |   |   |   |--- feature_81 >  0.50
|   |   |   |   |   |   |   |--- class: positive
|   |   |   |   |--- feature_12 >  12.50
|   |   |   |   |   |--- feature_7 <= 24.50
|   |   |   |   |   |   |--- class: neutral
|   |   |   |   |   |--- feature_7 >  24.50
|   |   |   |   |   |   |--- class: positive
|   |   |   |--- feature_14 >  10.50
|   |   |   |   |--- feature_16 <= 7.50
|   |   |   |   |   |--- feature_14 <= 28.00
|   |   |   |   |   |   |--- feature_101 <= 0.50
|   |   |   |   |   |   |   |--- feature_95 <= 1.50
|   |   |   |   |   |   |   |   |--- feature_77 <= 0.50
|   |   |   |   |   |   |   |   |   |--- feature_3 <= -5.46
|   |   |   |   |   |   |   |   |   |   |--- feature_8 <= 1.50
|   |   |   |   |   |   |   |   |   |   |   |--- truncated branch of depth 3
|   |   |   |   |   |   |   |   |   |   |--- feature_8 >  1.50
|   |   |   |   |   |   |   |   |   |   |   |--- truncated branch of depth 2
|   |   |   |   |   |   |   |   |   |--- feature_3 >  -5.46
|   |   |   |   |   |   |   |   |   |   |--- feature_3 <= 3.78
|   |   |   |   |   |   |   |   |   |   |   |--- class: neutral
|   |   |   |   |   |   |   |   |   |   |--- feature_3 >  3.78
|   |   |   |   |   |   |   |   |   |   |   |--- truncated branch of depth 5
|   |   |   |   |   |   |   |   |--- feature_77 >  0.50
|   |   |   |   |   |   |   |   |   |--- feature_49 <= 0.50
|   |   |   |   |   |   |   |   |   |   |--- class: positive
|   |   |   |   |   |   |   |   |   |--- feature_49 >  0.50
|   |   |   |   |   |   |   |   |   |   |--- class: neutral
|   |   |   |   |   |   |   |--- feature_95 >  1.50
|   |   |   |   |   |   |   |   |--- class: neutral
|   |   |   |   |   |   |--- feature_101 >  0.50
|   |   |   |   |   |   |   |--- feature_109 <= 0.50
|   |   |   |   |   |   |   |   |--- class: neutral
|   |   |   |   |   |   |   |--- feature_109 >  0.50
|   |   |   |   |   |   |   |   |--- class: positive
|   |   |   |   |   |--- feature_14 >  28.00
|   |   |   |   |   |   |--- class: neutral
|   |   |   |   |--- feature_16 >  7.50
|   |   |   |   |   |--- class: positive
|   |   |--- feature_91 >  0.50
|   |   |   |--- class: neutral
|   |--- feature_55 >  0.50
|   |   |--- feature_70 <= 0.50
|   |   |   |--- feature_5 <= 26.50
|   |   |   |   |--- feature_6 <= 101.50
|   |   |   |   |   |--- feature_6 <= 95.50
|   |   |   |   |   |   |--- feature_100 <= 0.50
|   |   |   |   |   |   |   |--- feature_10 <= 7.48
|   |   |   |   |   |   |   |   |--- feature_83 <= 0.50
|   |   |   |   |   |   |   |   |   |--- class: positive
|   |   |   |   |   |   |   |   |--- feature_83 >  0.50
|   |   |   |   |   |   |   |   |   |--- class: neutral
|   |   |   |   |   |   |   |--- feature_10 >  7.48
|   |   |   |   |   |   |   |   |--- feature_10 <= 7.52
|   |   |   |   |   |   |   |   |   |--- class: neutral
|   |   |   |   |   |   |   |   |--- feature_10 >  7.52
|   |   |   |   |   |   |   |   |   |--- feature_23 <= 0.50
|   |   |   |   |   |   |   |   |   |   |--- class: neutral
|   |   |   |   |   |   |   |   |   |--- feature_23 >  0.50
|   |   |   |   |   |   |   |   |   |   |--- feature_6 <= 81.50
|   |   |   |   |   |   |   |   |   |   |   |--- truncated branch of depth 3
|   |   |   |   |   |   |   |   |   |   |--- feature_6 >  81.50
|   |   |   |   |   |   |   |   |   |   |   |--- truncated branch of depth 3
|   |   |   |   |   |   |--- feature_100 >  0.50
|   |   |   |   |   |   |   |--- feature_12 <= 0.50
|   |   |   |   |   |   |   |   |--- feature_10 <= 7.06
|   |   |   |   |   |   |   |   |   |--- feature_9 <= 6.50
|   |   |   |   |   |   |   |   |   |   |--- feature_97 <= 0.50
|   |   |   |   |   |   |   |   |   |   |   |--- truncated branch of depth 2
|   |   |   |   |   |   |   |   |   |   |--- feature_97 >  0.50
|   |   |   |   |   |   |   |   |   |   |   |--- class: positive
|   |   |   |   |   |   |   |   |   |--- feature_9 >  6.50
|   |   |   |   |   |   |   |   |   |   |--- class: neutral
|   |   |   |   |   |   |   |   |--- feature_10 >  7.06
|   |   |   |   |   |   |   |   |   |--- class: positive
|   |   |   |   |   |   |   |--- feature_12 >  0.50
|   |   |   |   |   |   |   |   |--- feature_14 <= 7.50
|   |   |   |   |   |   |   |   |   |--- class: positive
|   |   |   |   |   |   |   |   |--- feature_14 >  7.50
|   |   |   |   |   |   |   |   |   |--- feature_6 <= 89.50
|   |   |   |   |   |   |   |   |   |   |--- class: positive
|   |   |   |   |   |   |   |   |   |--- feature_6 >  89.50
|   |   |   |   |   |   |   |   |   |   |--- class: neutral
|   |   |   |   |   |--- feature_6 >  95.50
|   |   |   |   |   |   |--- feature_20 <= 1.00
|   |   |   |   |   |   |   |--- class: positive
|   |   |   |   |   |   |--- feature_20 >  1.00
|   |   |   |   |   |   |   |--- class: neutral
|   |   |   |   |--- feature_6 >  101.50
|   |   |   |   |   |--- feature_13 <= 1.50
|   |   |   |   |   |   |--- feature_84 <= 0.50
|   |   |   |   |   |   |   |--- feature_39 <= 0.50
|   |   |   |   |   |   |   |   |--- feature_57 <= 0.50
|   |   |   |   |   |   |   |   |   |--- feature_73 <= 2.00
|   |   |   |   |   |   |   |   |   |   |--- feature_24 <= 1.50
|   |   |   |   |   |   |   |   |   |   |   |--- truncated branch of depth 10
|   |   |   |   |   |   |   |   |   |   |--- feature_24 >  1.50
|   |   |   |   |   |   |   |   |   |   |   |--- class: neutral
|   |   |   |   |   |   |   |   |   |--- feature_73 >  2.00
|   |   |   |   |   |   |   |   |   |   |--- class: neutral
|   |   |   |   |   |   |   |   |--- feature_57 >  0.50
|   |   |   |   |   |   |   |   |   |--- class: neutral
|   |   |   |   |   |   |   |--- feature_39 >  0.50
|   |   |   |   |   |   |   |   |--- class: positive
|   |   |   |   |   |   |--- feature_84 >  0.50
|   |   |   |   |   |   |   |--- class: positive
|   |   |   |   |   |--- feature_13 >  1.50
|   |   |   |   |   |   |--- feature_107 <= 0.50
|   |   |   |   |   |   |   |--- feature_7 <= 12.50
|   |   |   |   |   |   |   |   |--- class: positive
|   |   |   |   |   |   |   |--- feature_7 >  12.50
|   |   |   |   |   |   |   |   |--- feature_9 <= 7.50
|   |   |   |   |   |   |   |   |   |--- feature_25 <= 1.50
|   |   |   |   |   |   |   |   |   |   |--- class: positive
|   |   |   |   |   |   |   |   |   |--- feature_25 >  1.50
|   |   |   |   |   |   |   |   |   |   |--- class: neutral
|   |   |   |   |   |   |   |   |--- feature_9 >  7.50
|   |   |   |   |   |   |   |   |   |--- feature_11 <= 17.00
|   |   |   |   |   |   |   |   |   |   |--- feature_5 <= 18.50
|   |   |   |   |   |   |   |   |   |   |   |--- class: neutral
|   |   |   |   |   |   |   |   |   |   |--- feature_5 >  18.50
|   |   |   |   |   |   |   |   |   |   |   |--- class: positive
|   |   |   |   |   |   |   |   |   |--- feature_11 >  17.00
|   |   |   |   |   |   |   |   |   |   |--- class: positive
|   |   |   |   |   |   |--- feature_107 >  0.50
|   |   |   |   |   |   |   |--- feature_58 <= 0.50
|   |   |   |   |   |   |   |   |--- class: positive
|   |   |   |   |   |   |   |--- feature_58 >  0.50
|   |   |   |   |   |   |   |   |--- class: neutral
|   |   |   |--- feature_5 >  26.50
|   |   |   |   |--- feature_71 <= 0.50
|   |   |   |   |   |--- class: neutral
|   |   |   |   |--- feature_71 >  0.50
|   |   |   |   |   |--- class: positive
|   |   |--- feature_70 >  0.50
|   |   |   |--- feature_16 <= 5.50
|   |   |   |   |--- class: neutral
|   |   |   |--- feature_16 >  5.50
|   |   |   |   |--- class: positive
