|--- feature_73 <= 0.50
|   |--- feature_75 <= 2.50
|   |   |--- feature_9 <= 3.30
|   |   |   |--- feature_5 <= 22.50
|   |   |   |   |--- feature_76 <= 0.50
|   |   |   |   |   |--- class: decrease
|   |   |   |   |--- feature_76 >  0.50
|   |   |   |   |   |--- class: increase
|   |   |   |--- feature_5 >  22.50
|   |   |   |   |--- class: increase
|   |   |--- feature_9 >  3.30
|   |   |   |--- feature_14 <= -0.01
|   |   |   |   |--- feature_75 <= 1.50
|   |   |   |   |   |--- feature_2 <= 0.50
|   |   |   |   |   |   |--- feature_49 <= 0.50
|   |   |   |   |   |   |   |--- feature_32 <= 0.50
|   |   |   |   |   |   |   |   |--- feature_68 <= 0.50
|   |   |   |   |   |   |   |   |   |--- feature_27 <= 0.50
|   |   |   |   |   |   |   |   |   |   |--- feature_59 <= 0.50
|   |   |   |   |   |   |   |   |   |   |   |--- truncated branch of depth 21
|   |   |   |   |   |   |   |   |   |   |--- feature_59 >  0.50
|   |   |   |   |   |   |   |   |   |   |   |--- class: increase
|   |   |   |   |   |   |   |   |   |--- feature_27 >  0.50
|   |   |   |   |   |   |   |   |   |   |--- class: increase
|   |   |   |   |   |   |   |   |--- feature_68 >  0.50
|   |   |   |   |   |   |   |   |   |--- class: decrease
|   |   |   |   |   |   |   |--- feature_32 >  0.50
|   |   |   |   |   |   |   |   |--- class: decrease
|   |   |   |   |   |   |--- feature_49 >  0.50
|   |   |   |   |   |   |   |--- class: decrease
|   |   |   |   |   |--- feature_2 >  0.50
|   |   |   |   |   |   |--- feature_14 <= -0.06
|   |   |   |   |   |   |   |--- feature_7 <= 0.50
|   |   |   |   |   |   |   |   |--- class: increase
|   |   |   |   |   |   |   |--- feature_7 >  0.50
|   |   |   |   |   |   |   |   |--- feature_75 <= 0.50
|   |   |   |   |   |   |   |   |   |--- feature_8 <= 6.50
|   |   |   |   |   |   |   |   |   |   |--- feature_76 <= 0.50
|   |   |   |   |   |   |   |   |   |   |   |--- truncated branch of depth 13
|   |   |   |   |   |   |   |   |   |   |--- feature_76 >  0.50
|   |   |   |   |   |   |   |   |   |   |   |--- truncated branch of depth 3
|   |   |   |   |   |   |   |   |   |--- feature_8 >  6.50
|   |   |   |   |   |   |   |   |   |   |--- class: increase
|   |   |   |   |   |   |   |   |--- feature_75 >  0.50
|   |   |   |   |   |   |   |   |   |--- feature_52 <= 0.50
|   |   |   |   |   |   |   |   |   |   |--- class: decrease
|   |   |   |   |   |   |   |   |   |--- feature_52 >  0.50
|   |   |   |   |   |   |   |   |   |   |--- class: increase
|   |   |   |   |   |   |--- feature_14 >  -0.06
|   |   |   |   |   |   |   |--- feature_10 <= 22.50
|   |   |   |   |   |   |   |   |--- class: decrease
|   |   |   |   |   |   |   |--- feature_10 >  22.50
|   |   |   |   |   |   |   |   |--- class: increase
|   |   |   |   |--- feature_75 >  1.50
|   |   |   |   |   |--- class: increase
|   |   |   |--- feature_14 >  -0.01
|   |   |   |   |--- feature_1 <= 2.50
|   |   |   |   |   |--- feature_85 <= 1.50
|   |   |   |   |   |   |--- feature_18 <= 1.50
|   |   |   |   |   |   |   |--- feature_87 <= 1.50
|   |   |   |   |   |   |   |   |--- feature_13 <= 7.50
|   |   |   |   |   |   |   |   |   |--- feature_32 <= 1.50
|   |   |   |   |   |   |   |   |   |   |--- feature_103 <= 0.50
|   |   |   |   |   |   |   |   |   |   |   |--- truncated branch of depth 37
|   |   |   |   |   |   |   |   |   |   |--- feature_103 >  0.50
|   |   |   |   |   |   |   |   |   |   |   |--- truncated branch of depth 9
|   |   |   |   |   |   |   |   |   |--- feature_32 >  1.50
|   |   |   |   |   |   |   |   |   |   |--- class: increase
|   |   |   |   |   |   |   |   |--- feature_13 >  7.50
|   |   |   |   |   |   |   |   |   |--- feature_63 <= 1.50
|   |   |   |   |   |   |   |   |   |   |--- feature_63 <= 0.50
|   |   |   |   |   |   |   |   |   |   |   |--- truncated branch of depth 49
|   |   |   |   |   |   |   |   |   |   |--- feature_63 >  0.50
|   |   |   |   |   |   |   |   |   |   |   |--- truncated branch of depth 9
|   |   |   |   |   |   |   |   |   |--- feature_63 >  1.50
|   |   |   |   |   |   |   |   |   |   |--- class: decrease
|   |   |   |   |   |   |   |--- feature_87 >  1.50
|   |   |   |   |   |   |   |   |--- feature_75 <= 1.50
|   |   |   |   |   |   |   |   |   |--- class: decrease
|   |   |   |   |   |   |   |   |--- feature_75 >  1.50
|   |   |   |   |   |   |   |   |   |--- class: increase
|   |   |   |   |   |   |--- feature_18 >  1.50
|   |   |   |   |   |   |   |--- class: increase
|   |   |   |   |   |--- feature_85 >  1.50
|   |   |   |   |   |   |--- class: increase
|   |   |   |   |--- feature_1 >  2.50
|   |   |   |   |   |--- feature_10 <= 11.50
|   |   |   |   |   |   |--- feature_2 <= 48.50
|   |   |   |   |   |   |   |--- feature_14 <= 0.23
|   |   |   |   |   |   |   |   |--- feature_75 <= 0.50
|   |   |   |   |   |   |   |   |   |--- feature_2 <= 7.50
|   |   |   |   |   |   |   |   |   |   |--- feature_3 <= 9.50
|   |   |   |   |   |   |   |   |   |   |   |--- class: increase
|   |   |   |   |   |   |   |   |   |   |--- feature_3 >  9.50
|   |   |   |   |   |   |   |   |   |   |   |--- truncated branch of depth 4
|   |   |   |   |   |   |   |   |   |--- feature_2 >  7.50
|   |   |   |   |   |   |   |   |   |   |--- feature_102 <= 0.50
|   |   |   |   |   |   |   |   |   |   |   |--- class: increase
|   |   |   |   |   |   |   |   |   |   |--- feature_102 >  0.50
|   |   |   |   |   |   |   |   |   |   |   |--- truncated branch of depth 2
|   |   |   |   |   |   |   |   |--- feature_75 >  0.50
|   |   |   |   |   |   |   |   |   |--- class: decrease
|   |   |   |   |   |   |   |--- feature_14 >  0.23
|   |   |   |   |   |   |   |   |--- feature_54 <= 0.50
|   |   |   |   |   |   |   |   |   |--- class: increase
|   |   |   |   |   |   |   |   |--- feature_54 >  0.50
|   |   |   |   |   |   |   |   |   |--- class: decrease
|   |   |   |   |   |   |--- feature_2 >  48.50
|   |   |   |   |   |   |   |--- class: decrease
|   |   |   |   |   |--- feature_10 >  11.50
|   |   |   |   |   |   |--- feature_11 <= 3.50
|   |   |   |   |   |   |   |--- class: increase
|   |   |   |   |   |   |--- feature_11 >  3.50
|   |   |   |   |   |   |   |--- feature_8 <= 3.50
|   |   |   |   |   |   |   |   |--- feature_1 <= 6.50
|   |   |   |   |   |   |   |   |   |--- feature_64 <= 0.50
|   |   |   |   |   |   |   |   |   |   |--- class: increase
|   |   |   |   |   |   |   |   |   |--- feature_64 >  0.50
|   |   |   |   |   |   |   |   |   |   |--- class: decrease
|   |   |   |   |   |   |   |   |--- feature_1 >  6.50
|   |   |   |   |   |   |   |   |   |--- class: decrease
|   |   |   |   |   |   |   |--- feature_8 >  3.50
|   |   |   |   |   |   |   |   |--- class: increase
|   |--- feature_75 >  2.50
|   |   |--- class: decrease
|--- feature_73 >  0.50
|   |--- feature_27 <= 0.50
|   |   |--- feature_13 <= 2.50
|   |   |   |--- feature_14 <= 0.04
|   |   |   |   |--- feature_1 <= 0.50
|   |   |   |   |   |--- class: increase
|   |   |   |   |--- feature_1 >  0.50
|   |   |   |   |   |--- class: decrease
|   |   |   |--- feature_14 >  0.04
|   |   |   |   |--- class: decrease
|   |   |--- feature_13 >  2.50
|   |   |   |--- feature_44 <= 0.50
|   |   |   |   |--- feature_13 <= 5.50
|   |   |   |   |   |--- class: increase
|   |   |   |   |--- feature_13 >  5.50
|   |   |   |   |   |--- feature_11 <= 2.50
|   |   |   |   |   |   |--- feature_5 <= 72.00
|   |   |   |   |   |   |   |--- feature_7 <= 1.50
|   |   |   |   |   |   |   |   |--- feature_2 <= 1.50
|   |   |   |   |   |   |   |   |   |--- feature_97 <= 0.50
|   |   |   |   |   |   |   |   |   |   |--- class: decrease
|   |   |   |   |   |   |   |   |   |--- feature_97 >  0.50
|   |   |   |   |   |   |   |   |   |   |--- class: increase
|   |   |   |   |   |   |   |   |--- feature_2 >  1.50
|   |   |   |   |   |   |   |   |   |--- class: increase
|   |   |   |   |   |   |   |--- feature_7 >  1.50
|   |   |   |   |   |   |   |   |--- class: decrease
|   |   |   |   |   |   |--- feature_5 >  72.00
|   |   |   |   |   |   |   |--- feature_114 <= 0.50
|   |   |   |   |   |   |   |   |--- class: increase
|   |   |   |   |   |   |   |--- feature_114 >  0.50
|   |   |   |   |   |   |   |   |--- feature_9 <= 4.85
|   |   |   |   |   |   |   |   |   |--- class: increase
|   |   |   |   |   |   |   |   |--- feature_9 >  4.85
|   |   |   |   |   |   |   |   |   |--- class: decrease
|   |   |   |   |   |--- feature_11 >  2.50
|   |   |   |   |   |   |--- feature_73 <= 1.50
|   |   |   |   |   |   |   |--- feature_28 <= 0.50
|   |   |   |   |   |   |   |   |--- feature_5 <= 106.50
|   |   |   |   |   |   |   |   |   |--- class: decrease
|   |   |   |   |   |   |   |   |--- feature_5 >  106.50
|   |   |   |   |   |   |   |   |   |--- feature_16 <= 3.50
|   |   |   |   |   |   |   |   |   |   |--- class: increase
|   |   |   |   |   |   |   |   |   |--- feature_16 >  3.50
|   |   |   |   |   |   |   |   |   |   |--- feature_4 <= 20.50
|   |   |   |   |   |   |   |   |   |   |   |--- truncated branch of depth 3
|   |   |   |   |   |   |   |   |   |   |--- feature_4 >  20.50
|   |   |   |   |   |   |   |   |   |   |   |--- class: decrease
|   |   |   |   |   |   |   |--- feature_28 >  0.50
|   |   |   |   |   |   |   |   |--- class: decrease
|   |   |   |   |   |   |--- feature_73 >  1.50
|   |   |   |   |   |   |   |--- class: increase
|   |   |   |--- feature_44 >  0.50
|   |   |   |   |--- class: increase
|   |--- feature_27 >  0.50
|   |   |--- class: decrease
