|--- feature_79 <= 0.50
|   |--- feature_11 <= 9.50
|   |   |--- feature_57 <= 0.50
|   |   |   |--- feature_40 <= 0.50
|   |   |   |   |--- feature_39 <= 0.50
|   |   |   |   |   |--- feature_38 <= 0.50
|   |   |   |   |   |   |--- feature_65 <= 1.50
|   |   |   |   |   |   |   |--- feature_82 <= 0.50
|   |   |   |   |   |   |   |   |--- feature_43 <= 0.50
|   |   |   |   |   |   |   |   |   |--- feature_1 <= 7.50
|   |   |   |   |   |   |   |   |   |   |--- feature_9 <= 1.50
|   |   |   |   |   |   |   |   |   |   |   |--- truncated branch of depth 16
|   |   |   |   |   |   |   |   |   |   |--- feature_9 >  1.50
|   |   |   |   |   |   |   |   |   |   |   |--- truncated branch of depth 12
|   |   |   |   |   |   |   |   |   |--- feature_1 >  7.50
|   |   |   |   |   |   |   |   |   |   |--- feature_89 <= 0.50
|   |   |   |   |   |   |   |   |   |   |   |--- truncated branch of depth 25
|   |   |   |   |   |   |   |   |   |   |--- feature_89 >  0.50
|   |   |   |   |   |   |   |   |   |   |   |--- truncated branch of depth 9
|   |   |   |   |   |   |   |   |--- feature_43 >  0.50
|   |   |   |   |   |   |   |   |   |--- feature_24 <= 0.50
|   |   |   |   |   |   |   |   |   |   |--- feature_7 <= 4.57
|   |   |   |   |   |   |   |   |   |   |   |--- truncated branch of depth 8
|   |   |   |   |   |   |   |   |   |   |--- feature_7 >  4.57
|   |   |   |   |   |   |   |   |   |   |   |--- truncated branch of depth 18
|   |   |   |   |   |   |   |   |   |--- feature_24 >  0.50
|   |   |   |   |   |   |   |   |   |   |--- feature_7 <= 4.86
|   |   |   |   |   |   |   |   |   |   |   |--- truncated branch of depth 3
|   |   |   |   |   |   |   |   |   |   |--- feature_7 >  4.86
|   |   |   |   |   |   |   |   |   |   |   |--- truncated branch of depth 8
|   |   |   |   |   |   |   |--- feature_82 >  0.50
|   |   |   |   |   |   |   |   |--- feature_12 <= -0.14
|   |   |   |   |   |   |   |   |   |--- feature_4 <= 11.50
|   |   |   |   |   |   |   |   |   |   |--- class: medium
|   |   |   |   |   |   |   |   |   |--- feature_4 >  11.50
|   |   |   |   |   |   |   |   |   |   |--- class: none
|   |   |   |   |   |   |   |   |--- feature_12 >  -0.14
|   |   |   |   |   |   |   |   |   |--- feature_3 <= 88.50
|   |   |   |   |   |   |   |   |   |   |--- feature_93 <= 0.50
|   |   |   |   |   |   |   |   |   |   |   |--- class: high
|   |   |   |   |   |   |   |   |   |   |--- feature_93 >  0.50
|   |   |   |   |   |   |   |   |   |   |   |--- class: none
|   |   |   |   |   |   |   |   |   |--- feature_3 >  88.50
|   |   |   |   |   |   |   |   |   |   |--- feature_61 <= 0.50
|   |   |   |   |   |   |   |   |   |   |   |--- truncated branch of depth 5
|   |   |   |   |   |   |   |   |   |   |--- feature_61 >  0.50
|   |   |   |   |   |   |   |   |   |   |   |--- truncated branch of depth 3
|   |   |   |   |   |   |--- feature_65 >  1.50
|   |   |   |   |   |   |   |--- feature_14 <= 4.50
|   |   |   |   |   |   |   |   |--- feature_3 <= 103.50
|   |   |   |   |   |   |   |   |   |--- feature_9 <= 1.50
|   |   |   |   |   |   |   |   |   |   |--- feature_30 <= 0.50
|   |   |   |   |   |   |   |   |   |   |   |--- class: medium
|   |   |   |   |   |   |   |   |   |   |--- feature_30 >  0.50
|   |   |   |   |   |   |   |   |   |   |   |--- class: none
|   |   |   |   |   |   |   |   |   |--- feature_9 >  1.50
|   |   |   |   |   |   |   |   |   |   |--- class: none
|   |   |   |   |   |   |   |   |--- feature_3 >  103.50
|   |   |   |   |   |   |   |   |   |--- feature_7 <= 8.36
|   |   |   |   |   |   |   |   |   |   |--- feature_5 <= 2.50
|   |   |   |   |   |   |   |   |   |   |   |--- class: none
|   |   |   |   |   |   |   |   |   |   |--- feature_5 >  2.50
|   |   |   |   |   |   |   |   |   |   |   |--- class: low
|   |   |   |   |   |   |   |   |   |--- feature_7 >  8.36
|   |   |   |   |   |   |   |   |   |   |--- class: low
|   |   |   |   |   |   |   |--- feature_14 >  4.50
|   |   |   |   |   |   |   |   |--- feature_8 <= 17.00
|   |   |   |   |   |   |   |   |   |--- class: low
|   |   |   |   |   |   |   |   |--- feature_8 >  17.00
|   |   |   |   |   |   |   |   |   |--- class: none
|   |   |   |   |   |--- feature_38 >  0.50
|   |   |   |   |   |   |--- feature_3 <= 165.50
|   |   |   |   |   |   |   |--- feature_7 <= 20.10
|   |   |   |   |   |   |   |   |--- feature_75 <= 1.50
|   |   |   |   |   |   |   |   |   |--- feature_14 <= 10.50
|   |   |   |   |   |   |   |   |   |   |--- feature_101 <= 0.50
|   |   |   |   |   |   |   |   |   |   |   |--- truncated branch of depth 23
|   |   |   |   |   |   |   |   |   |   |--- feature_101 >  0.50
|   |   |   |   |   |   |   |   |   |   |   |--- truncated branch of depth 6
|   |   |   |   |   |   |   |   |   |--- feature_14 >  10.50
|   |   |   |   |   |   |   |   |   |   |--- feature_2 <= 11.50
|   |   |   |   |   |   |   |   |   |   |   |--- truncated branch of depth 3
|   |   |   |   |   |   |   |   |   |   |--- feature_2 >  11.50
|   |   |   |   |   |   |   |   |   |   |   |--- truncated branch of depth 6
|   |   |   |   |   |   |   |   |--- feature_75 >  1.50
|   |   |   |   |   |   |   |   |   |--- feature_12 <= -0.08
|   |   |   |   |   |   |   |   |   |   |--- class: high
|   |   |   |   |   |   |   |   |   |--- feature_12 >  -0.08
|   |   |   |   |   |   |   |   |   |   |--- class: none
|   |   |   |   |   |   |   |--- feature_7 >  20.10
|   |   |   |   |   |   |   |   |--- feature_9 <= 4.50
|   |   |   |   |   |   |   |   |   |--- feature_14 <= 7.50
|   |   |   |   |   |   |   |   |   |   |--- class: none
|   |   |   |   |   |   |   |   |   |--- feature_14 >  7.50
|   |   |   |   |   |   |   |   |   |   |--- class: medium
|   |   |   |   |   |   |   |   |--- feature_9 >  4.50
|   |   |   |   |   |   |   |   |   |--- class: medium
|   |   |   |   |   |   |--- feature_3 >  165.50
|   |   |   |   |   |   |   |--- feature_52 <= 0.50
|   |   |   |   |   |   |   |   |--- feature_96 <= 0.50
|   |   |   |   |   |   |   |   |   |--- feature_74 <= 1.50
|   |   |   |   |   |   |   |   |   |   |--- feature_0 <= -30.36
|   |   |   |   |   |   |   |   |   |   |   |--- truncated branch of depth 5
|   |   |   |   |   |   |   |   |   |   |--- feature_0 >  -30.36
|   |   |   |   |   |   |   |   |   |   |   |--- truncated branch of depth 20
|   |   |   |   |   |   |   |   |   |--- feature_74 >  1.50
|   |   |   |   |   |   |   |   |   |   |--- feature_47 <= 0.50
|   |   |   |   |   |   |   |   |   |   |   |--- truncated branch of depth 3
|   |   |   |   |   |   |   |   |   |   |--- feature_47 >  0.50
|   |   |   |   |   |   |   |   |   |   |   |--- class: high
|   |   |   |   |   |   |   |   |--- feature_96 >  0.50
|   |   |   |   |   |   |   |   |   |--- feature_33 <= 0.50
|   |   |   |   |   |   |   |   |   |   |--- feature_104 <= 0.50
|   |   |   |   |   |   |   |   |   |   |   |--- class: high
|   |   |   |   |   |   |   |   |   |   |--- feature_104 >  0.50
|   |   |   |   |   |   |   |   |   |   |   |--- class: none
|   |   |   |   |   |   |   |   |   |--- feature_33 >  0.50
|   |   |   |   |   |   |   |   |   |   |--- class: medium
|   |   |   |   |   |   |   |--- feature_52 >  0.50
|   |   |   |   |   |   |   |   |--- feature_47 <= 0.50
|   |   |   |   |   |   |   |   |   |--- feature_0 <= 5.37
|   |   |   |   |   |   |   |   |   |   |--- feature_46 <= 0.50
|   |   |   |   |   |   |   |   |   |   |   |--- truncated branch of depth 2
|   |   |   |   |   |   |   |   |   |   |--- feature_46 >  0.50
|   |   |   |   |   |   |   |   |   |   |   |--- truncated branch of depth 3
|   |   |   |   |   |   |   |   |   |--- feature_0 >  5.37
|   |   |   |   |   |   |   |   |   |   |--- feature_7 <= 13.32
|   |   |   |   |   |   |   |   |   |   |   |--- truncated branch of depth 2
|   |   |   |   |   |   |   |   |   |   |--- feature_7 >  13.32
|   |   |   |   |   |   |   |   |   |   |   |--- class: low
|   |   |   |   |   |   |   |   |--- feature_47 >  0.50
|   |   |   |   |   |   |   |   |   |--- feature_1 <= 13.50
|   |   |   |   |   |   |   |   |   |   |--- feature_9 <= 8.50
|   |   |   |   |   |   |   |   |   |   |   |--- class: low
|   |   |   |   |   |   |   |   |   |   |--- feature_9 >  8.50
|   |   |   |   |   |   |   |   |   |   |   |--- class: none
|   |   |   |   |   |   |   |   |   |--- feature_1 >  13.50
|   |   |   |   |   |   |   |   |   |   |--- feature_93 <= 1.50
|   |   |   |   |   |   |   |   |   |   |   |--- class: high
|   |   |   |   |   |   |   |   |   |   |--- feature_93 >  1.50
|   |   |   |   |   |   |   |   |   |   |   |--- class: none
|   |   |   |   |--- feature_39 >  0.50
|   |   |   |   |   |--- feature_11 <= 2.50
|   |   |   |   |   |   |--- feature_9 <= 4.50
|   |   |   |   |   |   |   |--- feature_7 <= 8.55
|   |   |   |   |   |   |   |   |--- feature_7 <= 6.68
|   |   |   |   |   |   |   |   |   |--- class: none
|   |   |   |   |   |   |   |   |--- feature_7 >  6.68
|   |   |   |   |   |   |   |   |   |--- feature_7 <= 8.43
|   |   |   |   |   |   |   |   |   |   |--- feature_50 <= 0.50
|   |   |   |   |   |   |   |   |   |   |   |--- truncated branch of depth 7
|   |   |   |   |   |   |   |   |   |   |--- feature_50 >  0.50
|   |   |   |   |   |   |   |   |   |   |   |--- truncated branch of depth 3
|   |   |   |   |   |   |   |   |   |--- feature_7 >  8.43
|   |   |   |   |   |   |   |   |   |   |--- class: medium
|   |   |   |   |   |   |   |--- feature_7 >  8.55
|   |   |   |   |   |   |   |   |--- feature_3 <= 102.50
|   |   |   |   |   |   |   |   |   |--- feature_7 <= 9.18
|   |   |   |   |   |   |   |   |   |   |--- class: low
|   |   |   |   |   |   |   |   |   |--- feature_7 >  9.18
|   |   |   |   |   |   |   |   |   |   |--- class: none
|   |   |   |   |   |   |   |   |--- feature_3 >  102.50
|   |   |   |   |   |   |   |   |   |--- feature_7 <= 9.04
|   |   |   |   |   |   |   |   |   |   |--- class: none
|   |   |   |   |   |   |   |   |   |--- feature_7 >  9.04
|   |   |   |   |   |   |   |   |   |   |--- class: high
|   |   |   |   |   |   |--- feature_9 >  4.50
|   |   |   |   |   |   |   |--- feature_3 <= 96.50
|   |   |   |   |   |   |   |   |--- class: none
|   |   |   |   |   |   |   |--- feature_3 >  96.50
|   |   |   |   |   |   |   |   |--- feature_7 <= 6.06
|   |   |   |   |   |   |   |   |   |--- feature_3 <= 99.00
|   |   |   |   |   |   |   |   |   |   |--- feature_43 <= 0.50
|   |   |   |   |   |   |   |   |   |   |   |--- class: low
|   |   |   |   |   |   |   |   |   |   |--- feature_43 >  0.50
|   |   |   |   |   |   |   |   |   |   |   |--- class: medium
|   |   |   |   |   |   |   |   |   |--- feature_3 >  99.00
|   |   |   |   |   |   |   |   |   |   |--- class: medium
|   |   |   |   |   |   |   |   |--- feature_7 >  6.06
|   |   |   |   |   |   |   |   |   |--- feature_7 <= 6.69
|   |   |   |   |   |   |   |   |   |   |--- feature_0 <= 9.16
|   |   |   |   |   |   |   |   |   |   |   |--- truncated branch of depth 6
|   |   |   |   |   |   |   |   |   |   |--- feature_0 >  9.16
|   |   |   |   |   |   |   |   |   |   |   |--- truncated branch of depth 5
|   |   |   |   |   |   |   |   |   |--- feature_7 >  6.69
|   |   |   |   |   |   |   |   |   |   |--- class: medium
|   |   |   |   |   |--- feature_11 >  2.50
|   |   |   |   |   |   |--- feature_12 <= 0.19
|   |   |   |   |   |   |   |--- feature_0 <= 5.54
|   |   |   |   |   |   |   |   |--- feature_11 <= 5.50
|   |   |   |   |   |   |   |   |   |--- feature_87 <= 0.50
|   |   |   |   |   |   |   |   |   |   |--- class: none
|   |   |   |   |   |   |   |   |   |--- feature_87 >  0.50
|   |   |   |   |   |   |   |   |   |   |--- feature_6 <= 9.00
|   |   |   |   |   |   |   |   |   |   |   |--- class: low
|   |   |   |   |   |   |   |   |   |   |--- feature_6 >  9.00
|   |   |   |   |   |   |   |   |   |   |   |--- class: high
|   |   |   |   |   |   |   |   |--- feature_11 >  5.50
|   |   |   |   |   |   |   |   |   |--- feature_7 <= 10.33
|   |   |   |   |   |   |   |   |   |   |--- feature_0 <= -13.89
|   |   |   |   |   |   |   |   |   |   |   |--- class: high
|   |   |   |   |   |   |   |   |   |   |--- feature_0 >  -13.89
|   |   |   |   |   |   |   |   |   |   |   |--- truncated branch of depth 2
|   |   |   |   |   |   |   |   |   |--- feature_7 >  10.33
|   |   |   |   |   |   |   |   |   |   |--- feature_9 <= 10.00
|   |   |   |   |   |   |   |   |   |   |   |--- truncated branch of depth 2
|   |   |   |   |   |   |   |   |   |   |--- feature_9 >  10.00
|   |   |   |   |   |   |   |   |   |   |   |--- class: none
|   |   |   |   |   |   |   |--- feature_0 >  5.54
|   |   |   |   |   |   |   |   |--- feature_0 <= 16.67
|   |   |   |   |   |   |   |   |   |--- feature_14 <= 16.00
|   |   |   |   |   |   |   |   |   |   |--- class: medium
|   |   |   |   |   |   |   |   |   |--- feature_14 >  16.00
|   |   |   |   |   |   |   |   |   |   |--- class: high
|   |   |   |   |   |   |   |   |--- feature_0 >  16.67
|   |   |   |   |   |   |   |   |   |--- feature_0 <= 35.15
|   |   |   |   |   |   |   |   |   |   |--- class: high
|   |   |   |   |   |   |   |   |   |--- feature_0 >  35.15
|   |   |   |   |   |   |   |   |   |   |--- class: medium
|   |   |   |   |   |   |--- feature_12 >  0.19
|   |   |   |   |   |   |   |--- feature_100 <= 0.50
|   |   |   |   |   |   |   |   |--- feature_68 <= 0.50
|   |   |   |   |   |   |   |   |   |--- class: medium
|   |   |   |   |   |   |   |   |--- feature_68 >  0.50
|   |   |   |   |   |   |   |   |   |--- class: high
|   |   |   |   |   |   |   |--- feature_100 >  0.50
|   |   |   |   |   |   |   |   |--- class: high
|   |   |   |--- feature_40 >  0.50
|   |   |   |   |--- feature_3 <= 108.50
|   |   |   |   |   |--- feature_0 <= -1.91
|   |   |   |   |   |   |--- class: medium
|   |   |   |   |   |--- feature_0 >  -1.91
|   |   |   |   |   |   |--- feature_6 <= 0.50
|   |   |   |   |   |   |   |--- feature_14 <= 3.50
|   |   |   |   |   |   |   |   |--- class: none
|   |   |   |   |   |   |   |--- feature_14 >  3.50
|   |   |   |   |   |   |   |   |--- class: medium
|   |   |   |   |   |   |--- feature_6 >  0.50
|   |   |   |   |   |   |   |--- feature_44 <= 0.50
|   |   |   |   |   |   |   |   |--- class: medium
|   |   |   |   |   |   |   |--- feature_44 >  0.50
|   |   |   |   |   |   |   |   |--- feature_3 <= 104.50
|   |   |   |   |   |   |   |   |   |--- class: none
|   |   |   |   |   |   |   |   |--- feature_3 >  104.50
|   |   |   |   |   |   |   |   |   |--- class: medium
|   |   |   |   |--- feature_3 >  108.50
|   |   |   |   |   |--- feature_0 <= -12.16
|   |   |   |   |   |   |--- feature_7 <= 8.22
|   |   |   |   |   |   |   |--- feature_4 <= 11.50
|   |   |   |   |   |   |   |   |--- feature_3 <= 134.00
|   |   |   |   |   |   |   |   |   |--- class: medium
|   |   |   |   |   |   |   |   |--- feature_3 >  134.00
|   |   |   |   |   |   |   |   |   |--- feature_111 <= 0.50
|   |   |   |   |   |   |   |   |   |   |--- class: none
|   |   |   |   |   |   |   |   |   |--- feature_111 >  0.50
|   |   |   |   |   |   |   |   |   |   |--- class: medium
|   |   |   |   |   |   |   |--- feature_4 >  11.50
|   |   |   |   |   |   |   |   |--- feature_0 <= -32.51
|   |   |   |   |   |   |   |   |   |--- class: low
|   |   |   |   |   |   |   |   |--- feature_0 >  -32.51
|   |   |   |   |   |   |   |   |   |--- class: none
|   |   |   |   |   |   |--- feature_7 >  8.22
|   |   |   |   |   |   |   |--- class: medium
|   |   |   |   |   |--- feature_0 >  -12.16
|   |   |   |   |   |   |--- feature_11 <= 5.50
|   |   |   |   |   |   |   |--- feature_0 <= 26.86
|   |   |   |   |   |   |   |   |--- feature_3 <= 137.50
|   |   |   |   |   |   |   |   |   |--- feature_0 <= 24.34
|   |   |   |   |   |   |   |   |   |   |--- feature_10 <= 7.50
|   |   |   |   |   |   |   |   |   |   |   |--- class: medium
|   |   |   |   |   |   |   |   |   |   |--- feature_10 >  7.50
|   |   |   |   |   |   |   |   |   |   |   |--- truncated branch of depth 3
|   |   |   |   |   |   |   |   |   |--- feature_0 >  24.34
|   |   |   |   |   |   |   |   |   |   |--- class: none
|   |   |   |   |   |   |   |   |--- feature_3 >  137.50
|   |   |   |   |   |   |   |   |   |--- feature_0 <= 6.92
|   |   |   |   |   |   |   |   |   |   |--- feature_8 <= 11.50
|   |   |   |   |   |   |   |   |   |   |   |--- class: none
|   |   |   |   |   |   |   |   |   |   |--- feature_8 >  11.50
|   |   |   |   |   |   |   |   |   |   |   |--- truncated branch of depth 2
|   |   |   |   |   |   |   |   |   |--- feature_0 >  6.92
|   |   |   |   |   |   |   |   |   |   |--- feature_0 <= 9.96
|   |   |   |   |   |   |   |   |   |   |   |--- class: medium
|   |   |   |   |   |   |   |   |   |   |--- feature_0 >  9.96
|   |   |   |   |   |   |   |   |   |   |   |--- class: low
|   |   |   |   |   |   |   |--- feature_0 >  26.86
|   |   |   |   |   |   |   |   |--- class: medium
|   |   |   |   |   |   |--- feature_11 >  5.50
|   |   |   |   |   |   |   |--- feature_0 <= 4.39
|   |   |   |   |   |   |   |   |--- feature_4 <= 13.50
|   |   |   |   |   |   |   |   |   |--- feature_15 <= 0.50
|   |   |   |   |   |   |   |   |   |   |--- class: low
|   |   |   |   |   |   |   |   |   |--- feature_15 >  0.50
|   |   |   |   |   |   |   |   |   |   |--- feature_74 <= 0.50
|   |   |   |   |   |   |   |   |   |   |   |--- class: medium
|   |   |   |   |   |   |   |   |   |   |--- feature_74 >  0.50
|   |   |   |   |   |   |   |   |   |   |   |--- class: low
|   |   |   |   |   |   |   |   |--- feature_4 >  13.50
|   |   |   |   |   |   |   |   |   |--- class: none
|   |   |   |   |   |   |   |--- feature_0 >  4.39
|   |   |   |   |   |   |   |   |--- feature_56 <= 0.50
|   |   |   |   |   |   |   |   |   |--- feature_106 <= 0.50
|   |   |   |   |   |   |   |   |   |   |--- class: none
|   |   |   |   |   |   |   |   |   |--- feature_106 >  0.50
|   |   |   |   |   |   |   |   |   |   |--- class: medium
|   |   |   |   |   |   |   |   |--- feature_56 >  0.50
|   |   |   |   |   |   |   |   |   |--- class: medium
|   |   |--- feature_57 >  0.50
|   |   |   |--- feature_3 <= 187.00
|   |   |   |   |--- feature_46 <= 0.50
|   |   |   |   |   |--- feature_106 <= 0.50
|   |   |   |   |   |   |--- feature_97 <= 0.50
|   |   |   |   |   |   |   |--- feature_0 <= 6.53
|   |   |   |   |   |   |   |   |--- feature_3 <= 93.50
|   |   |   |   |   |   |   |   |   |--- feature_1 <= 10.50
|   |   |   |   |   |   |   |   |   |   |--- feature_7 <= 7.60
|   |   |   |   |   |   |   |   |   |   |   |--- class: low
|   |   |   |   |   |   |   |   |   |   |--- feature_7 >  7.60
|   |   |   |   |   |   |   |   |   |   |   |--- class: none
|   |   |   |   |   |   |   |   |   |--- feature_1 >  10.50
|   |   |   |   |   |   |   |   |   |   |--- feature_7 <= 6.52
|   |   |   |   |   |   |   |   |   |   |   |--- class: none
|   |   |   |   |   |   |   |   |   |   |--- feature_7 >  6.52
|   |   |   |   |   |   |   |   |   |   |   |--- truncated branch of depth 3
|   |   |   |   |   |   |   |   |--- feature_3 >  93.50
|   |   |   |   |   |   |   |   |   |--- feature_9 <= 1.50
|   |   |   |   |   |   |   |   |   |   |--- feature_3 <= 104.00
|   |   |   |   |   |   |   |   |   |   |   |--- truncated branch of depth 5
|   |   |   |   |   |   |   |   |   |   |--- feature_3 >  104.00
|   |   |   |   |   |   |   |   |   |   |   |--- truncated branch of depth 5
|   |   |   |   |   |   |   |   |   |--- feature_9 >  1.50
|   |   |   |   |   |   |   |   |   |   |--- feature_3 <= 171.00
|   |   |   |   |   |   |   |   |   |   |   |--- truncated branch of depth 6
|   |   |   |   |   |   |   |   |   |   |--- feature_3 >  171.00
|   |   |   |   |   |   |   |   |   |   |   |--- class: low
|   |   |   |   |   |   |   |--- feature_0 >  6.53
|   |   |   |   |   |   |   |   |--- feature_57 <= 1.50
|   |   |   |   |   |   |   |   |   |--- feature_65 <= 0.50
|   |   |   |   |   |   |   |   |   |   |--- feature_1 <= 14.50
|   |   |   |   |   |   |   |   |   |   |   |--- truncated branch of depth 10
|   |   |   |   |   |   |   |   |   |   |--- feature_1 >  14.50
|   |   |   |   |   |   |   |   |   |   |   |--- truncated branch of depth 2
|   |   |   |   |   |   |   |   |   |--- feature_65 >  0.50
|   |   |   |   |   |   |   |   |   |   |--- feature_83 <= 0.50
|   |   |   |   |   |   |   |   |   |   |   |--- truncated branch of depth 2
|   |   |   |   |   |   |   |   |   |   |--- feature_83 >  0.50
|   |   |   |   |   |   |   |   |   |   |   |--- class: none
|   |   |   |   |   |   |   |   |--- feature_57 >  1.50
|   |   |   |   |   |   |   |   |   |--- feature_10 <= 2.50
|   |   |   |   |   |   |   |   |   |   |--- class: none
|   |   |   |   |   |   |   |   |   |--- feature_10 >  2.50
|   |   |   |   |   |   |   |   |   |   |--- feature_1 <= 15.50
|   |   |   |   |   |   |   |   |   |   |   |--- class: medium
|   |   |   |   |   |   |   |   |   |   |--- feature_1 >  15.50
|   |   |   |   |   |   |   |   |   |   |   |--- truncated branch of depth 2
|   |   |   |   |   |   |--- feature_97 >  0.50
|   |   |   |   |   |   |   |--- feature_14 <= 4.50
|   |   |   |   |   |   |   |   |--- class: low
|   |   |   |   |   |   |   |--- feature_14 >  4.50
|   |   |   |   |   |   |   |   |--- feature_8 <= 15.50
|   |   |   |   |   |   |   |   |   |--- feature_0 <= 17.91
|   |   |   |   |   |   |   |   |   |   |--- feature_2 <= 11.00
|   |   |   |   |   |   |   |   |   |   |   |--- class: none
|   |   |   |   |   |   |   |   |   |   |--- feature_2 >  11.00
|   |   |   |   |   |   |   |   |   |   |   |--- truncated branch of depth 4
|   |   |   |   |   |   |   |   |   |--- feature_0 >  17.91
|   |   |   |   |   |   |   |   |   |   |--- class: medium
|   |   |   |   |   |   |   |   |--- feature_8 >  15.50
|   |   |   |   |   |   |   |   |   |--- class: none
|   |   |   |   |   |--- feature_106 >  0.50
|   |   |   |   |   |   |--- class: medium
|   |   |   |   |--- feature_46 >  0.50
|   |   |   |   |   |--- feature_3 <= 115.50
|   |   |   |   |   |   |--- feature_12 <= 0.03
|   |   |   |   |   |   |   |--- class: low
|   |   |   |   |   |   |--- feature_12 >  0.03
|   |   |   |   |   |   |   |--- feature_3 <= 93.00
|   |   |   |   |   |   |   |   |--- feature_44 <= 0.50
|   |   |   |   |   |   |   |   |   |--- class: medium
|   |   |   |   |   |   |   |   |--- feature_44 >  0.50
|   |   |   |   |   |   |   |   |   |--- class: high
|   |   |   |   |   |   |   |--- feature_3 >  93.00
|   |   |   |   |   |   |   |   |--- class: none
|   |   |   |   |   |--- feature_3 >  115.50
|   |   |   |   |   |   |--- feature_1 <= 17.50
|   |   |   |   |   |   |   |--- feature_3 <= 172.00
|   |   |   |   |   |   |   |   |--- feature_53 <= 0.50
|   |   |   |   |   |   |   |   |   |--- class: none
|   |   |   |   |   |   |   |   |--- feature_53 >  0.50
|   |   |   |   |   |   |   |   |   |--- class: medium
|   |   |   |   |   |   |   |--- feature_3 >  172.00
|   |   |   |   |   |   |   |   |--- class: none
|   |   |   |   |   |   |--- feature_1 >  17.50
|   |   |   |   |   |   |   |--- class: none
|   |   |   |--- feature_3 >  187.00
|   |   |   |   |--- feature_0 <= -4.90
|   |   |   |   |   |--- feature_0 <= -13.07
|   |   |   |   |   |   |--- class: medium
|   |   |   |   |   |--- feature_0 >  -13.07
|   |   |   |   |   |   |--- feature_0 <= -11.13
|   |   |   |   |   |   |   |--- class: low
|   |   |   |   |   |   |--- feature_0 >  -11.13
|   |   |   |   |   |   |   |--- feature_47 <= 1.00
|   |   |   |   |   |   |   |   |--- class: low
|   |   |   |   |   |   |   |--- feature_47 >  1.00
|   |   |   |   |   |   |   |   |--- class: medium
|   |   |   |   |--- feature_0 >  -4.90
|   |   |   |   |   |--- feature_14 <= 6.50
|   |   |   |   |   |   |--- feature_0 <= 17.06
|   |   |   |   |   |   |   |--- class: none
|   |   |   |   |   |   |--- feature_0 >  17.06
|   |   |   |   |   |   |   |--- class: medium
|   |   |   |   |   |--- feature_14 >  6.50
|   |   |   |   |   |   |--- feature_3 <= 245.50
|   |   |   |   |   |   |   |--- feature_12 <= 0.28
|   |   |   |   |   |   |   |   |--- feature_80 <= 0.50
|   |   |   |   |   |   |   |   |   |--- class: low
|   |   |   |   |   |   |   |   |--- feature_80 >  0.50
|   |   |   |   |   |   |   |   |   |--- class: medium
|   |   |   |   |   |   |   |--- feature_12 >  0.28
|   |   |   |   |   |   |   |   |--- class: medium
|   |   |   |   |   |   |--- feature_3 >  245.50
|   |   |   |   |   |   |   |--- feature_11 <= 2.50
|   |   |   |   |   |   |   |   |--- class: high
|   |   |   |   |   |   |   |--- feature_11 >  2.50
|   |   |   |   |   |   |   |   |--- feature_46 <= 0.50
|   |   |   |   |   |   |   |   |   |--- feature_9 <= 9.00
|   |   |   |   |   |   |   |   |   |   |--- class: low
|   |   |   |   |   |   |   |   |   |--- feature_9 >  9.00
|   |   |   |   |   |   |   |   |   |   |--- class: medium
|   |   |   |   |   |   |   |   |--- feature_46 >  0.50
|   |   |   |   |   |   |   |   |   |--- class: none
|   |--- feature_11 >  9.50
|   |   |--- feature_40 <= 0.50
|   |   |   |--- feature_1 <= 25.50
|   |   |   |   |--- feature_88 <= 0.50
|   |   |   |   |   |--- feature_69 <= 1.50
|   |   |   |   |   |   |--- feature_11 <= 20.50
|   |   |   |   |   |   |   |--- feature_11 <= 14.50
|   |   |   |   |   |   |   |   |--- feature_109 <= 0.50
|   |   |   |   |   |   |   |   |   |--- feature_113 <= 0.50
|   |   |   |   |   |   |   |   |   |   |--- feature_3 <= 60.00
|   |   |   |   |   |   |   |   |   |   |   |--- truncated branch of depth 2
|   |   |   |   |   |   |   |   |   |   |--- feature_3 >  60.00
|   |   |   |   |   |   |   |   |   |   |   |--- truncated branch of depth 31
|   |   |   |   |   |   |   |   |   |--- feature_113 >  0.50
|   |   |   |   |   |   |   |   |   |   |--- feature_14 <= 4.50
|   |   |   |   |   |   |   |   |   |   |   |--- truncated branch of depth 5
|   |   |   |   |   |   |   |   |   |   |--- feature_14 >  4.50
|   |   |   |   |   |   |   |   |   |   |   |--- truncated branch of depth 4
|   |   |   |   |   |   |   |   |--- feature_109 >  0.50
|   |   |   |   |   |   |   |   |   |--- feature_11 <= 13.50
|   |   |   |   |   |   |   |   |   |   |--- feature_1 <= 18.50
|   |   |   |   |   |   |   |   |   |   |   |--- truncated branch of depth 3
|   |   |   |   |   |   |   |   |   |   |--- feature_1 >  18.50
|   |   |   |   |   |   |   |   |   |   |   |--- truncated branch of depth 2
|   |   |   |   |   |   |   |   |   |--- feature_11 >  13.50
|   |   |   |   |   |   |   |   |   |   |--- feature_12 <= -0.32
|   |   |   |   |   |   |   |   |   |   |   |--- class: medium
|   |   |   |   |   |   |   |   |   |   |--- feature_12 >  -0.32
|   |   |   |   |   |   |   |   |   |   |   |--- class: none
|   |   |   |   |   |   |   |--- feature_11 >  14.50
|   |   |   |   |   |   |   |   |--- feature_8 <= 6.50
|   |   |   |   |   |   |   |   |   |--- feature_7 <= 5.58
|   |   |   |   |   |   |   |   |   |   |--- feature_24 <= 1.50
|   |   |   |   |   |   |   |   |   |   |   |--- truncated branch of depth 15
|   |   |   |   |   |   |   |   |   |   |--- feature_24 >  1.50
|   |   |   |   |   |   |   |   |   |   |   |--- truncated branch of depth 2
|   |   |   |   |   |   |   |   |   |--- feature_7 >  5.58
|   |   |   |   |   |   |   |   |   |   |--- feature_18 <= 0.50
|   |   |   |   |   |   |   |   |   |   |   |--- truncated branch of depth 3
|   |   |   |   |   |   |   |   |   |   |--- feature_18 >  0.50
|   |   |   |   |   |   |   |   |   |   |   |--- class: none
|   |   |   |   |   |   |   |   |--- feature_8 >  6.50
|   |   |   |   |   |   |   |   |   |--- feature_112 <= 0.50
|   |   |   |   |   |   |   |   |   |   |--- feature_12 <= -0.29
|   |   |   |   |   |   |   |   |   |   |   |--- truncated branch of depth 4
|   |   |   |   |   |   |   |   |   |   |--- feature_12 >  -0.29
|   |   |   |   |   |   |   |   |   |   |   |--- truncated branch of depth 14
|   |   |   |   |   |   |   |   |   |--- feature_112 >  0.50
|   |   |   |   |   |   |   |   |   |   |--- feature_3 <= 142.00
|   |   |   |   |   |   |   |   |   |   |   |--- truncated branch of depth 5
|   |   |   |   |   |   |   |   |   |   |--- feature_3 >  142.00
|   |   |   |   |   |   |   |   |   |   |   |--- class: medium
|   |   |   |   |   |   |--- feature_11 >  20.50
|   |   |   |   |   |   |   |--- feature_0 <= 18.20
|   |   |   |   |   |   |   |   |--- feature_93 <= 1.50
|   |   |   |   |   |   |   |   |   |--- feature_112 <= 0.50
|   |   |   |   |   |   |   |   |   |   |--- feature_94 <= 0.50
|   |   |   |   |   |   |   |   |   |   |   |--- truncated branch of depth 6
|   |   |   |   |   |   |   |   |   |   |--- feature_94 >  0.50
|   |   |   |   |   |   |   |   |   |   |   |--- class: none
|   |   |   |   |   |   |   |   |   |--- feature_112 >  0.50
|   |   |   |   |   |   |   |   |   |   |--- class: none
|   |   |   |   |   |   |   |   |--- feature_93 >  1.50
|   |   |   |   |   |   |   |   |   |--- class: high
|   |   |   |   |   |   |   |--- feature_0 >  18.20
|   |   |   |   |   |   |   |   |--- feature_4 <= 6.00
|   |   |   |   |   |   |   |   |   |--- class: medium
|   |   |   |   |   |   |   |   |--- feature_4 >  6.00
|   |   |   |   |   |   |   |   |   |--- class: high
|   |   |   |   |   |--- feature_69 >  1.50
|   |   |   |   |   |   |--- feature_12 <= 0.11
|   |   |   |   |   |   |   |--- class: low
|   |   |   |   |   |   |--- feature_12 >  0.11
|   |   |   |   |   |   |   |--- feature_3 <= 138.50
|   |   |   |   |   |   |   |   |--- class: low
|   |   |   |   |   |   |   |--- feature_3 >  138.50
|   |   |   |   |   |   |   |   |--- class: medium
|   |   |   |   |--- feature_88 >  0.50
|   |   |   |   |   |--- feature_59 <= 0.50
|   |   |   |   |   |   |--- feature_100 <= 0.50
|   |   |   |   |   |   |   |--- feature_1 <= 17.50
|   |   |   |   |   |   |   |   |--- feature_76 <= 0.50
|   |   |   |   |   |   |   |   |   |--- class: high
|   |   |   |   |   |   |   |   |--- feature_76 >  0.50
|   |   |   |   |   |   |   |   |   |--- class: none
|   |   |   |   |   |   |   |--- feature_1 >  17.50
|   |   |   |   |   |   |   |   |--- feature_61 <= 0.50
|   |   |   |   |   |   |   |   |   |--- feature_5 <= 6.50
|   |   |   |   |   |   |   |   |   |   |--- class: low
|   |   |   |   |   |   |   |   |   |--- feature_5 >  6.50
|   |   |   |   |   |   |   |   |   |   |--- feature_12 <= 0.05
|   |   |   |   |   |   |   |   |   |   |   |--- class: low
|   |   |   |   |   |   |   |   |   |   |--- feature_12 >  0.05
|   |   |   |   |   |   |   |   |   |   |   |--- class: high
|   |   |   |   |   |   |   |   |--- feature_61 >  0.50
|   |   |   |   |   |   |   |   |   |--- feature_7 <= 4.90
|   |   |   |   |   |   |   |   |   |   |--- feature_78 <= 0.50
|   |   |   |   |   |   |   |   |   |   |   |--- class: low
|   |   |   |   |   |   |   |   |   |   |--- feature_78 >  0.50
|   |   |   |   |   |   |   |   |   |   |   |--- class: high
|   |   |   |   |   |   |   |   |   |--- feature_7 >  4.90
|   |   |   |   |   |   |   |   |   |   |--- class: none
|   |   |   |   |   |   |--- feature_100 >  0.50
|   |   |   |   |   |   |   |--- feature_7 <= 4.70
|   |   |   |   |   |   |   |   |--- feature_4 <= 7.50
|   |   |   |   |   |   |   |   |   |--- class: low
|   |   |   |   |   |   |   |   |--- feature_4 >  7.50
|   |   |   |   |   |   |   |   |   |--- class: medium
|   |   |   |   |   |   |   |--- feature_7 >  4.70
|   |   |   |   |   |   |   |   |--- feature_12 <= 0.16
|   |   |   |   |   |   |   |   |   |--- class: none
|   |   |   |   |   |   |   |   |--- feature_12 >  0.16
|   |   |   |   |   |   |   |   |   |--- class: low
|   |   |   |   |   |--- feature_59 >  0.50
|   |   |   |   |   |   |--- feature_1 <= 22.50
|   |   |   |   |   |   |   |--- class: medium
|   |   |   |   |   |   |--- feature_1 >  22.50
|   |   |   |   |   |   |   |--- class: none
|   |   |   |--- feature_1 >  25.50
|   |   |   |   |--- feature_14 <= 11.50
|   |   |   |   |   |--- feature_7 <= 4.37
|   |   |   |   |   |   |--- feature_7 <= 4.28
|   |   |   |   |   |   |   |--- feature_7 <= 4.11
|   |   |   |   |   |   |   |   |--- feature_0 <= -8.04
|   |   |   |   |   |   |   |   |   |--- feature_75 <= 0.50
|   |   |   |   |   |   |   |   |   |   |--- feature_11 <= 16.50
|   |   |   |   |   |   |   |   |   |   |   |--- class: medium
|   |   |   |   |   |   |   |   |   |   |--- feature_11 >  16.50
|   |   |   |   |   |   |   |   |   |   |   |--- truncated branch of depth 2
|   |   |   |   |   |   |   |   |   |--- feature_75 >  0.50
|   |   |   |   |   |   |   |   |   |   |--- feature_5 <= 1.50
|   |   |   |   |   |   |   |   |   |   |   |--- class: low
|   |   |   |   |   |   |   |   |   |   |--- feature_5 >  1.50
|   |   |   |   |   |   |   |   |   |   |   |--- class: medium
|   |   |   |   |   |   |   |   |--- feature_0 >  -8.04
|   |   |   |   |   |   |   |   |   |--- feature_14 <= 3.50
|   |   |   |   |   |   |   |   |   |   |--- feature_26 <= 0.50
|   |   |   |   |   |   |   |   |   |   |   |--- truncated branch of depth 2
|   |   |   |   |   |   |   |   |   |   |--- feature_26 >  0.50
|   |   |   |   |   |   |   |   |   |   |   |--- truncated branch of depth 2
|   |   |   |   |   |   |   |   |   |--- feature_14 >  3.50
|   |   |   |   |   |   |   |   |   |   |--- feature_97 <= 0.50
|   |   |   |   |   |   |   |   |   |   |   |--- truncated branch of depth 2
|   |   |   |   |   |   |   |   |   |   |--- feature_97 >  0.50
|   |   |   |   |   |   |   |   |   |   |   |--- truncated branch of depth 3
|   |   |   |   |   |   |   |--- feature_7 >  4.11
|   |   |   |   |   |   |   |   |--- feature_6 <= 5.50
|   |   |   |   |   |   |   |   |   |--- feature_35 <= 0.50
|   |   |   |   |   |   |   |   |   |   |--- feature_9 <= 1.50
|   |   |   |   |   |   |   |   |   |   |   |--- truncated branch of depth 5
|   |   |   |   |   |   |   |   |   |   |--- feature_9 >  1.50
|   |   |   |   |   |   |   |   |   |   |   |--- truncated branch of depth 3
|   |   |   |   |   |   |   |   |   |--- feature_35 >  0.50
|   |   |   |   |   |   |   |   |   |   |--- feature_84 <= 0.50
|   |   |   |   |   |   |   |   |   |   |   |--- class: high
|   |   |   |   |   |   |   |   |   |   |--- feature_84 >  0.50
|   |   |   |   |   |   |   |   |   |   |   |--- class: none
|   |   |   |   |   |   |   |   |--- feature_6 >  5.50
|   |   |   |   |   |   |   |   |   |--- feature_30 <= 0.50
|   |   |   |   |   |   |   |   |   |   |--- class: medium
|   |   |   |   |   |   |   |   |   |--- feature_30 >  0.50
|   |   |   |   |   |   |   |   |   |   |--- class: low
|   |   |   |   |   |   |--- feature_7 >  4.28
|   |   |   |   |   |   |   |--- feature_44 <= 0.50
|   |   |   |   |   |   |   |   |--- feature_13 <= 0.50
|   |   |   |   |   |   |   |   |   |--- class: none
|   |   |   |   |   |   |   |   |--- feature_13 >  0.50
|   |   |   |   |   |   |   |   |   |--- feature_78 <= 0.50
|   |   |   |   |   |   |   |   |   |   |--- class: high
|   |   |   |   |   |   |   |   |   |--- feature_78 >  0.50
|   |   |   |   |   |   |   |   |   |   |--- class: medium
|   |   |   |   |   |   |   |--- feature_44 >  0.50
|   |   |   |   |   |   |   |   |--- class: medium
|   |   |   |   |   |--- feature_7 >  4.37
|   |   |   |   |   |   |--- feature_34 <= 0.50
|   |   |   |   |   |   |   |--- feature_21 <= 1.50
|   |   |   |   |   |   |   |   |--- feature_5 <= 2.50
|   |   |   |   |   |   |   |   |   |--- feature_7 <= 6.25
|   |   |   |   |   |   |   |   |   |   |--- feature_48 <= 0.50
|   |   |   |   |   |   |   |   |   |   |   |--- truncated branch of depth 8
|   |   |   |   |   |   |   |   |   |   |--- feature_48 >  0.50
|   |   |   |   |   |   |   |   |   |   |   |--- truncated branch of depth 3
|   |   |   |   |   |   |   |   |   |--- feature_7 >  6.25
|   |   |   |   |   |   |   |   |   |   |--- feature_1 <= 35.50
|   |   |   |   |   |   |   |   |   |   |   |--- truncated branch of depth 4
|   |   |   |   |   |   |   |   |   |   |--- feature_1 >  35.50
|   |   |   |   |   |   |   |   |   |   |   |--- truncated branch of depth 2
|   |   |   |   |   |   |   |   |--- feature_5 >  2.50
|   |   |   |   |   |   |   |   |   |--- feature_55 <= 0.50
|   |   |   |   |   |   |   |   |   |   |--- feature_104 <= 0.50
|   |   |   |   |   |   |   |   |   |   |   |--- truncated branch of depth 17
|   |   |   |   |   |   |   |   |   |   |--- feature_104 >  0.50
|   |   |   |   |   |   |   |   |   |   |   |--- truncated branch of depth 4
|   |   |   |   |   |   |   |   |   |--- feature_55 >  0.50
|   |   |   |   |   |   |   |   |   |   |--- feature_72 <= 0.50
|   |   |   |   |   |   |   |   |   |   |   |--- truncated branch of depth 2
|   |   |   |   |   |   |   |   |   |   |--- feature_72 >  0.50
|   |   |   |   |   |   |   |   |   |   |   |--- truncated branch of depth 2
|   |   |   |   |   |   |   |--- feature_21 >  1.50
|   |   |   |   |   |   |   |   |--- feature_97 <= 1.00
|   |   |   |   |   |   |   |   |   |--- class: none
|   |   |   |   |   |   |   |   |--- feature_97 >  1.00
|   |   |   |   |   |   |   |   |   |--- class: low
|   |   |   |   |   |   |--- feature_34 >  0.50
|   |   |   |   |   |   |   |--- feature_12 <= 0.21
|   |   |   |   |   |   |   |   |--- feature_3 <= 158.50
|   |   |   |   |   |   |   |   |   |--- class: high
|   |   |   |   |   |   |   |   |--- feature_3 >  158.50
|   |   |   |   |   |   |   |   |   |--- class: low
|   |   |   |   |   |   |   |--- feature_12 >  0.21
|   |   |   |   |   |   |   |   |--- feature_20 <= 0.50
|   |   |   |   |   |   |   |   |   |--- class: medium
|   |   |   |   |   |   |   |   |--- feature_20 >  0.50
|   |   |   |   |   |   |   |   |   |--- class: low
|   |   |   |   |--- feature_14 >  11.50
|   |   |   |   |   |--- feature_14 <= 29.50
|   |   |   |   |   |   |--- feature_10 <= 5.50
|   |   |   |   |   |   |   |--- feature_1 <= 36.00
|   |   |   |   |   |   |   |   |--- feature_14 <= 12.50
|   |   |   |   |   |   |   |   |   |--- feature_8 <= 15.50
|   |   |   |   |   |   |   |   |   |   |--- class: medium
|   |   |   |   |   |   |   |   |   |--- feature_8 >  15.50
|   |   |   |   |   |   |   |   |   |   |--- class: low
|   |   |   |   |   |   |   |   |--- feature_14 >  12.50
|   |   |   |   |   |   |   |   |   |--- feature_4 <= 30.50
|   |   |   |   |   |   |   |   |   |   |--- feature_0 <= 12.91
|   |   |   |   |   |   |   |   |   |   |   |--- class: high
|   |   |   |   |   |   |   |   |   |   |--- feature_0 >  12.91
|   |   |   |   |   |   |   |   |   |   |   |--- truncated branch of depth 2
|   |   |   |   |   |   |   |   |   |--- feature_4 >  30.50
|   |   |   |   |   |   |   |   |   |   |--- class: low
|   |   |   |   |   |   |   |--- feature_1 >  36.00
|   |   |   |   |   |   |   |   |--- feature_46 <= 0.50
|   |   |   |   |   |   |   |   |   |--- feature_77 <= 0.50
|   |   |   |   |   |   |   |   |   |   |--- feature_1 <= 46.50
|   |   |   |   |   |   |   |   |   |   |   |--- truncated branch of depth 2
|   |   |   |   |   |   |   |   |   |   |--- feature_1 >  46.50
|   |   |   |   |   |   |   |   |   |   |   |--- class: high
|   |   |   |   |   |   |   |   |   |--- feature_77 >  0.50
|   |   |   |   |   |   |   |   |   |   |--- feature_24 <= 0.50
|   |   |   |   |   |   |   |   |   |   |   |--- class: low
|   |   |   |   |   |   |   |   |   |   |--- feature_24 >  0.50
|   |   |   |   |   |   |   |   |   |   |   |--- class: none
|   |   |   |   |   |   |   |   |--- feature_46 >  0.50
|   |   |   |   |   |   |   |   |   |--- feature_92 <= 0.50
|   |   |   |   |   |   |   |   |   |   |--- class: high
|   |   |   |   |   |   |   |   |   |--- feature_92 >  0.50
|   |   |   |   |   |   |   |   |   |   |--- class: medium
|   |   |   |   |   |   |--- feature_10 >  5.50
|   |   |   |   |   |   |   |--- feature_63 <= 0.50
|   |   |   |   |   |   |   |   |--- feature_1 <= 43.50
|   |   |   |   |   |   |   |   |   |--- feature_12 <= 0.30
|   |   |   |   |   |   |   |   |   |   |--- feature_4 <= 19.50
|   |   |   |   |   |   |   |   |   |   |   |--- truncated branch of depth 3
|   |   |   |   |   |   |   |   |   |   |--- feature_4 >  19.50
|   |   |   |   |   |   |   |   |   |   |   |--- truncated branch of depth 7
|   |   |   |   |   |   |   |   |   |--- feature_12 >  0.30
|   |   |   |   |   |   |   |   |   |   |--- feature_12 <= 0.68
|   |   |   |   |   |   |   |   |   |   |   |--- truncated branch of depth 4
|   |   |   |   |   |   |   |   |   |   |--- feature_12 >  0.68
|   |   |   |   |   |   |   |   |   |   |   |--- truncated branch of depth 3
|   |   |   |   |   |   |   |   |--- feature_1 >  43.50
|   |   |   |   |   |   |   |   |   |--- feature_51 <= 0.50
|   |   |   |   |   |   |   |   |   |   |--- feature_4 <= 30.50
|   |   |   |   |   |   |   |   |   |   |   |--- truncated branch of depth 3
|   |   |   |   |   |   |   |   |   |   |--- feature_4 >  30.50
|   |   |   |   |   |   |   |   |   |   |   |--- class: medium
|   |   |   |   |   |   |   |   |   |--- feature_51 >  0.50
|   |   |   |   |   |   |   |   |   |   |--- class: low
|   |   |   |   |   |   |   |--- feature_63 >  0.50
|   |   |   |   |   |   |   |   |--- feature_9 <= 11.00
|   |   |   |   |   |   |   |   |   |--- class: high
|   |   |   |   |   |   |   |   |--- feature_9 >  11.00
|   |   |   |   |   |   |   |   |   |--- class: medium
|   |   |   |   |   |--- feature_14 >  29.50
|   |   |   |   |   |   |--- feature_98 <= 0.50
|   |   |   |   |   |   |   |--- feature_75 <= 0.50
|   |   |   |   |   |   |   |   |--- class: high
|   |   |   |   |   |   |   |--- feature_75 >  0.50
|   |   |   |   |   |   |   |   |--- class: low
|   |   |   |   |   |   |--- feature_98 >  0.50
|   |   |   |   |   |   |   |--- class: low
|   |   |--- feature_40 >  0.50
|   |   |   |--- feature_7 <= 6.75
|   |   |   |   |--- feature_24 <= 0.50
|   |   |   |   |   |--- class: high
|   |   |   |   |--- feature_24 >  0.50
|   |   |   |   |   |--- feature_29 <= 0.50
|   |   |   |   |   |   |--- class: none
|   |   |   |   |   |--- feature_29 >  0.50
|   |   |   |   |   |   |--- class: low
|   |   |   |--- feature_7 >  6.75
|   |   |   |   |--- feature_15 <= 0.50
|   |   |   |   |   |--- feature_24 <= 0.50
|   |   |   |   |   |   |--- feature_2 <= 18.00
|   |   |   |   |   |   |   |--- class: low
|   |   |   |   |   |   |--- feature_2 >  18.00
|   |   |   |   |   |   |   |--- feature_6 <= 1.50
|   |   |   |   |   |   |   |   |--- class: medium
|   |   |   |   |   |   |   |--- feature_6 >  1.50
|   |   |   |   |   |   |   |   |--- class: low
|   |   |   |   |   |--- feature_24 >  0.50
|   |   |   |   |   |   |--- feature_0 <= -20.75
|   |   |   |   |   |   |   |--- class: low
|   |   |   |   |   |   |--- feature_0 >  -20.75
|   |   |   |   |   |   |   |--- feature_0 <= 0.82
|   |   |   |   |   |   |   |   |--- feature_24 <= 1.50
|   |   |   |   |   |   |   |   |   |--- class: none
|   |   |   |   |   |   |   |   |--- feature_24 >  1.50
|   |   |   |   |   |   |   |   |   |--- class: medium
|   |   |   |   |   |   |   |--- feature_0 >  0.82
|   |   |   |   |   |   |   |   |--- class: medium
|   |   |   |   |--- feature_15 >  0.50
|   |   |   |   |   |--- feature_7 <= 8.60
|   |   |   |   |   |   |--- feature_11 <= 11.50
|   |   |   |   |   |   |   |--- feature_3 <= 138.50
|   |   |   |   |   |   |   |   |--- feature_3 <= 122.00
|   |   |   |   |   |   |   |   |   |--- feature_24 <= 0.50
|   |   |   |   |   |   |   |   |   |   |--- class: medium
|   |   |   |   |   |   |   |   |   |--- feature_24 >  0.50
|   |   |   |   |   |   |   |   |   |   |--- class: none
|   |   |   |   |   |   |   |   |--- feature_3 >  122.00
|   |   |   |   |   |   |   |   |   |--- class: medium
|   |   |   |   |   |   |   |--- feature_3 >  138.50
|   |   |   |   |   |   |   |   |--- class: none
|   |   |   |   |   |   |--- feature_11 >  11.50
|   |   |   |   |   |   |   |--- class: medium
|   |   |   |   |   |--- feature_7 >  8.60
|   |   |   |   |   |   |--- feature_11 <= 12.00
|   |   |   |   |   |   |   |--- class: low
|   |   |   |   |   |   |--- feature_11 >  12.00
|   |   |   |   |   |   |   |--- class: medium
|--- feature_79 >  0.50
|   |--- feature_12 <= 0.38
|   |   |--- feature_86 <= 0.50
|   |   |   |--- feature_70 <= 0.50
|   |   |   |   |--- feature_3 <= 132.50
|   |   |   |   |   |--- feature_12 <= -0.08
|   |   |   |   |   |   |--- feature_12 <= -0.11
|   |   |   |   |   |   |   |--- class: none
|   |   |   |   |   |   |--- feature_12 >  -0.11
|   |   |   |   |   |   |   |--- class: medium
|   |   |   |   |   |--- feature_12 >  -0.08
|   |   |   |   |   |   |--- feature_75 <= 0.50
|   |   |   |   |   |   |   |--- feature_2 <= 9.50
|   |   |   |   |   |   |   |   |--- class: low
|   |   |   |   |   |   |   |--- feature_2 >  9.50
|   |   |   |   |   |   |   |   |--- feature_15 <= 0.50
|   |   |   |   |   |   |   |   |   |--- feature_6 <= 2.50
|   |   |   |   |   |   |   |   |   |   |--- feature_4 <= 13.00
|   |   |   |   |   |   |   |   |   |   |   |--- class: none
|   |   |   |   |   |   |   |   |   |   |--- feature_4 >  13.00
|   |   |   |   |   |   |   |   |   |   |   |--- class: low
|   |   |   |   |   |   |   |   |   |--- feature_6 >  2.50
|   |   |   |   |   |   |   |   |   |   |--- feature_6 <= 10.50
|   |   |   |   |   |   |   |   |   |   |   |--- truncated branch of depth 13
|   |   |   |   |   |   |   |   |   |   |--- feature_6 >  10.50
|   |   |   |   |   |   |   |   |   |   |   |--- class: none
|   |   |   |   |   |   |   |   |--- feature_15 >  0.50
|   |   |   |   |   |   |   |   |   |--- class: low
|   |   |   |   |   |   |--- feature_75 >  0.50
|   |   |   |   |   |   |   |--- class: none
|   |   |   |   |--- feature_3 >  132.50
|   |   |   |   |   |--- feature_5 <= 2.50
|   |   |   |   |   |   |--- feature_0 <= 14.09
|   |   |   |   |   |   |   |--- class: none
|   |   |   |   |   |   |--- feature_0 >  14.09
|   |   |   |   |   |   |   |--- feature_11 <= 1.50
|   |   |   |   |   |   |   |   |--- class: high
|   |   |   |   |   |   |   |--- feature_11 >  1.50
|   |   |   |   |   |   |   |   |--- class: none
|   |   |   |   |   |--- feature_5 >  2.50
|   |   |   |   |   |   |--- feature_104 <= 0.50
|   |   |   |   |   |   |   |--- class: low
|   |   |   |   |   |   |--- feature_104 >  0.50
|   |   |   |   |   |   |   |--- class: none
|   |   |   |--- feature_70 >  0.50
|   |   |   |   |--- class: low
|   |   |--- feature_86 >  0.50
|   |   |   |--- class: low
|   |--- feature_12 >  0.38
|   |   |--- feature_7 <= 8.65
|   |   |   |--- feature_0 <= -1.41
|   |   |   |   |--- feature_0 <= -6.17
|   |   |   |   |   |--- feature_63 <= 0.50
|   |   |   |   |   |   |--- feature_6 <= 1.50
|   |   |   |   |   |   |   |--- class: low
|   |   |   |   |   |   |--- feature_6 >  1.50
|   |   |   |   |   |   |   |--- feature_9 <= 1.50
|   |   |   |   |   |   |   |   |--- feature_106 <= 0.50
|   |   |   |   |   |   |   |   |   |--- feature_48 <= 0.50
|   |   |   |   |   |   |   |   |   |   |--- feature_74 <= 1.50
|   |   |   |   |   |   |   |   |   |   |   |--- class: none
|   |   |   |   |   |   |   |   |   |   |--- feature_74 >  1.50
|   |   |   |   |   |   |   |   |   |   |   |--- class: medium
|   |   |   |   |   |   |   |   |   |--- feature_48 >  0.50
|   |   |   |   |   |   |   |   |   |   |--- class: medium
|   |   |   |   |   |   |   |   |--- feature_106 >  0.50
|   |   |   |   |   |   |   |   |   |--- class: medium
|   |   |   |   |   |   |   |--- feature_9 >  1.50
|   |   |   |   |   |   |   |   |--- feature_3 <= 108.50
|   |   |   |   |   |   |   |   |   |--- feature_11 <= 2.00
|   |   |   |   |   |   |   |   |   |   |--- class: low
|   |   |   |   |   |   |   |   |   |--- feature_11 >  2.00
|   |   |   |   |   |   |   |   |   |   |--- feature_1 <= 16.50
|   |   |   |   |   |   |   |   |   |   |   |--- truncated branch of depth 3
|   |   |   |   |   |   |   |   |   |   |--- feature_1 >  16.50
|   |   |   |   |   |   |   |   |   |   |   |--- class: low
|   |   |   |   |   |   |   |   |--- feature_3 >  108.50
|   |   |   |   |   |   |   |   |   |--- class: none
|   |   |   |   |   |--- feature_63 >  0.50
|   |   |   |   |   |   |--- feature_62 <= 0.50
|   |   |   |   |   |   |   |--- class: low
|   |   |   |   |   |   |--- feature_62 >  0.50
|   |   |   |   |   |   |   |--- class: none
|   |   |   |   |--- feature_0 >  -6.17
|   |   |   |   |   |--- class: none
|   |   |   |--- feature_0 >  -1.41
|   |   |   |   |--- feature_75 <= 0.50
|   |   |   |   |   |--- feature_0 <= -0.38
|   |   |   |   |   |   |--- feature_9 <= 1.50
|   |   |   |   |   |   |   |--- feature_0 <= -0.65
|   |   |   |   |   |   |   |   |--- class: low
|   |   |   |   |   |   |   |--- feature_0 >  -0.65
|   |   |   |   |   |   |   |   |--- class: medium
|   |   |   |   |   |   |--- feature_9 >  1.50
|   |   |   |   |   |   |   |--- class: none
|   |   |   |   |   |--- feature_0 >  -0.38
|   |   |   |   |   |   |--- feature_44 <= 1.50
|   |   |   |   |   |   |   |--- feature_112 <= 0.50
|   |   |   |   |   |   |   |   |--- feature_110 <= 0.50
|   |   |   |   |   |   |   |   |   |--- feature_6 <= 8.50
|   |   |   |   |   |   |   |   |   |   |--- feature_7 <= 7.68
|   |   |   |   |   |   |   |   |   |   |   |--- truncated branch of depth 10
|   |   |   |   |   |   |   |   |   |   |--- feature_7 >  7.68
|   |   |   |   |   |   |   |   |   |   |   |--- class: none
|   |   |   |   |   |   |   |   |   |--- feature_6 >  8.50
|   |   |   |   |   |   |   |   |   |   |--- feature_56 <= 0.50
|   |   |   |   |   |   |   |   |   |   |   |--- class: none
|   |   |   |   |   |   |   |   |   |   |--- feature_56 >  0.50
|   |   |   |   |   |   |   |   |   |   |   |--- truncated branch of depth 2
|   |   |   |   |   |   |   |   |--- feature_110 >  0.50
|   |   |   |   |   |   |   |   |   |--- feature_9 <= 4.00
|   |   |   |   |   |   |   |   |   |   |--- feature_64 <= 0.50
|   |   |   |   |   |   |   |   |   |   |   |--- class: none
|   |   |   |   |   |   |   |   |   |   |--- feature_64 >  0.50
|   |   |   |   |   |   |   |   |   |   |   |--- class: low
|   |   |   |   |   |   |   |   |   |--- feature_9 >  4.00
|   |   |   |   |   |   |   |   |   |   |--- class: low
|   |   |   |   |   |   |   |--- feature_112 >  0.50
|   |   |   |   |   |   |   |   |--- feature_14 <= 6.50
|   |   |   |   |   |   |   |   |   |--- class: none
|   |   |   |   |   |   |   |   |--- feature_14 >  6.50
|   |   |   |   |   |   |   |   |   |--- class: medium
|   |   |   |   |   |   |--- feature_44 >  1.50
|   |   |   |   |   |   |   |--- feature_7 <= 6.50
|   |   |   |   |   |   |   |   |--- class: low
|   |   |   |   |   |   |   |--- feature_7 >  6.50
|   |   |   |   |   |   |   |   |--- class: medium
|   |   |   |   |--- feature_75 >  0.50
|   |   |   |   |   |--- feature_11 <= 1.50
|   |   |   |   |   |   |--- feature_74 <= 0.50
|   |   |   |   |   |   |   |--- class: low
|   |   |   |   |   |   |--- feature_74 >  0.50
|   |   |   |   |   |   |   |--- class: none
|   |   |   |   |   |--- feature_11 >  1.50
|   |   |   |   |   |   |--- feature_4 <= 10.50
|   |   |   |   |   |   |   |--- class: none
|   |   |   |   |   |   |--- feature_4 >  10.50
|   |   |   |   |   |   |   |--- feature_6 <= 9.50
|   |   |   |   |   |   |   |   |--- class: medium
|   |   |   |   |   |   |   |--- feature_6 >  9.50
|   |   |   |   |   |   |   |   |--- class: none
|   |   |--- feature_7 >  8.65
|   |   |   |--- class: medium
