|--- feature_71 <= 0.50
|   |--- feature_113 <= 0.50
|   |   |--- feature_37 <= 0.50
|   |   |   |--- feature_40 <= 0.50
|   |   |   |   |--- feature_51 <= 0.50
|   |   |   |   |   |--- feature_48 <= 0.50
|   |   |   |   |   |   |--- feature_73 <= 0.50
|   |   |   |   |   |   |   |--- feature_60 <= 0.50
|   |   |   |   |   |   |   |   |--- feature_3 <= 56.12
|   |   |   |   |   |   |   |   |   |--- feature_12 <= 3.50
|   |   |   |   |   |   |   |   |   |   |--- feature_62 <= 1.50
|   |   |   |   |   |   |   |   |   |   |   |--- truncated branch of depth 38
|   |   |   |   |   |   |   |   |   |   |--- feature_62 >  1.50
|   |   |   |   |   |   |   |   |   |   |   |--- class: neutral
|   |   |   |   |   |   |   |   |   |--- feature_12 >  3.50
|   |   |   |   |   |   |   |   |   |   |--- feature_6 <= 48.50
|   |   |   |   |   |   |   |   |   |   |   |--- truncated branch of depth 2
|   |   |   |   |   |   |   |   |   |   |--- feature_6 >  48.50
|   |   |   |   |   |   |   |   |   |   |   |--- truncated branch of depth 23
|   |   |   |   |   |   |   |   |--- feature_3 >  56.12
|   |   |   |   |   |   |   |   |   |--- feature_16 <= 5.50
|   |   |   |   |   |   |   |   |   |   |--- feature_16 <= 3.50
|   |   |   |   |   |   |   |   |   |   |   |--- truncated branch of depth 7
|   |   |   |   |   |   |   |   |   |   |--- feature_16 >  3.50
|   |   |   |   |   |   |   |   |   |   |   |--- truncated branch of depth 3
|   |   |   |   |   |   |   |   |   |--- feature_16 >  5.50
|   |   |   |   |   |   |   |   |   |   |--- feature_9 <= 1.50
|   |   |   |   |   |   |   |   |   |   |   |--- truncated branch of depth 2
|   |   |   |   |   |   |   |   |   |   |--- feature_9 >  1.50
|   |   |   |   |   |   |   |   |   |   |   |--- truncated branch of depth 2
|   |   |   |   |   |   |   |--- feature_60 >  0.50
|   |   |   |   |   |   |   |   |--- feature_66 <= 0.50
|   |   |   |   |   |   |   |   |   |--- feature_27 <= 0.50
|   |   |   |   |   |   |   |   |   |   |--- feature_83 <= 0.50
|   |   |   |   |   |   |   |   |   |   |   |--- truncated branch of depth 25
|   |   |   |   |   |   |   |   |   |   |--- feature_83 >  0.50
|   |   |   |   |   |   |   |   |   |   |   |--- truncated branch of depth 11
|   |   |   |   |   |   |   |   |   |--- feature_27 >  0.50
|   |   |   |   |   |   |   |   |   |   |--- feature_9 <= 9.50
|   |   |   |   |   |   |   |   |   |   |   |--- truncated branch of depth 6
|   |   |   |   |   |   |   |   |   |   |--- feature_9 >  9.50
|   |   |   |   |   |   |   |   |   |   |   |--- truncated branch of depth 4
|   |   |   |   |   |   |   |   |--- feature_66 >  0.50
|   |   |   |   |   |   |   |   |   |--- feature_14 <= 7.50
|   |   |   |   |   |   |   |   |   |   |--- feature_3 <= 42.10
|   |   |   |   |   |   |   |   |   |   |   |--- truncated branch of depth 8
|   |   |   |   |   |   |   |   |   |   |--- feature_3 >  42.10
|   |   |   |   |   |   |   |   |   |   |   |--- class: positive
|   |   |   |   |   |   |   |   |   |--- feature_14 >  7.50
|   |   |   |   |   |   |   |   |   |   |--- feature_22 <= 0.50
|   |   |   |   |   |   |   |   |   |   |   |--- truncated branch of depth 6
|   |   |   |   |   |   |   |   |   |   |--- feature_22 >  0.50
|   |   |   |   |   |   |   |   |   |   |   |--- class: negative
|   |   |   |   |   |   |--- feature_73 >  0.50
|   |   |   |   |   |   |   |--- feature_66 <= 1.50
|   |   |   |   |   |   |   |   |--- feature_3 <= -57.63
|   |   |   |   |   |   |   |   |   |--- class: positive
|   |   |   |   |   |   |   |   |--- feature_3 >  -57.63
|   |   |   |   |   |   |   |   |   |--- class: neutral
|   |   |   |   |   |   |   |--- feature_66 >  1.50
|   |   |   |   |   |   |   |   |--- class: positive
|   |   |   |   |   |--- feature_48 >  0.50
|   |   |   |   |   |   |--- feature_6 <= 111.50
|   |   |   |   |   |   |   |--- feature_14 <= 2.50
|   |   |   |   |   |   |   |   |--- feature_6 <= 104.50
|   |   |   |   |   |   |   |   |   |--- feature_6 <= 102.50
|   |   |   |   |   |   |   |   |   |   |--- class: neutral
|   |   |   |   |   |   |   |   |   |--- feature_6 >  102.50
|   |   |   |   |   |   |   |   |   |   |--- feature_94 <= 0.50
|   |   |   |   |   |   |   |   |   |   |   |--- truncated branch of depth 2
|   |   |   |   |   |   |   |   |   |   |--- feature_94 >  0.50
|   |   |   |   |   |   |   |   |   |   |   |--- truncated branch of depth 2
|   |   |   |   |   |   |   |   |--- feature_6 >  104.50
|   |   |   |   |   |   |   |   |   |--- class: neutral
|   |   |   |   |   |   |   |--- feature_14 >  2.50
|   |   |   |   |   |   |   |   |--- feature_10 <= 7.02
|   |   |   |   |   |   |   |   |   |--- class: neutral
|   |   |   |   |   |   |   |   |--- feature_10 >  7.02
|   |   |   |   |   |   |   |   |   |--- class: negative
|   |   |   |   |   |   |--- feature_6 >  111.50
|   |   |   |   |   |   |   |--- feature_63 <= 0.50
|   |   |   |   |   |   |   |   |--- feature_12 <= 4.50
|   |   |   |   |   |   |   |   |   |--- feature_10 <= 5.85
|   |   |   |   |   |   |   |   |   |   |--- class: positive
|   |   |   |   |   |   |   |   |   |--- feature_10 >  5.85
|   |   |   |   |   |   |   |   |   |   |--- feature_6 <= 137.50
|   |   |   |   |   |   |   |   |   |   |   |--- truncated branch of depth 11
|   |   |   |   |   |   |   |   |   |   |--- feature_6 >  137.50
|   |   |   |   |   |   |   |   |   |   |   |--- class: positive
|   |   |   |   |   |   |   |   |--- feature_12 >  4.50
|   |   |   |   |   |   |   |   |   |--- feature_3 <= 27.02
|   |   |   |   |   |   |   |   |   |   |--- class: neutral
|   |   |   |   |   |   |   |   |   |--- feature_3 >  27.02
|   |   |   |   |   |   |   |   |   |   |--- class: negative
|   |   |   |   |   |   |   |--- feature_63 >  0.50
|   |   |   |   |   |   |   |   |--- class: neutral
|   |   |   |   |--- feature_51 >  0.50
|   |   |   |   |   |--- class: negative
|   |   |   |--- feature_40 >  0.50
|   |   |   |   |--- feature_73 <= 0.50
|   |   |   |   |   |--- class: negative
|   |   |   |   |--- feature_73 >  0.50
|   |   |   |   |   |--- class: neutral
|   |   |--- feature_37 >  0.50
|   |   |   |--- feature_73 <= 0.50
|   |   |   |   |--- feature_19 <= 0.50
|   |   |   |   |   |--- class: negative
|   |   |   |   |--- feature_19 >  0.50
|   |   |   |   |   |--- feature_108 <= 0.50
|   |   |   |   |   |   |--- class: negative
|   |   |   |   |   |--- feature_108 >  0.50
|   |   |   |   |   |   |--- class: neutral
|   |   |   |--- feature_73 >  0.50
|   |   |   |   |--- class: neutral
|   |--- feature_113 >  0.50
|   |   |--- class: negative
|--- feature_71 >  0.50
|   |--- feature_103 <= 0.50
|   |   |--- feature_73 <= 0.50
|   |   |   |--- feature_5 <= 15.50
|   |   |   |   |--- feature_6 <= 33.50
|   |   |   |   |   |--- class: negative
|   |   |   |   |--- feature_6 >  33.50
|   |   |   |   |   |--- feature_51 <= 0.50
|   |   |   |   |   |   |--- feature_14 <= 5.50
|   |   |   |   |   |   |   |--- feature_12 <= 3.50
|   |   |   |   |   |   |   |   |--- feature_84 <= 0.50
|   |   |   |   |   |   |   |   |   |--- feature_9 <= 4.50
|   |   |   |   |   |   |   |   |   |   |--- feature_1 <= 1.50
|   |   |   |   |   |   |   |   |   |   |   |--- truncated branch of depth 3
|   |   |   |   |   |   |   |   |   |   |--- feature_1 >  1.50
|   |   |   |   |   |   |   |   |   |   |   |--- class: neutral
|   |   |   |   |   |   |   |   |   |--- feature_9 >  4.50
|   |   |   |   |   |   |   |   |   |   |--- feature_48 <= 0.50
|   |   |   |   |   |   |   |   |   |   |   |--- truncated branch of depth 20
|   |   |   |   |   |   |   |   |   |   |--- feature_48 >  0.50
|   |   |   |   |   |   |   |   |   |   |   |--- truncated branch of depth 2
|   |   |   |   |   |   |   |   |--- feature_84 >  0.50
|   |   |   |   |   |   |   |   |   |--- class: positive
|   |   |   |   |   |   |   |--- feature_12 >  3.50
|   |   |   |   |   |   |   |   |--- class: positive
|   |   |   |   |   |   |--- feature_14 >  5.50
|   |   |   |   |   |   |   |--- feature_3 <= -11.79
|   |   |   |   |   |   |   |   |--- feature_112 <= 0.50
|   |   |   |   |   |   |   |   |   |--- class: positive
|   |   |   |   |   |   |   |   |--- feature_112 >  0.50
|   |   |   |   |   |   |   |   |   |--- feature_78 <= 0.50
|   |   |   |   |   |   |   |   |   |   |--- class: neutral
|   |   |   |   |   |   |   |   |   |--- feature_78 >  0.50
|   |   |   |   |   |   |   |   |   |   |--- class: positive
|   |   |   |   |   |   |   |--- feature_3 >  -11.79
|   |   |   |   |   |   |   |   |--- feature_66 <= 0.50
|   |   |   |   |   |   |   |   |   |--- feature_105 <= 0.50
|   |   |   |   |   |   |   |   |   |   |--- feature_41 <= 0.50
|   |   |   |   |   |   |   |   |   |   |   |--- truncated branch of depth 14
|   |   |   |   |   |   |   |   |   |   |--- feature_41 >  0.50
|   |   |   |   |   |   |   |   |   |   |   |--- truncated branch of depth 2
|   |   |   |   |   |   |   |   |   |--- feature_105 >  0.50
|   |   |   |   |   |   |   |   |   |   |--- class: positive
|   |   |   |   |   |   |   |   |--- feature_66 >  0.50
|   |   |   |   |   |   |   |   |   |--- class: positive
|   |   |   |   |   |--- feature_51 >  0.50
|   |   |   |   |   |   |--- class: neutral
|   |   |   |--- feature_5 >  15.50
|   |   |   |   |--- feature_3 <= -6.28
|   |   |   |   |   |--- feature_35 <= 0.50
|   |   |   |   |   |   |--- feature_38 <= 0.50
|   |   |   |   |   |   |   |--- feature_66 <= 0.50
|   |   |   |   |   |   |   |   |--- feature_10 <= 5.74
|   |   |   |   |   |   |   |   |   |--- feature_60 <= 0.50
|   |   |   |   |   |   |   |   |   |   |--- class: neutral
|   |   |   |   |   |   |   |   |   |--- feature_60 >  0.50
|   |   |   |   |   |   |   |   |   |   |--- class: positive
|   |   |   |   |   |   |   |   |--- feature_10 >  5.74
|   |   |   |   |   |   |   |   |   |--- feature_3 <= -7.08
|   |   |   |   |   |   |   |   |   |   |--- feature_11 <= 12.50
|   |   |   |   |   |   |   |   |   |   |   |--- truncated branch of depth 6
|   |   |   |   |   |   |   |   |   |   |--- feature_11 >  12.50
|   |   |   |   |   |   |   |   |   |   |   |--- truncated branch of depth 2
|   |   |   |   |   |   |   |   |   |--- feature_3 >  -7.08
|   |   |   |   |   |   |   |   |   |   |--- feature_41 <= 0.50
|   |   |   |   |   |   |   |   |   |   |   |--- class: neutral
|   |   |   |   |   |   |   |   |   |   |--- feature_41 >  0.50
|   |   |   |   |   |   |   |   |   |   |   |--- class: positive
|   |   |   |   |   |   |   |--- feature_66 >  0.50
|   |   |   |   |   |   |   |   |--- feature_79 <= 1.50
|   |   |   |   |   |   |   |   |   |--- class: neutral
|   |   |   |   |   |   |   |   |--- feature_79 >  1.50
|   |   |   |   |   |   |   |   |   |--- class: positive
|   |   |   |   |   |   |--- feature_38 >  0.50
|   |   |   |   |   |   |   |--- class: neutral
|   |   |   |   |   |--- feature_35 >  0.50
|   |   |   |   |   |   |--- class: positive
|   |   |   |   |--- feature_3 >  -6.28
|   |   |   |   |   |--- feature_35 <= 0.50
|   |   |   |   |   |   |--- feature_5 <= 38.00
|   |   |   |   |   |   |   |--- feature_67 <= 0.50
|   |   |   |   |   |   |   |   |--- feature_20 <= 0.50
|   |   |   |   |   |   |   |   |   |--- feature_12 <= 3.50
|   |   |   |   |   |   |   |   |   |   |--- feature_115 <= 0.50
|   |   |   |   |   |   |   |   |   |   |   |--- truncated branch of depth 11
|   |   |   |   |   |   |   |   |   |   |--- feature_115 >  0.50
|   |   |   |   |   |   |   |   |   |   |   |--- class: positive
|   |   |   |   |   |   |   |   |   |--- feature_12 >  3.50
|   |   |   |   |   |   |   |   |   |   |--- class: positive
|   |   |   |   |   |   |   |   |--- feature_20 >  0.50
|   |   |   |   |   |   |   |   |   |--- feature_11 <= 12.00
|   |   |   |   |   |   |   |   |   |   |--- class: neutral
|   |   |   |   |   |   |   |   |   |--- feature_11 >  12.00
|   |   |   |   |   |   |   |   |   |   |--- feature_10 <= 5.23
|   |   |   |   |   |   |   |   |   |   |   |--- class: neutral
|   |   |   |   |   |   |   |   |   |   |--- feature_10 >  5.23
|   |   |   |   |   |   |   |   |   |   |   |--- class: positive
|   |   |   |   |   |   |   |--- feature_67 >  0.50
|   |   |   |   |   |   |   |   |--- feature_6 <= 112.50
|   |   |   |   |   |   |   |   |   |--- class: positive
|   |   |   |   |   |   |   |   |--- feature_6 >  112.50
|   |   |   |   |   |   |   |   |   |--- feature_98 <= 0.50
|   |   |   |   |   |   |   |   |   |   |--- feature_100 <= 0.50
|   |   |   |   |   |   |   |   |   |   |   |--- class: positive
|   |   |   |   |   |   |   |   |   |   |--- feature_100 >  0.50
|   |   |   |   |   |   |   |   |   |   |   |--- truncated branch of depth 2
|   |   |   |   |   |   |   |   |   |--- feature_98 >  0.50
|   |   |   |   |   |   |   |   |   |   |--- class: neutral
|   |   |   |   |   |   |--- feature_5 >  38.00
|   |   |   |   |   |   |   |--- class: neutral
|   |   |   |   |   |--- feature_35 >  0.50
|   |   |   |   |   |   |--- feature_56 <= 1.50
|   |   |   |   |   |   |   |--- class: neutral
|   |   |   |   |   |   |--- feature_56 >  1.50
|   |   |   |   |   |   |   |--- class: positive
|   |   |--- feature_73 >  0.50
|   |   |   |--- feature_114 <= 0.50
|   |   |   |   |--- class: neutral
|   |   |   |--- feature_114 >  0.50
|   |   |   |   |--- feature_32 <= 0.50
|   |   |   |   |   |--- class: positive
|   |   |   |   |--- feature_32 >  0.50
|   |   |   |   |   |--- class: neutral
|   |--- feature_103 >  0.50
|   |   |--- feature_16 <= 9.00
|   |   |   |--- feature_10 <= 6.43
|   |   |   |   |--- feature_12 <= 3.50
|   |   |   |   |   |--- class: neutral
|   |   |   |   |--- feature_12 >  3.50
|   |   |   |   |   |--- class: positive
|   |   |   |--- feature_10 >  6.43
|   |   |   |   |--- class: positive
|   |   |--- feature_16 >  9.00
|   |   |   |--- class: neutral
