|--- feature_45 <= 0.50
|   |--- feature_25 <= 0.50
|   |   |--- feature_98 <= 3.50
|   |   |   |--- feature_70 <= 0.50
|   |   |   |   |--- feature_56 <= 0.50
|   |   |   |   |   |--- feature_23 <= 1.50
|   |   |   |   |   |   |--- feature_68 <= 1.50
|   |   |   |   |   |   |   |--- feature_36 <= 1.50
|   |   |   |   |   |   |   |   |--- feature_81 <= 0.50
|   |   |   |   |   |   |   |   |   |--- feature_65 <= 0.50
|   |   |   |   |   |   |   |   |   |   |--- feature_96 <= 0.50
|   |   |   |   |   |   |   |   |   |   |   |--- truncated branch of depth 44
|   |   |   |   |   |   |   |   |   |   |--- feature_96 >  0.50
|   |   |   |   |   |   |   |   |   |   |   |--- truncated branch of depth 5
|   |   |   |   |   |   |   |   |   |--- feature_65 >  0.50
|   |   |   |   |   |   |   |   |   |   |--- class: decrease
|   |   |   |   |   |   |   |   |--- feature_81 >  0.50
|   |   |   |   |   |   |   |   |   |--- class: decrease
|   |   |   |   |   |   |   |--- feature_36 >  1.50
|   |   |   |   |   |   |   |   |--- class: decrease
|   |   |   |   |   |   |--- feature_68 >  1.50
|   |   |   |   |   |   |   |--- class: decrease
|   |   |   |   |   |--- feature_23 >  1.50
|   |   |   |   |   |   |--- feature_31 <= 1.00
|   |   |   |   |   |   |   |--- class: decrease
|   |   |   |   |   |   |--- feature_31 >  1.00
|   |   |   |   |   |   |   |--- class: increase
|   |   |   |   |--- feature_56 >  0.50
|   |   |   |   |   |--- feature_52 <= 0.50
|   |   |   |   |   |   |--- feature_8 <= 1.50
|   |   |   |   |   |   |   |--- feature_16 <= 9.50
|   |   |   |   |   |   |   |   |--- feature_4 <= 11.50
|   |   |   |   |   |   |   |   |   |--- feature_49 <= 0.50
|   |   |   |   |   |   |   |   |   |   |--- feature_16 <= 3.50
|   |   |   |   |   |   |   |   |   |   |   |--- class: decrease
|   |   |   |   |   |   |   |   |   |   |--- feature_16 >  3.50
|   |   |   |   |   |   |   |   |   |   |   |--- truncated branch of depth 5
|   |   |   |   |   |   |   |   |   |--- feature_49 >  0.50
|   |   |   |   |   |   |   |   |   |   |--- class: increase
|   |   |   |   |   |   |   |   |--- feature_4 >  11.50
|   |   |   |   |   |   |   |   |   |--- feature_14 <= 0.24
|   |   |   |   |   |   |   |   |   |   |--- feature_88 <= 1.50
|   |   |   |   |   |   |   |   |   |   |   |--- truncated branch of depth 8
|   |   |   |   |   |   |   |   |   |   |--- feature_88 >  1.50
|   |   |   |   |   |   |   |   |   |   |   |--- class: increase
|   |   |   |   |   |   |   |   |   |--- feature_14 >  0.24
|   |   |   |   |   |   |   |   |   |   |--- feature_63 <= 0.50
|   |   |   |   |   |   |   |   |   |   |   |--- class: increase
|   |   |   |   |   |   |   |   |   |   |--- feature_63 >  0.50
|   |   |   |   |   |   |   |   |   |   |   |--- class: decrease
|   |   |   |   |   |   |   |--- feature_16 >  9.50
|   |   |   |   |   |   |   |   |--- class: increase
|   |   |   |   |   |   |--- feature_8 >  1.50
|   |   |   |   |   |   |   |--- feature_30 <= 0.50
|   |   |   |   |   |   |   |   |--- feature_9 <= 6.43
|   |   |   |   |   |   |   |   |   |--- feature_65 <= 0.50
|   |   |   |   |   |   |   |   |   |   |--- feature_29 <= 0.50
|   |   |   |   |   |   |   |   |   |   |   |--- truncated branch of depth 14
|   |   |   |   |   |   |   |   |   |   |--- feature_29 >  0.50
|   |   |   |   |   |   |   |   |   |   |   |--- class: increase
|   |   |   |   |   |   |   |   |   |--- feature_65 >  0.50
|   |   |   |   |   |   |   |   |   |   |--- feature_5 <= 98.00
|   |   |   |   |   |   |   |   |   |   |   |--- class: increase
|   |   |   |   |   |   |   |   |   |   |--- feature_5 >  98.00
|   |   |   |   |   |   |   |   |   |   |   |--- truncated branch of depth 7
|   |   |   |   |   |   |   |   |--- feature_9 >  6.43
|   |   |   |   |   |   |   |   |   |--- feature_9 <= 6.79
|   |   |   |   |   |   |   |   |   |   |--- feature_8 <= 4.50
|   |   |   |   |   |   |   |   |   |   |   |--- class: increase
|   |   |   |   |   |   |   |   |   |   |--- feature_8 >  4.50
|   |   |   |   |   |   |   |   |   |   |   |--- truncated branch of depth 6
|   |   |   |   |   |   |   |   |   |--- feature_9 >  6.79
|   |   |   |   |   |   |   |   |   |   |--- feature_29 <= 0.50
|   |   |   |   |   |   |   |   |   |   |   |--- truncated branch of depth 31
|   |   |   |   |   |   |   |   |   |   |--- feature_29 >  0.50
|   |   |   |   |   |   |   |   |   |   |   |--- truncated branch of depth 3
|   |   |   |   |   |   |   |--- feature_30 >  0.50
|   |   |   |   |   |   |   |   |--- feature_110 <= 0.50
|   |   |   |   |   |   |   |   |   |--- feature_2 <= 0.50
|   |   |   |   |   |   |   |   |   |   |--- class: increase
|   |   |   |   |   |   |   |   |   |--- feature_2 >  0.50
|   |   |   |   |   |   |   |   |   |   |--- class: decrease
|   |   |   |   |   |   |   |   |--- feature_110 >  0.50
|   |   |   |   |   |   |   |   |   |--- feature_13 <= 15.50
|   |   |   |   |   |   |   |   |   |   |--- feature_11 <= 9.50
|   |   |   |   |   |   |   |   |   |   |   |--- class: decrease
|   |   |   |   |   |   |   |   |   |   |--- feature_11 >  9.50
|   |   |   |   |   |   |   |   |   |   |   |--- class: decrease
|   |   |   |   |   |   |   |   |   |--- feature_13 >  15.50
|   |   |   |   |   |   |   |   |   |   |--- class: increase
|   |   |   |   |   |--- feature_52 >  0.50
|   |   |   |   |   |   |--- feature_9 <= 6.72
|   |   |   |   |   |   |   |--- class: increase
|   |   |   |   |   |   |--- feature_9 >  6.72
|   |   |   |   |   |   |   |--- feature_9 <= 6.80
|   |   |   |   |   |   |   |   |--- class: decrease
|   |   |   |   |   |   |   |--- feature_9 >  6.80
|   |   |   |   |   |   |   |   |--- feature_10 <= 10.50
|   |   |   |   |   |   |   |   |   |--- class: increase
|   |   |   |   |   |   |   |   |--- feature_10 >  10.50
|   |   |   |   |   |   |   |   |   |--- feature_5 <= 163.50
|   |   |   |   |   |   |   |   |   |   |--- feature_4 <= 8.50
|   |   |   |   |   |   |   |   |   |   |   |--- class: increase
|   |   |   |   |   |   |   |   |   |   |--- feature_4 >  8.50
|   |   |   |   |   |   |   |   |   |   |   |--- class: decrease
|   |   |   |   |   |   |   |   |   |--- feature_5 >  163.50
|   |   |   |   |   |   |   |   |   |   |--- class: increase
|   |   |   |--- feature_70 >  0.50
|   |   |   |   |--- feature_87 <= 0.50
|   |   |   |   |   |--- feature_49 <= 0.50
|   |   |   |   |   |   |--- feature_4 <= 8.50
|   |   |   |   |   |   |   |--- class: decrease
|   |   |   |   |   |   |--- feature_4 >  8.50
|   |   |   |   |   |   |   |--- feature_88 <= 0.50
|   |   |   |   |   |   |   |   |--- feature_9 <= 7.83
|   |   |   |   |   |   |   |   |   |--- feature_95 <= 0.50
|   |   |   |   |   |   |   |   |   |   |--- class: increase
|   |   |   |   |   |   |   |   |   |--- feature_95 >  0.50
|   |   |   |   |   |   |   |   |   |   |--- feature_16 <= 6.50
|   |   |   |   |   |   |   |   |   |   |   |--- truncated branch of depth 2
|   |   |   |   |   |   |   |   |   |   |--- feature_16 >  6.50
|   |   |   |   |   |   |   |   |   |   |   |--- class: increase
|   |   |   |   |   |   |   |   |--- feature_9 >  7.83
|   |   |   |   |   |   |   |   |   |--- feature_59 <= 0.50
|   |   |   |   |   |   |   |   |   |   |--- feature_12 <= 5.50
|   |   |   |   |   |   |   |   |   |   |   |--- truncated branch of depth 5
|   |   |   |   |   |   |   |   |   |   |--- feature_12 >  5.50
|   |   |   |   |   |   |   |   |   |   |   |--- class: decrease
|   |   |   |   |   |   |   |   |   |--- feature_59 >  0.50
|   |   |   |   |   |   |   |   |   |   |--- class: decrease
|   |   |   |   |   |   |   |--- feature_88 >  0.50
|   |   |   |   |   |   |   |   |--- class: decrease
|   |   |   |   |   |--- feature_49 >  0.50
|   |   |   |   |   |   |--- feature_6 <= 24.50
|   |   |   |   |   |   |   |--- feature_9 <= 7.38
|   |   |   |   |   |   |   |   |--- feature_10 <= 12.50
|   |   |   |   |   |   |   |   |   |--- class: increase
|   |   |   |   |   |   |   |   |--- feature_10 >  12.50
|   |   |   |   |   |   |   |   |   |--- feature_56 <= 0.50
|   |   |   |   |   |   |   |   |   |   |--- class: decrease
|   |   |   |   |   |   |   |   |   |--- feature_56 >  0.50
|   |   |   |   |   |   |   |   |   |   |--- feature_16 <= 10.50
|   |   |   |   |   |   |   |   |   |   |   |--- class: increase
|   |   |   |   |   |   |   |   |   |   |--- feature_16 >  10.50
|   |   |   |   |   |   |   |   |   |   |   |--- class: decrease
|   |   |   |   |   |   |   |--- feature_9 >  7.38
|   |   |   |   |   |   |   |   |--- class: increase
|   |   |   |   |   |   |--- feature_6 >  24.50
|   |   |   |   |   |   |   |--- class: decrease
|   |   |   |   |--- feature_87 >  0.50
|   |   |   |   |   |--- feature_14 <= -0.03
|   |   |   |   |   |   |--- class: increase
|   |   |   |   |   |--- feature_14 >  -0.03
|   |   |   |   |   |   |--- class: decrease
|   |   |--- feature_98 >  3.50
|   |   |   |--- class: increase
|   |--- feature_25 >  0.50
|   |   |--- feature_86 <= 0.50
|   |   |   |--- feature_14 <= 0.65
|   |   |   |   |--- feature_66 <= 0.50
|   |   |   |   |   |--- feature_112 <= 0.50
|   |   |   |   |   |   |--- feature_16 <= 17.50
|   |   |   |   |   |   |   |--- feature_11 <= 21.50
|   |   |   |   |   |   |   |   |--- feature_9 <= 5.54
|   |   |   |   |   |   |   |   |   |--- feature_101 <= 0.50
|   |   |   |   |   |   |   |   |   |   |--- feature_13 <= 15.00
|   |   |   |   |   |   |   |   |   |   |   |--- truncated branch of depth 9
|   |   |   |   |   |   |   |   |   |   |--- feature_13 >  15.00
|   |   |   |   |   |   |   |   |   |   |   |--- truncated branch of depth 3
|   |   |   |   |   |   |   |   |   |--- feature_101 >  0.50
|   |   |   |   |   |   |   |   |   |   |--- feature_91 <= 0.50
|   |   |   |   |   |   |   |   |   |   |   |--- truncated branch of depth 8
|   |   |   |   |   |   |   |   |   |   |--- feature_91 >  0.50
|   |   |   |   |   |   |   |   |   |   |   |--- class: decrease
|   |   |   |   |   |   |   |   |--- feature_9 >  5.54
|   |   |   |   |   |   |   |   |   |--- feature_21 <= 0.50
|   |   |   |   |   |   |   |   |   |   |--- feature_10 <= 5.50
|   |   |   |   |   |   |   |   |   |   |   |--- truncated branch of depth 3
|   |   |   |   |   |   |   |   |   |   |--- feature_10 >  5.50
|   |   |   |   |   |   |   |   |   |   |   |--- truncated branch of depth 10
|   |   |   |   |   |   |   |   |   |--- feature_21 >  0.50
|   |   |   |   |   |   |   |   |   |   |--- class: increase
|   |   |   |   |   |   |   |--- feature_11 >  21.50
|   |   |   |   |   |   |   |   |--- class: increase
|   |   |   |   |   |   |--- feature_16 >  17.50
|   |   |   |   |   |   |   |--- class: increase
|   |   |   |   |   |--- feature_112 >  0.50
|   |   |   |   |   |   |--- class: increase
|   |   |   |   |--- feature_66 >  0.50
|   |   |   |   |   |--- feature_113 <= 0.50
|   |   |   |   |   |   |--- class: increase
|   |   |   |   |   |--- feature_113 >  0.50
|   |   |   |   |   |   |--- feature_4 <= 39.50
|   |   |   |   |   |   |   |--- class: decrease
|   |   |   |   |   |   |--- feature_4 >  39.50
|   |   |   |   |   |   |   |--- class: increase
|   |   |   |--- feature_14 >  0.65
|   |   |   |   |--- class: increase
|   |   |--- feature_86 >  0.50
|   |   |   |--- feature_7 <= 7.50
|   |   |   |   |--- class: decrease
|   |   |   |--- feature_7 >  7.50
|   |   |   |   |--- feature_8 <= 2.50
|   |   |   |   |   |--- class: increase
|   |   |   |   |--- feature_8 >  2.50
|   |   |   |   |   |--- feature_108 <= 0.50
|   |   |   |   |   |   |--- class: decrease
|   |   |   |   |   |--- feature_108 >  0.50
|   |   |   |   |   |   |--- class: increase
|--- feature_45 >  0.50
|   |--- feature_9 <= 11.63
|   |   |--- feature_59 <= 1.50
|   |   |   |--- feature_14 <= -0.45
|   |   |   |   |--- class: decrease
|   |   |   |--- feature_14 >  -0.45
|   |   |   |   |--- feature_23 <= 0.50
|   |   |   |   |   |--- feature_8 <= 11.50
|   |   |   |   |   |   |--- feature_75 <= 0.50
|   |   |   |   |   |   |   |--- feature_11 <= 8.50
|   |   |   |   |   |   |   |   |--- feature_68 <= 0.50
|   |   |   |   |   |   |   |   |   |--- feature_25 <= 1.50
|   |   |   |   |   |   |   |   |   |   |--- feature_22 <= 1.50
|   |   |   |   |   |   |   |   |   |   |   |--- truncated branch of depth 41
|   |   |   |   |   |   |   |   |   |   |--- feature_22 >  1.50
|   |   |   |   |   |   |   |   |   |   |   |--- class: increase
|   |   |   |   |   |   |   |   |   |--- feature_25 >  1.50
|   |   |   |   |   |   |   |   |   |   |--- class: decrease
|   |   |   |   |   |   |   |   |--- feature_68 >  0.50
|   |   |   |   |   |   |   |   |   |--- feature_9 <= 4.77
|   |   |   |   |   |   |   |   |   |   |--- class: increase
|   |   |   |   |   |   |   |   |   |--- feature_9 >  4.77
|   |   |   |   |   |   |   |   |   |   |--- feature_10 <= 17.00
|   |   |   |   |   |   |   |   |   |   |   |--- truncated branch of depth 2
|   |   |   |   |   |   |   |   |   |   |--- feature_10 >  17.00
|   |   |   |   |   |   |   |   |   |   |   |--- class: increase
|   |   |   |   |   |   |   |--- feature_11 >  8.50
|   |   |   |   |   |   |   |   |--- feature_96 <= 0.50
|   |   |   |   |   |   |   |   |   |--- feature_110 <= 0.50
|   |   |   |   |   |   |   |   |   |   |--- feature_72 <= 1.50
|   |   |   |   |   |   |   |   |   |   |   |--- truncated branch of depth 4
|   |   |   |   |   |   |   |   |   |   |--- feature_72 >  1.50
|   |   |   |   |   |   |   |   |   |   |   |--- class: decrease
|   |   |   |   |   |   |   |   |   |--- feature_110 >  0.50
|   |   |   |   |   |   |   |   |   |   |--- class: decrease
|   |   |   |   |   |   |   |   |--- feature_96 >  0.50
|   |   |   |   |   |   |   |   |   |--- class: decrease
|   |   |   |   |   |   |--- feature_75 >  0.50
|   |   |   |   |   |   |   |--- feature_2 <= 0.50
|   |   |   |   |   |   |   |   |--- class: decrease
|   |   |   |   |   |   |   |--- feature_2 >  0.50
|   |   |   |   |   |   |   |   |--- feature_5 <= 124.50
|   |   |   |   |   |   |   |   |   |--- class: decrease
|   |   |   |   |   |   |   |   |--- feature_5 >  124.50
|   |   |   |   |   |   |   |   |   |--- feature_12 <= 9.00
|   |   |   |   |   |   |   |   |   |   |--- class: increase
|   |   |   |   |   |   |   |   |   |--- feature_12 >  9.00
|   |   |   |   |   |   |   |   |   |   |--- class: decrease
|   |   |   |   |   |--- feature_8 >  11.50
|   |   |   |   |   |   |--- class: decrease
|   |   |   |   |--- feature_23 >  0.50
|   |   |   |   |   |--- feature_75 <= 0.50
|   |   |   |   |   |   |--- class: decrease
|   |   |   |   |   |--- feature_75 >  0.50
|   |   |   |   |   |   |--- class: increase
|   |   |--- feature_59 >  1.50
|   |   |   |--- class: increase
|   |--- feature_9 >  11.63
|   |   |--- feature_13 <= 2.50
|   |   |   |--- class: decrease
|   |   |--- feature_13 >  2.50
|   |   |   |--- feature_16 <= 9.50
|   |   |   |   |--- class: decrease
|   |   |   |--- feature_16 >  9.50
|   |   |   |   |--- feature_10 <= 28.00
|   |   |   |   |   |--- class: increase
|   |   |   |   |--- feature_10 >  28.00
|   |   |   |   |   |--- class: decrease
