|--- feature_37 <= 0.50
|   |--- feature_50 <= 0.50
|   |   |--- feature_1 <= 13.50
|   |   |   |--- feature_85 <= 0.50
|   |   |   |   |--- feature_7 <= 5.44
|   |   |   |   |   |--- feature_9 <= 6.50
|   |   |   |   |   |   |--- feature_6 <= 3.50
|   |   |   |   |   |   |   |--- feature_49 <= 0.50
|   |   |   |   |   |   |   |   |--- feature_0 <= -37.47
|   |   |   |   |   |   |   |   |   |--- feature_6 <= 0.50
|   |   |   |   |   |   |   |   |   |   |--- feature_7 <= 4.22
|   |   |   |   |   |   |   |   |   |   |   |--- truncated branch of depth 2
|   |   |   |   |   |   |   |   |   |   |--- feature_7 >  4.22
|   |   |   |   |   |   |   |   |   |   |   |--- truncated branch of depth 7
|   |   |   |   |   |   |   |   |   |--- feature_6 >  0.50
|   |   |   |   |   |   |   |   |   |   |--- feature_14 <= 3.50
|   |   |   |   |   |   |   |   |   |   |   |--- truncated branch of depth 8
|   |   |   |   |   |   |   |   |   |   |--- feature_14 >  3.50
|   |   |   |   |   |   |   |   |   |   |   |--- truncated branch of depth 3
|   |   |   |   |   |   |   |   |--- feature_0 >  -37.47
|   |   |   |   |   |   |   |   |   |--- feature_0 <= 98.27
|   |   |   |   |   |   |   |   |   |   |--- feature_103 <= 0.50
|   |   |   |   |   |   |   |   |   |   |   |--- truncated branch of depth 20
|   |   |   |   |   |   |   |   |   |   |--- feature_103 >  0.50
|   |   |   |   |   |   |   |   |   |   |   |--- truncated branch of depth 4
|   |   |   |   |   |   |   |   |   |--- feature_0 >  98.27
|   |   |   |   |   |   |   |   |   |   |--- feature_25 <= 0.50
|   |   |   |   |   |   |   |   |   |   |   |--- truncated branch of depth 4
|   |   |   |   |   |   |   |   |   |   |--- feature_25 >  0.50
|   |   |   |   |   |   |   |   |   |   |   |--- class: low
|   |   |   |   |   |   |   |--- feature_49 >  0.50
|   |   |   |   |   |   |   |   |--- feature_3 <= 26.50
|   |   |   |   |   |   |   |   |   |--- class: none
|   |   |   |   |   |   |   |   |--- feature_3 >  26.50
|   |   |   |   |   |   |   |   |   |--- feature_8 <= 5.50
|   |   |   |   |   |   |   |   |   |   |--- feature_0 <= 22.71
|   |   |   |   |   |   |   |   |   |   |   |--- truncated branch of depth 4
|   |   |   |   |   |   |   |   |   |   |--- feature_0 >  22.71
|   |   |   |   |   |   |   |   |   |   |   |--- truncated branch of depth 2
|   |   |   |   |   |   |   |   |   |--- feature_8 >  5.50
|   |   |   |   |   |   |   |   |   |   |--- feature_12 <= -0.24
|   |   |   |   |   |   |   |   |   |   |   |--- class: high
|   |   |   |   |   |   |   |   |   |   |--- feature_12 >  -0.24
|   |   |   |   |   |   |   |   |   |   |   |--- class: none
|   |   |   |   |   |   |--- feature_6 >  3.50
|   |   |   |   |   |   |   |--- feature_1 <= 12.50
|   |   |   |   |   |   |   |   |--- feature_5 <= 3.50
|   |   |   |   |   |   |   |   |   |--- feature_11 <= 2.50
|   |   |   |   |   |   |   |   |   |   |--- feature_20 <= 0.50
|   |   |   |   |   |   |   |   |   |   |   |--- truncated branch of depth 3
|   |   |   |   |   |   |   |   |   |   |--- feature_20 >  0.50
|   |   |   |   |   |   |   |   |   |   |   |--- truncated branch of depth 2
|   |   |   |   |   |   |   |   |   |--- feature_11 >  2.50
|   |   |   |   |   |   |   |   |   |   |--- feature_75 <= 0.50
|   |   |   |   |   |   |   |   |   |   |   |--- class: low
|   |   |   |   |   |   |   |   |   |   |--- feature_75 >  0.50
|   |   |   |   |   |   |   |   |   |   |   |--- class: none
|   |   |   |   |   |   |   |   |--- feature_5 >  3.50
|   |   |   |   |   |   |   |   |   |--- feature_3 <= 67.50
|   |   |   |   |   |   |   |   |   |   |--- feature_0 <= -0.58
|   |   |   |   |   |   |   |   |   |   |   |--- class: none
|   |   |   |   |   |   |   |   |   |   |--- feature_0 >  -0.58
|   |   |   |   |   |   |   |   |   |   |   |--- truncated branch of depth 3
|   |   |   |   |   |   |   |   |   |--- feature_3 >  67.50
|   |   |   |   |   |   |   |   |   |   |--- class: none
|   |   |   |   |   |   |   |--- feature_1 >  12.50
|   |   |   |   |   |   |   |   |--- feature_97 <= 0.50
|   |   |   |   |   |   |   |   |   |--- class: high
|   |   |   |   |   |   |   |   |--- feature_97 >  0.50
|   |   |   |   |   |   |   |   |   |--- class: low
|   |   |   |   |   |--- feature_9 >  6.50
|   |   |   |   |   |   |--- feature_7 <= 3.48
|   |   |   |   |   |   |   |--- feature_15 <= 0.50
|   |   |   |   |   |   |   |   |--- feature_12 <= 0.17
|   |   |   |   |   |   |   |   |   |--- class: low
|   |   |   |   |   |   |   |   |--- feature_12 >  0.17
|   |   |   |   |   |   |   |   |   |--- feature_0 <= 6.70
|   |   |   |   |   |   |   |   |   |   |--- class: low
|   |   |   |   |   |   |   |   |   |--- feature_0 >  6.70
|   |   |   |   |   |   |   |   |   |   |--- class: medium
|   |   |   |   |   |   |   |--- feature_15 >  0.50
|   |   |   |   |   |   |   |   |--- class: medium
|   |   |   |   |   |   |--- feature_7 >  3.48
|   |   |   |   |   |   |   |--- feature_53 <= 0.50
|   |   |   |   |   |   |   |   |--- feature_0 <= 1.57
|   |   |   |   |   |   |   |   |   |--- feature_0 <= -43.60
|   |   |   |   |   |   |   |   |   |   |--- class: high
|   |   |   |   |   |   |   |   |   |--- feature_0 >  -43.60
|   |   |   |   |   |   |   |   |   |   |--- feature_7 <= 4.62
|   |   |   |   |   |   |   |   |   |   |   |--- truncated branch of depth 4
|   |   |   |   |   |   |   |   |   |   |--- feature_7 >  4.62
|   |   |   |   |   |   |   |   |   |   |   |--- truncated branch of depth 5
|   |   |   |   |   |   |   |   |--- feature_0 >  1.57
|   |   |   |   |   |   |   |   |   |--- feature_9 <= 9.50
|   |   |   |   |   |   |   |   |   |   |--- feature_70 <= 0.50
|   |   |   |   |   |   |   |   |   |   |   |--- truncated branch of depth 6
|   |   |   |   |   |   |   |   |   |   |--- feature_70 >  0.50
|   |   |   |   |   |   |   |   |   |   |   |--- class: none
|   |   |   |   |   |   |   |   |   |--- feature_9 >  9.50
|   |   |   |   |   |   |   |   |   |   |--- feature_12 <= 0.42
|   |   |   |   |   |   |   |   |   |   |   |--- truncated branch of depth 3
|   |   |   |   |   |   |   |   |   |   |--- feature_12 >  0.42
|   |   |   |   |   |   |   |   |   |   |   |--- truncated branch of depth 2
|   |   |   |   |   |   |   |--- feature_53 >  0.50
|   |   |   |   |   |   |   |   |--- feature_2 <= 12.50
|   |   |   |   |   |   |   |   |   |--- class: none
|   |   |   |   |   |   |   |   |--- feature_2 >  12.50
|   |   |   |   |   |   |   |   |   |--- class: low
|   |   |   |   |--- feature_7 >  5.44
|   |   |   |   |   |--- feature_0 <= -16.58
|   |   |   |   |   |   |--- feature_22 <= 0.50
|   |   |   |   |   |   |   |--- feature_112 <= 0.50
|   |   |   |   |   |   |   |   |--- feature_4 <= 2.50
|   |   |   |   |   |   |   |   |   |--- feature_87 <= 0.50
|   |   |   |   |   |   |   |   |   |   |--- feature_0 <= -18.17
|   |   |   |   |   |   |   |   |   |   |   |--- truncated branch of depth 5
|   |   |   |   |   |   |   |   |   |   |--- feature_0 >  -18.17
|   |   |   |   |   |   |   |   |   |   |   |--- class: high
|   |   |   |   |   |   |   |   |   |--- feature_87 >  0.50
|   |   |   |   |   |   |   |   |   |   |--- class: medium
|   |   |   |   |   |   |   |   |--- feature_4 >  2.50
|   |   |   |   |   |   |   |   |   |--- feature_7 <= 19.10
|   |   |   |   |   |   |   |   |   |   |--- feature_27 <= 0.50
|   |   |   |   |   |   |   |   |   |   |   |--- truncated branch of depth 12
|   |   |   |   |   |   |   |   |   |   |--- feature_27 >  0.50
|   |   |   |   |   |   |   |   |   |   |   |--- truncated branch of depth 2
|   |   |   |   |   |   |   |   |   |--- feature_7 >  19.10
|   |   |   |   |   |   |   |   |   |   |--- feature_68 <= 0.50
|   |   |   |   |   |   |   |   |   |   |   |--- class: medium
|   |   |   |   |   |   |   |   |   |   |--- feature_68 >  0.50
|   |   |   |   |   |   |   |   |   |   |   |--- class: none
|   |   |   |   |   |   |   |--- feature_112 >  0.50
|   |   |   |   |   |   |   |   |--- feature_7 <= 7.71
|   |   |   |   |   |   |   |   |   |--- class: none
|   |   |   |   |   |   |   |   |--- feature_7 >  7.71
|   |   |   |   |   |   |   |   |   |--- class: medium
|   |   |   |   |   |   |--- feature_22 >  0.50
|   |   |   |   |   |   |   |--- feature_3 <= 125.50
|   |   |   |   |   |   |   |   |--- feature_7 <= 5.87
|   |   |   |   |   |   |   |   |   |--- class: none
|   |   |   |   |   |   |   |   |--- feature_7 >  5.87
|   |   |   |   |   |   |   |   |   |--- feature_18 <= 0.50
|   |   |   |   |   |   |   |   |   |   |--- class: high
|   |   |   |   |   |   |   |   |   |--- feature_18 >  0.50
|   |   |   |   |   |   |   |   |   |   |--- class: none
|   |   |   |   |   |   |   |--- feature_3 >  125.50
|   |   |   |   |   |   |   |   |--- feature_9 <= 10.50
|   |   |   |   |   |   |   |   |   |--- class: medium
|   |   |   |   |   |   |   |   |--- feature_9 >  10.50
|   |   |   |   |   |   |   |   |   |--- class: none
|   |   |   |   |   |--- feature_0 >  -16.58
|   |   |   |   |   |   |--- feature_12 <= 0.28
|   |   |   |   |   |   |   |--- feature_100 <= 0.50
|   |   |   |   |   |   |   |   |--- feature_5 <= 2.50
|   |   |   |   |   |   |   |   |   |--- feature_0 <= -4.13
|   |   |   |   |   |   |   |   |   |   |--- feature_1 <= 2.50
|   |   |   |   |   |   |   |   |   |   |   |--- truncated branch of depth 3
|   |   |   |   |   |   |   |   |   |   |--- feature_1 >  2.50
|   |   |   |   |   |   |   |   |   |   |   |--- truncated branch of depth 13
|   |   |   |   |   |   |   |   |   |--- feature_0 >  -4.13
|   |   |   |   |   |   |   |   |   |   |--- feature_7 <= 7.89
|   |   |   |   |   |   |   |   |   |   |   |--- truncated branch of depth 16
|   |   |   |   |   |   |   |   |   |   |--- feature_7 >  7.89
|   |   |   |   |   |   |   |   |   |   |   |--- truncated branch of depth 7
|   |   |   |   |   |   |   |   |--- feature_5 >  2.50
|   |   |   |   |   |   |   |   |   |--- feature_11 <= 3.50
|   |   |   |   |   |   |   |   |   |   |--- feature_8 <= 27.50
|   |   |   |   |   |   |   |   |   |   |   |--- truncated branch of depth 10
|   |   |   |   |   |   |   |   |   |   |--- feature_8 >  27.50
|   |   |   |   |   |   |   |   |   |   |   |--- truncated branch of depth 2
|   |   |   |   |   |   |   |   |   |--- feature_11 >  3.50
|   |   |   |   |   |   |   |   |   |   |--- feature_9 <= 3.00
|   |   |   |   |   |   |   |   |   |   |   |--- truncated branch of depth 7
|   |   |   |   |   |   |   |   |   |   |--- feature_9 >  3.00
|   |   |   |   |   |   |   |   |   |   |   |--- truncated branch of depth 2
|   |   |   |   |   |   |   |--- feature_100 >  0.50
|   |   |   |   |   |   |   |   |--- feature_15 <= 0.50
|   |   |   |   |   |   |   |   |   |--- feature_6 <= 2.50
|   |   |   |   |   |   |   |   |   |   |--- feature_12 <= -0.05
|   |   |   |   |   |   |   |   |   |   |   |--- class: high
|   |   |   |   |   |   |   |   |   |   |--- feature_12 >  -0.05
|   |   |   |   |   |   |   |   |   |   |   |--- truncated branch of depth 2
|   |   |   |   |   |   |   |   |   |--- feature_6 >  2.50
|   |   |   |   |   |   |   |   |   |   |--- class: high
|   |   |   |   |   |   |   |   |--- feature_15 >  0.50
|   |   |   |   |   |   |   |   |   |--- class: low
|   |   |   |   |   |   |--- feature_12 >  0.28
|   |   |   |   |   |   |   |--- feature_6 <= 4.50
|   |   |   |   |   |   |   |   |--- feature_2 <= 4.50
|   |   |   |   |   |   |   |   |   |--- feature_7 <= 6.12
|   |   |   |   |   |   |   |   |   |   |--- class: low
|   |   |   |   |   |   |   |   |   |--- feature_7 >  6.12
|   |   |   |   |   |   |   |   |   |   |--- class: medium
|   |   |   |   |   |   |   |   |--- feature_2 >  4.50
|   |   |   |   |   |   |   |   |   |--- feature_0 <= 8.93
|   |   |   |   |   |   |   |   |   |   |--- feature_11 <= 9.50
|   |   |   |   |   |   |   |   |   |   |   |--- truncated branch of depth 7
|   |   |   |   |   |   |   |   |   |   |--- feature_11 >  9.50
|   |   |   |   |   |   |   |   |   |   |   |--- truncated branch of depth 2
|   |   |   |   |   |   |   |   |   |--- feature_0 >  8.93
|   |   |   |   |   |   |   |   |   |   |--- feature_12 <= 0.55
|   |   |   |   |   |   |   |   |   |   |   |--- truncated branch of depth 5
|   |   |   |   |   |   |   |   |   |   |--- feature_12 >  0.55
|   |   |   |   |   |   |   |   |   |   |   |--- truncated branch of depth 3
|   |   |   |   |   |   |   |--- feature_6 >  4.50
|   |   |   |   |   |   |   |   |--- feature_3 <= 89.50
|   |   |   |   |   |   |   |   |   |--- class: medium
|   |   |   |   |   |   |   |   |--- feature_3 >  89.50
|   |   |   |   |   |   |   |   |   |--- feature_31 <= 0.50
|   |   |   |   |   |   |   |   |   |   |--- class: none
|   |   |   |   |   |   |   |   |   |--- feature_31 >  0.50
|   |   |   |   |   |   |   |   |   |   |--- class: low
|   |   |   |--- feature_85 >  0.50
|   |   |   |   |--- feature_6 <= 1.50
|   |   |   |   |   |--- feature_74 <= 0.50
|   |   |   |   |   |   |--- feature_10 <= 3.00
|   |   |   |   |   |   |   |--- feature_0 <= 12.22
|   |   |   |   |   |   |   |   |--- class: none
|   |   |   |   |   |   |   |--- feature_0 >  12.22
|   |   |   |   |   |   |   |   |--- feature_3 <= 36.50
|   |   |   |   |   |   |   |   |   |--- feature_7 <= 5.00
|   |   |   |   |   |   |   |   |   |   |--- class: medium
|   |   |   |   |   |   |   |   |   |--- feature_7 >  5.00
|   |   |   |   |   |   |   |   |   |   |--- class: none
|   |   |   |   |   |   |   |   |--- feature_3 >  36.50
|   |   |   |   |   |   |   |   |   |--- class: none
|   |   |   |   |   |   |--- feature_10 >  3.00
|   |   |   |   |   |   |   |--- class: low
|   |   |   |   |   |--- feature_74 >  0.50
|   |   |   |   |   |   |--- feature_0 <= -6.54
|   |   |   |   |   |   |   |--- class: medium
|   |   |   |   |   |   |--- feature_0 >  -6.54
|   |   |   |   |   |   |   |--- class: low
|   |   |   |   |--- feature_6 >  1.50
|   |   |   |   |   |--- feature_9 <= 5.00
|   |   |   |   |   |   |--- class: medium
|   |   |   |   |   |--- feature_9 >  5.00
|   |   |   |   |   |   |--- class: low
|   |   |--- feature_1 >  13.50
|   |   |   |--- feature_1 <= 27.50
|   |   |   |   |--- feature_88 <= 0.50
|   |   |   |   |   |--- feature_92 <= 0.50
|   |   |   |   |   |   |--- feature_40 <= 0.50
|   |   |   |   |   |   |   |--- feature_22 <= 0.50
|   |   |   |   |   |   |   |   |--- feature_12 <= 0.76
|   |   |   |   |   |   |   |   |   |--- feature_28 <= 0.50
|   |   |   |   |   |   |   |   |   |   |--- feature_7 <= 5.12
|   |   |   |   |   |   |   |   |   |   |   |--- truncated branch of depth 28
|   |   |   |   |   |   |   |   |   |   |--- feature_7 >  5.12
|   |   |   |   |   |   |   |   |   |   |   |--- truncated branch of depth 29
|   |   |   |   |   |   |   |   |   |--- feature_28 >  0.50
|   |   |   |   |   |   |   |   |   |   |--- feature_7 <= 4.69
|   |   |   |   |   |   |   |   |   |   |   |--- truncated branch of depth 2
|   |   |   |   |   |   |   |   |   |   |--- feature_7 >  4.69
|   |   |   |   |   |   |   |   |   |   |   |--- truncated branch of depth 3
|   |   |   |   |   |   |   |   |--- feature_12 >  0.76
|   |   |   |   |   |   |   |   |   |--- feature_1 <= 16.50
|   |   |   |   |   |   |   |   |   |   |--- feature_9 <= 1.50
|   |   |   |   |   |   |   |   |   |   |   |--- class: none
|   |   |   |   |   |   |   |   |   |   |--- feature_9 >  1.50
|   |   |   |   |   |   |   |   |   |   |   |--- class: low
|   |   |   |   |   |   |   |   |   |--- feature_1 >  16.50
|   |   |   |   |   |   |   |   |   |   |--- feature_12 <= 0.81
|   |   |   |   |   |   |   |   |   |   |   |--- truncated branch of depth 2
|   |   |   |   |   |   |   |   |   |   |--- feature_12 >  0.81
|   |   |   |   |   |   |   |   |   |   |   |--- class: medium
|   |   |   |   |   |   |   |--- feature_22 >  0.50
|   |   |   |   |   |   |   |   |--- feature_105 <= 0.50
|   |   |   |   |   |   |   |   |   |--- feature_91 <= 0.50
|   |   |   |   |   |   |   |   |   |   |--- feature_12 <= -0.13
|   |   |   |   |   |   |   |   |   |   |   |--- truncated branch of depth 5
|   |   |   |   |   |   |   |   |   |   |--- feature_12 >  -0.13
|   |   |   |   |   |   |   |   |   |   |   |--- truncated branch of depth 18
|   |   |   |   |   |   |   |   |   |--- feature_91 >  0.50
|   |   |   |   |   |   |   |   |   |   |--- feature_70 <= 0.50
|   |   |   |   |   |   |   |   |   |   |   |--- truncated branch of depth 2
|   |   |   |   |   |   |   |   |   |   |--- feature_70 >  0.50
|   |   |   |   |   |   |   |   |   |   |   |--- class: high
|   |   |   |   |   |   |   |   |--- feature_105 >  0.50
|   |   |   |   |   |   |   |   |   |--- feature_6 <= 0.50
|   |   |   |   |   |   |   |   |   |   |--- feature_10 <= 1.50
|   |   |   |   |   |   |   |   |   |   |   |--- truncated branch of depth 2
|   |   |   |   |   |   |   |   |   |   |--- feature_10 >  1.50
|   |   |   |   |   |   |   |   |   |   |   |--- class: medium
|   |   |   |   |   |   |   |   |   |--- feature_6 >  0.50
|   |   |   |   |   |   |   |   |   |   |--- feature_2 <= 17.50
|   |   |   |   |   |   |   |   |   |   |   |--- truncated branch of depth 3
|   |   |   |   |   |   |   |   |   |   |--- feature_2 >  17.50
|   |   |   |   |   |   |   |   |   |   |   |--- truncated branch of depth 4
|   |   |   |   |   |   |--- feature_40 >  0.50
|   |   |   |   |   |   |   |--- feature_14 <= 3.50
|   |   |   |   |   |   |   |   |--- feature_12 <= 0.15
|   |   |   |   |   |   |   |   |   |--- feature_2 <= 21.50
|   |   |   |   |   |   |   |   |   |   |--- feature_10 <= 2.50
|   |   |   |   |   |   |   |   |   |   |   |--- truncated branch of depth 4
|   |   |   |   |   |   |   |   |   |   |--- feature_10 >  2.50
|   |   |   |   |   |   |   |   |   |   |   |--- truncated branch of depth 3
|   |   |   |   |   |   |   |   |   |--- feature_2 >  21.50
|   |   |   |   |   |   |   |   |   |   |--- class: medium
|   |   |   |   |   |   |   |   |--- feature_12 >  0.15
|   |   |   |   |   |   |   |   |   |--- feature_2 <= 22.50
|   |   |   |   |   |   |   |   |   |   |--- feature_98 <= 0.50
|   |   |   |   |   |   |   |   |   |   |   |--- class: low
|   |   |   |   |   |   |   |   |   |   |--- feature_98 >  0.50
|   |   |   |   |   |   |   |   |   |   |   |--- class: high
|   |   |   |   |   |   |   |   |   |--- feature_2 >  22.50
|   |   |   |   |   |   |   |   |   |   |--- class: high
|   |   |   |   |   |   |   |--- feature_14 >  3.50
|   |   |   |   |   |   |   |   |--- feature_8 <= 31.50
|   |   |   |   |   |   |   |   |   |--- feature_7 <= 3.94
|   |   |   |   |   |   |   |   |   |   |--- feature_68 <= 0.50
|   |   |   |   |   |   |   |   |   |   |   |--- class: medium
|   |   |   |   |   |   |   |   |   |   |--- feature_68 >  0.50
|   |   |   |   |   |   |   |   |   |   |   |--- class: high
|   |   |   |   |   |   |   |   |   |--- feature_7 >  3.94
|   |   |   |   |   |   |   |   |   |   |--- feature_6 <= 5.50
|   |   |   |   |   |   |   |   |   |   |   |--- truncated branch of depth 15
|   |   |   |   |   |   |   |   |   |   |--- feature_6 >  5.50
|   |   |   |   |   |   |   |   |   |   |   |--- truncated branch of depth 9
|   |   |   |   |   |   |   |   |--- feature_8 >  31.50
|   |   |   |   |   |   |   |   |   |--- feature_2 <= 18.50
|   |   |   |   |   |   |   |   |   |   |--- class: medium
|   |   |   |   |   |   |   |   |   |--- feature_2 >  18.50
|   |   |   |   |   |   |   |   |   |   |--- feature_6 <= 8.50
|   |   |   |   |   |   |   |   |   |   |   |--- class: low
|   |   |   |   |   |   |   |   |   |   |--- feature_6 >  8.50
|   |   |   |   |   |   |   |   |   |   |   |--- class: medium
|   |   |   |   |   |--- feature_92 >  0.50
|   |   |   |   |   |   |--- feature_7 <= 8.42
|   |   |   |   |   |   |   |--- feature_35 <= 0.50
|   |   |   |   |   |   |   |   |--- feature_3 <= 158.00
|   |   |   |   |   |   |   |   |   |--- feature_9 <= 0.50
|   |   |   |   |   |   |   |   |   |   |--- feature_10 <= 1.50
|   |   |   |   |   |   |   |   |   |   |   |--- truncated branch of depth 3
|   |   |   |   |   |   |   |   |   |   |--- feature_10 >  1.50
|   |   |   |   |   |   |   |   |   |   |   |--- truncated branch of depth 6
|   |   |   |   |   |   |   |   |   |--- feature_9 >  0.50
|   |   |   |   |   |   |   |   |   |   |--- feature_63 <= 0.50
|   |   |   |   |   |   |   |   |   |   |   |--- truncated branch of depth 3
|   |   |   |   |   |   |   |   |   |   |--- feature_63 >  0.50
|   |   |   |   |   |   |   |   |   |   |   |--- class: low
|   |   |   |   |   |   |   |   |--- feature_3 >  158.00
|   |   |   |   |   |   |   |   |   |--- feature_104 <= 0.50
|   |   |   |   |   |   |   |   |   |   |--- class: medium
|   |   |   |   |   |   |   |   |   |--- feature_104 >  0.50
|   |   |   |   |   |   |   |   |   |   |--- class: low
|   |   |   |   |   |   |   |--- feature_35 >  0.50
|   |   |   |   |   |   |   |   |--- feature_5 <= 10.00
|   |   |   |   |   |   |   |   |   |--- feature_12 <= 0.14
|   |   |   |   |   |   |   |   |   |   |--- feature_94 <= 0.50
|   |   |   |   |   |   |   |   |   |   |   |--- class: medium
|   |   |   |   |   |   |   |   |   |   |--- feature_94 >  0.50
|   |   |   |   |   |   |   |   |   |   |   |--- truncated branch of depth 3
|   |   |   |   |   |   |   |   |   |--- feature_12 >  0.14
|   |   |   |   |   |   |   |   |   |   |--- class: high
|   |   |   |   |   |   |   |   |--- feature_5 >  10.00
|   |   |   |   |   |   |   |   |   |--- class: none
|   |   |   |   |   |   |--- feature_7 >  8.42
|   |   |   |   |   |   |   |--- feature_10 <= 3.50
|   |   |   |   |   |   |   |   |--- feature_64 <= 0.50
|   |   |   |   |   |   |   |   |   |--- class: none
|   |   |   |   |   |   |   |   |--- feature_64 >  0.50
|   |   |   |   |   |   |   |   |   |--- class: high
|   |   |   |   |   |   |   |--- feature_10 >  3.50
|   |   |   |   |   |   |   |   |--- class: high
|   |   |   |   |--- feature_88 >  0.50
|   |   |   |   |   |--- feature_7 <= 5.16
|   |   |   |   |   |   |--- feature_7 <= 4.28
|   |   |   |   |   |   |   |--- feature_12 <= -0.02
|   |   |   |   |   |   |   |   |--- class: medium
|   |   |   |   |   |   |   |--- feature_12 >  -0.02
|   |   |   |   |   |   |   |   |--- feature_99 <= 0.50
|   |   |   |   |   |   |   |   |   |--- feature_11 <= 12.00
|   |   |   |   |   |   |   |   |   |   |--- feature_75 <= 1.50
|   |   |   |   |   |   |   |   |   |   |   |--- class: none
|   |   |   |   |   |   |   |   |   |   |--- feature_75 >  1.50
|   |   |   |   |   |   |   |   |   |   |   |--- class: high
|   |   |   |   |   |   |   |   |   |--- feature_11 >  12.00
|   |   |   |   |   |   |   |   |   |   |--- feature_111 <= 0.50
|   |   |   |   |   |   |   |   |   |   |   |--- class: low
|   |   |   |   |   |   |   |   |   |   |--- feature_111 >  0.50
|   |   |   |   |   |   |   |   |   |   |   |--- class: none
|   |   |   |   |   |   |   |   |--- feature_99 >  0.50
|   |   |   |   |   |   |   |   |   |--- class: high
|   |   |   |   |   |   |--- feature_7 >  4.28
|   |   |   |   |   |   |   |--- feature_1 <= 23.50
|   |   |   |   |   |   |   |   |--- feature_16 <= 0.50
|   |   |   |   |   |   |   |   |   |--- feature_0 <= -21.78
|   |   |   |   |   |   |   |   |   |   |--- feature_12 <= -0.07
|   |   |   |   |   |   |   |   |   |   |   |--- class: medium
|   |   |   |   |   |   |   |   |   |   |--- feature_12 >  -0.07
|   |   |   |   |   |   |   |   |   |   |   |--- truncated branch of depth 2
|   |   |   |   |   |   |   |   |   |--- feature_0 >  -21.78
|   |   |   |   |   |   |   |   |   |   |--- class: medium
|   |   |   |   |   |   |   |   |--- feature_16 >  0.50
|   |   |   |   |   |   |   |   |   |--- feature_4 <= 16.50
|   |   |   |   |   |   |   |   |   |   |--- class: none
|   |   |   |   |   |   |   |   |   |--- feature_4 >  16.50
|   |   |   |   |   |   |   |   |   |   |--- feature_4 <= 20.00
|   |   |   |   |   |   |   |   |   |   |   |--- class: low
|   |   |   |   |   |   |   |   |   |   |--- feature_4 >  20.00
|   |   |   |   |   |   |   |   |   |   |   |--- class: medium
|   |   |   |   |   |   |   |--- feature_1 >  23.50
|   |   |   |   |   |   |   |   |--- feature_31 <= 0.50
|   |   |   |   |   |   |   |   |   |--- class: low
|   |   |   |   |   |   |   |   |--- feature_31 >  0.50
|   |   |   |   |   |   |   |   |   |--- class: none
|   |   |   |   |   |--- feature_7 >  5.16
|   |   |   |   |   |   |--- feature_6 <= 9.50
|   |   |   |   |   |   |   |--- feature_31 <= 0.50
|   |   |   |   |   |   |   |   |--- feature_12 <= 0.55
|   |   |   |   |   |   |   |   |   |--- class: low
|   |   |   |   |   |   |   |   |--- feature_12 >  0.55
|   |   |   |   |   |   |   |   |   |--- class: high
|   |   |   |   |   |   |   |--- feature_31 >  0.50
|   |   |   |   |   |   |   |   |--- class: high
|   |   |   |   |   |   |--- feature_6 >  9.50
|   |   |   |   |   |   |   |--- feature_16 <= 0.50
|   |   |   |   |   |   |   |   |--- feature_5 <= 8.00
|   |   |   |   |   |   |   |   |   |--- class: medium
|   |   |   |   |   |   |   |   |--- feature_5 >  8.00
|   |   |   |   |   |   |   |   |   |--- class: high
|   |   |   |   |   |   |   |--- feature_16 >  0.50
|   |   |   |   |   |   |   |   |--- class: none
|   |   |   |--- feature_1 >  27.50
|   |   |   |   |--- feature_103 <= 1.50
|   |   |   |   |   |--- feature_3 <= 138.50
|   |   |   |   |   |   |--- feature_7 <= 3.66
|   |   |   |   |   |   |   |--- feature_94 <= 0.50
|   |   |   |   |   |   |   |   |--- feature_99 <= 1.00
|   |   |   |   |   |   |   |   |   |--- class: high
|   |   |   |   |   |   |   |   |--- feature_99 >  1.00
|   |   |   |   |   |   |   |   |   |--- class: medium
|   |   |   |   |   |   |   |--- feature_94 >  0.50
|   |   |   |   |   |   |   |   |--- class: none
|   |   |   |   |   |   |--- feature_7 >  3.66
|   |   |   |   |   |   |   |--- feature_0 <= -17.32
|   |   |   |   |   |   |   |   |--- class: low
|   |   |   |   |   |   |   |--- feature_0 >  -17.32
|   |   |   |   |   |   |   |   |--- feature_12 <= -0.09
|   |   |   |   |   |   |   |   |   |--- class: low
|   |   |   |   |   |   |   |   |--- feature_12 >  -0.09
|   |   |   |   |   |   |   |   |   |--- class: medium
|   |   |   |   |   |--- feature_3 >  138.50
|   |   |   |   |   |   |--- feature_55 <= 0.50
|   |   |   |   |   |   |   |--- feature_80 <= 1.50
|   |   |   |   |   |   |   |   |--- feature_7 <= 3.96
|   |   |   |   |   |   |   |   |   |--- feature_11 <= 36.00
|   |   |   |   |   |   |   |   |   |   |--- feature_25 <= 0.50
|   |   |   |   |   |   |   |   |   |   |   |--- truncated branch of depth 2
|   |   |   |   |   |   |   |   |   |   |--- feature_25 >  0.50
|   |   |   |   |   |   |   |   |   |   |   |--- truncated branch of depth 2
|   |   |   |   |   |   |   |   |   |--- feature_11 >  36.00
|   |   |   |   |   |   |   |   |   |   |--- class: medium
|   |   |   |   |   |   |   |   |--- feature_7 >  3.96
|   |   |   |   |   |   |   |   |   |--- feature_28 <= 0.50
|   |   |   |   |   |   |   |   |   |   |--- feature_44 <= 0.50
|   |   |   |   |   |   |   |   |   |   |   |--- truncated branch of depth 20
|   |   |   |   |   |   |   |   |   |   |--- feature_44 >  0.50
|   |   |   |   |   |   |   |   |   |   |   |--- truncated branch of depth 5
|   |   |   |   |   |   |   |   |   |--- feature_28 >  0.50
|   |   |   |   |   |   |   |   |   |   |--- feature_3 <= 232.00
|   |   |   |   |   |   |   |   |   |   |   |--- truncated branch of depth 5
|   |   |   |   |   |   |   |   |   |   |--- feature_3 >  232.00
|   |   |   |   |   |   |   |   |   |   |   |--- truncated branch of depth 4
|   |   |   |   |   |   |   |--- feature_80 >  1.50
|   |   |   |   |   |   |   |   |--- class: medium
|   |   |   |   |   |   |--- feature_55 >  0.50
|   |   |   |   |   |   |   |--- feature_14 <= 7.50
|   |   |   |   |   |   |   |   |--- feature_3 <= 213.00
|   |   |   |   |   |   |   |   |   |--- feature_11 <= 24.50
|   |   |   |   |   |   |   |   |   |   |--- class: medium
|   |   |   |   |   |   |   |   |   |--- feature_11 >  24.50
|   |   |   |   |   |   |   |   |   |   |--- class: low
|   |   |   |   |   |   |   |   |--- feature_3 >  213.00
|   |   |   |   |   |   |   |   |   |--- class: high
|   |   |   |   |   |   |   |--- feature_14 >  7.50
|   |   |   |   |   |   |   |   |--- feature_0 <= 6.19
|   |   |   |   |   |   |   |   |   |--- feature_88 <= 0.50
|   |   |   |   |   |   |   |   |   |   |--- feature_75 <= 0.50
|   |   |   |   |   |   |   |   |   |   |   |--- class: medium
|   |   |   |   |   |   |   |   |   |   |--- feature_75 >  0.50
|   |   |   |   |   |   |   |   |   |   |   |--- class: high
|   |   |   |   |   |   |   |   |   |--- feature_88 >  0.50
|   |   |   |   |   |   |   |   |   |   |--- class: low
|   |   |   |   |   |   |   |   |--- feature_0 >  6.19
|   |   |   |   |   |   |   |   |   |--- feature_28 <= 0.50
|   |   |   |   |   |   |   |   |   |   |--- class: none
|   |   |   |   |   |   |   |   |   |--- feature_28 >  0.50
|   |   |   |   |   |   |   |   |   |   |--- class: low
|   |   |   |   |--- feature_103 >  1.50
|   |   |   |   |   |--- class: none
|   |--- feature_50 >  0.50
|   |   |--- feature_42 <= 0.50
|   |   |   |--- feature_14 <= 4.50
|   |   |   |   |--- feature_20 <= 0.50
|   |   |   |   |   |--- feature_63 <= 0.50
|   |   |   |   |   |   |--- feature_9 <= 1.50
|   |   |   |   |   |   |   |--- feature_3 <= 98.50
|   |   |   |   |   |   |   |   |--- feature_3 <= 90.50
|   |   |   |   |   |   |   |   |   |--- feature_82 <= 0.50
|   |   |   |   |   |   |   |   |   |   |--- feature_12 <= -0.15
|   |   |   |   |   |   |   |   |   |   |   |--- class: low
|   |   |   |   |   |   |   |   |   |   |--- feature_12 >  -0.15
|   |   |   |   |   |   |   |   |   |   |   |--- truncated branch of depth 2
|   |   |   |   |   |   |   |   |   |--- feature_82 >  0.50
|   |   |   |   |   |   |   |   |   |   |--- class: medium
|   |   |   |   |   |   |   |   |--- feature_3 >  90.50
|   |   |   |   |   |   |   |   |   |--- class: medium
|   |   |   |   |   |   |   |--- feature_3 >  98.50
|   |   |   |   |   |   |   |   |--- feature_80 <= 0.50
|   |   |   |   |   |   |   |   |   |--- feature_108 <= 0.50
|   |   |   |   |   |   |   |   |   |   |--- feature_21 <= 0.50
|   |   |   |   |   |   |   |   |   |   |   |--- class: low
|   |   |   |   |   |   |   |   |   |   |--- feature_21 >  0.50
|   |   |   |   |   |   |   |   |   |   |   |--- class: high
|   |   |   |   |   |   |   |   |   |--- feature_108 >  0.50
|   |   |   |   |   |   |   |   |   |   |--- class: high
|   |   |   |   |   |   |   |   |--- feature_80 >  0.50
|   |   |   |   |   |   |   |   |   |--- feature_62 <= 0.50
|   |   |   |   |   |   |   |   |   |   |--- class: high
|   |   |   |   |   |   |   |   |   |--- feature_62 >  0.50
|   |   |   |   |   |   |   |   |   |   |--- class: none
|   |   |   |   |   |   |--- feature_9 >  1.50
|   |   |   |   |   |   |   |--- feature_0 <= -13.46
|   |   |   |   |   |   |   |   |--- feature_9 <= 2.50
|   |   |   |   |   |   |   |   |   |--- class: high
|   |   |   |   |   |   |   |   |--- feature_9 >  2.50
|   |   |   |   |   |   |   |   |   |--- feature_1 <= 9.00
|   |   |   |   |   |   |   |   |   |   |--- class: low
|   |   |   |   |   |   |   |   |   |--- feature_1 >  9.00
|   |   |   |   |   |   |   |   |   |   |--- class: none
|   |   |   |   |   |   |   |--- feature_0 >  -13.46
|   |   |   |   |   |   |   |   |--- feature_7 <= 9.01
|   |   |   |   |   |   |   |   |   |--- feature_10 <= 1.50
|   |   |   |   |   |   |   |   |   |   |--- feature_14 <= 3.50
|   |   |   |   |   |   |   |   |   |   |   |--- truncated branch of depth 2
|   |   |   |   |   |   |   |   |   |   |--- feature_14 >  3.50
|   |   |   |   |   |   |   |   |   |   |   |--- truncated branch of depth 3
|   |   |   |   |   |   |   |   |   |--- feature_10 >  1.50
|   |   |   |   |   |   |   |   |   |   |--- feature_7 <= 6.45
|   |   |   |   |   |   |   |   |   |   |   |--- class: none
|   |   |   |   |   |   |   |   |   |   |--- feature_7 >  6.45
|   |   |   |   |   |   |   |   |   |   |   |--- truncated branch of depth 2
|   |   |   |   |   |   |   |   |--- feature_7 >  9.01
|   |   |   |   |   |   |   |   |   |--- feature_3 <= 61.00
|   |   |   |   |   |   |   |   |   |   |--- class: high
|   |   |   |   |   |   |   |   |   |--- feature_3 >  61.00
|   |   |   |   |   |   |   |   |   |   |--- class: none
|   |   |   |   |   |--- feature_63 >  0.50
|   |   |   |   |   |   |--- feature_82 <= 0.50
|   |   |   |   |   |   |   |--- class: none
|   |   |   |   |   |   |--- feature_82 >  0.50
|   |   |   |   |   |   |   |--- class: medium
|   |   |   |   |--- feature_20 >  0.50
|   |   |   |   |   |--- feature_6 <= 3.50
|   |   |   |   |   |   |--- feature_12 <= 0.12
|   |   |   |   |   |   |   |--- class: low
|   |   |   |   |   |   |--- feature_12 >  0.12
|   |   |   |   |   |   |   |--- feature_47 <= 0.50
|   |   |   |   |   |   |   |   |--- class: medium
|   |   |   |   |   |   |   |--- feature_47 >  0.50
|   |   |   |   |   |   |   |   |--- class: high
|   |   |   |   |   |--- feature_6 >  3.50
|   |   |   |   |   |   |--- feature_3 <= 125.00
|   |   |   |   |   |   |   |--- feature_10 <= 0.50
|   |   |   |   |   |   |   |   |--- class: high
|   |   |   |   |   |   |   |--- feature_10 >  0.50
|   |   |   |   |   |   |   |   |--- feature_43 <= 0.50
|   |   |   |   |   |   |   |   |   |--- feature_0 <= -28.63
|   |   |   |   |   |   |   |   |   |   |--- feature_34 <= 0.50
|   |   |   |   |   |   |   |   |   |   |   |--- class: low
|   |   |   |   |   |   |   |   |   |   |--- feature_34 >  0.50
|   |   |   |   |   |   |   |   |   |   |   |--- class: none
|   |   |   |   |   |   |   |   |   |--- feature_0 >  -28.63
|   |   |   |   |   |   |   |   |   |   |--- class: none
|   |   |   |   |   |   |   |   |--- feature_43 >  0.50
|   |   |   |   |   |   |   |   |   |--- class: low
|   |   |   |   |   |   |--- feature_3 >  125.00
|   |   |   |   |   |   |   |--- class: low
|   |   |   |--- feature_14 >  4.50
|   |   |   |   |--- feature_11 <= 8.50
|   |   |   |   |   |--- feature_21 <= 0.50
|   |   |   |   |   |   |--- feature_82 <= 0.50
|   |   |   |   |   |   |   |--- feature_45 <= 0.50
|   |   |   |   |   |   |   |   |--- feature_6 <= 11.50
|   |   |   |   |   |   |   |   |   |--- feature_94 <= 0.50
|   |   |   |   |   |   |   |   |   |   |--- feature_22 <= 0.50
|   |   |   |   |   |   |   |   |   |   |   |--- truncated branch of depth 14
|   |   |   |   |   |   |   |   |   |   |--- feature_22 >  0.50
|   |   |   |   |   |   |   |   |   |   |   |--- truncated branch of depth 4
|   |   |   |   |   |   |   |   |   |--- feature_94 >  0.50
|   |   |   |   |   |   |   |   |   |   |--- feature_75 <= 0.50
|   |   |   |   |   |   |   |   |   |   |   |--- truncated branch of depth 10
|   |   |   |   |   |   |   |   |   |   |--- feature_75 >  0.50
|   |   |   |   |   |   |   |   |   |   |   |--- truncated branch of depth 4
|   |   |   |   |   |   |   |   |--- feature_6 >  11.50
|   |   |   |   |   |   |   |   |   |--- feature_8 <= 16.50
|   |   |   |   |   |   |   |   |   |   |--- class: medium
|   |   |   |   |   |   |   |   |   |--- feature_8 >  16.50
|   |   |   |   |   |   |   |   |   |   |--- feature_24 <= 0.50
|   |   |   |   |   |   |   |   |   |   |   |--- class: high
|   |   |   |   |   |   |   |   |   |   |--- feature_24 >  0.50
|   |   |   |   |   |   |   |   |   |   |   |--- class: medium
|   |   |   |   |   |   |   |--- feature_45 >  0.50
|   |   |   |   |   |   |   |   |--- feature_30 <= 0.50
|   |   |   |   |   |   |   |   |   |--- feature_0 <= -10.13
|   |   |   |   |   |   |   |   |   |   |--- feature_68 <= 0.50
|   |   |   |   |   |   |   |   |   |   |   |--- truncated branch of depth 4
|   |   |   |   |   |   |   |   |   |   |--- feature_68 >  0.50
|   |   |   |   |   |   |   |   |   |   |   |--- truncated branch of depth 2
|   |   |   |   |   |   |   |   |   |--- feature_0 >  -10.13
|   |   |   |   |   |   |   |   |   |   |--- feature_99 <= 1.50
|   |   |   |   |   |   |   |   |   |   |   |--- truncated branch of depth 10
|   |   |   |   |   |   |   |   |   |   |--- feature_99 >  1.50
|   |   |   |   |   |   |   |   |   |   |   |--- truncated branch of depth 3
|   |   |   |   |   |   |   |   |--- feature_30 >  0.50
|   |   |   |   |   |   |   |   |   |--- feature_106 <= 0.50
|   |   |   |   |   |   |   |   |   |   |--- feature_1 <= 18.50
|   |   |   |   |   |   |   |   |   |   |   |--- class: none
|   |   |   |   |   |   |   |   |   |   |--- feature_1 >  18.50
|   |   |   |   |   |   |   |   |   |   |   |--- class: medium
|   |   |   |   |   |   |   |   |   |--- feature_106 >  0.50
|   |   |   |   |   |   |   |   |   |   |--- feature_56 <= 0.50
|   |   |   |   |   |   |   |   |   |   |   |--- class: low
|   |   |   |   |   |   |   |   |   |   |--- feature_56 >  0.50
|   |   |   |   |   |   |   |   |   |   |   |--- class: medium
|   |   |   |   |   |   |--- feature_82 >  0.50
|   |   |   |   |   |   |   |--- feature_6 <= 9.50
|   |   |   |   |   |   |   |   |--- feature_11 <= 4.50
|   |   |   |   |   |   |   |   |   |--- feature_7 <= 5.98
|   |   |   |   |   |   |   |   |   |   |--- feature_9 <= 6.00
|   |   |   |   |   |   |   |   |   |   |   |--- class: high
|   |   |   |   |   |   |   |   |   |   |--- feature_9 >  6.00
|   |   |   |   |   |   |   |   |   |   |   |--- class: none
|   |   |   |   |   |   |   |   |   |--- feature_7 >  5.98
|   |   |   |   |   |   |   |   |   |   |--- feature_105 <= 0.50
|   |   |   |   |   |   |   |   |   |   |   |--- class: none
|   |   |   |   |   |   |   |   |   |   |--- feature_105 >  0.50
|   |   |   |   |   |   |   |   |   |   |   |--- class: medium
|   |   |   |   |   |   |   |   |--- feature_11 >  4.50
|   |   |   |   |   |   |   |   |   |--- feature_99 <= 0.50
|   |   |   |   |   |   |   |   |   |   |--- class: medium
|   |   |   |   |   |   |   |   |   |--- feature_99 >  0.50
|   |   |   |   |   |   |   |   |   |   |--- feature_4 <= 10.00
|   |   |   |   |   |   |   |   |   |   |   |--- class: none
|   |   |   |   |   |   |   |   |   |   |--- feature_4 >  10.00
|   |   |   |   |   |   |   |   |   |   |   |--- class: high
|   |   |   |   |   |   |   |--- feature_6 >  9.50
|   |   |   |   |   |   |   |   |--- feature_9 <= 1.50
|   |   |   |   |   |   |   |   |   |--- class: none
|   |   |   |   |   |   |   |   |--- feature_9 >  1.50
|   |   |   |   |   |   |   |   |   |--- class: medium
|   |   |   |   |   |--- feature_21 >  0.50
|   |   |   |   |   |   |--- feature_70 <= 0.50
|   |   |   |   |   |   |   |--- feature_106 <= 0.50
|   |   |   |   |   |   |   |   |--- feature_0 <= 9.32
|   |   |   |   |   |   |   |   |   |--- feature_7 <= 10.17
|   |   |   |   |   |   |   |   |   |   |--- feature_8 <= 16.50
|   |   |   |   |   |   |   |   |   |   |   |--- truncated branch of depth 4
|   |   |   |   |   |   |   |   |   |   |--- feature_8 >  16.50
|   |   |   |   |   |   |   |   |   |   |   |--- truncated branch of depth 4
|   |   |   |   |   |   |   |   |   |--- feature_7 >  10.17
|   |   |   |   |   |   |   |   |   |   |--- class: medium
|   |   |   |   |   |   |   |   |--- feature_0 >  9.32
|   |   |   |   |   |   |   |   |   |--- feature_0 <= 16.51
|   |   |   |   |   |   |   |   |   |   |--- feature_11 <= 6.50
|   |   |   |   |   |   |   |   |   |   |   |--- truncated branch of depth 5
|   |   |   |   |   |   |   |   |   |   |--- feature_11 >  6.50
|   |   |   |   |   |   |   |   |   |   |   |--- class: medium
|   |   |   |   |   |   |   |   |   |--- feature_0 >  16.51
|   |   |   |   |   |   |   |   |   |   |--- feature_3 <= 125.50
|   |   |   |   |   |   |   |   |   |   |   |--- truncated branch of depth 3
|   |   |   |   |   |   |   |   |   |   |--- feature_3 >  125.50
|   |   |   |   |   |   |   |   |   |   |   |--- truncated branch of depth 4
|   |   |   |   |   |   |   |--- feature_106 >  0.50
|   |   |   |   |   |   |   |   |--- feature_3 <= 207.50
|   |   |   |   |   |   |   |   |   |--- class: low
|   |   |   |   |   |   |   |   |--- feature_3 >  207.50
|   |   |   |   |   |   |   |   |   |--- feature_24 <= 0.50
|   |   |   |   |   |   |   |   |   |   |--- class: none
|   |   |   |   |   |   |   |   |   |--- feature_24 >  0.50
|   |   |   |   |   |   |   |   |   |   |--- class: low
|   |   |   |   |   |   |--- feature_70 >  0.50
|   |   |   |   |   |   |   |--- feature_0 <= -6.18
|   |   |   |   |   |   |   |   |--- feature_19 <= 0.50
|   |   |   |   |   |   |   |   |   |--- feature_0 <= -30.71
|   |   |   |   |   |   |   |   |   |   |--- class: none
|   |   |   |   |   |   |   |   |   |--- feature_0 >  -30.71
|   |   |   |   |   |   |   |   |   |   |--- feature_3 <= 173.50
|   |   |   |   |   |   |   |   |   |   |   |--- class: high
|   |   |   |   |   |   |   |   |   |   |--- feature_3 >  173.50
|   |   |   |   |   |   |   |   |   |   |   |--- class: none
|   |   |   |   |   |   |   |   |--- feature_19 >  0.50
|   |   |   |   |   |   |   |   |   |--- class: medium
|   |   |   |   |   |   |   |--- feature_0 >  -6.18
|   |   |   |   |   |   |   |   |--- feature_0 <= 10.77
|   |   |   |   |   |   |   |   |   |--- feature_14 <= 7.50
|   |   |   |   |   |   |   |   |   |   |--- feature_49 <= 0.50
|   |   |   |   |   |   |   |   |   |   |   |--- class: none
|   |   |   |   |   |   |   |   |   |   |--- feature_49 >  0.50
|   |   |   |   |   |   |   |   |   |   |   |--- class: medium
|   |   |   |   |   |   |   |   |   |--- feature_14 >  7.50
|   |   |   |   |   |   |   |   |   |   |--- class: medium
|   |   |   |   |   |   |   |   |--- feature_0 >  10.77
|   |   |   |   |   |   |   |   |   |--- feature_16 <= 0.50
|   |   |   |   |   |   |   |   |   |   |--- feature_40 <= 0.50
|   |   |   |   |   |   |   |   |   |   |   |--- class: low
|   |   |   |   |   |   |   |   |   |   |--- feature_40 >  0.50
|   |   |   |   |   |   |   |   |   |   |   |--- class: high
|   |   |   |   |   |   |   |   |   |--- feature_16 >  0.50
|   |   |   |   |   |   |   |   |   |   |--- class: medium
|   |   |   |   |--- feature_11 >  8.50
|   |   |   |   |   |--- feature_80 <= 0.50
|   |   |   |   |   |   |--- feature_14 <= 15.50
|   |   |   |   |   |   |   |--- feature_35 <= 0.50
|   |   |   |   |   |   |   |   |--- feature_55 <= 0.50
|   |   |   |   |   |   |   |   |   |--- feature_11 <= 16.50
|   |   |   |   |   |   |   |   |   |   |--- feature_111 <= 0.50
|   |   |   |   |   |   |   |   |   |   |   |--- truncated branch of depth 11
|   |   |   |   |   |   |   |   |   |   |--- feature_111 >  0.50
|   |   |   |   |   |   |   |   |   |   |   |--- class: medium
|   |   |   |   |   |   |   |   |   |--- feature_11 >  16.50
|   |   |   |   |   |   |   |   |   |   |--- feature_16 <= 0.50
|   |   |   |   |   |   |   |   |   |   |   |--- truncated branch of depth 7
|   |   |   |   |   |   |   |   |   |   |--- feature_16 >  0.50
|   |   |   |   |   |   |   |   |   |   |   |--- truncated branch of depth 2
|   |   |   |   |   |   |   |   |--- feature_55 >  0.50
|   |   |   |   |   |   |   |   |   |--- feature_8 <= 12.50
|   |   |   |   |   |   |   |   |   |   |--- class: high
|   |   |   |   |   |   |   |   |   |--- feature_8 >  12.50
|   |   |   |   |   |   |   |   |   |   |--- class: medium
|   |   |   |   |   |   |   |--- feature_35 >  0.50
|   |   |   |   |   |   |   |   |--- class: none
|   |   |   |   |   |   |--- feature_14 >  15.50
|   |   |   |   |   |   |   |--- feature_11 <= 11.00
|   |   |   |   |   |   |   |   |--- class: low
|   |   |   |   |   |   |   |--- feature_11 >  11.00
|   |   |   |   |   |   |   |   |--- class: none
|   |   |   |   |   |--- feature_80 >  0.50
|   |   |   |   |   |   |--- feature_49 <= 0.50
|   |   |   |   |   |   |   |--- feature_5 <= 4.50
|   |   |   |   |   |   |   |   |--- class: medium
|   |   |   |   |   |   |   |--- feature_5 >  4.50
|   |   |   |   |   |   |   |   |--- feature_46 <= 0.50
|   |   |   |   |   |   |   |   |   |--- class: none
|   |   |   |   |   |   |   |   |--- feature_46 >  0.50
|   |   |   |   |   |   |   |   |   |--- class: medium
|   |   |   |   |   |   |--- feature_49 >  0.50
|   |   |   |   |   |   |   |--- feature_9 <= 3.50
|   |   |   |   |   |   |   |   |--- feature_40 <= 0.50
|   |   |   |   |   |   |   |   |   |--- feature_0 <= 40.48
|   |   |   |   |   |   |   |   |   |   |--- class: low
|   |   |   |   |   |   |   |   |   |--- feature_0 >  40.48
|   |   |   |   |   |   |   |   |   |   |--- class: none
|   |   |   |   |   |   |   |   |--- feature_40 >  0.50
|   |   |   |   |   |   |   |   |   |--- class: none
|   |   |   |   |   |   |   |--- feature_9 >  3.50
|   |   |   |   |   |   |   |   |--- class: none
|   |   |--- feature_42 >  0.50
|   |   |   |--- feature_62 <= 0.50
|   |   |   |   |--- feature_12 <= 0.37
|   |   |   |   |   |--- feature_34 <= 0.50
|   |   |   |   |   |   |--- class: high
|   |   |   |   |   |--- feature_34 >  0.50
|   |   |   |   |   |   |--- feature_12 <= 0.18
|   |   |   |   |   |   |   |--- feature_22 <= 0.50
|   |   |   |   |   |   |   |   |--- feature_16 <= 0.50
|   |   |   |   |   |   |   |   |   |--- class: medium
|   |   |   |   |   |   |   |   |--- feature_16 >  0.50
|   |   |   |   |   |   |   |   |   |--- class: high
|   |   |   |   |   |   |   |--- feature_22 >  0.50
|   |   |   |   |   |   |   |   |--- class: none
|   |   |   |   |   |   |--- feature_12 >  0.18
|   |   |   |   |   |   |   |--- class: medium
|   |   |   |   |--- feature_12 >  0.37
|   |   |   |   |   |--- feature_0 <= 1.32
|   |   |   |   |   |   |--- feature_73 <= 0.50
|   |   |   |   |   |   |   |--- class: medium
|   |   |   |   |   |   |--- feature_73 >  0.50
|   |   |   |   |   |   |   |--- class: high
|   |   |   |   |   |--- feature_0 >  1.32
|   |   |   |   |   |   |--- feature_3 <= 141.00
|   |   |   |   |   |   |   |--- feature_0 <= 10.51
|   |   |   |   |   |   |   |   |--- class: none
|   |   |   |   |   |   |   |--- feature_0 >  10.51
|   |   |   |   |   |   |   |   |--- class: low
|   |   |   |   |   |   |--- feature_3 >  141.00
|   |   |   |   |   |   |   |--- feature_11 <= 15.50
|   |   |   |   |   |   |   |   |--- class: low
|   |   |   |   |   |   |   |--- feature_11 >  15.50
|   |   |   |   |   |   |   |   |--- class: high
|   |   |   |--- feature_62 >  0.50
|   |   |   |   |--- feature_0 <= -21.80
|   |   |   |   |   |--- feature_0 <= -68.67
|   |   |   |   |   |   |--- feature_78 <= 0.50
|   |   |   |   |   |   |   |--- class: low
|   |   |   |   |   |   |--- feature_78 >  0.50
|   |   |   |   |   |   |   |--- class: none
|   |   |   |   |   |--- feature_0 >  -68.67
|   |   |   |   |   |   |--- feature_3 <= 125.50
|   |   |   |   |   |   |   |--- feature_0 <= -30.98
|   |   |   |   |   |   |   |   |--- class: none
|   |   |   |   |   |   |   |--- feature_0 >  -30.98
|   |   |   |   |   |   |   |   |--- feature_0 <= -30.36
|   |   |   |   |   |   |   |   |   |--- class: high
|   |   |   |   |   |   |   |   |--- feature_0 >  -30.36
|   |   |   |   |   |   |   |   |   |--- class: none
|   |   |   |   |   |   |--- feature_3 >  125.50
|   |   |   |   |   |   |   |--- class: none
|   |   |   |   |--- feature_0 >  -21.80
|   |   |   |   |   |--- feature_6 <= 0.50
|   |   |   |   |   |   |--- feature_0 <= 12.44
|   |   |   |   |   |   |   |--- class: medium
|   |   |   |   |   |   |--- feature_0 >  12.44
|   |   |   |   |   |   |   |--- class: low
|   |   |   |   |   |--- feature_6 >  0.50
|   |   |   |   |   |   |--- feature_0 <= 13.46
|   |   |   |   |   |   |   |--- feature_0 <= 1.37
|   |   |   |   |   |   |   |   |--- feature_0 <= -1.74
|   |   |   |   |   |   |   |   |   |--- feature_0 <= -6.79
|   |   |   |   |   |   |   |   |   |   |--- feature_0 <= -16.02
|   |   |   |   |   |   |   |   |   |   |   |--- truncated branch of depth 7
|   |   |   |   |   |   |   |   |   |   |--- feature_0 >  -16.02
|   |   |   |   |   |   |   |   |   |   |   |--- truncated branch of depth 4
|   |   |   |   |   |   |   |   |   |--- feature_0 >  -6.79
|   |   |   |   |   |   |   |   |   |   |--- feature_99 <= 0.50
|   |   |   |   |   |   |   |   |   |   |   |--- truncated branch of depth 7
|   |   |   |   |   |   |   |   |   |   |--- feature_99 >  0.50
|   |   |   |   |   |   |   |   |   |   |   |--- class: none
|   |   |   |   |   |   |   |   |--- feature_0 >  -1.74
|   |   |   |   |   |   |   |   |   |--- class: none
|   |   |   |   |   |   |   |--- feature_0 >  1.37
|   |   |   |   |   |   |   |   |--- feature_3 <= 128.50
|   |   |   |   |   |   |   |   |   |--- feature_9 <= 4.50
|   |   |   |   |   |   |   |   |   |   |--- feature_0 <= 3.03
|   |   |   |   |   |   |   |   |   |   |   |--- truncated branch of depth 2
|   |   |   |   |   |   |   |   |   |   |--- feature_0 >  3.03
|   |   |   |   |   |   |   |   |   |   |   |--- class: low
|   |   |   |   |   |   |   |   |   |--- feature_9 >  4.50
|   |   |   |   |   |   |   |   |   |   |--- feature_0 <= 8.41
|   |   |   |   |   |   |   |   |   |   |   |--- class: low
|   |   |   |   |   |   |   |   |   |   |--- feature_0 >  8.41
|   |   |   |   |   |   |   |   |   |   |   |--- class: none
|   |   |   |   |   |   |   |   |--- feature_3 >  128.50
|   |   |   |   |   |   |   |   |   |--- feature_7 <= 5.38
|   |   |   |   |   |   |   |   |   |   |--- feature_0 <= 5.35
|   |   |   |   |   |   |   |   |   |   |   |--- class: low
|   |   |   |   |   |   |   |   |   |   |--- feature_0 >  5.35
|   |   |   |   |   |   |   |   |   |   |   |--- truncated branch of depth 4
|   |   |   |   |   |   |   |   |   |--- feature_7 >  5.38
|   |   |   |   |   |   |   |   |   |   |--- class: none
|   |   |   |   |   |   |--- feature_0 >  13.46
|   |   |   |   |   |   |   |--- feature_70 <= 0.50
|   |   |   |   |   |   |   |   |--- feature_0 <= 25.05
|   |   |   |   |   |   |   |   |   |--- class: none
|   |   |   |   |   |   |   |   |--- feature_0 >  25.05
|   |   |   |   |   |   |   |   |   |--- feature_46 <= 0.50
|   |   |   |   |   |   |   |   |   |   |--- class: low
|   |   |   |   |   |   |   |   |   |--- feature_46 >  0.50
|   |   |   |   |   |   |   |   |   |   |--- feature_9 <= 2.50
|   |   |   |   |   |   |   |   |   |   |   |--- truncated branch of depth 3
|   |   |   |   |   |   |   |   |   |   |--- feature_9 >  2.50
|   |   |   |   |   |   |   |   |   |   |   |--- truncated branch of depth 3
|   |   |   |   |   |   |   |--- feature_70 >  0.50
|   |   |   |   |   |   |   |   |--- feature_0 <= 16.82
|   |   |   |   |   |   |   |   |   |--- class: high
|   |   |   |   |   |   |   |   |--- feature_0 >  16.82
|   |   |   |   |   |   |   |   |   |--- class: none
|--- feature_37 >  0.50
|   |--- feature_14 <= 14.00
|   |   |--- feature_50 <= 1.50
|   |   |   |--- feature_0 <= 3.67
|   |   |   |   |--- feature_2 <= 14.50
|   |   |   |   |   |--- feature_9 <= 0.50
|   |   |   |   |   |   |--- feature_3 <= 110.00
|   |   |   |   |   |   |   |--- feature_5 <= 6.50
|   |   |   |   |   |   |   |   |--- feature_45 <= 0.50
|   |   |   |   |   |   |   |   |   |--- class: none
|   |   |   |   |   |   |   |   |--- feature_45 >  0.50
|   |   |   |   |   |   |   |   |   |--- feature_3 <= 105.50
|   |   |   |   |   |   |   |   |   |   |--- class: low
|   |   |   |   |   |   |   |   |   |--- feature_3 >  105.50
|   |   |   |   |   |   |   |   |   |   |--- class: none
|   |   |   |   |   |   |   |--- feature_5 >  6.50
|   |   |   |   |   |   |   |   |--- class: medium
|   |   |   |   |   |   |--- feature_3 >  110.00
|   |   |   |   |   |   |   |--- feature_4 <= 13.50
|   |   |   |   |   |   |   |   |--- class: medium
|   |   |   |   |   |   |   |--- feature_4 >  13.50
|   |   |   |   |   |   |   |   |--- feature_2 <= 13.50
|   |   |   |   |   |   |   |   |   |--- class: medium
|   |   |   |   |   |   |   |   |--- feature_2 >  13.50
|   |   |   |   |   |   |   |   |   |--- class: none
|   |   |   |   |   |--- feature_9 >  0.50
|   |   |   |   |   |   |--- feature_1 <= 13.50
|   |   |   |   |   |   |   |--- feature_36 <= 0.50
|   |   |   |   |   |   |   |   |--- feature_6 <= 2.50
|   |   |   |   |   |   |   |   |   |--- feature_21 <= 0.50
|   |   |   |   |   |   |   |   |   |   |--- class: none
|   |   |   |   |   |   |   |   |   |--- feature_21 >  0.50
|   |   |   |   |   |   |   |   |   |   |--- class: medium
|   |   |   |   |   |   |   |   |--- feature_6 >  2.50
|   |   |   |   |   |   |   |   |   |--- feature_9 <= 3.50
|   |   |   |   |   |   |   |   |   |   |--- feature_3 <= 121.50
|   |   |   |   |   |   |   |   |   |   |   |--- truncated branch of depth 5
|   |   |   |   |   |   |   |   |   |   |--- feature_3 >  121.50
|   |   |   |   |   |   |   |   |   |   |   |--- class: low
|   |   |   |   |   |   |   |   |   |--- feature_9 >  3.50
|   |   |   |   |   |   |   |   |   |   |--- feature_2 <= 12.00
|   |   |   |   |   |   |   |   |   |   |   |--- class: none
|   |   |   |   |   |   |   |   |   |   |--- feature_2 >  12.00
|   |   |   |   |   |   |   |   |   |   |   |--- class: low
|   |   |   |   |   |   |   |--- feature_36 >  0.50
|   |   |   |   |   |   |   |   |--- feature_7 <= 7.15
|   |   |   |   |   |   |   |   |   |--- class: none
|   |   |   |   |   |   |   |   |--- feature_7 >  7.15
|   |   |   |   |   |   |   |   |   |--- class: medium
|   |   |   |   |   |   |--- feature_1 >  13.50
|   |   |   |   |   |   |   |--- class: none
|   |   |   |   |--- feature_2 >  14.50
|   |   |   |   |   |--- feature_10 <= 5.50
|   |   |   |   |   |   |--- class: none
|   |   |   |   |   |--- feature_10 >  5.50
|   |   |   |   |   |   |--- feature_91 <= 0.50
|   |   |   |   |   |   |   |--- feature_4 <= 16.50
|   |   |   |   |   |   |   |   |--- feature_9 <= 3.50
|   |   |   |   |   |   |   |   |   |--- feature_6 <= 3.50
|   |   |   |   |   |   |   |   |   |   |--- class: low
|   |   |   |   |   |   |   |   |   |--- feature_6 >  3.50
|   |   |   |   |   |   |   |   |   |   |--- feature_0 <= 0.83
|   |   |   |   |   |   |   |   |   |   |   |--- truncated branch of depth 4
|   |   |   |   |   |   |   |   |   |   |--- feature_0 >  0.83
|   |   |   |   |   |   |   |   |   |   |   |--- class: none
|   |   |   |   |   |   |   |   |--- feature_9 >  3.50
|   |   |   |   |   |   |   |   |   |--- class: none
|   |   |   |   |   |   |   |--- feature_4 >  16.50
|   |   |   |   |   |   |   |   |--- class: none
|   |   |   |   |   |   |--- feature_91 >  0.50
|   |   |   |   |   |   |   |--- feature_50 <= 0.50
|   |   |   |   |   |   |   |   |--- class: none
|   |   |   |   |   |   |   |--- feature_50 >  0.50
|   |   |   |   |   |   |   |   |--- feature_9 <= 2.50
|   |   |   |   |   |   |   |   |   |--- class: low
|   |   |   |   |   |   |   |   |--- feature_9 >  2.50
|   |   |   |   |   |   |   |   |   |--- class: medium
|   |   |   |--- feature_0 >  3.67
|   |   |   |   |--- feature_85 <= 0.50
|   |   |   |   |   |--- feature_11 <= 1.50
|   |   |   |   |   |   |--- feature_6 <= 9.00
|   |   |   |   |   |   |   |--- class: none
|   |   |   |   |   |   |--- feature_6 >  9.00
|   |   |   |   |   |   |   |--- class: medium
|   |   |   |   |   |--- feature_11 >  1.50
|   |   |   |   |   |   |--- feature_0 <= 13.46
|   |   |   |   |   |   |   |--- feature_0 <= 9.51
|   |   |   |   |   |   |   |   |--- feature_3 <= 106.50
|   |   |   |   |   |   |   |   |   |--- feature_7 <= 8.03
|   |   |   |   |   |   |   |   |   |   |--- class: none
|   |   |   |   |   |   |   |   |   |--- feature_7 >  8.03
|   |   |   |   |   |   |   |   |   |   |--- feature_0 <= 8.32
|   |   |   |   |   |   |   |   |   |   |   |--- class: low
|   |   |   |   |   |   |   |   |   |   |--- feature_0 >  8.32
|   |   |   |   |   |   |   |   |   |   |   |--- class: none
|   |   |   |   |   |   |   |   |--- feature_3 >  106.50
|   |   |   |   |   |   |   |   |   |--- feature_6 <= 5.00
|   |   |   |   |   |   |   |   |   |   |--- feature_54 <= 0.50
|   |   |   |   |   |   |   |   |   |   |   |--- truncated branch of depth 2
|   |   |   |   |   |   |   |   |   |   |--- feature_54 >  0.50
|   |   |   |   |   |   |   |   |   |   |   |--- class: low
|   |   |   |   |   |   |   |   |   |--- feature_6 >  5.00
|   |   |   |   |   |   |   |   |   |   |--- feature_2 <= 15.50
|   |   |   |   |   |   |   |   |   |   |   |--- class: none
|   |   |   |   |   |   |   |   |   |   |--- feature_2 >  15.50
|   |   |   |   |   |   |   |   |   |   |   |--- class: low
|   |   |   |   |   |   |   |--- feature_0 >  9.51
|   |   |   |   |   |   |   |   |--- feature_3 <= 113.50
|   |   |   |   |   |   |   |   |   |--- feature_54 <= 0.50
|   |   |   |   |   |   |   |   |   |   |--- class: low
|   |   |   |   |   |   |   |   |   |--- feature_54 >  0.50
|   |   |   |   |   |   |   |   |   |   |--- feature_14 <= 7.50
|   |   |   |   |   |   |   |   |   |   |   |--- class: none
|   |   |   |   |   |   |   |   |   |   |--- feature_14 >  7.50
|   |   |   |   |   |   |   |   |   |   |   |--- truncated branch of depth 2
|   |   |   |   |   |   |   |   |--- feature_3 >  113.50
|   |   |   |   |   |   |   |   |   |--- class: none
|   |   |   |   |   |   |--- feature_0 >  13.46
|   |   |   |   |   |   |   |--- feature_3 <= 110.50
|   |   |   |   |   |   |   |   |--- feature_7 <= 6.75
|   |   |   |   |   |   |   |   |   |--- feature_7 <= 6.61
|   |   |   |   |   |   |   |   |   |   |--- class: none
|   |   |   |   |   |   |   |   |   |--- feature_7 >  6.61
|   |   |   |   |   |   |   |   |   |   |--- class: low
|   |   |   |   |   |   |   |   |--- feature_7 >  6.75
|   |   |   |   |   |   |   |   |   |--- class: none
|   |   |   |   |   |   |   |--- feature_3 >  110.50
|   |   |   |   |   |   |   |   |--- feature_54 <= 0.50
|   |   |   |   |   |   |   |   |   |--- feature_2 <= 14.50
|   |   |   |   |   |   |   |   |   |   |--- feature_90 <= 0.50
|   |   |   |   |   |   |   |   |   |   |   |--- class: none
|   |   |   |   |   |   |   |   |   |   |--- feature_90 >  0.50
|   |   |   |   |   |   |   |   |   |   |   |--- class: medium
|   |   |   |   |   |   |   |   |   |--- feature_2 >  14.50
|   |   |   |   |   |   |   |   |   |   |--- class: none
|   |   |   |   |   |   |   |   |--- feature_54 >  0.50
|   |   |   |   |   |   |   |   |   |--- feature_9 <= 1.00
|   |   |   |   |   |   |   |   |   |   |--- class: low
|   |   |   |   |   |   |   |   |   |--- feature_9 >  1.00
|   |   |   |   |   |   |   |   |   |   |--- class: medium
|   |   |   |   |--- feature_85 >  0.50
|   |   |   |   |   |--- feature_9 <= 2.50
|   |   |   |   |   |   |--- feature_63 <= 0.50
|   |   |   |   |   |   |   |--- class: low
|   |   |   |   |   |   |--- feature_63 >  0.50
|   |   |   |   |   |   |   |--- class: none
|   |   |   |   |   |--- feature_9 >  2.50
|   |   |   |   |   |   |--- class: none
|   |   |--- feature_50 >  1.50
|   |   |   |--- feature_0 <= -7.08
|   |   |   |   |--- class: medium
|   |   |   |--- feature_0 >  -7.08
|   |   |   |   |--- feature_9 <= 0.50
|   |   |   |   |   |--- class: medium
|   |   |   |   |--- feature_9 >  0.50
|   |   |   |   |   |--- class: none
|   |--- feature_14 >  14.00
|   |   |--- feature_15 <= 0.50
|   |   |   |--- feature_0 <= -1.26
|   |   |   |   |--- feature_4 <= 20.00
|   |   |   |   |   |--- class: high
|   |   |   |   |--- feature_4 >  20.00
|   |   |   |   |   |--- class: medium
|   |   |   |--- feature_0 >  -1.26
|   |   |   |   |--- class: high
|   |   |--- feature_15 >  0.50
|   |   |   |--- class: low
