|--- feature_7 <= 5.50
|   |--- feature_7 <= 1.50
|   |   |--- feature_14 <= 0.36
|   |   |   |--- feature_26 <= 0.50
|   |   |   |   |--- feature_24 <= 1.50
|   |   |   |   |   |--- feature_75 <= 0.50
|   |   |   |   |   |   |--- feature_87 <= 0.50
|   |   |   |   |   |   |   |--- feature_30 <= 0.50
|   |   |   |   |   |   |   |   |--- feature_5 <= 56.50
|   |   |   |   |   |   |   |   |   |--- feature_5 <= 50.50
|   |   |   |   |   |   |   |   |   |   |--- feature_9 <= 3.42
|   |   |   |   |   |   |   |   |   |   |   |--- class: decrease
|   |   |   |   |   |   |   |   |   |   |--- feature_9 >  3.42
|   |   |   |   |   |   |   |   |   |   |   |--- truncated branch of depth 10
|   |   |   |   |   |   |   |   |   |--- feature_5 >  50.50
|   |   |   |   |   |   |   |   |   |   |--- feature_8 <= 2.50
|   |   |   |   |   |   |   |   |   |   |   |--- class: increase
|   |   |   |   |   |   |   |   |   |   |--- feature_8 >  2.50
|   |   |   |   |   |   |   |   |   |   |   |--- truncated branch of depth 2
|   |   |   |   |   |   |   |   |--- feature_5 >  56.50
|   |   |   |   |   |   |   |   |   |--- feature_61 <= 1.50
|   |   |   |   |   |   |   |   |   |   |--- feature_5 <= 58.50
|   |   |   |   |   |   |   |   |   |   |   |--- truncated branch of depth 2
|   |   |   |   |   |   |   |   |   |   |--- feature_5 >  58.50
|   |   |   |   |   |   |   |   |   |   |   |--- truncated branch of depth 29
|   |   |   |   |   |   |   |   |   |--- feature_61 >  1.50
|   |   |   |   |   |   |   |   |   |   |--- feature_103 <= 0.50
|   |   |   |   |   |   |   |   |   |   |   |--- class: decrease
|   |   |   |   |   |   |   |   |   |   |--- feature_103 >  0.50
|   |   |   |   |   |   |   |   |   |   |   |--- class: increase
|   |   |   |   |   |   |   |--- feature_30 >  0.50
|   |   |   |   |   |   |   |   |--- feature_11 <= 6.00
|   |   |   |   |   |   |   |   |   |--- class: increase
|   |   |   |   |   |   |   |   |--- feature_11 >  6.00
|   |   |   |   |   |   |   |   |   |--- feature_4 <= 13.50
|   |   |   |   |   |   |   |   |   |   |--- class: increase
|   |   |   |   |   |   |   |   |   |--- feature_4 >  13.50
|   |   |   |   |   |   |   |   |   |   |--- class: decrease
|   |   |   |   |   |   |--- feature_87 >  0.50
|   |   |   |   |   |   |   |--- class: increase
|   |   |   |   |   |--- feature_75 >  0.50
|   |   |   |   |   |   |--- feature_13 <= 4.50
|   |   |   |   |   |   |   |--- feature_8 <= 9.50
|   |   |   |   |   |   |   |   |--- feature_32 <= 0.50
|   |   |   |   |   |   |   |   |   |--- class: decrease
|   |   |   |   |   |   |   |   |--- feature_32 >  0.50
|   |   |   |   |   |   |   |   |   |--- class: increase
|   |   |   |   |   |   |   |--- feature_8 >  9.50
|   |   |   |   |   |   |   |   |--- class: increase
|   |   |   |   |   |   |--- feature_13 >  4.50
|   |   |   |   |   |   |   |--- feature_14 <= -0.43
|   |   |   |   |   |   |   |   |--- class: decrease
|   |   |   |   |   |   |   |--- feature_14 >  -0.43
|   |   |   |   |   |   |   |   |--- feature_76 <= 0.50
|   |   |   |   |   |   |   |   |   |--- class: increase
|   |   |   |   |   |   |   |   |--- feature_76 >  0.50
|   |   |   |   |   |   |   |   |   |--- feature_5 <= 131.00
|   |   |   |   |   |   |   |   |   |   |--- class: decrease
|   |   |   |   |   |   |   |   |   |--- feature_5 >  131.00
|   |   |   |   |   |   |   |   |   |   |--- class: increase
|   |   |   |   |--- feature_24 >  1.50
|   |   |   |   |   |--- class: increase
|   |   |   |--- feature_26 >  0.50
|   |   |   |   |--- feature_11 <= 12.50
|   |   |   |   |   |--- feature_1 <= 0.50
|   |   |   |   |   |   |--- class: decrease
|   |   |   |   |   |--- feature_1 >  0.50
|   |   |   |   |   |   |--- feature_72 <= 0.50
|   |   |   |   |   |   |   |--- class: decrease
|   |   |   |   |   |   |--- feature_72 >  0.50
|   |   |   |   |   |   |   |--- class: increase
|   |   |   |   |--- feature_11 >  12.50
|   |   |   |   |   |--- class: increase
|   |   |--- feature_14 >  0.36
|   |   |   |--- feature_0 <= 0.50
|   |   |   |   |--- feature_24 <= 0.50
|   |   |   |   |   |--- feature_3 <= 17.50
|   |   |   |   |   |   |--- feature_65 <= 0.50
|   |   |   |   |   |   |   |--- feature_77 <= 0.50
|   |   |   |   |   |   |   |   |--- feature_9 <= 6.19
|   |   |   |   |   |   |   |   |   |--- feature_9 <= 6.09
|   |   |   |   |   |   |   |   |   |   |--- feature_14 <= 0.40
|   |   |   |   |   |   |   |   |   |   |   |--- class: increase
|   |   |   |   |   |   |   |   |   |   |--- feature_14 >  0.40
|   |   |   |   |   |   |   |   |   |   |   |--- truncated branch of depth 9
|   |   |   |   |   |   |   |   |   |--- feature_9 >  6.09
|   |   |   |   |   |   |   |   |   |   |--- class: increase
|   |   |   |   |   |   |   |   |--- feature_9 >  6.19
|   |   |   |   |   |   |   |   |   |--- feature_79 <= 0.50
|   |   |   |   |   |   |   |   |   |   |--- feature_52 <= 0.50
|   |   |   |   |   |   |   |   |   |   |   |--- truncated branch of depth 19
|   |   |   |   |   |   |   |   |   |   |--- feature_52 >  0.50
|   |   |   |   |   |   |   |   |   |   |   |--- class: decrease
|   |   |   |   |   |   |   |   |   |--- feature_79 >  0.50
|   |   |   |   |   |   |   |   |   |   |--- class: decrease
|   |   |   |   |   |   |   |--- feature_77 >  0.50
|   |   |   |   |   |   |   |   |--- feature_9 <= 6.69
|   |   |   |   |   |   |   |   |   |--- class: decrease
|   |   |   |   |   |   |   |   |--- feature_9 >  6.69
|   |   |   |   |   |   |   |   |   |--- feature_5 <= 109.00
|   |   |   |   |   |   |   |   |   |   |--- feature_16 <= 4.50
|   |   |   |   |   |   |   |   |   |   |   |--- class: increase
|   |   |   |   |   |   |   |   |   |   |--- feature_16 >  4.50
|   |   |   |   |   |   |   |   |   |   |   |--- class: decrease
|   |   |   |   |   |   |   |   |   |--- feature_5 >  109.00
|   |   |   |   |   |   |   |   |   |   |--- class: decrease
|   |   |   |   |   |   |--- feature_65 >  0.50
|   |   |   |   |   |   |   |--- feature_11 <= 3.50
|   |   |   |   |   |   |   |   |--- class: decrease
|   |   |   |   |   |   |   |--- feature_11 >  3.50
|   |   |   |   |   |   |   |   |--- class: increase
|   |   |   |   |   |--- feature_3 >  17.50
|   |   |   |   |   |   |--- feature_5 <= 131.50
|   |   |   |   |   |   |   |--- class: increase
|   |   |   |   |   |   |--- feature_5 >  131.50
|   |   |   |   |   |   |   |--- feature_36 <= 0.50
|   |   |   |   |   |   |   |   |--- feature_107 <= 0.50
|   |   |   |   |   |   |   |   |   |--- class: increase
|   |   |   |   |   |   |   |   |--- feature_107 >  0.50
|   |   |   |   |   |   |   |   |   |--- feature_78 <= 0.50
|   |   |   |   |   |   |   |   |   |   |--- feature_57 <= 0.50
|   |   |   |   |   |   |   |   |   |   |   |--- truncated branch of depth 3
|   |   |   |   |   |   |   |   |   |   |--- feature_57 >  0.50
|   |   |   |   |   |   |   |   |   |   |   |--- class: decrease
|   |   |   |   |   |   |   |   |   |--- feature_78 >  0.50
|   |   |   |   |   |   |   |   |   |   |--- class: decrease
|   |   |   |   |   |   |   |--- feature_36 >  0.50
|   |   |   |   |   |   |   |   |--- class: decrease
|   |   |   |   |--- feature_24 >  0.50
|   |   |   |   |   |--- feature_5 <= 110.50
|   |   |   |   |   |   |--- feature_10 <= 2.00
|   |   |   |   |   |   |   |--- class: increase
|   |   |   |   |   |   |--- feature_10 >  2.00
|   |   |   |   |   |   |   |--- class: decrease
|   |   |   |   |   |--- feature_5 >  110.50
|   |   |   |   |   |   |--- feature_13 <= 10.50
|   |   |   |   |   |   |   |--- feature_57 <= 0.50
|   |   |   |   |   |   |   |   |--- feature_17 <= 0.50
|   |   |   |   |   |   |   |   |   |--- feature_9 <= 6.88
|   |   |   |   |   |   |   |   |   |   |--- class: decrease
|   |   |   |   |   |   |   |   |   |--- feature_9 >  6.88
|   |   |   |   |   |   |   |   |   |   |--- feature_14 <= 0.45
|   |   |   |   |   |   |   |   |   |   |   |--- class: decrease
|   |   |   |   |   |   |   |   |   |   |--- feature_14 >  0.45
|   |   |   |   |   |   |   |   |   |   |   |--- truncated branch of depth 3
|   |   |   |   |   |   |   |   |--- feature_17 >  0.50
|   |   |   |   |   |   |   |   |   |--- feature_16 <= 4.50
|   |   |   |   |   |   |   |   |   |   |--- feature_10 <= 12.50
|   |   |   |   |   |   |   |   |   |   |   |--- class: increase
|   |   |   |   |   |   |   |   |   |   |--- feature_10 >  12.50
|   |   |   |   |   |   |   |   |   |   |   |--- class: decrease
|   |   |   |   |   |   |   |   |   |--- feature_16 >  4.50
|   |   |   |   |   |   |   |   |   |   |--- class: decrease
|   |   |   |   |   |   |   |--- feature_57 >  0.50
|   |   |   |   |   |   |   |   |--- feature_102 <= 0.50
|   |   |   |   |   |   |   |   |   |--- feature_5 <= 129.50
|   |   |   |   |   |   |   |   |   |   |--- class: increase
|   |   |   |   |   |   |   |   |   |--- feature_5 >  129.50
|   |   |   |   |   |   |   |   |   |   |--- feature_11 <= 1.50
|   |   |   |   |   |   |   |   |   |   |   |--- class: decrease
|   |   |   |   |   |   |   |   |   |   |--- feature_11 >  1.50
|   |   |   |   |   |   |   |   |   |   |   |--- class: increase
|   |   |   |   |   |   |   |   |--- feature_102 >  0.50
|   |   |   |   |   |   |   |   |   |--- class: decrease
|   |   |   |   |   |   |--- feature_13 >  10.50
|   |   |   |   |   |   |   |--- class: decrease
|   |   |   |--- feature_0 >  0.50
|   |   |   |   |--- class: increase
|   |--- feature_7 >  1.50
|   |   |--- feature_76 <= 1.50
|   |   |   |--- feature_55 <= 1.50
|   |   |   |   |--- feature_11 <= 41.50
|   |   |   |   |   |--- feature_78 <= 1.50
|   |   |   |   |   |   |--- feature_35 <= 1.50
|   |   |   |   |   |   |   |--- feature_9 <= 4.07
|   |   |   |   |   |   |   |   |--- feature_3 <= 27.50
|   |   |   |   |   |   |   |   |   |--- feature_9 <= 3.89
|   |   |   |   |   |   |   |   |   |   |--- feature_0 <= 1.50
|   |   |   |   |   |   |   |   |   |   |   |--- truncated branch of depth 5
|   |   |   |   |   |   |   |   |   |   |--- feature_0 >  1.50
|   |   |   |   |   |   |   |   |   |   |   |--- class: decrease
|   |   |   |   |   |   |   |   |   |--- feature_9 >  3.89
|   |   |   |   |   |   |   |   |   |   |--- feature_14 <= 0.01
|   |   |   |   |   |   |   |   |   |   |   |--- truncated branch of depth 4
|   |   |   |   |   |   |   |   |   |   |--- feature_14 >  0.01
|   |   |   |   |   |   |   |   |   |   |   |--- class: increase
|   |   |   |   |   |   |   |   |--- feature_3 >  27.50
|   |   |   |   |   |   |   |   |   |--- class: decrease
|   |   |   |   |   |   |   |--- feature_9 >  4.07
|   |   |   |   |   |   |   |   |--- feature_88 <= 0.50
|   |   |   |   |   |   |   |   |   |--- feature_5 <= 81.50
|   |   |   |   |   |   |   |   |   |   |--- feature_102 <= 0.50
|   |   |   |   |   |   |   |   |   |   |   |--- truncated branch of depth 20
|   |   |   |   |   |   |   |   |   |   |--- feature_102 >  0.50
|   |   |   |   |   |   |   |   |   |   |   |--- truncated branch of depth 2
|   |   |   |   |   |   |   |   |   |--- feature_5 >  81.50
|   |   |   |   |   |   |   |   |   |   |--- feature_1 <= 4.50
|   |   |   |   |   |   |   |   |   |   |   |--- truncated branch of depth 48
|   |   |   |   |   |   |   |   |   |   |--- feature_1 >  4.50
|   |   |   |   |   |   |   |   |   |   |   |--- truncated branch of depth 4
|   |   |   |   |   |   |   |   |--- feature_88 >  0.50
|   |   |   |   |   |   |   |   |   |--- feature_9 <= 6.80
|   |   |   |   |   |   |   |   |   |   |--- class: increase
|   |   |   |   |   |   |   |   |   |--- feature_9 >  6.80
|   |   |   |   |   |   |   |   |   |   |--- feature_16 <= 9.50
|   |   |   |   |   |   |   |   |   |   |   |--- truncated branch of depth 5
|   |   |   |   |   |   |   |   |   |   |--- feature_16 >  9.50
|   |   |   |   |   |   |   |   |   |   |   |--- class: increase
|   |   |   |   |   |   |--- feature_35 >  1.50
|   |   |   |   |   |   |   |--- class: increase
|   |   |   |   |   |--- feature_78 >  1.50
|   |   |   |   |   |   |--- feature_39 <= 1.50
|   |   |   |   |   |   |   |--- class: decrease
|   |   |   |   |   |   |--- feature_39 >  1.50
|   |   |   |   |   |   |   |--- class: increase
|   |   |   |   |--- feature_11 >  41.50
|   |   |   |   |   |--- class: increase
|   |   |   |--- feature_55 >  1.50
|   |   |   |   |--- class: decrease
|   |   |--- feature_76 >  1.50
|   |   |   |--- feature_7 <= 3.50
|   |   |   |   |--- class: increase
|   |   |   |--- feature_7 >  3.50
|   |   |   |   |--- feature_32 <= 1.00
|   |   |   |   |   |--- class: decrease
|   |   |   |   |--- feature_32 >  1.00
|   |   |   |   |   |--- class: increase
|--- feature_7 >  5.50
|   |--- feature_57 <= 0.50
|   |   |--- feature_5 <= 134.50
|   |   |   |--- feature_61 <= 0.50
|   |   |   |   |--- feature_10 <= 28.00
|   |   |   |   |   |--- feature_17 <= 0.50
|   |   |   |   |   |   |--- feature_5 <= 81.00
|   |   |   |   |   |   |   |--- feature_5 <= 73.00
|   |   |   |   |   |   |   |   |--- feature_10 <= 8.50
|   |   |   |   |   |   |   |   |   |--- class: increase
|   |   |   |   |   |   |   |   |--- feature_10 >  8.50
|   |   |   |   |   |   |   |   |   |--- feature_4 <= 10.00
|   |   |   |   |   |   |   |   |   |   |--- class: decrease
|   |   |   |   |   |   |   |   |   |--- feature_4 >  10.00
|   |   |   |   |   |   |   |   |   |   |--- feature_2 <= 0.50
|   |   |   |   |   |   |   |   |   |   |   |--- truncated branch of depth 2
|   |   |   |   |   |   |   |   |   |   |--- feature_2 >  0.50
|   |   |   |   |   |   |   |   |   |   |   |--- class: decrease
|   |   |   |   |   |   |   |--- feature_5 >  73.00
|   |   |   |   |   |   |   |   |--- class: decrease
|   |   |   |   |   |   |--- feature_5 >  81.00
|   |   |   |   |   |   |   |--- feature_3 <= 26.50
|   |   |   |   |   |   |   |   |--- feature_9 <= 5.10
|   |   |   |   |   |   |   |   |   |--- class: increase
|   |   |   |   |   |   |   |   |--- feature_9 >  5.10
|   |   |   |   |   |   |   |   |   |--- feature_9 <= 5.37
|   |   |   |   |   |   |   |   |   |   |--- class: decrease
|   |   |   |   |   |   |   |   |   |--- feature_9 >  5.37
|   |   |   |   |   |   |   |   |   |   |--- feature_94 <= 0.50
|   |   |   |   |   |   |   |   |   |   |   |--- class: increase
|   |   |   |   |   |   |   |   |   |   |--- feature_94 >  0.50
|   |   |   |   |   |   |   |   |   |   |   |--- truncated branch of depth 3
|   |   |   |   |   |   |   |--- feature_3 >  26.50
|   |   |   |   |   |   |   |   |--- class: decrease
|   |   |   |   |   |--- feature_17 >  0.50
|   |   |   |   |   |   |--- feature_55 <= 0.50
|   |   |   |   |   |   |   |--- class: decrease
|   |   |   |   |   |   |--- feature_55 >  0.50
|   |   |   |   |   |   |   |--- class: increase
|   |   |   |   |--- feature_10 >  28.00
|   |   |   |   |   |--- class: decrease
|   |   |   |--- feature_61 >  0.50
|   |   |   |   |--- feature_13 <= 0.50
|   |   |   |   |   |--- class: decrease
|   |   |   |   |--- feature_13 >  0.50
|   |   |   |   |   |--- feature_7 <= 11.00
|   |   |   |   |   |   |--- class: increase
|   |   |   |   |   |--- feature_7 >  11.00
|   |   |   |   |   |   |--- class: decrease
|   |   |--- feature_5 >  134.50
|   |   |   |--- feature_14 <= -0.06
|   |   |   |   |--- feature_111 <= 0.50
|   |   |   |   |   |--- class: decrease
|   |   |   |   |--- feature_111 >  0.50
|   |   |   |   |   |--- class: increase
|   |   |   |--- feature_14 >  -0.06
|   |   |   |   |--- feature_98 <= 0.50
|   |   |   |   |   |--- feature_10 <= 20.50
|   |   |   |   |   |   |--- feature_47 <= 0.50
|   |   |   |   |   |   |   |--- feature_11 <= 4.00
|   |   |   |   |   |   |   |   |--- feature_39 <= 0.50
|   |   |   |   |   |   |   |   |   |--- feature_4 <= 17.00
|   |   |   |   |   |   |   |   |   |   |--- class: increase
|   |   |   |   |   |   |   |   |   |--- feature_4 >  17.00
|   |   |   |   |   |   |   |   |   |   |--- class: decrease
|   |   |   |   |   |   |   |   |--- feature_39 >  0.50
|   |   |   |   |   |   |   |   |   |--- class: increase
|   |   |   |   |   |   |   |--- feature_11 >  4.00
|   |   |   |   |   |   |   |   |--- class: increase
|   |   |   |   |   |   |--- feature_47 >  0.50
|   |   |   |   |   |   |   |--- class: decrease
|   |   |   |   |   |--- feature_10 >  20.50
|   |   |   |   |   |   |--- feature_13 <= 2.50
|   |   |   |   |   |   |   |--- feature_7 <= 30.50
|   |   |   |   |   |   |   |   |--- feature_3 <= 35.50
|   |   |   |   |   |   |   |   |   |--- feature_8 <= 6.50
|   |   |   |   |   |   |   |   |   |   |--- feature_56 <= 0.50
|   |   |   |   |   |   |   |   |   |   |   |--- truncated branch of depth 6
|   |   |   |   |   |   |   |   |   |   |--- feature_56 >  0.50
|   |   |   |   |   |   |   |   |   |   |   |--- truncated branch of depth 2
|   |   |   |   |   |   |   |   |   |--- feature_8 >  6.50
|   |   |   |   |   |   |   |   |   |   |--- class: decrease
|   |   |   |   |   |   |   |   |--- feature_3 >  35.50
|   |   |   |   |   |   |   |   |   |--- class: increase
|   |   |   |   |   |   |   |--- feature_7 >  30.50
|   |   |   |   |   |   |   |   |--- class: decrease
|   |   |   |   |   |   |--- feature_13 >  2.50
|   |   |   |   |   |   |   |--- feature_88 <= 0.50
|   |   |   |   |   |   |   |   |--- feature_52 <= 0.50
|   |   |   |   |   |   |   |   |   |--- feature_24 <= 0.50
|   |   |   |   |   |   |   |   |   |   |--- feature_76 <= 0.50
|   |   |   |   |   |   |   |   |   |   |   |--- truncated branch of depth 4
|   |   |   |   |   |   |   |   |   |   |--- feature_76 >  0.50
|   |   |   |   |   |   |   |   |   |   |   |--- class: decrease
|   |   |   |   |   |   |   |   |   |--- feature_24 >  0.50
|   |   |   |   |   |   |   |   |   |   |--- class: increase
|   |   |   |   |   |   |   |   |--- feature_52 >  0.50
|   |   |   |   |   |   |   |   |   |--- class: decrease
|   |   |   |   |   |   |   |--- feature_88 >  0.50
|   |   |   |   |   |   |   |   |--- class: decrease
|   |   |   |   |--- feature_98 >  0.50
|   |   |   |   |   |--- class: increase
|   |--- feature_57 >  0.50
|   |   |--- feature_5 <= 159.50
|   |   |   |--- feature_99 <= 0.50
|   |   |   |   |--- feature_47 <= 1.00
|   |   |   |   |   |--- class: increase
|   |   |   |   |--- feature_47 >  1.00
|   |   |   |   |   |--- class: decrease
|   |   |   |--- feature_99 >  0.50
|   |   |   |   |--- class: decrease
|   |   |--- feature_5 >  159.50
|   |   |   |--- feature_20 <= 0.50
|   |   |   |   |--- class: increase
|   |   |   |--- feature_20 >  0.50
|   |   |   |   |--- feature_10 <= 29.50
|   |   |   |   |   |--- class: increase
|   |   |   |   |--- feature_10 >  29.50
|   |   |   |   |   |--- class: decrease
