|--- feature_81 <= 0.50
|   |--- feature_11 <= 8.50
|   |   |--- feature_33 <= 0.50
|   |   |   |--- feature_1 <= 24.50
|   |   |   |   |--- feature_38 <= 0.50
|   |   |   |   |   |--- feature_11 <= 2.50
|   |   |   |   |   |   |--- feature_53 <= 0.50
|   |   |   |   |   |   |   |--- feature_0 <= 1.03
|   |   |   |   |   |   |   |   |--- feature_14 <= 2.50
|   |   |   |   |   |   |   |   |   |--- feature_1 <= 11.50
|   |   |   |   |   |   |   |   |   |   |--- feature_89 <= 0.50
|   |   |   |   |   |   |   |   |   |   |   |--- truncated branch of depth 12
|   |   |   |   |   |   |   |   |   |   |--- feature_89 >  0.50
|   |   |   |   |   |   |   |   |   |   |   |--- class: medium
|   |   |   |   |   |   |   |   |   |--- feature_1 >  11.50
|   |   |   |   |   |   |   |   |   |   |--- feature_10 <= 2.50
|   |   |   |   |   |   |   |   |   |   |   |--- truncated branch of depth 2
|   |   |   |   |   |   |   |   |   |   |--- feature_10 >  2.50
|   |   |   |   |   |   |   |   |   |   |   |--- truncated branch of depth 2
|   |   |   |   |   |   |   |   |--- feature_14 >  2.50
|   |   |   |   |   |   |   |   |   |--- feature_1 <= 9.50
|   |   |   |   |   |   |   |   |   |   |--- feature_3 <= 38.50
|   |   |   |   |   |   |   |   |   |   |   |--- truncated branch of depth 6
|   |   |   |   |   |   |   |   |   |   |--- feature_3 >  38.50
|   |   |   |   |   |   |   |   |   |   |   |--- truncated branch of depth 5
|   |   |   |   |   |   |   |   |   |--- feature_1 >  9.50
|   |   |   |   |   |   |   |   |   |   |--- feature_6 <= 2.50
|   |   |   |   |   |   |   |   |   |   |   |--- truncated branch of depth 7
|   |   |   |   |   |   |   |   |   |   |--- feature_6 >  2.50
|   |   |   |   |   |   |   |   |   |   |   |--- truncated branch of depth 10
|   |   |   |   |   |   |   |--- feature_0 >  1.03
|   |   |   |   |   |   |   |   |--- feature_7 <= 8.78
|   |   |   |   |   |   |   |   |   |--- feature_3 <= 16.50
|   |   |   |   |   |   |   |   |   |   |--- feature_0 <= 1.28
|   |   |   |   |   |   |   |   |   |   |   |--- truncated branch of depth 2
|   |   |   |   |   |   |   |   |   |   |--- feature_0 >  1.28
|   |   |   |   |   |   |   |   |   |   |   |--- truncated branch of depth 5
|   |   |   |   |   |   |   |   |   |--- feature_3 >  16.50
|   |   |   |   |   |   |   |   |   |   |--- feature_0 <= 2.10
|   |   |   |   |   |   |   |   |   |   |   |--- truncated branch of depth 10
|   |   |   |   |   |   |   |   |   |   |--- feature_0 >  2.10
|   |   |   |   |   |   |   |   |   |   |   |--- truncated branch of depth 7
|   |   |   |   |   |   |   |   |--- feature_7 >  8.78
|   |   |   |   |   |   |   |   |   |--- feature_2 <= 2.50
|   |   |   |   |   |   |   |   |   |   |--- class: high
|   |   |   |   |   |   |   |   |   |--- feature_2 >  2.50
|   |   |   |   |   |   |   |   |   |   |--- feature_0 <= 3.80
|   |   |   |   |   |   |   |   |   |   |   |--- class: medium
|   |   |   |   |   |   |   |   |   |   |--- feature_0 >  3.80
|   |   |   |   |   |   |   |   |   |   |   |--- class: high
|   |   |   |   |   |   |--- feature_53 >  0.50
|   |   |   |   |   |   |   |--- feature_8 <= 15.50
|   |   |   |   |   |   |   |   |--- feature_66 <= 0.50
|   |   |   |   |   |   |   |   |   |--- feature_14 <= 6.50
|   |   |   |   |   |   |   |   |   |   |--- feature_14 <= 3.50
|   |   |   |   |   |   |   |   |   |   |   |--- truncated branch of depth 2
|   |   |   |   |   |   |   |   |   |   |--- feature_14 >  3.50
|   |   |   |   |   |   |   |   |   |   |   |--- truncated branch of depth 8
|   |   |   |   |   |   |   |   |   |--- feature_14 >  6.50
|   |   |   |   |   |   |   |   |   |   |--- feature_7 <= 7.80
|   |   |   |   |   |   |   |   |   |   |   |--- truncated branch of depth 5
|   |   |   |   |   |   |   |   |   |   |--- feature_7 >  7.80
|   |   |   |   |   |   |   |   |   |   |   |--- class: high
|   |   |   |   |   |   |   |   |--- feature_66 >  0.50
|   |   |   |   |   |   |   |   |   |--- feature_12 <= 0.15
|   |   |   |   |   |   |   |   |   |   |--- feature_30 <= 0.50
|   |   |   |   |   |   |   |   |   |   |   |--- truncated branch of depth 5
|   |   |   |   |   |   |   |   |   |   |--- feature_30 >  0.50
|   |   |   |   |   |   |   |   |   |   |   |--- truncated branch of depth 7
|   |   |   |   |   |   |   |   |   |--- feature_12 >  0.15
|   |   |   |   |   |   |   |   |   |   |--- feature_7 <= 8.51
|   |   |   |   |   |   |   |   |   |   |   |--- truncated branch of depth 5
|   |   |   |   |   |   |   |   |   |   |--- feature_7 >  8.51
|   |   |   |   |   |   |   |   |   |   |   |--- class: medium
|   |   |   |   |   |   |   |--- feature_8 >  15.50
|   |   |   |   |   |   |   |   |--- feature_2 <= 16.50
|   |   |   |   |   |   |   |   |   |--- feature_3 <= 130.50
|   |   |   |   |   |   |   |   |   |   |--- class: high
|   |   |   |   |   |   |   |   |   |--- feature_3 >  130.50
|   |   |   |   |   |   |   |   |   |   |--- feature_2 <= 14.50
|   |   |   |   |   |   |   |   |   |   |   |--- class: high
|   |   |   |   |   |   |   |   |   |   |--- feature_2 >  14.50
|   |   |   |   |   |   |   |   |   |   |   |--- class: low
|   |   |   |   |   |   |   |   |--- feature_2 >  16.50
|   |   |   |   |   |   |   |   |   |--- feature_3 <= 123.00
|   |   |   |   |   |   |   |   |   |   |--- class: medium
|   |   |   |   |   |   |   |   |   |--- feature_3 >  123.00
|   |   |   |   |   |   |   |   |   |   |--- feature_6 <= 10.00
|   |   |   |   |   |   |   |   |   |   |   |--- class: low
|   |   |   |   |   |   |   |   |   |   |--- feature_6 >  10.00
|   |   |   |   |   |   |   |   |   |   |   |--- class: medium
|   |   |   |   |   |--- feature_11 >  2.50
|   |   |   |   |   |   |--- feature_68 <= 0.50
|   |   |   |   |   |   |   |--- feature_82 <= 0.50
|   |   |   |   |   |   |   |   |--- feature_105 <= 0.50
|   |   |   |   |   |   |   |   |   |--- feature_90 <= 0.50
|   |   |   |   |   |   |   |   |   |   |--- feature_41 <= 0.50
|   |   |   |   |   |   |   |   |   |   |   |--- truncated branch of depth 31
|   |   |   |   |   |   |   |   |   |   |--- feature_41 >  0.50
|   |   |   |   |   |   |   |   |   |   |   |--- truncated branch of depth 4
|   |   |   |   |   |   |   |   |   |--- feature_90 >  0.50
|   |   |   |   |   |   |   |   |   |   |--- feature_3 <= 67.50
|   |   |   |   |   |   |   |   |   |   |   |--- truncated branch of depth 2
|   |   |   |   |   |   |   |   |   |   |--- feature_3 >  67.50
|   |   |   |   |   |   |   |   |   |   |   |--- truncated branch of depth 10
|   |   |   |   |   |   |   |   |--- feature_105 >  0.50
|   |   |   |   |   |   |   |   |   |--- feature_45 <= 0.50
|   |   |   |   |   |   |   |   |   |   |--- feature_65 <= 0.50
|   |   |   |   |   |   |   |   |   |   |   |--- class: high
|   |   |   |   |   |   |   |   |   |   |--- feature_65 >  0.50
|   |   |   |   |   |   |   |   |   |   |   |--- class: low
|   |   |   |   |   |   |   |   |   |--- feature_45 >  0.50
|   |   |   |   |   |   |   |   |   |   |--- class: low
|   |   |   |   |   |   |   |--- feature_82 >  0.50
|   |   |   |   |   |   |   |   |--- feature_9 <= 4.50
|   |   |   |   |   |   |   |   |   |--- feature_40 <= 0.50
|   |   |   |   |   |   |   |   |   |   |--- class: low
|   |   |   |   |   |   |   |   |   |--- feature_40 >  0.50
|   |   |   |   |   |   |   |   |   |   |--- class: high
|   |   |   |   |   |   |   |   |--- feature_9 >  4.50
|   |   |   |   |   |   |   |   |   |--- feature_11 <= 7.50
|   |   |   |   |   |   |   |   |   |   |--- class: none
|   |   |   |   |   |   |   |   |   |--- feature_11 >  7.50
|   |   |   |   |   |   |   |   |   |   |--- class: high
|   |   |   |   |   |   |--- feature_68 >  0.50
|   |   |   |   |   |   |   |--- feature_4 <= 4.50
|   |   |   |   |   |   |   |   |--- feature_14 <= 3.50
|   |   |   |   |   |   |   |   |   |--- feature_6 <= 2.50
|   |   |   |   |   |   |   |   |   |   |--- feature_0 <= -0.08
|   |   |   |   |   |   |   |   |   |   |   |--- truncated branch of depth 2
|   |   |   |   |   |   |   |   |   |   |--- feature_0 >  -0.08
|   |   |   |   |   |   |   |   |   |   |   |--- truncated branch of depth 4
|   |   |   |   |   |   |   |   |   |--- feature_6 >  2.50
|   |   |   |   |   |   |   |   |   |   |--- feature_7 <= 4.99
|   |   |   |   |   |   |   |   |   |   |   |--- truncated branch of depth 2
|   |   |   |   |   |   |   |   |   |   |--- feature_7 >  4.99
|   |   |   |   |   |   |   |   |   |   |   |--- truncated branch of depth 4
|   |   |   |   |   |   |   |   |--- feature_14 >  3.50
|   |   |   |   |   |   |   |   |   |--- class: none
|   |   |   |   |   |   |   |--- feature_4 >  4.50
|   |   |   |   |   |   |   |   |--- feature_3 <= 108.50
|   |   |   |   |   |   |   |   |   |--- feature_77 <= 0.50
|   |   |   |   |   |   |   |   |   |   |--- feature_105 <= 0.50
|   |   |   |   |   |   |   |   |   |   |   |--- truncated branch of depth 10
|   |   |   |   |   |   |   |   |   |   |--- feature_105 >  0.50
|   |   |   |   |   |   |   |   |   |   |   |--- truncated branch of depth 2
|   |   |   |   |   |   |   |   |   |--- feature_77 >  0.50
|   |   |   |   |   |   |   |   |   |   |--- feature_0 <= 0.04
|   |   |   |   |   |   |   |   |   |   |   |--- class: low
|   |   |   |   |   |   |   |   |   |   |--- feature_0 >  0.04
|   |   |   |   |   |   |   |   |   |   |   |--- truncated branch of depth 3
|   |   |   |   |   |   |   |   |--- feature_3 >  108.50
|   |   |   |   |   |   |   |   |   |--- feature_3 <= 113.50
|   |   |   |   |   |   |   |   |   |   |--- feature_112 <= 0.50
|   |   |   |   |   |   |   |   |   |   |   |--- truncated branch of depth 8
|   |   |   |   |   |   |   |   |   |   |--- feature_112 >  0.50
|   |   |   |   |   |   |   |   |   |   |   |--- truncated branch of depth 2
|   |   |   |   |   |   |   |   |   |--- feature_3 >  113.50
|   |   |   |   |   |   |   |   |   |   |--- feature_54 <= 0.50
|   |   |   |   |   |   |   |   |   |   |   |--- truncated branch of depth 8
|   |   |   |   |   |   |   |   |   |   |--- feature_54 >  0.50
|   |   |   |   |   |   |   |   |   |   |   |--- truncated branch of depth 4
|   |   |   |   |--- feature_38 >  0.50
|   |   |   |   |   |--- feature_3 <= 163.50
|   |   |   |   |   |   |--- feature_7 <= 7.32
|   |   |   |   |   |   |   |--- feature_6 <= 5.50
|   |   |   |   |   |   |   |   |--- feature_40 <= 0.50
|   |   |   |   |   |   |   |   |   |--- feature_88 <= 0.50
|   |   |   |   |   |   |   |   |   |   |--- feature_0 <= 1.51
|   |   |   |   |   |   |   |   |   |   |   |--- truncated branch of depth 9
|   |   |   |   |   |   |   |   |   |   |--- feature_0 >  1.51
|   |   |   |   |   |   |   |   |   |   |   |--- truncated branch of depth 4
|   |   |   |   |   |   |   |   |   |--- feature_88 >  0.50
|   |   |   |   |   |   |   |   |   |   |--- class: medium
|   |   |   |   |   |   |   |   |--- feature_40 >  0.50
|   |   |   |   |   |   |   |   |   |--- class: high
|   |   |   |   |   |   |   |--- feature_6 >  5.50
|   |   |   |   |   |   |   |   |--- feature_90 <= 0.50
|   |   |   |   |   |   |   |   |   |--- feature_9 <= 7.50
|   |   |   |   |   |   |   |   |   |   |--- feature_0 <= 0.88
|   |   |   |   |   |   |   |   |   |   |   |--- truncated branch of depth 4
|   |   |   |   |   |   |   |   |   |   |--- feature_0 >  0.88
|   |   |   |   |   |   |   |   |   |   |   |--- truncated branch of depth 3
|   |   |   |   |   |   |   |   |   |--- feature_9 >  7.50
|   |   |   |   |   |   |   |   |   |   |--- feature_8 <= 13.50
|   |   |   |   |   |   |   |   |   |   |   |--- truncated branch of depth 2
|   |   |   |   |   |   |   |   |   |   |--- feature_8 >  13.50
|   |   |   |   |   |   |   |   |   |   |   |--- truncated branch of depth 3
|   |   |   |   |   |   |   |   |--- feature_90 >  0.50
|   |   |   |   |   |   |   |   |   |--- class: none
|   |   |   |   |   |   |--- feature_7 >  7.32
|   |   |   |   |   |   |   |--- feature_11 <= 6.50
|   |   |   |   |   |   |   |   |--- feature_37 <= 0.50
|   |   |   |   |   |   |   |   |   |--- feature_12 <= 0.70
|   |   |   |   |   |   |   |   |   |   |--- feature_0 <= 2.87
|   |   |   |   |   |   |   |   |   |   |   |--- truncated branch of depth 16
|   |   |   |   |   |   |   |   |   |   |--- feature_0 >  2.87
|   |   |   |   |   |   |   |   |   |   |   |--- truncated branch of depth 5
|   |   |   |   |   |   |   |   |   |--- feature_12 >  0.70
|   |   |   |   |   |   |   |   |   |   |--- class: medium
|   |   |   |   |   |   |   |   |--- feature_37 >  0.50
|   |   |   |   |   |   |   |   |   |--- class: none
|   |   |   |   |   |   |   |--- feature_11 >  6.50
|   |   |   |   |   |   |   |   |--- feature_53 <= 0.50
|   |   |   |   |   |   |   |   |   |--- feature_8 <= 18.50
|   |   |   |   |   |   |   |   |   |   |--- feature_46 <= 0.50
|   |   |   |   |   |   |   |   |   |   |   |--- class: low
|   |   |   |   |   |   |   |   |   |   |--- feature_46 >  0.50
|   |   |   |   |   |   |   |   |   |   |   |--- class: medium
|   |   |   |   |   |   |   |   |   |--- feature_8 >  18.50
|   |   |   |   |   |   |   |   |   |   |--- feature_71 <= 0.50
|   |   |   |   |   |   |   |   |   |   |   |--- class: medium
|   |   |   |   |   |   |   |   |   |   |--- feature_71 >  0.50
|   |   |   |   |   |   |   |   |   |   |   |--- class: none
|   |   |   |   |   |   |   |   |--- feature_53 >  0.50
|   |   |   |   |   |   |   |   |   |--- feature_3 <= 102.50
|   |   |   |   |   |   |   |   |   |   |--- feature_6 <= 0.50
|   |   |   |   |   |   |   |   |   |   |   |--- class: none
|   |   |   |   |   |   |   |   |   |   |--- feature_6 >  0.50
|   |   |   |   |   |   |   |   |   |   |   |--- class: low
|   |   |   |   |   |   |   |   |   |--- feature_3 >  102.50
|   |   |   |   |   |   |   |   |   |   |--- feature_9 <= 13.00
|   |   |   |   |   |   |   |   |   |   |   |--- truncated branch of depth 3
|   |   |   |   |   |   |   |   |   |   |--- feature_9 >  13.00
|   |   |   |   |   |   |   |   |   |   |   |--- truncated branch of depth 3
|   |   |   |   |   |--- feature_3 >  163.50
|   |   |   |   |   |   |--- feature_0 <= -0.51
|   |   |   |   |   |   |   |--- feature_1 <= 10.50
|   |   |   |   |   |   |   |   |--- feature_7 <= 17.48
|   |   |   |   |   |   |   |   |   |--- feature_8 <= 18.50
|   |   |   |   |   |   |   |   |   |   |--- class: low
|   |   |   |   |   |   |   |   |   |--- feature_8 >  18.50
|   |   |   |   |   |   |   |   |   |   |--- class: high
|   |   |   |   |   |   |   |   |--- feature_7 >  17.48
|   |   |   |   |   |   |   |   |   |--- feature_0 <= -1.81
|   |   |   |   |   |   |   |   |   |   |--- feature_10 <= 0.50
|   |   |   |   |   |   |   |   |   |   |   |--- class: none
|   |   |   |   |   |   |   |   |   |   |--- feature_10 >  0.50
|   |   |   |   |   |   |   |   |   |   |   |--- class: medium
|   |   |   |   |   |   |   |   |   |--- feature_0 >  -1.81
|   |   |   |   |   |   |   |   |   |   |--- class: low
|   |   |   |   |   |   |   |--- feature_1 >  10.50
|   |   |   |   |   |   |   |   |--- feature_6 <= 6.50
|   |   |   |   |   |   |   |   |   |--- feature_3 <= 206.50
|   |   |   |   |   |   |   |   |   |   |--- feature_9 <= 12.50
|   |   |   |   |   |   |   |   |   |   |   |--- truncated branch of depth 5
|   |   |   |   |   |   |   |   |   |   |--- feature_9 >  12.50
|   |   |   |   |   |   |   |   |   |   |   |--- class: low
|   |   |   |   |   |   |   |   |   |--- feature_3 >  206.50
|   |   |   |   |   |   |   |   |   |   |--- feature_5 <= 1.50
|   |   |   |   |   |   |   |   |   |   |   |--- class: none
|   |   |   |   |   |   |   |   |   |   |--- feature_5 >  1.50
|   |   |   |   |   |   |   |   |   |   |   |--- class: medium
|   |   |   |   |   |   |   |   |--- feature_6 >  6.50
|   |   |   |   |   |   |   |   |   |--- feature_0 <= -0.82
|   |   |   |   |   |   |   |   |   |   |--- feature_6 <= 9.50
|   |   |   |   |   |   |   |   |   |   |   |--- truncated branch of depth 3
|   |   |   |   |   |   |   |   |   |   |--- feature_6 >  9.50
|   |   |   |   |   |   |   |   |   |   |   |--- truncated branch of depth 3
|   |   |   |   |   |   |   |   |   |--- feature_0 >  -0.82
|   |   |   |   |   |   |   |   |   |   |--- feature_12 <= -0.36
|   |   |   |   |   |   |   |   |   |   |   |--- class: medium
|   |   |   |   |   |   |   |   |   |   |--- feature_12 >  -0.36
|   |   |   |   |   |   |   |   |   |   |   |--- class: none
|   |   |   |   |   |   |--- feature_0 >  -0.51
|   |   |   |   |   |   |   |--- feature_10 <= 13.50
|   |   |   |   |   |   |   |   |--- feature_6 <= 0.50
|   |   |   |   |   |   |   |   |   |--- class: high
|   |   |   |   |   |   |   |   |--- feature_6 >  0.50
|   |   |   |   |   |   |   |   |   |--- feature_94 <= 0.50
|   |   |   |   |   |   |   |   |   |   |--- feature_15 <= 1.50
|   |   |   |   |   |   |   |   |   |   |   |--- truncated branch of depth 15
|   |   |   |   |   |   |   |   |   |   |--- feature_15 >  1.50
|   |   |   |   |   |   |   |   |   |   |   |--- truncated branch of depth 5
|   |   |   |   |   |   |   |   |   |--- feature_94 >  0.50
|   |   |   |   |   |   |   |   |   |   |--- feature_0 <= 0.93
|   |   |   |   |   |   |   |   |   |   |   |--- truncated branch of depth 2
|   |   |   |   |   |   |   |   |   |   |--- feature_0 >  0.93
|   |   |   |   |   |   |   |   |   |   |   |--- class: high
|   |   |   |   |   |   |   |--- feature_10 >  13.50
|   |   |   |   |   |   |   |   |--- feature_87 <= 0.50
|   |   |   |   |   |   |   |   |   |--- feature_18 <= 0.50
|   |   |   |   |   |   |   |   |   |   |--- class: low
|   |   |   |   |   |   |   |   |   |--- feature_18 >  0.50
|   |   |   |   |   |   |   |   |   |   |--- feature_3 <= 168.50
|   |   |   |   |   |   |   |   |   |   |   |--- class: high
|   |   |   |   |   |   |   |   |   |   |--- feature_3 >  168.50
|   |   |   |   |   |   |   |   |   |   |   |--- class: low
|   |   |   |   |   |   |   |   |--- feature_87 >  0.50
|   |   |   |   |   |   |   |   |   |--- feature_58 <= 0.50
|   |   |   |   |   |   |   |   |   |   |--- class: medium
|   |   |   |   |   |   |   |   |   |--- feature_58 >  0.50
|   |   |   |   |   |   |   |   |   |   |--- feature_9 <= 11.00
|   |   |   |   |   |   |   |   |   |   |   |--- class: high
|   |   |   |   |   |   |   |   |   |   |--- feature_9 >  11.00
|   |   |   |   |   |   |   |   |   |   |   |--- class: low
|   |   |   |--- feature_1 >  24.50
|   |   |   |   |--- feature_14 <= 37.50
|   |   |   |   |   |--- feature_40 <= 0.50
|   |   |   |   |   |   |--- feature_6 <= 9.50
|   |   |   |   |   |   |   |--- feature_6 <= 4.50
|   |   |   |   |   |   |   |   |--- feature_10 <= 22.50
|   |   |   |   |   |   |   |   |   |--- feature_7 <= 4.37
|   |   |   |   |   |   |   |   |   |   |--- feature_4 <= 22.50
|   |   |   |   |   |   |   |   |   |   |   |--- class: low
|   |   |   |   |   |   |   |   |   |   |--- feature_4 >  22.50
|   |   |   |   |   |   |   |   |   |   |   |--- class: medium
|   |   |   |   |   |   |   |   |   |--- feature_7 >  4.37
|   |   |   |   |   |   |   |   |   |   |--- feature_7 <= 6.61
|   |   |   |   |   |   |   |   |   |   |   |--- truncated branch of depth 4
|   |   |   |   |   |   |   |   |   |   |--- feature_7 >  6.61
|   |   |   |   |   |   |   |   |   |   |   |--- class: low
|   |   |   |   |   |   |   |   |--- feature_10 >  22.50
|   |   |   |   |   |   |   |   |   |--- feature_20 <= 0.50
|   |   |   |   |   |   |   |   |   |   |--- feature_52 <= 0.50
|   |   |   |   |   |   |   |   |   |   |   |--- truncated branch of depth 6
|   |   |   |   |   |   |   |   |   |   |--- feature_52 >  0.50
|   |   |   |   |   |   |   |   |   |   |   |--- class: medium
|   |   |   |   |   |   |   |   |   |--- feature_20 >  0.50
|   |   |   |   |   |   |   |   |   |   |--- feature_0 <= 1.28
|   |   |   |   |   |   |   |   |   |   |   |--- class: medium
|   |   |   |   |   |   |   |   |   |   |--- feature_0 >  1.28
|   |   |   |   |   |   |   |   |   |   |   |--- truncated branch of depth 2
|   |   |   |   |   |   |   |--- feature_6 >  4.50
|   |   |   |   |   |   |   |   |--- feature_12 <= 0.35
|   |   |   |   |   |   |   |   |   |--- feature_16 <= 0.50
|   |   |   |   |   |   |   |   |   |   |--- feature_101 <= 0.50
|   |   |   |   |   |   |   |   |   |   |   |--- class: low
|   |   |   |   |   |   |   |   |   |   |--- feature_101 >  0.50
|   |   |   |   |   |   |   |   |   |   |   |--- truncated branch of depth 2
|   |   |   |   |   |   |   |   |   |--- feature_16 >  0.50
|   |   |   |   |   |   |   |   |   |   |--- feature_12 <= 0.19
|   |   |   |   |   |   |   |   |   |   |   |--- class: high
|   |   |   |   |   |   |   |   |   |   |--- feature_12 >  0.19
|   |   |   |   |   |   |   |   |   |   |   |--- truncated branch of depth 2
|   |   |   |   |   |   |   |   |--- feature_12 >  0.35
|   |   |   |   |   |   |   |   |   |--- feature_1 <= 27.00
|   |   |   |   |   |   |   |   |   |   |--- class: none
|   |   |   |   |   |   |   |   |   |--- feature_1 >  27.00
|   |   |   |   |   |   |   |   |   |   |--- class: medium
|   |   |   |   |   |   |--- feature_6 >  9.50
|   |   |   |   |   |   |   |--- feature_4 <= 24.50
|   |   |   |   |   |   |   |   |--- feature_14 <= 6.00
|   |   |   |   |   |   |   |   |   |--- class: high
|   |   |   |   |   |   |   |   |--- feature_14 >  6.00
|   |   |   |   |   |   |   |   |   |--- class: medium
|   |   |   |   |   |   |   |--- feature_4 >  24.50
|   |   |   |   |   |   |   |   |--- feature_7 <= 7.77
|   |   |   |   |   |   |   |   |   |--- feature_0 <= 0.65
|   |   |   |   |   |   |   |   |   |   |--- feature_16 <= 0.50
|   |   |   |   |   |   |   |   |   |   |   |--- class: none
|   |   |   |   |   |   |   |   |   |   |--- feature_16 >  0.50
|   |   |   |   |   |   |   |   |   |   |   |--- class: high
|   |   |   |   |   |   |   |   |   |--- feature_0 >  0.65
|   |   |   |   |   |   |   |   |   |   |--- feature_54 <= 0.50
|   |   |   |   |   |   |   |   |   |   |   |--- class: high
|   |   |   |   |   |   |   |   |   |   |--- feature_54 >  0.50
|   |   |   |   |   |   |   |   |   |   |   |--- class: low
|   |   |   |   |   |   |   |   |--- feature_7 >  7.77
|   |   |   |   |   |   |   |   |   |--- feature_11 <= 2.50
|   |   |   |   |   |   |   |   |   |   |--- feature_14 <= 25.50
|   |   |   |   |   |   |   |   |   |   |   |--- class: medium
|   |   |   |   |   |   |   |   |   |   |--- feature_14 >  25.50
|   |   |   |   |   |   |   |   |   |   |   |--- class: high
|   |   |   |   |   |   |   |   |   |--- feature_11 >  2.50
|   |   |   |   |   |   |   |   |   |   |--- feature_10 <= 5.00
|   |   |   |   |   |   |   |   |   |   |   |--- class: none
|   |   |   |   |   |   |   |   |   |   |--- feature_10 >  5.00
|   |   |   |   |   |   |   |   |   |   |   |--- class: high
|   |   |   |   |   |--- feature_40 >  0.50
|   |   |   |   |   |   |--- class: high
|   |   |   |   |--- feature_14 >  37.50
|   |   |   |   |   |--- feature_77 <= 0.50
|   |   |   |   |   |   |--- feature_57 <= 0.50
|   |   |   |   |   |   |   |--- feature_0 <= -2.26
|   |   |   |   |   |   |   |   |--- feature_11 <= 1.50
|   |   |   |   |   |   |   |   |   |--- class: high
|   |   |   |   |   |   |   |   |--- feature_11 >  1.50
|   |   |   |   |   |   |   |   |   |--- class: medium
|   |   |   |   |   |   |   |--- feature_0 >  -2.26
|   |   |   |   |   |   |   |   |--- feature_6 <= 0.50
|   |   |   |   |   |   |   |   |   |--- class: low
|   |   |   |   |   |   |   |   |--- feature_6 >  0.50
|   |   |   |   |   |   |   |   |   |--- feature_20 <= 0.50
|   |   |   |   |   |   |   |   |   |   |--- class: medium
|   |   |   |   |   |   |   |   |   |--- feature_20 >  0.50
|   |   |   |   |   |   |   |   |   |   |--- feature_1 <= 46.50
|   |   |   |   |   |   |   |   |   |   |   |--- class: medium
|   |   |   |   |   |   |   |   |   |   |--- feature_1 >  46.50
|   |   |   |   |   |   |   |   |   |   |   |--- class: low
|   |   |   |   |   |   |--- feature_57 >  0.50
|   |   |   |   |   |   |   |--- class: low
|   |   |   |   |   |--- feature_77 >  0.50
|   |   |   |   |   |   |--- feature_0 <= -0.34
|   |   |   |   |   |   |   |--- class: none
|   |   |   |   |   |   |--- feature_0 >  -0.34
|   |   |   |   |   |   |   |--- class: medium
|   |   |--- feature_33 >  0.50
|   |   |   |--- feature_7 <= 5.50
|   |   |   |   |--- feature_0 <= 1.40
|   |   |   |   |   |--- feature_3 <= 116.00
|   |   |   |   |   |   |--- class: medium
|   |   |   |   |   |--- feature_3 >  116.00
|   |   |   |   |   |   |--- feature_9 <= 6.00
|   |   |   |   |   |   |   |--- class: high
|   |   |   |   |   |   |--- feature_9 >  6.00
|   |   |   |   |   |   |   |--- class: medium
|   |   |   |   |--- feature_0 >  1.40
|   |   |   |   |   |--- class: high
|   |   |   |--- feature_7 >  5.50
|   |   |   |   |--- feature_6 <= 13.50
|   |   |   |   |   |--- feature_7 <= 14.13
|   |   |   |   |   |   |--- feature_70 <= 0.50
|   |   |   |   |   |   |   |--- feature_8 <= 9.50
|   |   |   |   |   |   |   |   |--- feature_6 <= 2.00
|   |   |   |   |   |   |   |   |   |--- feature_1 <= 7.50
|   |   |   |   |   |   |   |   |   |   |--- class: high
|   |   |   |   |   |   |   |   |   |--- feature_1 >  7.50
|   |   |   |   |   |   |   |   |   |   |--- class: low
|   |   |   |   |   |   |   |   |--- feature_6 >  2.00
|   |   |   |   |   |   |   |   |   |--- feature_0 <= 0.59
|   |   |   |   |   |   |   |   |   |   |--- feature_3 <= 81.50
|   |   |   |   |   |   |   |   |   |   |   |--- class: none
|   |   |   |   |   |   |   |   |   |   |--- feature_3 >  81.50
|   |   |   |   |   |   |   |   |   |   |   |--- truncated branch of depth 3
|   |   |   |   |   |   |   |   |   |--- feature_0 >  0.59
|   |   |   |   |   |   |   |   |   |   |--- class: none
|   |   |   |   |   |   |   |--- feature_8 >  9.50
|   |   |   |   |   |   |   |   |--- feature_0 <= -1.09
|   |   |   |   |   |   |   |   |   |--- feature_3 <= 105.00
|   |   |   |   |   |   |   |   |   |   |--- class: medium
|   |   |   |   |   |   |   |   |   |--- feature_3 >  105.00
|   |   |   |   |   |   |   |   |   |   |--- class: low
|   |   |   |   |   |   |   |   |--- feature_0 >  -1.09
|   |   |   |   |   |   |   |   |   |--- feature_9 <= 8.50
|   |   |   |   |   |   |   |   |   |   |--- feature_7 <= 6.35
|   |   |   |   |   |   |   |   |   |   |   |--- class: none
|   |   |   |   |   |   |   |   |   |   |--- feature_7 >  6.35
|   |   |   |   |   |   |   |   |   |   |   |--- truncated branch of depth 5
|   |   |   |   |   |   |   |   |   |--- feature_9 >  8.50
|   |   |   |   |   |   |   |   |   |   |--- feature_85 <= 0.50
|   |   |   |   |   |   |   |   |   |   |   |--- class: none
|   |   |   |   |   |   |   |   |   |   |--- feature_85 >  0.50
|   |   |   |   |   |   |   |   |   |   |   |--- class: medium
|   |   |   |   |   |   |--- feature_70 >  0.50
|   |   |   |   |   |   |   |--- class: high
|   |   |   |   |   |--- feature_7 >  14.13
|   |   |   |   |   |   |--- feature_2 <= 10.50
|   |   |   |   |   |   |   |--- class: high
|   |   |   |   |   |   |--- feature_2 >  10.50
|   |   |   |   |   |   |   |--- class: low
|   |   |   |   |--- feature_6 >  13.50
|   |   |   |   |   |--- feature_20 <= 1.00
|   |   |   |   |   |   |--- class: none
|   |   |   |   |   |--- feature_20 >  1.00
|   |   |   |   |   |   |--- class: medium
|   |--- feature_11 >  8.50
|   |   |--- feature_1 <= 23.50
|   |   |   |--- feature_4 <= 15.50
|   |   |   |   |--- feature_7 <= 3.95
|   |   |   |   |   |--- feature_4 <= 2.50
|   |   |   |   |   |   |--- feature_59 <= 0.50
|   |   |   |   |   |   |   |--- feature_3 <= 95.00
|   |   |   |   |   |   |   |   |--- feature_12 <= 0.21
|   |   |   |   |   |   |   |   |   |--- feature_45 <= 0.50
|   |   |   |   |   |   |   |   |   |   |--- class: none
|   |   |   |   |   |   |   |   |   |--- feature_45 >  0.50
|   |   |   |   |   |   |   |   |   |   |--- feature_8 <= 2.50
|   |   |   |   |   |   |   |   |   |   |   |--- class: medium
|   |   |   |   |   |   |   |   |   |   |--- feature_8 >  2.50
|   |   |   |   |   |   |   |   |   |   |   |--- class: none
|   |   |   |   |   |   |   |   |--- feature_12 >  0.21
|   |   |   |   |   |   |   |   |   |--- class: medium
|   |   |   |   |   |   |   |--- feature_3 >  95.00
|   |   |   |   |   |   |   |   |--- class: high
|   |   |   |   |   |   |--- feature_59 >  0.50
|   |   |   |   |   |   |   |--- class: high
|   |   |   |   |   |--- feature_4 >  2.50
|   |   |   |   |   |   |--- feature_12 <= -0.07
|   |   |   |   |   |   |   |--- class: medium
|   |   |   |   |   |   |--- feature_12 >  -0.07
|   |   |   |   |   |   |   |--- feature_6 <= 2.50
|   |   |   |   |   |   |   |   |--- feature_11 <= 14.50
|   |   |   |   |   |   |   |   |   |--- feature_40 <= 0.50
|   |   |   |   |   |   |   |   |   |   |--- feature_28 <= 0.50
|   |   |   |   |   |   |   |   |   |   |   |--- truncated branch of depth 5
|   |   |   |   |   |   |   |   |   |   |--- feature_28 >  0.50
|   |   |   |   |   |   |   |   |   |   |   |--- class: high
|   |   |   |   |   |   |   |   |   |--- feature_40 >  0.50
|   |   |   |   |   |   |   |   |   |   |--- class: none
|   |   |   |   |   |   |   |   |--- feature_11 >  14.50
|   |   |   |   |   |   |   |   |   |--- class: medium
|   |   |   |   |   |   |   |--- feature_6 >  2.50
|   |   |   |   |   |   |   |   |--- feature_10 <= 1.50
|   |   |   |   |   |   |   |   |   |--- feature_5 <= 0.50
|   |   |   |   |   |   |   |   |   |   |--- class: high
|   |   |   |   |   |   |   |   |   |--- feature_5 >  0.50
|   |   |   |   |   |   |   |   |   |   |--- class: none
|   |   |   |   |   |   |   |   |--- feature_10 >  1.50
|   |   |   |   |   |   |   |   |   |--- feature_49 <= 0.50
|   |   |   |   |   |   |   |   |   |   |--- class: low
|   |   |   |   |   |   |   |   |   |--- feature_49 >  0.50
|   |   |   |   |   |   |   |   |   |   |--- class: high
|   |   |   |   |--- feature_7 >  3.95
|   |   |   |   |   |--- feature_74 <= 0.50
|   |   |   |   |   |   |--- feature_0 <= 0.32
|   |   |   |   |   |   |   |--- feature_39 <= 0.50
|   |   |   |   |   |   |   |   |--- feature_8 <= 2.50
|   |   |   |   |   |   |   |   |   |--- feature_22 <= 0.50
|   |   |   |   |   |   |   |   |   |   |--- feature_6 <= 1.50
|   |   |   |   |   |   |   |   |   |   |   |--- truncated branch of depth 5
|   |   |   |   |   |   |   |   |   |   |--- feature_6 >  1.50
|   |   |   |   |   |   |   |   |   |   |   |--- truncated branch of depth 3
|   |   |   |   |   |   |   |   |   |--- feature_22 >  0.50
|   |   |   |   |   |   |   |   |   |   |--- feature_3 <= 62.50
|   |   |   |   |   |   |   |   |   |   |   |--- class: medium
|   |   |   |   |   |   |   |   |   |   |--- feature_3 >  62.50
|   |   |   |   |   |   |   |   |   |   |   |--- class: high
|   |   |   |   |   |   |   |   |--- feature_8 >  2.50
|   |   |   |   |   |   |   |   |   |--- feature_2 <= 21.50
|   |   |   |   |   |   |   |   |   |   |--- feature_2 <= 18.50
|   |   |   |   |   |   |   |   |   |   |   |--- truncated branch of depth 16
|   |   |   |   |   |   |   |   |   |   |--- feature_2 >  18.50
|   |   |   |   |   |   |   |   |   |   |   |--- truncated branch of depth 9
|   |   |   |   |   |   |   |   |   |--- feature_2 >  21.50
|   |   |   |   |   |   |   |   |   |   |--- feature_4 <= 7.50
|   |   |   |   |   |   |   |   |   |   |   |--- truncated branch of depth 4
|   |   |   |   |   |   |   |   |   |   |--- feature_4 >  7.50
|   |   |   |   |   |   |   |   |   |   |   |--- truncated branch of depth 4
|   |   |   |   |   |   |   |--- feature_39 >  0.50
|   |   |   |   |   |   |   |   |--- feature_11 <= 18.00
|   |   |   |   |   |   |   |   |   |--- feature_0 <= -0.27
|   |   |   |   |   |   |   |   |   |   |--- feature_2 <= 19.50
|   |   |   |   |   |   |   |   |   |   |   |--- class: high
|   |   |   |   |   |   |   |   |   |   |--- feature_2 >  19.50
|   |   |   |   |   |   |   |   |   |   |   |--- class: none
|   |   |   |   |   |   |   |   |   |--- feature_0 >  -0.27
|   |   |   |   |   |   |   |   |   |   |--- class: none
|   |   |   |   |   |   |   |   |--- feature_11 >  18.00
|   |   |   |   |   |   |   |   |   |--- class: low
|   |   |   |   |   |   |--- feature_0 >  0.32
|   |   |   |   |   |   |   |--- feature_68 <= 0.50
|   |   |   |   |   |   |   |   |--- feature_54 <= 0.50
|   |   |   |   |   |   |   |   |   |--- feature_47 <= 0.50
|   |   |   |   |   |   |   |   |   |   |--- feature_96 <= 0.50
|   |   |   |   |   |   |   |   |   |   |   |--- truncated branch of depth 13
|   |   |   |   |   |   |   |   |   |   |--- feature_96 >  0.50
|   |   |   |   |   |   |   |   |   |   |   |--- truncated branch of depth 13
|   |   |   |   |   |   |   |   |   |--- feature_47 >  0.50
|   |   |   |   |   |   |   |   |   |   |--- feature_12 <= 0.29
|   |   |   |   |   |   |   |   |   |   |   |--- truncated branch of depth 2
|   |   |   |   |   |   |   |   |   |   |--- feature_12 >  0.29
|   |   |   |   |   |   |   |   |   |   |   |--- truncated branch of depth 2
|   |   |   |   |   |   |   |   |--- feature_54 >  0.50
|   |   |   |   |   |   |   |   |   |--- feature_4 <= 10.50
|   |   |   |   |   |   |   |   |   |   |--- class: none
|   |   |   |   |   |   |   |   |   |--- feature_4 >  10.50
|   |   |   |   |   |   |   |   |   |   |--- feature_45 <= 0.50
|   |   |   |   |   |   |   |   |   |   |   |--- truncated branch of depth 2
|   |   |   |   |   |   |   |   |   |   |--- feature_45 >  0.50
|   |   |   |   |   |   |   |   |   |   |   |--- truncated branch of depth 2
|   |   |   |   |   |   |   |--- feature_68 >  0.50
|   |   |   |   |   |   |   |   |--- feature_8 <= 5.50
|   |   |   |   |   |   |   |   |   |--- feature_11 <= 10.50
|   |   |   |   |   |   |   |   |   |   |--- feature_43 <= 0.50
|   |   |   |   |   |   |   |   |   |   |   |--- truncated branch of depth 3
|   |   |   |   |   |   |   |   |   |   |--- feature_43 >  0.50
|   |   |   |   |   |   |   |   |   |   |   |--- class: medium
|   |   |   |   |   |   |   |   |   |--- feature_11 >  10.50
|   |   |   |   |   |   |   |   |   |   |--- feature_12 <= 0.28
|   |   |   |   |   |   |   |   |   |   |   |--- truncated branch of depth 3
|   |   |   |   |   |   |   |   |   |   |--- feature_12 >  0.28
|   |   |   |   |   |   |   |   |   |   |   |--- class: high
|   |   |   |   |   |   |   |   |--- feature_8 >  5.50
|   |   |   |   |   |   |   |   |   |--- feature_3 <= 114.50
|   |   |   |   |   |   |   |   |   |   |--- feature_7 <= 5.43
|   |   |   |   |   |   |   |   |   |   |   |--- class: high
|   |   |   |   |   |   |   |   |   |   |--- feature_7 >  5.43
|   |   |   |   |   |   |   |   |   |   |   |--- truncated branch of depth 4
|   |   |   |   |   |   |   |   |   |--- feature_3 >  114.50
|   |   |   |   |   |   |   |   |   |   |--- feature_10 <= 1.50
|   |   |   |   |   |   |   |   |   |   |   |--- truncated branch of depth 6
|   |   |   |   |   |   |   |   |   |   |--- feature_10 >  1.50
|   |   |   |   |   |   |   |   |   |   |   |--- truncated branch of depth 4
|   |   |   |   |   |--- feature_74 >  0.50
|   |   |   |   |   |   |--- feature_7 <= 5.44
|   |   |   |   |   |   |   |--- feature_9 <= 2.50
|   |   |   |   |   |   |   |   |--- feature_0 <= -1.65
|   |   |   |   |   |   |   |   |   |--- class: high
|   |   |   |   |   |   |   |   |--- feature_0 >  -1.65
|   |   |   |   |   |   |   |   |   |--- feature_7 <= 4.53
|   |   |   |   |   |   |   |   |   |   |--- class: low
|   |   |   |   |   |   |   |   |   |--- feature_7 >  4.53
|   |   |   |   |   |   |   |   |   |   |--- feature_7 <= 5.11
|   |   |   |   |   |   |   |   |   |   |   |--- truncated branch of depth 4
|   |   |   |   |   |   |   |   |   |   |--- feature_7 >  5.11
|   |   |   |   |   |   |   |   |   |   |   |--- class: low
|   |   |   |   |   |   |   |--- feature_9 >  2.50
|   |   |   |   |   |   |   |   |--- feature_1 <= 20.50
|   |   |   |   |   |   |   |   |   |--- feature_5 <= 2.50
|   |   |   |   |   |   |   |   |   |   |--- feature_23 <= 0.50
|   |   |   |   |   |   |   |   |   |   |   |--- class: high
|   |   |   |   |   |   |   |   |   |   |--- feature_23 >  0.50
|   |   |   |   |   |   |   |   |   |   |   |--- class: none
|   |   |   |   |   |   |   |   |   |--- feature_5 >  2.50
|   |   |   |   |   |   |   |   |   |   |--- feature_36 <= 0.50
|   |   |   |   |   |   |   |   |   |   |   |--- class: none
|   |   |   |   |   |   |   |   |   |   |--- feature_36 >  0.50
|   |   |   |   |   |   |   |   |   |   |   |--- class: medium
|   |   |   |   |   |   |   |   |--- feature_1 >  20.50
|   |   |   |   |   |   |   |   |   |--- class: low
|   |   |   |   |   |   |--- feature_7 >  5.44
|   |   |   |   |   |   |   |--- feature_3 <= 130.00
|   |   |   |   |   |   |   |   |--- feature_12 <= 0.04
|   |   |   |   |   |   |   |   |   |--- feature_10 <= 4.50
|   |   |   |   |   |   |   |   |   |   |--- class: high
|   |   |   |   |   |   |   |   |   |--- feature_10 >  4.50
|   |   |   |   |   |   |   |   |   |   |--- class: medium
|   |   |   |   |   |   |   |   |--- feature_12 >  0.04
|   |   |   |   |   |   |   |   |   |--- class: medium
|   |   |   |   |   |   |   |--- feature_3 >  130.00
|   |   |   |   |   |   |   |   |--- feature_61 <= 0.50
|   |   |   |   |   |   |   |   |   |--- class: high
|   |   |   |   |   |   |   |   |--- feature_61 >  0.50
|   |   |   |   |   |   |   |   |   |--- class: low
|   |   |   |--- feature_4 >  15.50
|   |   |   |   |--- feature_23 <= 0.50
|   |   |   |   |   |--- feature_12 <= -0.07
|   |   |   |   |   |   |--- feature_2 <= 18.50
|   |   |   |   |   |   |   |--- feature_3 <= 173.50
|   |   |   |   |   |   |   |   |--- class: none
|   |   |   |   |   |   |   |--- feature_3 >  173.50
|   |   |   |   |   |   |   |   |--- feature_9 <= 19.00
|   |   |   |   |   |   |   |   |   |--- feature_0 <= 2.53
|   |   |   |   |   |   |   |   |   |   |--- class: low
|   |   |   |   |   |   |   |   |   |--- feature_0 >  2.53
|   |   |   |   |   |   |   |   |   |   |--- class: none
|   |   |   |   |   |   |   |   |--- feature_9 >  19.00
|   |   |   |   |   |   |   |   |   |--- class: medium
|   |   |   |   |   |   |--- feature_2 >  18.50
|   |   |   |   |   |   |   |--- class: low
|   |   |   |   |   |--- feature_12 >  -0.07
|   |   |   |   |   |   |--- feature_3 <= 137.50
|   |   |   |   |   |   |   |--- feature_7 <= 6.48
|   |   |   |   |   |   |   |   |--- feature_110 <= 0.50
|   |   |   |   |   |   |   |   |   |--- class: low
|   |   |   |   |   |   |   |   |--- feature_110 >  0.50
|   |   |   |   |   |   |   |   |   |--- class: medium
|   |   |   |   |   |   |   |--- feature_7 >  6.48
|   |   |   |   |   |   |   |   |--- feature_93 <= 0.50
|   |   |   |   |   |   |   |   |   |--- class: high
|   |   |   |   |   |   |   |   |--- feature_93 >  0.50
|   |   |   |   |   |   |   |   |   |--- class: medium
|   |   |   |   |   |   |--- feature_3 >  137.50
|   |   |   |   |   |   |   |--- feature_3 <= 161.50
|   |   |   |   |   |   |   |   |--- feature_53 <= 0.50
|   |   |   |   |   |   |   |   |   |--- feature_12 <= 0.23
|   |   |   |   |   |   |   |   |   |   |--- class: high
|   |   |   |   |   |   |   |   |   |--- feature_12 >  0.23
|   |   |   |   |   |   |   |   |   |   |--- class: medium
|   |   |   |   |   |   |   |   |--- feature_53 >  0.50
|   |   |   |   |   |   |   |   |   |--- feature_56 <= 0.50
|   |   |   |   |   |   |   |   |   |   |--- feature_32 <= 0.50
|   |   |   |   |   |   |   |   |   |   |   |--- class: none
|   |   |   |   |   |   |   |   |   |   |--- feature_32 >  0.50
|   |   |   |   |   |   |   |   |   |   |   |--- class: high
|   |   |   |   |   |   |   |   |   |--- feature_56 >  0.50
|   |   |   |   |   |   |   |   |   |   |--- class: medium
|   |   |   |   |   |   |   |--- feature_3 >  161.50
|   |   |   |   |   |   |   |   |--- feature_3 <= 180.50
|   |   |   |   |   |   |   |   |   |--- feature_68 <= 0.50
|   |   |   |   |   |   |   |   |   |   |--- class: low
|   |   |   |   |   |   |   |   |   |--- feature_68 >  0.50
|   |   |   |   |   |   |   |   |   |   |--- feature_68 <= 1.50
|   |   |   |   |   |   |   |   |   |   |   |--- truncated branch of depth 2
|   |   |   |   |   |   |   |   |   |   |--- feature_68 >  1.50
|   |   |   |   |   |   |   |   |   |   |   |--- truncated branch of depth 3
|   |   |   |   |   |   |   |   |--- feature_3 >  180.50
|   |   |   |   |   |   |   |   |   |--- feature_14 <= 6.50
|   |   |   |   |   |   |   |   |   |   |--- feature_60 <= 0.50
|   |   |   |   |   |   |   |   |   |   |   |--- truncated branch of depth 5
|   |   |   |   |   |   |   |   |   |   |--- feature_60 >  0.50
|   |   |   |   |   |   |   |   |   |   |   |--- truncated branch of depth 3
|   |   |   |   |   |   |   |   |   |--- feature_14 >  6.50
|   |   |   |   |   |   |   |   |   |   |--- feature_0 <= -1.62
|   |   |   |   |   |   |   |   |   |   |   |--- truncated branch of depth 3
|   |   |   |   |   |   |   |   |   |   |--- feature_0 >  -1.62
|   |   |   |   |   |   |   |   |   |   |   |--- truncated branch of depth 8
|   |   |   |   |--- feature_23 >  0.50
|   |   |   |   |   |--- feature_8 <= 22.00
|   |   |   |   |   |   |--- class: medium
|   |   |   |   |   |--- feature_8 >  22.00
|   |   |   |   |   |   |--- feature_22 <= 0.50
|   |   |   |   |   |   |   |--- class: high
|   |   |   |   |   |   |--- feature_22 >  0.50
|   |   |   |   |   |   |   |--- class: medium
|   |   |--- feature_1 >  23.50
|   |   |   |--- feature_71 <= 0.50
|   |   |   |   |--- feature_47 <= 1.50
|   |   |   |   |   |--- feature_5 <= 27.50
|   |   |   |   |   |   |--- feature_3 <= 146.50
|   |   |   |   |   |   |   |--- feature_4 <= 22.00
|   |   |   |   |   |   |   |   |--- feature_112 <= 0.50
|   |   |   |   |   |   |   |   |   |--- feature_6 <= 2.50
|   |   |   |   |   |   |   |   |   |   |--- feature_45 <= 0.50
|   |   |   |   |   |   |   |   |   |   |   |--- truncated branch of depth 10
|   |   |   |   |   |   |   |   |   |   |--- feature_45 >  0.50
|   |   |   |   |   |   |   |   |   |   |   |--- truncated branch of depth 5
|   |   |   |   |   |   |   |   |   |--- feature_6 >  2.50
|   |   |   |   |   |   |   |   |   |   |--- feature_0 <= -1.74
|   |   |   |   |   |   |   |   |   |   |   |--- truncated branch of depth 2
|   |   |   |   |   |   |   |   |   |   |--- feature_0 >  -1.74
|   |   |   |   |   |   |   |   |   |   |   |--- truncated branch of depth 12
|   |   |   |   |   |   |   |   |--- feature_112 >  0.50
|   |   |   |   |   |   |   |   |   |--- feature_3 <= 139.50
|   |   |   |   |   |   |   |   |   |   |--- feature_3 <= 133.00
|   |   |   |   |   |   |   |   |   |   |   |--- truncated branch of depth 3
|   |   |   |   |   |   |   |   |   |   |--- feature_3 >  133.00
|   |   |   |   |   |   |   |   |   |   |   |--- truncated branch of depth 3
|   |   |   |   |   |   |   |   |   |--- feature_3 >  139.50
|   |   |   |   |   |   |   |   |   |   |--- class: medium
|   |   |   |   |   |   |   |--- feature_4 >  22.00
|   |   |   |   |   |   |   |   |--- class: high
|   |   |   |   |   |   |--- feature_3 >  146.50
|   |   |   |   |   |   |   |--- feature_93 <= 2.50
|   |   |   |   |   |   |   |   |--- feature_90 <= 0.50
|   |   |   |   |   |   |   |   |   |--- feature_89 <= 0.50
|   |   |   |   |   |   |   |   |   |   |--- feature_62 <= 0.50
|   |   |   |   |   |   |   |   |   |   |   |--- truncated branch of depth 18
|   |   |   |   |   |   |   |   |   |   |--- feature_62 >  0.50
|   |   |   |   |   |   |   |   |   |   |   |--- truncated branch of depth 6
|   |   |   |   |   |   |   |   |   |--- feature_89 >  0.50
|   |   |   |   |   |   |   |   |   |   |--- feature_11 <= 36.50
|   |   |   |   |   |   |   |   |   |   |   |--- truncated branch of depth 5
|   |   |   |   |   |   |   |   |   |   |--- feature_11 >  36.50
|   |   |   |   |   |   |   |   |   |   |   |--- truncated branch of depth 2
|   |   |   |   |   |   |   |   |--- feature_90 >  0.50
|   |   |   |   |   |   |   |   |   |--- feature_9 <= 1.50
|   |   |   |   |   |   |   |   |   |   |--- feature_14 <= 7.50
|   |   |   |   |   |   |   |   |   |   |   |--- truncated branch of depth 3
|   |   |   |   |   |   |   |   |   |   |--- feature_14 >  7.50
|   |   |   |   |   |   |   |   |   |   |   |--- truncated branch of depth 3
|   |   |   |   |   |   |   |   |   |--- feature_9 >  1.50
|   |   |   |   |   |   |   |   |   |   |--- feature_10 <= 2.50
|   |   |   |   |   |   |   |   |   |   |   |--- truncated branch of depth 3
|   |   |   |   |   |   |   |   |   |   |--- feature_10 >  2.50
|   |   |   |   |   |   |   |   |   |   |   |--- truncated branch of depth 3
|   |   |   |   |   |   |   |--- feature_93 >  2.50
|   |   |   |   |   |   |   |   |--- feature_12 <= 0.11
|   |   |   |   |   |   |   |   |   |--- feature_12 <= -0.18
|   |   |   |   |   |   |   |   |   |   |--- feature_12 <= -0.24
|   |   |   |   |   |   |   |   |   |   |   |--- class: low
|   |   |   |   |   |   |   |   |   |   |--- feature_12 >  -0.24
|   |   |   |   |   |   |   |   |   |   |   |--- class: medium
|   |   |   |   |   |   |   |   |   |--- feature_12 >  -0.18
|   |   |   |   |   |   |   |   |   |   |--- feature_96 <= 1.50
|   |   |   |   |   |   |   |   |   |   |   |--- truncated branch of depth 4
|   |   |   |   |   |   |   |   |   |   |--- feature_96 >  1.50
|   |   |   |   |   |   |   |   |   |   |   |--- truncated branch of depth 3
|   |   |   |   |   |   |   |   |--- feature_12 >  0.11
|   |   |   |   |   |   |   |   |   |--- feature_14 <= 1.50
|   |   |   |   |   |   |   |   |   |   |--- feature_60 <= 0.50
|   |   |   |   |   |   |   |   |   |   |   |--- class: low
|   |   |   |   |   |   |   |   |   |   |--- feature_60 >  0.50
|   |   |   |   |   |   |   |   |   |   |   |--- truncated branch of depth 2
|   |   |   |   |   |   |   |   |   |--- feature_14 >  1.50
|   |   |   |   |   |   |   |   |   |   |--- feature_1 <= 30.50
|   |   |   |   |   |   |   |   |   |   |   |--- class: high
|   |   |   |   |   |   |   |   |   |   |--- feature_1 >  30.50
|   |   |   |   |   |   |   |   |   |   |   |--- truncated branch of depth 7
|   |   |   |   |   |--- feature_5 >  27.50
|   |   |   |   |   |   |--- feature_0 <= 2.02
|   |   |   |   |   |   |   |--- feature_3 <= 273.00
|   |   |   |   |   |   |   |   |--- feature_88 <= 0.50
|   |   |   |   |   |   |   |   |   |--- class: none
|   |   |   |   |   |   |   |   |--- feature_88 >  0.50
|   |   |   |   |   |   |   |   |   |--- class: medium
|   |   |   |   |   |   |   |--- feature_3 >  273.00
|   |   |   |   |   |   |   |   |--- class: low
|   |   |   |   |   |   |--- feature_0 >  2.02
|   |   |   |   |   |   |   |--- class: medium
|   |   |   |   |--- feature_47 >  1.50
|   |   |   |   |   |--- feature_3 <= 269.50
|   |   |   |   |   |   |--- class: none
|   |   |   |   |   |--- feature_3 >  269.50
|   |   |   |   |   |   |--- class: medium
|   |   |   |--- feature_71 >  0.50
|   |   |   |   |--- feature_89 <= 0.50
|   |   |   |   |   |--- feature_7 <= 7.90
|   |   |   |   |   |   |--- feature_3 <= 272.00
|   |   |   |   |   |   |   |--- feature_108 <= 0.50
|   |   |   |   |   |   |   |   |--- feature_102 <= 0.50
|   |   |   |   |   |   |   |   |   |--- feature_20 <= 0.50
|   |   |   |   |   |   |   |   |   |   |--- class: low
|   |   |   |   |   |   |   |   |   |--- feature_20 >  0.50
|   |   |   |   |   |   |   |   |   |   |--- class: high
|   |   |   |   |   |   |   |   |--- feature_102 >  0.50
|   |   |   |   |   |   |   |   |   |--- feature_45 <= 1.00
|   |   |   |   |   |   |   |   |   |   |--- class: high
|   |   |   |   |   |   |   |   |   |--- feature_45 >  1.00
|   |   |   |   |   |   |   |   |   |   |--- class: medium
|   |   |   |   |   |   |   |--- feature_108 >  0.50
|   |   |   |   |   |   |   |   |--- feature_7 <= 3.94
|   |   |   |   |   |   |   |   |   |--- class: medium
|   |   |   |   |   |   |   |   |--- feature_7 >  3.94
|   |   |   |   |   |   |   |   |   |--- class: high
|   |   |   |   |   |   |--- feature_3 >  272.00
|   |   |   |   |   |   |   |--- feature_22 <= 0.50
|   |   |   |   |   |   |   |   |--- class: low
|   |   |   |   |   |   |   |--- feature_22 >  0.50
|   |   |   |   |   |   |   |   |--- class: none
|   |   |   |   |   |--- feature_7 >  7.90
|   |   |   |   |   |   |--- feature_4 <= 50.00
|   |   |   |   |   |   |   |--- feature_110 <= 1.00
|   |   |   |   |   |   |   |   |--- class: high
|   |   |   |   |   |   |   |--- feature_110 >  1.00
|   |   |   |   |   |   |   |   |--- class: low
|   |   |   |   |   |   |--- feature_4 >  50.00
|   |   |   |   |   |   |   |--- class: medium
|   |   |   |   |--- feature_89 >  0.50
|   |   |   |   |   |--- feature_12 <= 0.02
|   |   |   |   |   |   |--- class: none
|   |   |   |   |   |--- feature_12 >  0.02
|   |   |   |   |   |   |--- feature_6 <= 3.50
|   |   |   |   |   |   |   |--- feature_2 <= 29.50
|   |   |   |   |   |   |   |   |--- class: low
|   |   |   |   |   |   |   |--- feature_2 >  29.50
|   |   |   |   |   |   |   |   |--- class: none
|   |   |   |   |   |   |--- feature_6 >  3.50
|   |   |   |   |   |   |   |--- class: medium
|--- feature_81 >  0.50
|   |--- feature_87 <= 0.50
|   |   |--- feature_3 <= 113.50
|   |   |   |--- feature_0 <= 1.64
|   |   |   |   |--- feature_0 <= 0.67
|   |   |   |   |   |--- feature_0 <= -0.54
|   |   |   |   |   |   |--- feature_12 <= 0.05
|   |   |   |   |   |   |   |--- feature_9 <= 0.50
|   |   |   |   |   |   |   |   |--- class: high
|   |   |   |   |   |   |   |--- feature_9 >  0.50
|   |   |   |   |   |   |   |   |--- class: medium
|   |   |   |   |   |   |--- feature_12 >  0.05
|   |   |   |   |   |   |   |--- feature_53 <= 1.50
|   |   |   |   |   |   |   |   |--- feature_6 <= 9.50
|   |   |   |   |   |   |   |   |   |--- feature_7 <= 8.57
|   |   |   |   |   |   |   |   |   |   |--- feature_14 <= 4.50
|   |   |   |   |   |   |   |   |   |   |   |--- truncated branch of depth 2
|   |   |   |   |   |   |   |   |   |   |--- feature_14 >  4.50
|   |   |   |   |   |   |   |   |   |   |   |--- truncated branch of depth 6
|   |   |   |   |   |   |   |   |   |--- feature_7 >  8.57
|   |   |   |   |   |   |   |   |   |   |--- feature_8 <= 10.00
|   |   |   |   |   |   |   |   |   |   |   |--- class: medium
|   |   |   |   |   |   |   |   |   |   |--- feature_8 >  10.00
|   |   |   |   |   |   |   |   |   |   |   |--- class: none
|   |   |   |   |   |   |   |   |--- feature_6 >  9.50
|   |   |   |   |   |   |   |   |   |--- feature_12 <= 0.38
|   |   |   |   |   |   |   |   |   |   |--- class: low
|   |   |   |   |   |   |   |   |   |--- feature_12 >  0.38
|   |   |   |   |   |   |   |   |   |   |--- feature_93 <= 0.50
|   |   |   |   |   |   |   |   |   |   |   |--- class: none
|   |   |   |   |   |   |   |   |   |   |--- feature_93 >  0.50
|   |   |   |   |   |   |   |   |   |   |   |--- class: medium
|   |   |   |   |   |   |   |--- feature_53 >  1.50
|   |   |   |   |   |   |   |   |--- feature_76 <= 0.50
|   |   |   |   |   |   |   |   |   |--- class: low
|   |   |   |   |   |   |   |   |--- feature_76 >  0.50
|   |   |   |   |   |   |   |   |   |--- class: medium
|   |   |   |   |   |--- feature_0 >  -0.54
|   |   |   |   |   |   |--- feature_0 <= -0.24
|   |   |   |   |   |   |   |--- feature_10 <= 3.00
|   |   |   |   |   |   |   |   |--- feature_7 <= 6.84
|   |   |   |   |   |   |   |   |   |--- feature_9 <= 3.50
|   |   |   |   |   |   |   |   |   |   |--- class: none
|   |   |   |   |   |   |   |   |   |--- feature_9 >  3.50
|   |   |   |   |   |   |   |   |   |   |--- feature_11 <= 6.50
|   |   |   |   |   |   |   |   |   |   |   |--- class: none
|   |   |   |   |   |   |   |   |   |   |--- feature_11 >  6.50
|   |   |   |   |   |   |   |   |   |   |   |--- truncated branch of depth 2
|   |   |   |   |   |   |   |   |--- feature_7 >  6.84
|   |   |   |   |   |   |   |   |   |--- feature_7 <= 7.89
|   |   |   |   |   |   |   |   |   |   |--- feature_12 <= 0.28
|   |   |   |   |   |   |   |   |   |   |   |--- truncated branch of depth 2
|   |   |   |   |   |   |   |   |   |   |--- feature_12 >  0.28
|   |   |   |   |   |   |   |   |   |   |   |--- truncated branch of depth 6
|   |   |   |   |   |   |   |   |   |--- feature_7 >  7.89
|   |   |   |   |   |   |   |   |   |   |--- class: none
|   |   |   |   |   |   |   |--- feature_10 >  3.00
|   |   |   |   |   |   |   |   |--- class: medium
|   |   |   |   |   |   |--- feature_0 >  -0.24
|   |   |   |   |   |   |   |--- feature_0 <= -0.22
|   |   |   |   |   |   |   |   |--- class: medium
|   |   |   |   |   |   |   |--- feature_0 >  -0.22
|   |   |   |   |   |   |   |   |--- feature_0 <= -0.07
|   |   |   |   |   |   |   |   |   |--- feature_25 <= 0.50
|   |   |   |   |   |   |   |   |   |   |--- feature_7 <= 7.66
|   |   |   |   |   |   |   |   |   |   |   |--- class: none
|   |   |   |   |   |   |   |   |   |   |--- feature_7 >  7.66
|   |   |   |   |   |   |   |   |   |   |   |--- truncated branch of depth 2
|   |   |   |   |   |   |   |   |   |--- feature_25 >  0.50
|   |   |   |   |   |   |   |   |   |   |--- class: low
|   |   |   |   |   |   |   |   |--- feature_0 >  -0.07
|   |   |   |   |   |   |   |   |   |--- feature_0 <= -0.07
|   |   |   |   |   |   |   |   |   |   |--- class: medium
|   |   |   |   |   |   |   |   |   |--- feature_0 >  -0.07
|   |   |   |   |   |   |   |   |   |   |--- feature_2 <= 10.50
|   |   |   |   |   |   |   |   |   |   |   |--- truncated branch of depth 4
|   |   |   |   |   |   |   |   |   |   |--- feature_2 >  10.50
|   |   |   |   |   |   |   |   |   |   |   |--- truncated branch of depth 17
|   |   |   |   |--- feature_0 >  0.67
|   |   |   |   |   |--- feature_35 <= 0.50
|   |   |   |   |   |   |--- feature_12 <= 0.31
|   |   |   |   |   |   |   |--- feature_3 <= 108.50
|   |   |   |   |   |   |   |   |--- feature_0 <= 1.04
|   |   |   |   |   |   |   |   |   |--- feature_6 <= 8.50
|   |   |   |   |   |   |   |   |   |   |--- class: none
|   |   |   |   |   |   |   |   |   |--- feature_6 >  8.50
|   |   |   |   |   |   |   |   |   |   |--- class: medium
|   |   |   |   |   |   |   |   |--- feature_0 >  1.04
|   |   |   |   |   |   |   |   |   |--- class: medium
|   |   |   |   |   |   |   |--- feature_3 >  108.50
|   |   |   |   |   |   |   |   |--- class: none
|   |   |   |   |   |   |--- feature_12 >  0.31
|   |   |   |   |   |   |   |--- feature_39 <= 0.50
|   |   |   |   |   |   |   |   |--- feature_23 <= 0.50
|   |   |   |   |   |   |   |   |   |--- class: none
|   |   |   |   |   |   |   |   |--- feature_23 >  0.50
|   |   |   |   |   |   |   |   |   |--- class: low
|   |   |   |   |   |   |   |--- feature_39 >  0.50
|   |   |   |   |   |   |   |   |--- class: low
|   |   |   |   |   |--- feature_35 >  0.50
|   |   |   |   |   |   |--- feature_15 <= 0.50
|   |   |   |   |   |   |   |--- class: low
|   |   |   |   |   |   |--- feature_15 >  0.50
|   |   |   |   |   |   |   |--- class: none
|   |   |   |--- feature_0 >  1.64
|   |   |   |   |--- feature_77 <= 0.50
|   |   |   |   |   |--- feature_3 <= 99.50
|   |   |   |   |   |   |--- class: none
|   |   |   |   |   |--- feature_3 >  99.50
|   |   |   |   |   |   |--- feature_3 <= 110.50
|   |   |   |   |   |   |   |--- feature_11 <= 7.50
|   |   |   |   |   |   |   |   |--- feature_15 <= 1.50
|   |   |   |   |   |   |   |   |   |--- feature_3 <= 103.50
|   |   |   |   |   |   |   |   |   |   |--- feature_1 <= 12.50
|   |   |   |   |   |   |   |   |   |   |   |--- class: medium
|   |   |   |   |   |   |   |   |   |   |--- feature_1 >  12.50
|   |   |   |   |   |   |   |   |   |   |   |--- class: none
|   |   |   |   |   |   |   |   |   |--- feature_3 >  103.50
|   |   |   |   |   |   |   |   |   |   |--- class: medium
|   |   |   |   |   |   |   |   |--- feature_15 >  1.50
|   |   |   |   |   |   |   |   |   |--- class: none
|   |   |   |   |   |   |   |--- feature_11 >  7.50
|   |   |   |   |   |   |   |   |--- class: none
|   |   |   |   |   |   |--- feature_3 >  110.50
|   |   |   |   |   |   |   |--- class: none
|   |   |   |   |--- feature_77 >  0.50
|   |   |   |   |   |--- class: high
|   |   |--- feature_3 >  113.50
|   |   |   |--- feature_12 <= 0.24
|   |   |   |   |--- feature_22 <= 1.50
|   |   |   |   |   |--- feature_3 <= 125.50
|   |   |   |   |   |   |--- feature_11 <= 3.50
|   |   |   |   |   |   |   |--- feature_45 <= 0.50
|   |   |   |   |   |   |   |   |--- class: medium
|   |   |   |   |   |   |   |--- feature_45 >  0.50
|   |   |   |   |   |   |   |   |--- class: low
|   |   |   |   |   |   |--- feature_11 >  3.50
|   |   |   |   |   |   |   |--- feature_111 <= 0.50
|   |   |   |   |   |   |   |   |--- feature_9 <= 1.50
|   |   |   |   |   |   |   |   |   |--- feature_12 <= 0.22
|   |   |   |   |   |   |   |   |   |   |--- class: none
|   |   |   |   |   |   |   |   |   |--- feature_12 >  0.22
|   |   |   |   |   |   |   |   |   |   |--- class: low
|   |   |   |   |   |   |   |   |--- feature_9 >  1.50
|   |   |   |   |   |   |   |   |   |--- feature_3 <= 119.50
|   |   |   |   |   |   |   |   |   |   |--- class: none
|   |   |   |   |   |   |   |   |   |--- feature_3 >  119.50
|   |   |   |   |   |   |   |   |   |   |--- class: low
|   |   |   |   |   |   |   |--- feature_111 >  0.50
|   |   |   |   |   |   |   |   |--- feature_9 <= 0.50
|   |   |   |   |   |   |   |   |   |--- class: medium
|   |   |   |   |   |   |   |   |--- feature_9 >  0.50
|   |   |   |   |   |   |   |   |   |--- feature_0 <= 1.02
|   |   |   |   |   |   |   |   |   |   |--- class: none
|   |   |   |   |   |   |   |   |   |--- feature_0 >  1.02
|   |   |   |   |   |   |   |   |   |   |--- class: medium
|   |   |   |   |   |--- feature_3 >  125.50
|   |   |   |   |   |   |--- feature_69 <= 1.50
|   |   |   |   |   |   |   |--- feature_7 <= 7.97
|   |   |   |   |   |   |   |   |--- feature_2 <= 16.50
|   |   |   |   |   |   |   |   |   |--- class: none
|   |   |   |   |   |   |   |   |--- feature_2 >  16.50
|   |   |   |   |   |   |   |   |   |--- feature_0 <= -0.44
|   |   |   |   |   |   |   |   |   |   |--- class: low
|   |   |   |   |   |   |   |   |   |--- feature_0 >  -0.44
|   |   |   |   |   |   |   |   |   |   |--- feature_1 <= 17.50
|   |   |   |   |   |   |   |   |   |   |   |--- truncated branch of depth 3
|   |   |   |   |   |   |   |   |   |   |--- feature_1 >  17.50
|   |   |   |   |   |   |   |   |   |   |   |--- class: none
|   |   |   |   |   |   |   |--- feature_7 >  7.97
|   |   |   |   |   |   |   |   |--- class: low
|   |   |   |   |   |   |--- feature_69 >  1.50
|   |   |   |   |   |   |   |--- class: low
|   |   |   |   |--- feature_22 >  1.50
|   |   |   |   |   |--- class: medium
|   |   |   |--- feature_12 >  0.24
|   |   |   |   |--- feature_0 <= -1.83
|   |   |   |   |   |--- feature_9 <= 0.50
|   |   |   |   |   |   |--- feature_3 <= 131.50
|   |   |   |   |   |   |   |--- class: low
|   |   |   |   |   |   |--- feature_3 >  131.50
|   |   |   |   |   |   |   |--- class: high
|   |   |   |   |   |--- feature_9 >  0.50
|   |   |   |   |   |   |--- feature_2 <= 15.00
|   |   |   |   |   |   |   |--- class: low
|   |   |   |   |   |   |--- feature_2 >  15.00
|   |   |   |   |   |   |   |--- class: none
|   |   |   |   |--- feature_0 >  -1.83
|   |   |   |   |   |--- feature_0 <= -0.80
|   |   |   |   |   |   |--- feature_9 <= 4.50
|   |   |   |   |   |   |   |--- class: none
|   |   |   |   |   |   |--- feature_9 >  4.50
|   |   |   |   |   |   |   |--- feature_9 <= 9.50
|   |   |   |   |   |   |   |   |--- class: medium
|   |   |   |   |   |   |   |--- feature_9 >  9.50
|   |   |   |   |   |   |   |   |--- class: none
|   |   |   |   |   |--- feature_0 >  -0.80
|   |   |   |   |   |   |--- feature_0 <= 2.01
|   |   |   |   |   |   |   |--- feature_6 <= 8.50
|   |   |   |   |   |   |   |   |--- feature_45 <= 1.50
|   |   |   |   |   |   |   |   |   |--- feature_86 <= 0.50
|   |   |   |   |   |   |   |   |   |   |--- feature_74 <= 0.50
|   |   |   |   |   |   |   |   |   |   |   |--- truncated branch of depth 11
|   |   |   |   |   |   |   |   |   |   |--- feature_74 >  0.50
|   |   |   |   |   |   |   |   |   |   |   |--- truncated branch of depth 4
|   |   |   |   |   |   |   |   |   |--- feature_86 >  0.50
|   |   |   |   |   |   |   |   |   |   |--- class: low
|   |   |   |   |   |   |   |   |--- feature_45 >  1.50
|   |   |   |   |   |   |   |   |   |--- class: none
|   |   |   |   |   |   |   |--- feature_6 >  8.50
|   |   |   |   |   |   |   |   |--- feature_93 <= 0.50
|   |   |   |   |   |   |   |   |   |--- feature_7 <= 6.88
|   |   |   |   |   |   |   |   |   |   |--- feature_6 <= 9.50
|   |   |   |   |   |   |   |   |   |   |   |--- truncated branch of depth 2
|   |   |   |   |   |   |   |   |   |   |--- feature_6 >  9.50
|   |   |   |   |   |   |   |   |   |   |   |--- truncated branch of depth 7
|   |   |   |   |   |   |   |   |   |--- feature_7 >  6.88
|   |   |   |   |   |   |   |   |   |   |--- feature_14 <= 5.50
|   |   |   |   |   |   |   |   |   |   |   |--- truncated branch of depth 5
|   |   |   |   |   |   |   |   |   |   |--- feature_14 >  5.50
|   |   |   |   |   |   |   |   |   |   |   |--- truncated branch of depth 2
|   |   |   |   |   |   |   |   |--- feature_93 >  0.50
|   |   |   |   |   |   |   |   |   |--- feature_74 <= 0.50
|   |   |   |   |   |   |   |   |   |   |--- feature_45 <= 0.50
|   |   |   |   |   |   |   |   |   |   |   |--- truncated branch of depth 3
|   |   |   |   |   |   |   |   |   |   |--- feature_45 >  0.50
|   |   |   |   |   |   |   |   |   |   |   |--- class: none
|   |   |   |   |   |   |   |   |   |--- feature_74 >  0.50
|   |   |   |   |   |   |   |   |   |   |--- feature_2 <= 17.50
|   |   |   |   |   |   |   |   |   |   |   |--- class: low
|   |   |   |   |   |   |   |   |   |   |--- feature_2 >  17.50
|   |   |   |   |   |   |   |   |   |   |   |--- class: medium
|   |   |   |   |   |   |--- feature_0 >  2.01
|   |   |   |   |   |   |   |--- feature_4 <= 13.00
|   |   |   |   |   |   |   |   |--- class: medium
|   |   |   |   |   |   |   |--- feature_4 >  13.00
|   |   |   |   |   |   |   |   |--- class: none
|   |--- feature_87 >  0.50
|   |   |--- class: none
