|--- feature_71 <= 0.50
|   |--- feature_85 <= 0.50
|   |   |--- feature_31 <= 0.50
|   |   |   |--- feature_113 <= 0.50
|   |   |   |   |--- feature_72 <= 0.50
|   |   |   |   |   |--- feature_12 <= 3.50
|   |   |   |   |   |   |--- feature_13 <= 7.50
|   |   |   |   |   |   |   |--- feature_28 <= 0.50
|   |   |   |   |   |   |   |   |--- feature_42 <= 0.50
|   |   |   |   |   |   |   |   |   |--- feature_3 <= 3.15
|   |   |   |   |   |   |   |   |   |   |--- feature_6 <= 152.50
|   |   |   |   |   |   |   |   |   |   |   |--- truncated branch of depth 22
|   |   |   |   |   |   |   |   |   |   |--- feature_6 >  152.50
|   |   |   |   |   |   |   |   |   |   |   |--- truncated branch of depth 9
|   |   |   |   |   |   |   |   |   |--- feature_3 >  3.15
|   |   |   |   |   |   |   |   |   |   |--- feature_10 <= 3.40
|   |   |   |   |   |   |   |   |   |   |   |--- class: positive
|   |   |   |   |   |   |   |   |   |   |--- feature_10 >  3.40
|   |   |   |   |   |   |   |   |   |   |   |--- truncated branch of depth 13
|   |   |   |   |   |   |   |   |--- feature_42 >  0.50
|   |   |   |   |   |   |   |   |   |--- feature_6 <= 103.50
|   |   |   |   |   |   |   |   |   |   |--- class: neutral
|   |   |   |   |   |   |   |   |   |--- feature_6 >  103.50
|   |   |   |   |   |   |   |   |   |   |--- feature_6 <= 110.00
|   |   |   |   |   |   |   |   |   |   |   |--- class: negative
|   |   |   |   |   |   |   |   |   |   |--- feature_6 >  110.00
|   |   |   |   |   |   |   |   |   |   |   |--- class: neutral
|   |   |   |   |   |   |   |--- feature_28 >  0.50
|   |   |   |   |   |   |   |   |--- feature_45 <= 0.50
|   |   |   |   |   |   |   |   |   |--- class: negative
|   |   |   |   |   |   |   |   |--- feature_45 >  0.50
|   |   |   |   |   |   |   |   |   |--- class: neutral
|   |   |   |   |   |   |--- feature_13 >  7.50
|   |   |   |   |   |   |   |--- feature_89 <= 0.50
|   |   |   |   |   |   |   |   |--- feature_55 <= 0.50
|   |   |   |   |   |   |   |   |   |--- feature_9 <= 0.50
|   |   |   |   |   |   |   |   |   |   |--- class: negative
|   |   |   |   |   |   |   |   |   |--- feature_9 >  0.50
|   |   |   |   |   |   |   |   |   |   |--- feature_44 <= 0.50
|   |   |   |   |   |   |   |   |   |   |   |--- truncated branch of depth 5
|   |   |   |   |   |   |   |   |   |   |--- feature_44 >  0.50
|   |   |   |   |   |   |   |   |   |   |   |--- class: negative
|   |   |   |   |   |   |   |   |--- feature_55 >  0.50
|   |   |   |   |   |   |   |   |   |--- class: negative
|   |   |   |   |   |   |   |--- feature_89 >  0.50
|   |   |   |   |   |   |   |   |--- feature_60 <= 0.50
|   |   |   |   |   |   |   |   |   |--- feature_6 <= 94.50
|   |   |   |   |   |   |   |   |   |   |--- class: neutral
|   |   |   |   |   |   |   |   |   |--- feature_6 >  94.50
|   |   |   |   |   |   |   |   |   |   |--- feature_10 <= 5.80
|   |   |   |   |   |   |   |   |   |   |   |--- class: negative
|   |   |   |   |   |   |   |   |   |   |--- feature_10 >  5.80
|   |   |   |   |   |   |   |   |   |   |   |--- class: neutral
|   |   |   |   |   |   |   |   |--- feature_60 >  0.50
|   |   |   |   |   |   |   |   |   |--- class: negative
|   |   |   |   |   |--- feature_12 >  3.50
|   |   |   |   |   |   |--- feature_73 <= 0.50
|   |   |   |   |   |   |   |--- feature_27 <= 0.50
|   |   |   |   |   |   |   |   |--- feature_99 <= 0.50
|   |   |   |   |   |   |   |   |   |--- feature_11 <= 14.50
|   |   |   |   |   |   |   |   |   |   |--- feature_14 <= 5.50
|   |   |   |   |   |   |   |   |   |   |   |--- truncated branch of depth 5
|   |   |   |   |   |   |   |   |   |   |--- feature_14 >  5.50
|   |   |   |   |   |   |   |   |   |   |   |--- truncated branch of depth 6
|   |   |   |   |   |   |   |   |   |--- feature_11 >  14.50
|   |   |   |   |   |   |   |   |   |   |--- feature_55 <= 1.50
|   |   |   |   |   |   |   |   |   |   |   |--- truncated branch of depth 14
|   |   |   |   |   |   |   |   |   |   |--- feature_55 >  1.50
|   |   |   |   |   |   |   |   |   |   |   |--- class: positive
|   |   |   |   |   |   |   |   |--- feature_99 >  0.50
|   |   |   |   |   |   |   |   |   |--- feature_12 <= 12.50
|   |   |   |   |   |   |   |   |   |   |--- feature_116 <= 0.50
|   |   |   |   |   |   |   |   |   |   |   |--- truncated branch of depth 11
|   |   |   |   |   |   |   |   |   |   |--- feature_116 >  0.50
|   |   |   |   |   |   |   |   |   |   |   |--- class: positive
|   |   |   |   |   |   |   |   |   |--- feature_12 >  12.50
|   |   |   |   |   |   |   |   |   |   |--- feature_11 <= 28.50
|   |   |   |   |   |   |   |   |   |   |   |--- class: neutral
|   |   |   |   |   |   |   |   |   |   |--- feature_11 >  28.50
|   |   |   |   |   |   |   |   |   |   |   |--- class: positive
|   |   |   |   |   |   |   |--- feature_27 >  0.50
|   |   |   |   |   |   |   |   |--- feature_53 <= 0.50
|   |   |   |   |   |   |   |   |   |--- feature_10 <= 14.73
|   |   |   |   |   |   |   |   |   |   |--- feature_60 <= 0.50
|   |   |   |   |   |   |   |   |   |   |   |--- truncated branch of depth 6
|   |   |   |   |   |   |   |   |   |   |--- feature_60 >  0.50
|   |   |   |   |   |   |   |   |   |   |   |--- class: negative
|   |   |   |   |   |   |   |   |   |--- feature_10 >  14.73
|   |   |   |   |   |   |   |   |   |   |--- class: negative
|   |   |   |   |   |   |   |   |--- feature_53 >  0.50
|   |   |   |   |   |   |   |   |   |--- feature_7 <= 24.00
|   |   |   |   |   |   |   |   |   |   |--- class: positive
|   |   |   |   |   |   |   |   |   |--- feature_7 >  24.00
|   |   |   |   |   |   |   |   |   |   |--- class: negative
|   |   |   |   |   |   |--- feature_73 >  0.50
|   |   |   |   |   |   |   |--- feature_6 <= 76.50
|   |   |   |   |   |   |   |   |--- class: positive
|   |   |   |   |   |   |   |--- feature_6 >  76.50
|   |   |   |   |   |   |   |   |--- feature_96 <= 0.50
|   |   |   |   |   |   |   |   |   |--- feature_3 <= 0.58
|   |   |   |   |   |   |   |   |   |   |--- feature_106 <= 0.50
|   |   |   |   |   |   |   |   |   |   |   |--- truncated branch of depth 6
|   |   |   |   |   |   |   |   |   |   |--- feature_106 >  0.50
|   |   |   |   |   |   |   |   |   |   |   |--- class: positive
|   |   |   |   |   |   |   |   |   |--- feature_3 >  0.58
|   |   |   |   |   |   |   |   |   |   |--- feature_3 <= 1.51
|   |   |   |   |   |   |   |   |   |   |   |--- class: neutral
|   |   |   |   |   |   |   |   |   |   |--- feature_3 >  1.51
|   |   |   |   |   |   |   |   |   |   |   |--- truncated branch of depth 2
|   |   |   |   |   |   |   |   |--- feature_96 >  0.50
|   |   |   |   |   |   |   |   |   |--- feature_5 <= 12.50
|   |   |   |   |   |   |   |   |   |   |--- feature_8 <= 2.50
|   |   |   |   |   |   |   |   |   |   |   |--- class: negative
|   |   |   |   |   |   |   |   |   |   |--- feature_8 >  2.50
|   |   |   |   |   |   |   |   |   |   |   |--- class: positive
|   |   |   |   |   |   |   |   |   |--- feature_5 >  12.50
|   |   |   |   |   |   |   |   |   |   |--- class: negative
|   |   |   |   |--- feature_72 >  0.50
|   |   |   |   |   |--- class: neutral
|   |   |   |--- feature_113 >  0.50
|   |   |   |   |--- class: negative
|   |   |--- feature_31 >  0.50
|   |   |   |--- class: negative
|   |--- feature_85 >  0.50
|   |   |--- feature_12 <= 1.50
|   |   |   |--- class: neutral
|   |   |--- feature_12 >  1.50
|   |   |   |--- feature_91 <= 3.00
|   |   |   |   |--- feature_99 <= 1.00
|   |   |   |   |   |--- class: positive
|   |   |   |   |--- feature_99 >  1.00
|   |   |   |   |   |--- class: neutral
|   |   |   |--- feature_91 >  3.00
|   |   |   |   |--- class: neutral
|--- feature_71 >  0.50
|   |--- feature_72 <= 0.50
|   |   |--- feature_88 <= 0.50
|   |   |   |--- feature_6 <= 102.50
|   |   |   |   |--- feature_9 <= 7.50
|   |   |   |   |   |--- feature_3 <= -0.56
|   |   |   |   |   |   |--- feature_3 <= -0.77
|   |   |   |   |   |   |   |--- feature_3 <= -1.91
|   |   |   |   |   |   |   |   |--- feature_6 <= 83.50
|   |   |   |   |   |   |   |   |   |--- class: positive
|   |   |   |   |   |   |   |   |--- feature_6 >  83.50
|   |   |   |   |   |   |   |   |   |--- feature_12 <= 0.50
|   |   |   |   |   |   |   |   |   |   |--- class: neutral
|   |   |   |   |   |   |   |   |   |--- feature_12 >  0.50
|   |   |   |   |   |   |   |   |   |   |--- class: positive
|   |   |   |   |   |   |   |--- feature_3 >  -1.91
|   |   |   |   |   |   |   |   |--- class: positive
|   |   |   |   |   |   |--- feature_3 >  -0.77
|   |   |   |   |   |   |   |--- feature_25 <= 0.50
|   |   |   |   |   |   |   |   |--- class: neutral
|   |   |   |   |   |   |   |--- feature_25 >  0.50
|   |   |   |   |   |   |   |   |--- class: positive
|   |   |   |   |   |--- feature_3 >  -0.56
|   |   |   |   |   |   |--- feature_14 <= 5.50
|   |   |   |   |   |   |   |--- feature_70 <= 0.50
|   |   |   |   |   |   |   |   |--- feature_6 <= 72.00
|   |   |   |   |   |   |   |   |   |--- feature_10 <= 7.81
|   |   |   |   |   |   |   |   |   |   |--- class: positive
|   |   |   |   |   |   |   |   |   |--- feature_10 >  7.81
|   |   |   |   |   |   |   |   |   |   |--- feature_3 <= -0.17
|   |   |   |   |   |   |   |   |   |   |   |--- class: positive
|   |   |   |   |   |   |   |   |   |   |--- feature_3 >  -0.17
|   |   |   |   |   |   |   |   |   |   |   |--- class: neutral
|   |   |   |   |   |   |   |   |--- feature_6 >  72.00
|   |   |   |   |   |   |   |   |   |--- class: positive
|   |   |   |   |   |   |   |--- feature_70 >  0.50
|   |   |   |   |   |   |   |   |--- class: neutral
|   |   |   |   |   |   |--- feature_14 >  5.50
|   |   |   |   |   |   |   |--- feature_9 <= 2.50
|   |   |   |   |   |   |   |   |--- class: positive
|   |   |   |   |   |   |   |--- feature_9 >  2.50
|   |   |   |   |   |   |   |   |--- feature_103 <= 0.50
|   |   |   |   |   |   |   |   |   |--- feature_104 <= 1.50
|   |   |   |   |   |   |   |   |   |   |--- feature_6 <= 96.50
|   |   |   |   |   |   |   |   |   |   |   |--- truncated branch of depth 8
|   |   |   |   |   |   |   |   |   |   |--- feature_6 >  96.50
|   |   |   |   |   |   |   |   |   |   |   |--- class: positive
|   |   |   |   |   |   |   |   |   |--- feature_104 >  1.50
|   |   |   |   |   |   |   |   |   |   |--- class: neutral
|   |   |   |   |   |   |   |   |--- feature_103 >  0.50
|   |   |   |   |   |   |   |   |   |--- class: neutral
|   |   |   |   |--- feature_9 >  7.50
|   |   |   |   |   |--- feature_9 <= 9.50
|   |   |   |   |   |   |--- feature_11 <= 10.50
|   |   |   |   |   |   |   |--- feature_12 <= 0.50
|   |   |   |   |   |   |   |   |--- class: positive
|   |   |   |   |   |   |   |--- feature_12 >  0.50
|   |   |   |   |   |   |   |   |--- feature_5 <= 13.50
|   |   |   |   |   |   |   |   |   |--- feature_3 <= 0.37
|   |   |   |   |   |   |   |   |   |   |--- feature_14 <= 2.50
|   |   |   |   |   |   |   |   |   |   |   |--- truncated branch of depth 3
|   |   |   |   |   |   |   |   |   |   |--- feature_14 >  2.50
|   |   |   |   |   |   |   |   |   |   |   |--- class: positive
|   |   |   |   |   |   |   |   |   |--- feature_3 >  0.37
|   |   |   |   |   |   |   |   |   |   |--- class: positive
|   |   |   |   |   |   |   |   |--- feature_5 >  13.50
|   |   |   |   |   |   |   |   |   |--- class: neutral
|   |   |   |   |   |   |--- feature_11 >  10.50
|   |   |   |   |   |   |   |--- class: positive
|   |   |   |   |   |--- feature_9 >  9.50
|   |   |   |   |   |   |--- class: positive
|   |   |   |--- feature_6 >  102.50
|   |   |   |   |--- feature_3 <= -0.23
|   |   |   |   |   |--- feature_10 <= 7.96
|   |   |   |   |   |   |--- feature_79 <= 0.50
|   |   |   |   |   |   |   |--- feature_38 <= 0.50
|   |   |   |   |   |   |   |   |--- feature_12 <= 7.50
|   |   |   |   |   |   |   |   |   |--- feature_51 <= 0.50
|   |   |   |   |   |   |   |   |   |   |--- feature_9 <= 3.50
|   |   |   |   |   |   |   |   |   |   |   |--- truncated branch of depth 3
|   |   |   |   |   |   |   |   |   |   |--- feature_9 >  3.50
|   |   |   |   |   |   |   |   |   |   |   |--- truncated branch of depth 7
|   |   |   |   |   |   |   |   |   |--- feature_51 >  0.50
|   |   |   |   |   |   |   |   |   |   |--- class: neutral
|   |   |   |   |   |   |   |   |--- feature_12 >  7.50
|   |   |   |   |   |   |   |   |   |--- class: positive
|   |   |   |   |   |   |   |--- feature_38 >  0.50
|   |   |   |   |   |   |   |   |--- class: positive
|   |   |   |   |   |   |--- feature_79 >  0.50
|   |   |   |   |   |   |   |--- class: positive
|   |   |   |   |   |--- feature_10 >  7.96
|   |   |   |   |   |   |--- class: positive
|   |   |   |   |--- feature_3 >  -0.23
|   |   |   |   |   |--- feature_14 <= 8.50
|   |   |   |   |   |   |--- feature_10 <= 6.85
|   |   |   |   |   |   |   |--- feature_47 <= 0.50
|   |   |   |   |   |   |   |   |--- feature_99 <= 0.50
|   |   |   |   |   |   |   |   |   |--- class: positive
|   |   |   |   |   |   |   |   |--- feature_99 >  0.50
|   |   |   |   |   |   |   |   |   |--- feature_10 <= 5.38
|   |   |   |   |   |   |   |   |   |   |--- feature_116 <= 1.00
|   |   |   |   |   |   |   |   |   |   |   |--- class: neutral
|   |   |   |   |   |   |   |   |   |   |--- feature_116 >  1.00
|   |   |   |   |   |   |   |   |   |   |   |--- class: positive
|   |   |   |   |   |   |   |   |   |--- feature_10 >  5.38
|   |   |   |   |   |   |   |   |   |   |--- feature_3 <= 0.87
|   |   |   |   |   |   |   |   |   |   |   |--- class: positive
|   |   |   |   |   |   |   |   |   |   |--- feature_3 >  0.87
|   |   |   |   |   |   |   |   |   |   |   |--- truncated branch of depth 3
|   |   |   |   |   |   |   |--- feature_47 >  0.50
|   |   |   |   |   |   |   |   |--- class: neutral
|   |   |   |   |   |   |--- feature_10 >  6.85
|   |   |   |   |   |   |   |--- feature_99 <= 0.50
|   |   |   |   |   |   |   |   |--- feature_10 <= 7.04
|   |   |   |   |   |   |   |   |   |--- feature_112 <= 0.50
|   |   |   |   |   |   |   |   |   |   |--- feature_47 <= 0.50
|   |   |   |   |   |   |   |   |   |   |   |--- class: neutral
|   |   |   |   |   |   |   |   |   |   |--- feature_47 >  0.50
|   |   |   |   |   |   |   |   |   |   |   |--- class: positive
|   |   |   |   |   |   |   |   |   |--- feature_112 >  0.50
|   |   |   |   |   |   |   |   |   |   |--- class: positive
|   |   |   |   |   |   |   |   |--- feature_10 >  7.04
|   |   |   |   |   |   |   |   |   |--- feature_14 <= 6.50
|   |   |   |   |   |   |   |   |   |   |--- feature_6 <= 106.50
|   |   |   |   |   |   |   |   |   |   |   |--- class: positive
|   |   |   |   |   |   |   |   |   |   |--- feature_6 >  106.50
|   |   |   |   |   |   |   |   |   |   |   |--- truncated branch of depth 7
|   |   |   |   |   |   |   |   |   |--- feature_14 >  6.50
|   |   |   |   |   |   |   |   |   |   |--- class: positive
|   |   |   |   |   |   |   |--- feature_99 >  0.50
|   |   |   |   |   |   |   |   |--- class: positive
|   |   |   |   |   |--- feature_14 >  8.50
|   |   |   |   |   |   |--- feature_10 <= 6.91
|   |   |   |   |   |   |   |--- feature_12 <= 0.50
|   |   |   |   |   |   |   |   |--- feature_3 <= 0.48
|   |   |   |   |   |   |   |   |   |--- class: neutral
|   |   |   |   |   |   |   |   |--- feature_3 >  0.48
|   |   |   |   |   |   |   |   |   |--- feature_14 <= 10.50
|   |   |   |   |   |   |   |   |   |   |--- class: neutral
|   |   |   |   |   |   |   |   |   |--- feature_14 >  10.50
|   |   |   |   |   |   |   |   |   |   |--- class: positive
|   |   |   |   |   |   |   |--- feature_12 >  0.50
|   |   |   |   |   |   |   |   |--- feature_30 <= 0.50
|   |   |   |   |   |   |   |   |   |--- feature_6 <= 104.50
|   |   |   |   |   |   |   |   |   |   |--- class: neutral
|   |   |   |   |   |   |   |   |   |--- feature_6 >  104.50
|   |   |   |   |   |   |   |   |   |   |--- feature_10 <= 5.83
|   |   |   |   |   |   |   |   |   |   |   |--- truncated branch of depth 3
|   |   |   |   |   |   |   |   |   |   |--- feature_10 >  5.83
|   |   |   |   |   |   |   |   |   |   |   |--- truncated branch of depth 3
|   |   |   |   |   |   |   |   |--- feature_30 >  0.50
|   |   |   |   |   |   |   |   |   |--- class: neutral
|   |   |   |   |   |   |--- feature_10 >  6.91
|   |   |   |   |   |   |   |--- class: positive
|   |   |--- feature_88 >  0.50
|   |   |   |--- feature_81 <= 0.50
|   |   |   |   |--- feature_25 <= 0.50
|   |   |   |   |   |--- class: positive
|   |   |   |   |--- feature_25 >  0.50
|   |   |   |   |   |--- class: negative
|   |   |   |--- feature_81 >  0.50
|   |   |   |   |--- class: neutral
|   |--- feature_72 >  0.50
|   |   |--- class: neutral
