|--- feature_9 <= 3.59
|   |--- feature_13 <= 7.50
|   |   |--- feature_9 <= 2.90
|   |   |   |--- class: increase
|   |   |--- feature_9 >  2.90
|   |   |   |--- class: decrease
|   |--- feature_13 >  7.50
|   |   |--- feature_14 <= 0.32
|   |   |   |--- feature_24 <= 0.50
|   |   |   |   |--- feature_10 <= 2.50
|   |   |   |   |   |--- feature_82 <= 0.50
|   |   |   |   |   |   |--- class: increase
|   |   |   |   |   |--- feature_82 >  0.50
|   |   |   |   |   |   |--- class: decrease
|   |   |   |   |--- feature_10 >  2.50
|   |   |   |   |   |--- feature_17 <= 0.50
|   |   |   |   |   |   |--- class: decrease
|   |   |   |   |   |--- feature_17 >  0.50
|   |   |   |   |   |   |--- class: increase
|   |   |   |--- feature_24 >  0.50
|   |   |   |   |--- class: increase
|   |   |--- feature_14 >  0.32
|   |   |   |--- class: increase
|--- feature_9 >  3.59
|   |--- feature_54 <= 0.50
|   |   |--- feature_112 <= 0.50
|   |   |   |--- feature_14 <= -0.36
|   |   |   |   |--- feature_11 <= 7.50
|   |   |   |   |   |--- feature_8 <= 3.50
|   |   |   |   |   |   |--- feature_82 <= 0.50
|   |   |   |   |   |   |   |--- feature_19 <= 0.50
|   |   |   |   |   |   |   |   |--- feature_5 <= 88.00
|   |   |   |   |   |   |   |   |   |--- feature_56 <= 0.50
|   |   |   |   |   |   |   |   |   |   |--- feature_95 <= 0.50
|   |   |   |   |   |   |   |   |   |   |   |--- truncated branch of depth 2
|   |   |   |   |   |   |   |   |   |   |--- feature_95 >  0.50
|   |   |   |   |   |   |   |   |   |   |   |--- truncated branch of depth 2
|   |   |   |   |   |   |   |   |   |--- feature_56 >  0.50
|   |   |   |   |   |   |   |   |   |   |--- feature_73 <= 0.50
|   |   |   |   |   |   |   |   |   |   |   |--- class: increase
|   |   |   |   |   |   |   |   |   |   |--- feature_73 >  0.50
|   |   |   |   |   |   |   |   |   |   |   |--- class: decrease
|   |   |   |   |   |   |   |   |--- feature_5 >  88.00
|   |   |   |   |   |   |   |   |   |--- class: decrease
|   |   |   |   |   |   |   |--- feature_19 >  0.50
|   |   |   |   |   |   |   |   |--- class: increase
|   |   |   |   |   |   |--- feature_82 >  0.50
|   |   |   |   |   |   |   |--- class: increase
|   |   |   |   |   |--- feature_8 >  3.50
|   |   |   |   |   |   |--- feature_9 <= 3.88
|   |   |   |   |   |   |   |--- class: decrease
|   |   |   |   |   |   |--- feature_9 >  3.88
|   |   |   |   |   |   |   |--- feature_14 <= -0.39
|   |   |   |   |   |   |   |   |--- class: increase
|   |   |   |   |   |   |   |--- feature_14 >  -0.39
|   |   |   |   |   |   |   |   |--- class: decrease
|   |   |   |   |--- feature_11 >  7.50
|   |   |   |   |   |--- class: decrease
|   |   |   |--- feature_14 >  -0.36
|   |   |   |   |--- feature_114 <= 1.50
|   |   |   |   |   |--- feature_90 <= 0.50
|   |   |   |   |   |   |--- feature_2 <= 40.00
|   |   |   |   |   |   |   |--- feature_84 <= 0.50
|   |   |   |   |   |   |   |   |--- feature_22 <= 1.50
|   |   |   |   |   |   |   |   |   |--- feature_5 <= 17.50
|   |   |   |   |   |   |   |   |   |   |--- feature_105 <= 0.50
|   |   |   |   |   |   |   |   |   |   |   |--- truncated branch of depth 3
|   |   |   |   |   |   |   |   |   |   |--- feature_105 >  0.50
|   |   |   |   |   |   |   |   |   |   |   |--- class: increase
|   |   |   |   |   |   |   |   |   |--- feature_5 >  17.50
|   |   |   |   |   |   |   |   |   |   |--- feature_74 <= 2.50
|   |   |   |   |   |   |   |   |   |   |   |--- truncated branch of depth 55
|   |   |   |   |   |   |   |   |   |   |--- feature_74 >  2.50
|   |   |   |   |   |   |   |   |   |   |   |--- class: increase
|   |   |   |   |   |   |   |   |--- feature_22 >  1.50
|   |   |   |   |   |   |   |   |   |--- feature_9 <= 8.30
|   |   |   |   |   |   |   |   |   |   |--- feature_14 <= 0.34
|   |   |   |   |   |   |   |   |   |   |   |--- class: decrease
|   |   |   |   |   |   |   |   |   |   |--- feature_14 >  0.34
|   |   |   |   |   |   |   |   |   |   |   |--- truncated branch of depth 2
|   |   |   |   |   |   |   |   |   |--- feature_9 >  8.30
|   |   |   |   |   |   |   |   |   |   |--- class: increase
|   |   |   |   |   |   |   |--- feature_84 >  0.50
|   |   |   |   |   |   |   |   |--- feature_14 <= 0.29
|   |   |   |   |   |   |   |   |   |--- feature_3 <= 8.50
|   |   |   |   |   |   |   |   |   |   |--- class: increase
|   |   |   |   |   |   |   |   |   |--- feature_3 >  8.50
|   |   |   |   |   |   |   |   |   |   |--- feature_14 <= -0.04
|   |   |   |   |   |   |   |   |   |   |   |--- truncated branch of depth 2
|   |   |   |   |   |   |   |   |   |   |--- feature_14 >  -0.04
|   |   |   |   |   |   |   |   |   |   |   |--- class: decrease
|   |   |   |   |   |   |   |   |--- feature_14 >  0.29
|   |   |   |   |   |   |   |   |   |--- feature_12 <= 0.50
|   |   |   |   |   |   |   |   |   |   |--- feature_3 <= 15.00
|   |   |   |   |   |   |   |   |   |   |   |--- class: increase
|   |   |   |   |   |   |   |   |   |   |--- feature_3 >  15.00
|   |   |   |   |   |   |   |   |   |   |   |--- class: decrease
|   |   |   |   |   |   |   |   |   |--- feature_12 >  0.50
|   |   |   |   |   |   |   |   |   |   |--- class: increase
|   |   |   |   |   |   |--- feature_2 >  40.00
|   |   |   |   |   |   |   |--- feature_0 <= 10.50
|   |   |   |   |   |   |   |   |--- feature_95 <= 1.50
|   |   |   |   |   |   |   |   |   |--- feature_9 <= 5.10
|   |   |   |   |   |   |   |   |   |   |--- class: increase
|   |   |   |   |   |   |   |   |   |--- feature_9 >  5.10
|   |   |   |   |   |   |   |   |   |   |--- feature_2 <= 108.50
|   |   |   |   |   |   |   |   |   |   |   |--- truncated branch of depth 2
|   |   |   |   |   |   |   |   |   |   |--- feature_2 >  108.50
|   |   |   |   |   |   |   |   |   |   |   |--- class: decrease
|   |   |   |   |   |   |   |   |--- feature_95 >  1.50
|   |   |   |   |   |   |   |   |   |--- feature_92 <= 1.50
|   |   |   |   |   |   |   |   |   |   |--- feature_12 <= 2.50
|   |   |   |   |   |   |   |   |   |   |   |--- truncated branch of depth 2
|   |   |   |   |   |   |   |   |   |   |--- feature_12 >  2.50
|   |   |   |   |   |   |   |   |   |   |   |--- class: increase
|   |   |   |   |   |   |   |   |   |--- feature_92 >  1.50
|   |   |   |   |   |   |   |   |   |   |--- class: decrease
|   |   |   |   |   |   |   |--- feature_0 >  10.50
|   |   |   |   |   |   |   |   |--- feature_5 <= 167.50
|   |   |   |   |   |   |   |   |   |--- class: decrease
|   |   |   |   |   |   |   |   |--- feature_5 >  167.50
|   |   |   |   |   |   |   |   |   |--- feature_23 <= 0.50
|   |   |   |   |   |   |   |   |   |   |--- class: increase
|   |   |   |   |   |   |   |   |   |--- feature_23 >  0.50
|   |   |   |   |   |   |   |   |   |   |--- class: decrease
|   |   |   |   |   |--- feature_90 >  0.50
|   |   |   |   |   |   |--- feature_13 <= 4.50
|   |   |   |   |   |   |   |--- class: decrease
|   |   |   |   |   |   |--- feature_13 >  4.50
|   |   |   |   |   |   |   |--- feature_48 <= 0.50
|   |   |   |   |   |   |   |   |--- feature_114 <= 0.50
|   |   |   |   |   |   |   |   |   |--- feature_94 <= 0.50
|   |   |   |   |   |   |   |   |   |   |--- feature_71 <= 0.50
|   |   |   |   |   |   |   |   |   |   |   |--- truncated branch of depth 3
|   |   |   |   |   |   |   |   |   |   |--- feature_71 >  0.50
|   |   |   |   |   |   |   |   |   |   |   |--- truncated branch of depth 2
|   |   |   |   |   |   |   |   |   |--- feature_94 >  0.50
|   |   |   |   |   |   |   |   |   |   |--- feature_6 <= 4.50
|   |   |   |   |   |   |   |   |   |   |   |--- class: increase
|   |   |   |   |   |   |   |   |   |   |--- feature_6 >  4.50
|   |   |   |   |   |   |   |   |   |   |   |--- truncated branch of depth 2
|   |   |   |   |   |   |   |   |--- feature_114 >  0.50
|   |   |   |   |   |   |   |   |   |--- class: decrease
|   |   |   |   |   |   |   |--- feature_48 >  0.50
|   |   |   |   |   |   |   |   |--- class: decrease
|   |   |   |   |--- feature_114 >  1.50
|   |   |   |   |   |--- feature_42 <= 0.50
|   |   |   |   |   |   |--- class: decrease
|   |   |   |   |   |--- feature_42 >  0.50
|   |   |   |   |   |   |--- class: increase
|   |   |--- feature_112 >  0.50
|   |   |   |--- feature_9 <= 4.39
|   |   |   |   |--- feature_5 <= 76.00
|   |   |   |   |   |--- class: increase
|   |   |   |   |--- feature_5 >  76.00
|   |   |   |   |   |--- feature_4 <= 25.50
|   |   |   |   |   |   |--- class: decrease
|   |   |   |   |   |--- feature_4 >  25.50
|   |   |   |   |   |   |--- feature_10 <= 8.50
|   |   |   |   |   |   |   |--- feature_12 <= 0.50
|   |   |   |   |   |   |   |   |--- class: increase
|   |   |   |   |   |   |   |--- feature_12 >  0.50
|   |   |   |   |   |   |   |   |--- feature_9 <= 3.99
|   |   |   |   |   |   |   |   |   |--- feature_98 <= 0.50
|   |   |   |   |   |   |   |   |   |   |--- class: increase
|   |   |   |   |   |   |   |   |   |--- feature_98 >  0.50
|   |   |   |   |   |   |   |   |   |   |--- class: decrease
|   |   |   |   |   |   |   |   |--- feature_9 >  3.99
|   |   |   |   |   |   |   |   |   |--- class: decrease
|   |   |   |   |   |   |--- feature_10 >  8.50
|   |   |   |   |   |   |   |--- class: increase
|   |   |   |--- feature_9 >  4.39
|   |   |   |   |--- feature_0 <= 1.50
|   |   |   |   |   |--- feature_5 <= 82.50
|   |   |   |   |   |   |--- class: increase
|   |   |   |   |   |--- feature_5 >  82.50
|   |   |   |   |   |   |--- feature_112 <= 1.50
|   |   |   |   |   |   |   |--- feature_16 <= 6.50
|   |   |   |   |   |   |   |   |--- feature_14 <= -0.12
|   |   |   |   |   |   |   |   |   |--- class: increase
|   |   |   |   |   |   |   |   |--- feature_14 >  -0.12
|   |   |   |   |   |   |   |   |   |--- feature_16 <= 1.50
|   |   |   |   |   |   |   |   |   |   |--- feature_55 <= 0.50
|   |   |   |   |   |   |   |   |   |   |   |--- class: decrease
|   |   |   |   |   |   |   |   |   |   |--- feature_55 >  0.50
|   |   |   |   |   |   |   |   |   |   |   |--- class: increase
|   |   |   |   |   |   |   |   |   |--- feature_16 >  1.50
|   |   |   |   |   |   |   |   |   |   |--- feature_1 <= 0.50
|   |   |   |   |   |   |   |   |   |   |   |--- truncated branch of depth 7
|   |   |   |   |   |   |   |   |   |   |--- feature_1 >  0.50
|   |   |   |   |   |   |   |   |   |   |   |--- class: increase
|   |   |   |   |   |   |   |--- feature_16 >  6.50
|   |   |   |   |   |   |   |   |--- feature_110 <= 1.00
|   |   |   |   |   |   |   |   |   |--- class: decrease
|   |   |   |   |   |   |   |   |--- feature_110 >  1.00
|   |   |   |   |   |   |   |   |   |--- class: increase
|   |   |   |   |   |   |--- feature_112 >  1.50
|   |   |   |   |   |   |   |--- feature_13 <= 37.00
|   |   |   |   |   |   |   |   |--- class: increase
|   |   |   |   |   |   |   |--- feature_13 >  37.00
|   |   |   |   |   |   |   |   |--- class: decrease
|   |   |   |   |--- feature_0 >  1.50
|   |   |   |   |   |--- class: increase
|   |--- feature_54 >  0.50
|   |   |--- feature_5 <= 79.50
|   |   |   |--- feature_116 <= 0.50
|   |   |   |   |--- feature_3 <= 7.00
|   |   |   |   |   |--- class: decrease
|   |   |   |   |--- feature_3 >  7.00
|   |   |   |   |   |--- feature_24 <= 0.50
|   |   |   |   |   |   |--- class: increase
|   |   |   |   |   |--- feature_24 >  0.50
|   |   |   |   |   |   |--- class: decrease
|   |   |   |--- feature_116 >  0.50
|   |   |   |   |--- class: decrease
|   |   |--- feature_5 >  79.50
|   |   |   |--- feature_19 <= 0.50
|   |   |   |   |--- feature_15 <= 0.50
|   |   |   |   |   |--- feature_56 <= 1.50
|   |   |   |   |   |   |--- feature_5 <= 96.00
|   |   |   |   |   |   |   |--- class: decrease
|   |   |   |   |   |   |--- feature_5 >  96.00
|   |   |   |   |   |   |   |--- feature_99 <= 0.50
|   |   |   |   |   |   |   |   |--- feature_94 <= 1.50
|   |   |   |   |   |   |   |   |   |--- feature_98 <= 0.50
|   |   |   |   |   |   |   |   |   |   |--- feature_14 <= 0.26
|   |   |   |   |   |   |   |   |   |   |   |--- truncated branch of depth 11
|   |   |   |   |   |   |   |   |   |   |--- feature_14 >  0.26
|   |   |   |   |   |   |   |   |   |   |   |--- class: decrease
|   |   |   |   |   |   |   |   |   |--- feature_98 >  0.50
|   |   |   |   |   |   |   |   |   |   |--- class: decrease
|   |   |   |   |   |   |   |   |--- feature_94 >  1.50
|   |   |   |   |   |   |   |   |   |--- feature_14 <= 0.05
|   |   |   |   |   |   |   |   |   |   |--- class: decrease
|   |   |   |   |   |   |   |   |   |--- feature_14 >  0.05
|   |   |   |   |   |   |   |   |   |   |--- class: increase
|   |   |   |   |   |   |   |--- feature_99 >  0.50
|   |   |   |   |   |   |   |   |--- feature_27 <= 0.50
|   |   |   |   |   |   |   |   |   |--- feature_115 <= 0.50
|   |   |   |   |   |   |   |   |   |   |--- feature_1 <= 0.50
|   |   |   |   |   |   |   |   |   |   |   |--- truncated branch of depth 4
|   |   |   |   |   |   |   |   |   |   |--- feature_1 >  0.50
|   |   |   |   |   |   |   |   |   |   |   |--- class: increase
|   |   |   |   |   |   |   |   |   |--- feature_115 >  0.50
|   |   |   |   |   |   |   |   |   |   |--- class: increase
|   |   |   |   |   |   |   |   |--- feature_27 >  0.50
|   |   |   |   |   |   |   |   |   |--- class: decrease
|   |   |   |   |   |--- feature_56 >  1.50
|   |   |   |   |   |   |--- feature_65 <= 0.50
|   |   |   |   |   |   |   |--- class: decrease
|   |   |   |   |   |   |--- feature_65 >  0.50
|   |   |   |   |   |   |   |--- class: increase
|   |   |   |   |--- feature_15 >  0.50
|   |   |   |   |   |--- class: increase
|   |   |   |--- feature_19 >  0.50
|   |   |   |   |--- class: decrease
