|--- feature_1 <= 24.50
|   |--- feature_49 <= 0.50
|   |   |--- feature_99 <= 0.50
|   |   |   |--- feature_52 <= 1.50
|   |   |   |   |--- feature_14 <= 5.50
|   |   |   |   |   |--- feature_6 <= 0.50
|   |   |   |   |   |   |--- feature_3 <= 55.50
|   |   |   |   |   |   |   |--- feature_55 <= 0.50
|   |   |   |   |   |   |   |   |--- feature_12 <= 0.75
|   |   |   |   |   |   |   |   |   |--- feature_3 <= 19.50
|   |   |   |   |   |   |   |   |   |   |--- feature_7 <= 5.17
|   |   |   |   |   |   |   |   |   |   |   |--- truncated branch of depth 6
|   |   |   |   |   |   |   |   |   |   |--- feature_7 >  5.17
|   |   |   |   |   |   |   |   |   |   |   |--- truncated branch of depth 5
|   |   |   |   |   |   |   |   |   |--- feature_3 >  19.50
|   |   |   |   |   |   |   |   |   |   |--- feature_39 <= 0.50
|   |   |   |   |   |   |   |   |   |   |   |--- truncated branch of depth 20
|   |   |   |   |   |   |   |   |   |   |--- feature_39 >  0.50
|   |   |   |   |   |   |   |   |   |   |   |--- truncated branch of depth 3
|   |   |   |   |   |   |   |   |--- feature_12 >  0.75
|   |   |   |   |   |   |   |   |   |--- feature_89 <= 0.50
|   |   |   |   |   |   |   |   |   |   |--- class: low
|   |   |   |   |   |   |   |   |   |--- feature_89 >  0.50
|   |   |   |   |   |   |   |   |   |   |--- class: high
|   |   |   |   |   |   |   |--- feature_55 >  0.50
|   |   |   |   |   |   |   |   |--- feature_40 <= 0.50
|   |   |   |   |   |   |   |   |   |--- feature_0 <= -0.52
|   |   |   |   |   |   |   |   |   |   |--- feature_4 <= 1.50
|   |   |   |   |   |   |   |   |   |   |   |--- class: medium
|   |   |   |   |   |   |   |   |   |   |--- feature_4 >  1.50
|   |   |   |   |   |   |   |   |   |   |   |--- truncated branch of depth 2
|   |   |   |   |   |   |   |   |   |--- feature_0 >  -0.52
|   |   |   |   |   |   |   |   |   |   |--- class: high
|   |   |   |   |   |   |   |   |--- feature_40 >  0.50
|   |   |   |   |   |   |   |   |   |--- feature_7 <= 3.73
|   |   |   |   |   |   |   |   |   |   |--- class: none
|   |   |   |   |   |   |   |   |   |--- feature_7 >  3.73
|   |   |   |   |   |   |   |   |   |   |--- class: low
|   |   |   |   |   |   |--- feature_3 >  55.50
|   |   |   |   |   |   |   |--- feature_24 <= 0.50
|   |   |   |   |   |   |   |   |--- feature_0 <= 0.40
|   |   |   |   |   |   |   |   |   |--- feature_7 <= 3.71
|   |   |   |   |   |   |   |   |   |   |--- feature_7 <= 3.43
|   |   |   |   |   |   |   |   |   |   |   |--- truncated branch of depth 2
|   |   |   |   |   |   |   |   |   |   |--- feature_7 >  3.43
|   |   |   |   |   |   |   |   |   |   |   |--- truncated branch of depth 2
|   |   |   |   |   |   |   |   |   |--- feature_7 >  3.71
|   |   |   |   |   |   |   |   |   |   |--- feature_7 <= 4.91
|   |   |   |   |   |   |   |   |   |   |   |--- truncated branch of depth 11
|   |   |   |   |   |   |   |   |   |   |--- feature_7 >  4.91
|   |   |   |   |   |   |   |   |   |   |   |--- truncated branch of depth 12
|   |   |   |   |   |   |   |   |--- feature_0 >  0.40
|   |   |   |   |   |   |   |   |   |--- feature_0 <= 2.31
|   |   |   |   |   |   |   |   |   |   |--- feature_3 <= 82.00
|   |   |   |   |   |   |   |   |   |   |   |--- truncated branch of depth 8
|   |   |   |   |   |   |   |   |   |   |--- feature_3 >  82.00
|   |   |   |   |   |   |   |   |   |   |   |--- truncated branch of depth 8
|   |   |   |   |   |   |   |   |   |--- feature_0 >  2.31
|   |   |   |   |   |   |   |   |   |   |--- feature_97 <= 0.50
|   |   |   |   |   |   |   |   |   |   |   |--- truncated branch of depth 7
|   |   |   |   |   |   |   |   |   |   |--- feature_97 >  0.50
|   |   |   |   |   |   |   |   |   |   |   |--- truncated branch of depth 3
|   |   |   |   |   |   |   |--- feature_24 >  0.50
|   |   |   |   |   |   |   |   |--- feature_71 <= 0.50
|   |   |   |   |   |   |   |   |   |--- feature_55 <= 1.50
|   |   |   |   |   |   |   |   |   |   |--- class: low
|   |   |   |   |   |   |   |   |   |--- feature_55 >  1.50
|   |   |   |   |   |   |   |   |   |   |--- class: none
|   |   |   |   |   |   |   |   |--- feature_71 >  0.50
|   |   |   |   |   |   |   |   |   |--- feature_8 <= 8.50
|   |   |   |   |   |   |   |   |   |   |--- feature_1 <= 20.50
|   |   |   |   |   |   |   |   |   |   |   |--- class: high
|   |   |   |   |   |   |   |   |   |   |--- feature_1 >  20.50
|   |   |   |   |   |   |   |   |   |   |   |--- class: none
|   |   |   |   |   |   |   |   |   |--- feature_8 >  8.50
|   |   |   |   |   |   |   |   |   |   |--- class: medium
|   |   |   |   |   |--- feature_6 >  0.50
|   |   |   |   |   |   |--- feature_108 <= 0.50
|   |   |   |   |   |   |   |--- feature_9 <= 5.50
|   |   |   |   |   |   |   |   |--- feature_5 <= 2.50
|   |   |   |   |   |   |   |   |   |--- feature_19 <= 1.50
|   |   |   |   |   |   |   |   |   |   |--- feature_12 <= -0.03
|   |   |   |   |   |   |   |   |   |   |   |--- truncated branch of depth 22
|   |   |   |   |   |   |   |   |   |   |--- feature_12 >  -0.03
|   |   |   |   |   |   |   |   |   |   |   |--- truncated branch of depth 36
|   |   |   |   |   |   |   |   |   |--- feature_19 >  1.50
|   |   |   |   |   |   |   |   |   |   |--- feature_6 <= 3.50
|   |   |   |   |   |   |   |   |   |   |   |--- truncated branch of depth 5
|   |   |   |   |   |   |   |   |   |   |--- feature_6 >  3.50
|   |   |   |   |   |   |   |   |   |   |   |--- class: low
|   |   |   |   |   |   |   |   |--- feature_5 >  2.50
|   |   |   |   |   |   |   |   |   |--- feature_54 <= 0.50
|   |   |   |   |   |   |   |   |   |   |--- feature_7 <= 4.32
|   |   |   |   |   |   |   |   |   |   |   |--- truncated branch of depth 7
|   |   |   |   |   |   |   |   |   |   |--- feature_7 >  4.32
|   |   |   |   |   |   |   |   |   |   |   |--- truncated branch of depth 11
|   |   |   |   |   |   |   |   |   |--- feature_54 >  0.50
|   |   |   |   |   |   |   |   |   |   |--- feature_12 <= 0.11
|   |   |   |   |   |   |   |   |   |   |   |--- truncated branch of depth 7
|   |   |   |   |   |   |   |   |   |   |--- feature_12 >  0.11
|   |   |   |   |   |   |   |   |   |   |   |--- truncated branch of depth 4
|   |   |   |   |   |   |   |--- feature_9 >  5.50
|   |   |   |   |   |   |   |   |--- feature_60 <= 0.50
|   |   |   |   |   |   |   |   |   |--- feature_9 <= 7.50
|   |   |   |   |   |   |   |   |   |   |--- feature_0 <= 1.11
|   |   |   |   |   |   |   |   |   |   |   |--- truncated branch of depth 10
|   |   |   |   |   |   |   |   |   |   |--- feature_0 >  1.11
|   |   |   |   |   |   |   |   |   |   |   |--- truncated branch of depth 7
|   |   |   |   |   |   |   |   |   |--- feature_9 >  7.50
|   |   |   |   |   |   |   |   |   |   |--- feature_110 <= 0.50
|   |   |   |   |   |   |   |   |   |   |   |--- truncated branch of depth 11
|   |   |   |   |   |   |   |   |   |   |--- feature_110 >  0.50
|   |   |   |   |   |   |   |   |   |   |   |--- truncated branch of depth 3
|   |   |   |   |   |   |   |   |--- feature_60 >  0.50
|   |   |   |   |   |   |   |   |   |--- feature_22 <= 0.50
|   |   |   |   |   |   |   |   |   |   |--- feature_10 <= 1.50
|   |   |   |   |   |   |   |   |   |   |   |--- class: none
|   |   |   |   |   |   |   |   |   |   |--- feature_10 >  1.50
|   |   |   |   |   |   |   |   |   |   |   |--- class: high
|   |   |   |   |   |   |   |   |   |--- feature_22 >  0.50
|   |   |   |   |   |   |   |   |   |   |--- class: none
|   |   |   |   |   |   |--- feature_108 >  0.50
|   |   |   |   |   |   |   |--- feature_6 <= 2.50
|   |   |   |   |   |   |   |   |--- feature_3 <= 84.00
|   |   |   |   |   |   |   |   |   |--- feature_3 <= 55.00
|   |   |   |   |   |   |   |   |   |   |--- class: medium
|   |   |   |   |   |   |   |   |   |--- feature_3 >  55.00
|   |   |   |   |   |   |   |   |   |   |--- feature_3 <= 76.50
|   |   |   |   |   |   |   |   |   |   |   |--- truncated branch of depth 2
|   |   |   |   |   |   |   |   |   |   |--- feature_3 >  76.50
|   |   |   |   |   |   |   |   |   |   |   |--- class: low
|   |   |   |   |   |   |   |   |--- feature_3 >  84.00
|   |   |   |   |   |   |   |   |   |--- feature_4 <= 5.50
|   |   |   |   |   |   |   |   |   |   |--- class: high
|   |   |   |   |   |   |   |   |   |--- feature_4 >  5.50
|   |   |   |   |   |   |   |   |   |   |--- class: medium
|   |   |   |   |   |   |   |--- feature_6 >  2.50
|   |   |   |   |   |   |   |   |--- feature_27 <= 0.50
|   |   |   |   |   |   |   |   |   |--- feature_4 <= 2.00
|   |   |   |   |   |   |   |   |   |   |--- class: none
|   |   |   |   |   |   |   |   |   |--- feature_4 >  2.00
|   |   |   |   |   |   |   |   |   |   |--- class: high
|   |   |   |   |   |   |   |   |--- feature_27 >  0.50
|   |   |   |   |   |   |   |   |   |--- class: low
|   |   |   |   |--- feature_14 >  5.50
|   |   |   |   |   |--- feature_1 <= 14.50
|   |   |   |   |   |   |--- feature_12 <= 0.01
|   |   |   |   |   |   |   |--- feature_0 <= -0.33
|   |   |   |   |   |   |   |   |--- feature_28 <= 0.50
|   |   |   |   |   |   |   |   |   |--- feature_1 <= 11.50
|   |   |   |   |   |   |   |   |   |   |--- feature_9 <= 9.00
|   |   |   |   |   |   |   |   |   |   |   |--- truncated branch of depth 4
|   |   |   |   |   |   |   |   |   |   |--- feature_9 >  9.00
|   |   |   |   |   |   |   |   |   |   |   |--- truncated branch of depth 3
|   |   |   |   |   |   |   |   |   |--- feature_1 >  11.50
|   |   |   |   |   |   |   |   |   |   |--- feature_0 <= -1.71
|   |   |   |   |   |   |   |   |   |   |   |--- truncated branch of depth 3
|   |   |   |   |   |   |   |   |   |   |--- feature_0 >  -1.71
|   |   |   |   |   |   |   |   |   |   |   |--- truncated branch of depth 6
|   |   |   |   |   |   |   |   |--- feature_28 >  0.50
|   |   |   |   |   |   |   |   |   |--- class: medium
|   |   |   |   |   |   |   |--- feature_0 >  -0.33
|   |   |   |   |   |   |   |   |--- feature_0 <= 8.59
|   |   |   |   |   |   |   |   |   |--- feature_6 <= 6.50
|   |   |   |   |   |   |   |   |   |   |--- feature_4 <= 7.00
|   |   |   |   |   |   |   |   |   |   |   |--- truncated branch of depth 2
|   |   |   |   |   |   |   |   |   |   |--- feature_4 >  7.00
|   |   |   |   |   |   |   |   |   |   |   |--- truncated branch of depth 6
|   |   |   |   |   |   |   |   |   |--- feature_6 >  6.50
|   |   |   |   |   |   |   |   |   |   |--- feature_7 <= 11.21
|   |   |   |   |   |   |   |   |   |   |   |--- class: none
|   |   |   |   |   |   |   |   |   |   |--- feature_7 >  11.21
|   |   |   |   |   |   |   |   |   |   |   |--- truncated branch of depth 2
|   |   |   |   |   |   |   |   |--- feature_0 >  8.59
|   |   |   |   |   |   |   |   |   |--- class: low
|   |   |   |   |   |   |--- feature_12 >  0.01
|   |   |   |   |   |   |   |--- feature_0 <= -2.19
|   |   |   |   |   |   |   |   |--- class: high
|   |   |   |   |   |   |   |--- feature_0 >  -2.19
|   |   |   |   |   |   |   |   |--- feature_7 <= 12.87
|   |   |   |   |   |   |   |   |   |--- feature_3 <= 93.00
|   |   |   |   |   |   |   |   |   |   |--- feature_101 <= 0.50
|   |   |   |   |   |   |   |   |   |   |   |--- class: none
|   |   |   |   |   |   |   |   |   |   |--- feature_101 >  0.50
|   |   |   |   |   |   |   |   |   |   |   |--- class: medium
|   |   |   |   |   |   |   |   |   |--- feature_3 >  93.00
|   |   |   |   |   |   |   |   |   |   |--- feature_87 <= 0.50
|   |   |   |   |   |   |   |   |   |   |   |--- truncated branch of depth 4
|   |   |   |   |   |   |   |   |   |   |--- feature_87 >  0.50
|   |   |   |   |   |   |   |   |   |   |   |--- truncated branch of depth 2
|   |   |   |   |   |   |   |   |--- feature_7 >  12.87
|   |   |   |   |   |   |   |   |   |--- feature_7 <= 20.12
|   |   |   |   |   |   |   |   |   |   |--- feature_12 <= 0.29
|   |   |   |   |   |   |   |   |   |   |   |--- class: none
|   |   |   |   |   |   |   |   |   |   |--- feature_12 >  0.29
|   |   |   |   |   |   |   |   |   |   |   |--- truncated branch of depth 2
|   |   |   |   |   |   |   |   |   |--- feature_7 >  20.12
|   |   |   |   |   |   |   |   |   |   |--- class: low
|   |   |   |   |   |--- feature_1 >  14.50
|   |   |   |   |   |   |--- feature_17 <= 0.50
|   |   |   |   |   |   |   |--- feature_8 <= 10.50
|   |   |   |   |   |   |   |   |--- feature_5 <= 2.50
|   |   |   |   |   |   |   |   |   |--- feature_9 <= 9.00
|   |   |   |   |   |   |   |   |   |   |--- feature_0 <= -0.23
|   |   |   |   |   |   |   |   |   |   |   |--- truncated branch of depth 3
|   |   |   |   |   |   |   |   |   |   |--- feature_0 >  -0.23
|   |   |   |   |   |   |   |   |   |   |   |--- truncated branch of depth 5
|   |   |   |   |   |   |   |   |   |--- feature_9 >  9.00
|   |   |   |   |   |   |   |   |   |   |--- feature_0 <= 0.70
|   |   |   |   |   |   |   |   |   |   |   |--- class: medium
|   |   |   |   |   |   |   |   |   |   |--- feature_0 >  0.70
|   |   |   |   |   |   |   |   |   |   |   |--- class: high
|   |   |   |   |   |   |   |   |--- feature_5 >  2.50
|   |   |   |   |   |   |   |   |   |--- feature_3 <= 97.50
|   |   |   |   |   |   |   |   |   |   |--- feature_12 <= 0.10
|   |   |   |   |   |   |   |   |   |   |   |--- truncated branch of depth 2
|   |   |   |   |   |   |   |   |   |   |--- feature_12 >  0.10
|   |   |   |   |   |   |   |   |   |   |   |--- class: high
|   |   |   |   |   |   |   |   |   |--- feature_3 >  97.50
|   |   |   |   |   |   |   |   |   |   |--- feature_10 <= 5.50
|   |   |   |   |   |   |   |   |   |   |   |--- class: medium
|   |   |   |   |   |   |   |   |   |   |--- feature_10 >  5.50
|   |   |   |   |   |   |   |   |   |   |   |--- truncated branch of depth 2
|   |   |   |   |   |   |   |--- feature_8 >  10.50
|   |   |   |   |   |   |   |   |--- feature_22 <= 0.50
|   |   |   |   |   |   |   |   |   |--- feature_8 <= 15.50
|   |   |   |   |   |   |   |   |   |   |--- feature_7 <= 6.44
|   |   |   |   |   |   |   |   |   |   |   |--- truncated branch of depth 5
|   |   |   |   |   |   |   |   |   |   |--- feature_7 >  6.44
|   |   |   |   |   |   |   |   |   |   |   |--- truncated branch of depth 6
|   |   |   |   |   |   |   |   |   |--- feature_8 >  15.50
|   |   |   |   |   |   |   |   |   |   |--- feature_5 <= 0.50
|   |   |   |   |   |   |   |   |   |   |   |--- truncated branch of depth 2
|   |   |   |   |   |   |   |   |   |   |--- feature_5 >  0.50
|   |   |   |   |   |   |   |   |   |   |   |--- truncated branch of depth 9
|   |   |   |   |   |   |   |   |--- feature_22 >  0.50
|   |   |   |   |   |   |   |   |   |--- feature_62 <= 1.00
|   |   |   |   |   |   |   |   |   |   |--- class: none
|   |   |   |   |   |   |   |   |   |--- feature_62 >  1.00
|   |   |   |   |   |   |   |   |   |   |--- feature_54 <= 0.50
|   |   |   |   |   |   |   |   |   |   |   |--- truncated branch of depth 2
|   |   |   |   |   |   |   |   |   |   |--- feature_54 >  0.50
|   |   |   |   |   |   |   |   |   |   |   |--- class: low
|   |   |   |   |   |   |--- feature_17 >  0.50
|   |   |   |   |   |   |   |--- feature_1 <= 16.50
|   |   |   |   |   |   |   |   |--- class: low
|   |   |   |   |   |   |   |--- feature_1 >  16.50
|   |   |   |   |   |   |   |   |--- feature_0 <= -0.68
|   |   |   |   |   |   |   |   |   |--- class: low
|   |   |   |   |   |   |   |   |--- feature_0 >  -0.68
|   |   |   |   |   |   |   |   |   |--- class: high
|   |   |   |--- feature_52 >  1.50
|   |   |   |   |--- feature_12 <= -0.01
|   |   |   |   |   |--- feature_1 <= 21.00
|   |   |   |   |   |   |--- feature_7 <= 4.62
|   |   |   |   |   |   |   |--- feature_92 <= 0.50
|   |   |   |   |   |   |   |   |--- class: high
|   |   |   |   |   |   |   |--- feature_92 >  0.50
|   |   |   |   |   |   |   |   |--- class: low
|   |   |   |   |   |   |--- feature_7 >  4.62
|   |   |   |   |   |   |   |--- class: low
|   |   |   |   |   |--- feature_1 >  21.00
|   |   |   |   |   |   |--- class: high
|   |   |   |   |--- feature_12 >  -0.01
|   |   |   |   |   |--- feature_9 <= 4.50
|   |   |   |   |   |   |--- feature_90 <= 1.50
|   |   |   |   |   |   |   |--- feature_3 <= 116.50
|   |   |   |   |   |   |   |   |--- feature_87 <= 0.50
|   |   |   |   |   |   |   |   |   |--- feature_29 <= 0.50
|   |   |   |   |   |   |   |   |   |   |--- feature_6 <= 0.50
|   |   |   |   |   |   |   |   |   |   |   |--- class: none
|   |   |   |   |   |   |   |   |   |   |--- feature_6 >  0.50
|   |   |   |   |   |   |   |   |   |   |   |--- truncated branch of depth 3
|   |   |   |   |   |   |   |   |   |--- feature_29 >  0.50
|   |   |   |   |   |   |   |   |   |   |--- class: high
|   |   |   |   |   |   |   |   |--- feature_87 >  0.50
|   |   |   |   |   |   |   |   |   |--- class: high
|   |   |   |   |   |   |   |--- feature_3 >  116.50
|   |   |   |   |   |   |   |   |--- feature_3 <= 135.50
|   |   |   |   |   |   |   |   |   |--- class: high
|   |   |   |   |   |   |   |   |--- feature_3 >  135.50
|   |   |   |   |   |   |   |   |   |--- feature_0 <= 0.60
|   |   |   |   |   |   |   |   |   |   |--- class: medium
|   |   |   |   |   |   |   |   |   |--- feature_0 >  0.60
|   |   |   |   |   |   |   |   |   |   |--- feature_98 <= 0.50
|   |   |   |   |   |   |   |   |   |   |   |--- class: high
|   |   |   |   |   |   |   |   |   |   |--- feature_98 >  0.50
|   |   |   |   |   |   |   |   |   |   |   |--- class: medium
|   |   |   |   |   |   |--- feature_90 >  1.50
|   |   |   |   |   |   |   |--- feature_10 <= 2.00
|   |   |   |   |   |   |   |   |--- feature_38 <= 0.50
|   |   |   |   |   |   |   |   |   |--- class: high
|   |   |   |   |   |   |   |   |--- feature_38 >  0.50
|   |   |   |   |   |   |   |   |   |--- class: medium
|   |   |   |   |   |   |   |--- feature_10 >  2.00
|   |   |   |   |   |   |   |   |--- class: low
|   |   |   |   |   |--- feature_9 >  4.50
|   |   |   |   |   |   |--- feature_9 <= 6.50
|   |   |   |   |   |   |   |--- class: low
|   |   |   |   |   |   |--- feature_9 >  6.50
|   |   |   |   |   |   |   |--- feature_100 <= 0.50
|   |   |   |   |   |   |   |   |--- class: medium
|   |   |   |   |   |   |   |--- feature_100 >  0.50
|   |   |   |   |   |   |   |   |--- class: low
|   |   |--- feature_99 >  0.50
|   |   |   |--- feature_3 <= 97.50
|   |   |   |   |--- feature_2 <= 15.50
|   |   |   |   |   |--- feature_4 <= 5.50
|   |   |   |   |   |   |--- feature_90 <= 0.50
|   |   |   |   |   |   |   |--- feature_5 <= 2.50
|   |   |   |   |   |   |   |   |--- feature_1 <= 13.50
|   |   |   |   |   |   |   |   |   |--- feature_5 <= 0.50
|   |   |   |   |   |   |   |   |   |   |--- feature_1 <= 11.50
|   |   |   |   |   |   |   |   |   |   |   |--- truncated branch of depth 5
|   |   |   |   |   |   |   |   |   |   |--- feature_1 >  11.50
|   |   |   |   |   |   |   |   |   |   |   |--- truncated branch of depth 2
|   |   |   |   |   |   |   |   |   |--- feature_5 >  0.50
|   |   |   |   |   |   |   |   |   |   |--- feature_11 <= 8.50
|   |   |   |   |   |   |   |   |   |   |   |--- truncated branch of depth 7
|   |   |   |   |   |   |   |   |   |   |--- feature_11 >  8.50
|   |   |   |   |   |   |   |   |   |   |   |--- truncated branch of depth 2
|   |   |   |   |   |   |   |   |--- feature_1 >  13.50
|   |   |   |   |   |   |   |   |   |--- feature_8 <= 4.50
|   |   |   |   |   |   |   |   |   |   |--- class: medium
|   |   |   |   |   |   |   |   |   |--- feature_8 >  4.50
|   |   |   |   |   |   |   |   |   |   |--- feature_71 <= 0.50
|   |   |   |   |   |   |   |   |   |   |   |--- class: low
|   |   |   |   |   |   |   |   |   |   |--- feature_71 >  0.50
|   |   |   |   |   |   |   |   |   |   |   |--- truncated branch of depth 2
|   |   |   |   |   |   |   |--- feature_5 >  2.50
|   |   |   |   |   |   |   |   |--- class: medium
|   |   |   |   |   |   |--- feature_90 >  0.50
|   |   |   |   |   |   |   |--- feature_3 <= 70.00
|   |   |   |   |   |   |   |   |--- feature_10 <= 1.50
|   |   |   |   |   |   |   |   |   |--- feature_0 <= -3.59
|   |   |   |   |   |   |   |   |   |   |--- class: high
|   |   |   |   |   |   |   |   |   |--- feature_0 >  -3.59
|   |   |   |   |   |   |   |   |   |   |--- class: low
|   |   |   |   |   |   |   |   |--- feature_10 >  1.50
|   |   |   |   |   |   |   |   |   |--- feature_8 <= 4.50
|   |   |   |   |   |   |   |   |   |   |--- feature_3 <= 61.00
|   |   |   |   |   |   |   |   |   |   |   |--- truncated branch of depth 2
|   |   |   |   |   |   |   |   |   |   |--- feature_3 >  61.00
|   |   |   |   |   |   |   |   |   |   |   |--- truncated branch of depth 3
|   |   |   |   |   |   |   |   |   |--- feature_8 >  4.50
|   |   |   |   |   |   |   |   |   |   |--- class: high
|   |   |   |   |   |   |   |--- feature_3 >  70.00
|   |   |   |   |   |   |   |   |--- feature_3 <= 72.00
|   |   |   |   |   |   |   |   |   |--- class: none
|   |   |   |   |   |   |   |   |--- feature_3 >  72.00
|   |   |   |   |   |   |   |   |   |--- feature_0 <= -0.96
|   |   |   |   |   |   |   |   |   |   |--- feature_3 <= 86.50
|   |   |   |   |   |   |   |   |   |   |   |--- class: high
|   |   |   |   |   |   |   |   |   |   |--- feature_3 >  86.50
|   |   |   |   |   |   |   |   |   |   |   |--- class: none
|   |   |   |   |   |   |   |   |   |--- feature_0 >  -0.96
|   |   |   |   |   |   |   |   |   |   |--- feature_3 <= 80.50
|   |   |   |   |   |   |   |   |   |   |   |--- class: low
|   |   |   |   |   |   |   |   |   |   |--- feature_3 >  80.50
|   |   |   |   |   |   |   |   |   |   |   |--- class: high
|   |   |   |   |   |--- feature_4 >  5.50
|   |   |   |   |   |   |--- feature_7 <= 5.37
|   |   |   |   |   |   |   |--- feature_7 <= 4.75
|   |   |   |   |   |   |   |   |--- class: low
|   |   |   |   |   |   |   |--- feature_7 >  4.75
|   |   |   |   |   |   |   |   |--- feature_0 <= -1.75
|   |   |   |   |   |   |   |   |   |--- class: low
|   |   |   |   |   |   |   |   |--- feature_0 >  -1.75
|   |   |   |   |   |   |   |   |   |--- feature_5 <= 0.50
|   |   |   |   |   |   |   |   |   |   |--- class: low
|   |   |   |   |   |   |   |   |   |--- feature_5 >  0.50
|   |   |   |   |   |   |   |   |   |   |--- class: none
|   |   |   |   |   |   |--- feature_7 >  5.37
|   |   |   |   |   |   |   |--- feature_11 <= 5.50
|   |   |   |   |   |   |   |   |--- feature_3 <= 45.00
|   |   |   |   |   |   |   |   |   |--- feature_19 <= 0.50
|   |   |   |   |   |   |   |   |   |   |--- class: high
|   |   |   |   |   |   |   |   |   |--- feature_19 >  0.50
|   |   |   |   |   |   |   |   |   |   |--- class: medium
|   |   |   |   |   |   |   |   |--- feature_3 >  45.00
|   |   |   |   |   |   |   |   |   |--- feature_0 <= -0.17
|   |   |   |   |   |   |   |   |   |   |--- class: low
|   |   |   |   |   |   |   |   |   |--- feature_0 >  -0.17
|   |   |   |   |   |   |   |   |   |   |--- feature_5 <= 0.50
|   |   |   |   |   |   |   |   |   |   |   |--- class: low
|   |   |   |   |   |   |   |   |   |   |--- feature_5 >  0.50
|   |   |   |   |   |   |   |   |   |   |   |--- class: high
|   |   |   |   |   |   |   |--- feature_11 >  5.50
|   |   |   |   |   |   |   |   |--- feature_11 <= 8.00
|   |   |   |   |   |   |   |   |   |--- feature_7 <= 6.69
|   |   |   |   |   |   |   |   |   |   |--- class: high
|   |   |   |   |   |   |   |   |   |--- feature_7 >  6.69
|   |   |   |   |   |   |   |   |   |   |--- class: none
|   |   |   |   |   |   |   |   |--- feature_11 >  8.00
|   |   |   |   |   |   |   |   |   |--- feature_54 <= 0.50
|   |   |   |   |   |   |   |   |   |   |--- class: low
|   |   |   |   |   |   |   |   |   |--- feature_54 >  0.50
|   |   |   |   |   |   |   |   |   |   |--- feature_12 <= -0.31
|   |   |   |   |   |   |   |   |   |   |   |--- class: medium
|   |   |   |   |   |   |   |   |   |   |--- feature_12 >  -0.31
|   |   |   |   |   |   |   |   |   |   |   |--- class: none
|   |   |   |   |--- feature_2 >  15.50
|   |   |   |   |   |--- feature_11 <= 12.50
|   |   |   |   |   |   |--- feature_104 <= 0.50
|   |   |   |   |   |   |   |--- class: medium
|   |   |   |   |   |   |--- feature_104 >  0.50
|   |   |   |   |   |   |   |--- class: none
|   |   |   |   |   |--- feature_11 >  12.50
|   |   |   |   |   |   |--- feature_2 <= 17.50
|   |   |   |   |   |   |   |--- feature_1 <= 17.50
|   |   |   |   |   |   |   |   |--- feature_7 <= 4.56
|   |   |   |   |   |   |   |   |   |--- class: medium
|   |   |   |   |   |   |   |   |--- feature_7 >  4.56
|   |   |   |   |   |   |   |   |   |--- feature_15 <= 0.50
|   |   |   |   |   |   |   |   |   |   |--- class: high
|   |   |   |   |   |   |   |   |   |--- feature_15 >  0.50
|   |   |   |   |   |   |   |   |   |   |--- class: none
|   |   |   |   |   |   |   |--- feature_1 >  17.50
|   |   |   |   |   |   |   |   |--- class: none
|   |   |   |   |   |   |--- feature_2 >  17.50
|   |   |   |   |   |   |   |--- class: high
|   |   |   |--- feature_3 >  97.50
|   |   |   |   |--- feature_1 <= 20.50
|   |   |   |   |   |--- feature_7 <= 14.26
|   |   |   |   |   |   |--- feature_75 <= 0.50
|   |   |   |   |   |   |   |--- feature_87 <= 1.50
|   |   |   |   |   |   |   |   |--- feature_11 <= 14.50
|   |   |   |   |   |   |   |   |   |--- feature_0 <= -0.08
|   |   |   |   |   |   |   |   |   |   |--- feature_4 <= 8.50
|   |   |   |   |   |   |   |   |   |   |   |--- truncated branch of depth 6
|   |   |   |   |   |   |   |   |   |   |--- feature_4 >  8.50
|   |   |   |   |   |   |   |   |   |   |   |--- truncated branch of depth 2
|   |   |   |   |   |   |   |   |   |--- feature_0 >  -0.08
|   |   |   |   |   |   |   |   |   |   |--- feature_21 <= 1.50
|   |   |   |   |   |   |   |   |   |   |   |--- truncated branch of depth 5
|   |   |   |   |   |   |   |   |   |   |--- feature_21 >  1.50
|   |   |   |   |   |   |   |   |   |   |   |--- class: medium
|   |   |   |   |   |   |   |   |--- feature_11 >  14.50
|   |   |   |   |   |   |   |   |   |--- feature_97 <= 0.50
|   |   |   |   |   |   |   |   |   |   |--- feature_52 <= 0.50
|   |   |   |   |   |   |   |   |   |   |   |--- class: low
|   |   |   |   |   |   |   |   |   |   |--- feature_52 >  0.50
|   |   |   |   |   |   |   |   |   |   |   |--- truncated branch of depth 2
|   |   |   |   |   |   |   |   |   |--- feature_97 >  0.50
|   |   |   |   |   |   |   |   |   |   |--- feature_73 <= 0.50
|   |   |   |   |   |   |   |   |   |   |   |--- truncated branch of depth 2
|   |   |   |   |   |   |   |   |   |   |--- feature_73 >  0.50
|   |   |   |   |   |   |   |   |   |   |   |--- class: medium
|   |   |   |   |   |   |   |--- feature_87 >  1.50
|   |   |   |   |   |   |   |   |--- feature_4 <= 18.50
|   |   |   |   |   |   |   |   |   |--- class: low
|   |   |   |   |   |   |   |   |--- feature_4 >  18.50
|   |   |   |   |   |   |   |   |   |--- class: medium
|   |   |   |   |   |   |--- feature_75 >  0.50
|   |   |   |   |   |   |   |--- class: none
|   |   |   |   |   |--- feature_7 >  14.26
|   |   |   |   |   |   |--- feature_3 <= 132.00
|   |   |   |   |   |   |   |--- class: high
|   |   |   |   |   |   |--- feature_3 >  132.00
|   |   |   |   |   |   |   |--- feature_107 <= 0.50
|   |   |   |   |   |   |   |   |--- class: none
|   |   |   |   |   |   |   |--- feature_107 >  0.50
|   |   |   |   |   |   |   |   |--- class: high
|   |   |   |   |--- feature_1 >  20.50
|   |   |   |   |   |--- feature_12 <= 0.02
|   |   |   |   |   |   |--- feature_0 <= -1.40
|   |   |   |   |   |   |   |--- feature_1 <= 21.50
|   |   |   |   |   |   |   |   |--- class: medium
|   |   |   |   |   |   |   |--- feature_1 >  21.50
|   |   |   |   |   |   |   |   |--- feature_14 <= 4.50
|   |   |   |   |   |   |   |   |   |--- class: high
|   |   |   |   |   |   |   |   |--- feature_14 >  4.50
|   |   |   |   |   |   |   |   |   |--- feature_76 <= 0.50
|   |   |   |   |   |   |   |   |   |   |--- class: medium
|   |   |   |   |   |   |   |   |   |--- feature_76 >  0.50
|   |   |   |   |   |   |   |   |   |   |--- class: none
|   |   |   |   |   |   |--- feature_0 >  -1.40
|   |   |   |   |   |   |   |--- feature_50 <= 0.50
|   |   |   |   |   |   |   |   |--- feature_79 <= 0.50
|   |   |   |   |   |   |   |   |   |--- class: high
|   |   |   |   |   |   |   |   |--- feature_79 >  0.50
|   |   |   |   |   |   |   |   |   |--- class: medium
|   |   |   |   |   |   |   |--- feature_50 >  0.50
|   |   |   |   |   |   |   |   |--- class: medium
|   |   |   |   |   |--- feature_12 >  0.02
|   |   |   |   |   |   |--- feature_7 <= 4.29
|   |   |   |   |   |   |   |--- class: none
|   |   |   |   |   |   |--- feature_7 >  4.29
|   |   |   |   |   |   |   |--- feature_7 <= 6.13
|   |   |   |   |   |   |   |   |--- feature_0 <= 4.57
|   |   |   |   |   |   |   |   |   |--- feature_6 <= 7.50
|   |   |   |   |   |   |   |   |   |   |--- feature_7 <= 4.56
|   |   |   |   |   |   |   |   |   |   |   |--- class: high
|   |   |   |   |   |   |   |   |   |   |--- feature_7 >  4.56
|   |   |   |   |   |   |   |   |   |   |   |--- class: medium
|   |   |   |   |   |   |   |   |   |--- feature_6 >  7.50
|   |   |   |   |   |   |   |   |   |   |--- class: low
|   |   |   |   |   |   |   |   |--- feature_0 >  4.57
|   |   |   |   |   |   |   |   |   |--- class: high
|   |   |   |   |   |   |   |--- feature_7 >  6.13
|   |   |   |   |   |   |   |   |--- class: low
|   |--- feature_49 >  0.50
|   |   |--- feature_11 <= 5.50
|   |   |   |--- feature_12 <= 0.26
|   |   |   |   |--- feature_5 <= 9.50
|   |   |   |   |   |--- feature_7 <= 13.02
|   |   |   |   |   |   |--- feature_3 <= 73.50
|   |   |   |   |   |   |   |--- feature_7 <= 6.90
|   |   |   |   |   |   |   |   |--- feature_11 <= 4.50
|   |   |   |   |   |   |   |   |   |--- feature_9 <= 1.50
|   |   |   |   |   |   |   |   |   |   |--- feature_30 <= 0.50
|   |   |   |   |   |   |   |   |   |   |   |--- class: low
|   |   |   |   |   |   |   |   |   |   |--- feature_30 >  0.50
|   |   |   |   |   |   |   |   |   |   |   |--- class: none
|   |   |   |   |   |   |   |   |   |--- feature_9 >  1.50
|   |   |   |   |   |   |   |   |   |   |--- feature_12 <= 0.07
|   |   |   |   |   |   |   |   |   |   |   |--- class: none
|   |   |   |   |   |   |   |   |   |   |--- feature_12 >  0.07
|   |   |   |   |   |   |   |   |   |   |   |--- class: high
|   |   |   |   |   |   |   |   |--- feature_11 >  4.50
|   |   |   |   |   |   |   |   |   |--- class: medium
|   |   |   |   |   |   |   |--- feature_7 >  6.90
|   |   |   |   |   |   |   |   |--- feature_52 <= 0.50
|   |   |   |   |   |   |   |   |   |--- feature_11 <= 1.50
|   |   |   |   |   |   |   |   |   |   |--- feature_14 <= 5.50
|   |   |   |   |   |   |   |   |   |   |   |--- class: none
|   |   |   |   |   |   |   |   |   |   |--- feature_14 >  5.50
|   |   |   |   |   |   |   |   |   |   |   |--- truncated branch of depth 3
|   |   |   |   |   |   |   |   |   |--- feature_11 >  1.50
|   |   |   |   |   |   |   |   |   |   |--- feature_1 <= 8.50
|   |   |   |   |   |   |   |   |   |   |   |--- class: high
|   |   |   |   |   |   |   |   |   |   |--- feature_1 >  8.50
|   |   |   |   |   |   |   |   |   |   |   |--- class: none
|   |   |   |   |   |   |   |   |--- feature_52 >  0.50
|   |   |   |   |   |   |   |   |   |--- class: medium
|   |   |   |   |   |   |--- feature_3 >  73.50
|   |   |   |   |   |   |   |--- feature_3 <= 207.00
|   |   |   |   |   |   |   |   |--- feature_9 <= 14.50
|   |   |   |   |   |   |   |   |   |--- feature_87 <= 0.50
|   |   |   |   |   |   |   |   |   |   |--- feature_65 <= 0.50
|   |   |   |   |   |   |   |   |   |   |   |--- truncated branch of depth 13
|   |   |   |   |   |   |   |   |   |   |--- feature_65 >  0.50
|   |   |   |   |   |   |   |   |   |   |   |--- truncated branch of depth 2
|   |   |   |   |   |   |   |   |   |--- feature_87 >  0.50
|   |   |   |   |   |   |   |   |   |   |--- feature_0 <= 1.76
|   |   |   |   |   |   |   |   |   |   |   |--- truncated branch of depth 8
|   |   |   |   |   |   |   |   |   |   |--- feature_0 >  1.76
|   |   |   |   |   |   |   |   |   |   |   |--- truncated branch of depth 3
|   |   |   |   |   |   |   |   |--- feature_9 >  14.50
|   |   |   |   |   |   |   |   |   |--- feature_10 <= 6.50
|   |   |   |   |   |   |   |   |   |   |--- class: none
|   |   |   |   |   |   |   |   |   |--- feature_10 >  6.50
|   |   |   |   |   |   |   |   |   |   |--- class: high
|   |   |   |   |   |   |   |--- feature_3 >  207.00
|   |   |   |   |   |   |   |   |--- feature_97 <= 1.50
|   |   |   |   |   |   |   |   |   |--- class: low
|   |   |   |   |   |   |   |   |--- feature_97 >  1.50
|   |   |   |   |   |   |   |   |   |--- class: medium
|   |   |   |   |   |--- feature_7 >  13.02
|   |   |   |   |   |   |--- feature_51 <= 0.50
|   |   |   |   |   |   |   |--- feature_0 <= 1.45
|   |   |   |   |   |   |   |   |--- feature_0 <= 0.63
|   |   |   |   |   |   |   |   |   |--- feature_1 <= 11.50
|   |   |   |   |   |   |   |   |   |   |--- feature_7 <= 14.34
|   |   |   |   |   |   |   |   |   |   |   |--- class: medium
|   |   |   |   |   |   |   |   |   |   |--- feature_7 >  14.34
|   |   |   |   |   |   |   |   |   |   |   |--- truncated branch of depth 4
|   |   |   |   |   |   |   |   |   |--- feature_1 >  11.50
|   |   |   |   |   |   |   |   |   |   |--- class: none
|   |   |   |   |   |   |   |   |--- feature_0 >  0.63
|   |   |   |   |   |   |   |   |   |--- class: none
|   |   |   |   |   |   |   |--- feature_0 >  1.45
|   |   |   |   |   |   |   |   |--- class: medium
|   |   |   |   |   |   |--- feature_51 >  0.50
|   |   |   |   |   |   |   |--- class: low
|   |   |   |   |--- feature_5 >  9.50
|   |   |   |   |   |--- feature_60 <= 0.50
|   |   |   |   |   |   |--- class: medium
|   |   |   |   |   |--- feature_60 >  0.50
|   |   |   |   |   |   |--- class: low
|   |   |   |--- feature_12 >  0.26
|   |   |   |   |--- feature_0 <= 2.20
|   |   |   |   |   |--- feature_7 <= 11.05
|   |   |   |   |   |   |--- feature_62 <= 0.50
|   |   |   |   |   |   |   |--- feature_2 <= 19.50
|   |   |   |   |   |   |   |   |--- feature_25 <= 0.50
|   |   |   |   |   |   |   |   |   |--- feature_1 <= 16.00
|   |   |   |   |   |   |   |   |   |   |--- feature_1 <= 14.50
|   |   |   |   |   |   |   |   |   |   |   |--- truncated branch of depth 3
|   |   |   |   |   |   |   |   |   |   |--- feature_1 >  14.50
|   |   |   |   |   |   |   |   |   |   |   |--- class: none
|   |   |   |   |   |   |   |   |   |--- feature_1 >  16.00
|   |   |   |   |   |   |   |   |   |   |--- class: low
|   |   |   |   |   |   |   |   |--- feature_25 >  0.50
|   |   |   |   |   |   |   |   |   |--- class: none
|   |   |   |   |   |   |   |--- feature_2 >  19.50
|   |   |   |   |   |   |   |   |--- class: medium
|   |   |   |   |   |   |--- feature_62 >  0.50
|   |   |   |   |   |   |   |--- class: medium
|   |   |   |   |   |--- feature_7 >  11.05
|   |   |   |   |   |   |--- feature_97 <= 0.50
|   |   |   |   |   |   |   |--- class: none
|   |   |   |   |   |   |--- feature_97 >  0.50
|   |   |   |   |   |   |   |--- feature_9 <= 12.00
|   |   |   |   |   |   |   |   |--- class: medium
|   |   |   |   |   |   |   |--- feature_9 >  12.00
|   |   |   |   |   |   |   |   |--- class: none
|   |   |   |   |--- feature_0 >  2.20
|   |   |   |   |   |--- feature_3 <= 187.00
|   |   |   |   |   |   |--- class: medium
|   |   |   |   |   |--- feature_3 >  187.00
|   |   |   |   |   |   |--- class: low
|   |   |--- feature_11 >  5.50
|   |   |   |--- feature_5 <= 2.50
|   |   |   |   |--- feature_102 <= 0.50
|   |   |   |   |   |--- feature_62 <= 0.50
|   |   |   |   |   |   |--- feature_1 <= 9.50
|   |   |   |   |   |   |   |--- feature_0 <= -0.75
|   |   |   |   |   |   |   |   |--- feature_3 <= 126.00
|   |   |   |   |   |   |   |   |   |--- class: medium
|   |   |   |   |   |   |   |   |--- feature_3 >  126.00
|   |   |   |   |   |   |   |   |   |--- class: none
|   |   |   |   |   |   |   |--- feature_0 >  -0.75
|   |   |   |   |   |   |   |   |--- class: none
|   |   |   |   |   |   |--- feature_1 >  9.50
|   |   |   |   |   |   |   |--- feature_12 <= 0.09
|   |   |   |   |   |   |   |   |--- feature_9 <= 19.00
|   |   |   |   |   |   |   |   |   |--- feature_113 <= 0.50
|   |   |   |   |   |   |   |   |   |   |--- feature_9 <= 3.50
|   |   |   |   |   |   |   |   |   |   |   |--- truncated branch of depth 7
|   |   |   |   |   |   |   |   |   |   |--- feature_9 >  3.50
|   |   |   |   |   |   |   |   |   |   |   |--- truncated branch of depth 6
|   |   |   |   |   |   |   |   |   |--- feature_113 >  0.50
|   |   |   |   |   |   |   |   |   |   |--- class: low
|   |   |   |   |   |   |   |   |--- feature_9 >  19.00
|   |   |   |   |   |   |   |   |   |--- feature_3 <= 198.00
|   |   |   |   |   |   |   |   |   |   |--- feature_6 <= 0.50
|   |   |   |   |   |   |   |   |   |   |   |--- class: none
|   |   |   |   |   |   |   |   |   |   |--- feature_6 >  0.50
|   |   |   |   |   |   |   |   |   |   |   |--- class: medium
|   |   |   |   |   |   |   |   |   |--- feature_3 >  198.00
|   |   |   |   |   |   |   |   |   |   |--- feature_73 <= 1.50
|   |   |   |   |   |   |   |   |   |   |   |--- class: low
|   |   |   |   |   |   |   |   |   |   |--- feature_73 >  1.50
|   |   |   |   |   |   |   |   |   |   |   |--- class: high
|   |   |   |   |   |   |   |--- feature_12 >  0.09
|   |   |   |   |   |   |   |   |--- feature_9 <= 0.50
|   |   |   |   |   |   |   |   |   |--- feature_11 <= 11.00
|   |   |   |   |   |   |   |   |   |   |--- feature_38 <= 0.50
|   |   |   |   |   |   |   |   |   |   |   |--- class: high
|   |   |   |   |   |   |   |   |   |   |--- feature_38 >  0.50
|   |   |   |   |   |   |   |   |   |   |   |--- class: medium
|   |   |   |   |   |   |   |   |   |--- feature_11 >  11.00
|   |   |   |   |   |   |   |   |   |   |--- class: medium
|   |   |   |   |   |   |   |   |--- feature_9 >  0.50
|   |   |   |   |   |   |   |   |   |--- feature_14 <= 6.50
|   |   |   |   |   |   |   |   |   |   |--- feature_5 <= 1.50
|   |   |   |   |   |   |   |   |   |   |   |--- truncated branch of depth 6
|   |   |   |   |   |   |   |   |   |   |--- feature_5 >  1.50
|   |   |   |   |   |   |   |   |   |   |   |--- truncated branch of depth 2
|   |   |   |   |   |   |   |   |   |--- feature_14 >  6.50
|   |   |   |   |   |   |   |   |   |   |--- feature_49 <= 1.50
|   |   |   |   |   |   |   |   |   |   |   |--- class: high
|   |   |   |   |   |   |   |   |   |   |--- feature_49 >  1.50
|   |   |   |   |   |   |   |   |   |   |   |--- class: none
|   |   |   |   |   |--- feature_62 >  0.50
|   |   |   |   |   |   |--- feature_0 <= 1.47
|   |   |   |   |   |   |   |--- feature_7 <= 7.80
|   |   |   |   |   |   |   |   |--- class: high
|   |   |   |   |   |   |   |--- feature_7 >  7.80
|   |   |   |   |   |   |   |   |--- class: medium
|   |   |   |   |   |   |--- feature_0 >  1.47
|   |   |   |   |   |   |   |--- feature_1 <= 15.50
|   |   |   |   |   |   |   |   |--- class: none
|   |   |   |   |   |   |   |--- feature_1 >  15.50
|   |   |   |   |   |   |   |   |--- class: medium
|   |   |   |   |--- feature_102 >  0.50
|   |   |   |   |   |--- feature_9 <= 10.00
|   |   |   |   |   |   |--- feature_8 <= 9.50
|   |   |   |   |   |   |   |--- feature_54 <= 0.50
|   |   |   |   |   |   |   |   |--- class: none
|   |   |   |   |   |   |   |--- feature_54 >  0.50
|   |   |   |   |   |   |   |   |--- class: medium
|   |   |   |   |   |   |--- feature_8 >  9.50
|   |   |   |   |   |   |   |--- feature_74 <= 0.50
|   |   |   |   |   |   |   |   |--- feature_11 <= 7.50
|   |   |   |   |   |   |   |   |   |--- class: medium
|   |   |   |   |   |   |   |   |--- feature_11 >  7.50
|   |   |   |   |   |   |   |   |   |--- class: low
|   |   |   |   |   |   |   |--- feature_74 >  0.50
|   |   |   |   |   |   |   |   |--- class: medium
|   |   |   |   |   |--- feature_9 >  10.00
|   |   |   |   |   |   |--- class: none
|   |   |   |--- feature_5 >  2.50
|   |   |   |   |--- feature_55 <= 0.50
|   |   |   |   |   |--- feature_0 <= 1.57
|   |   |   |   |   |   |--- feature_14 <= 11.00
|   |   |   |   |   |   |   |--- feature_29 <= 0.50
|   |   |   |   |   |   |   |   |--- feature_9 <= 1.50
|   |   |   |   |   |   |   |   |   |--- feature_6 <= 1.50
|   |   |   |   |   |   |   |   |   |   |--- feature_2 <= 17.50
|   |   |   |   |   |   |   |   |   |   |   |--- class: none
|   |   |   |   |   |   |   |   |   |   |--- feature_2 >  17.50
|   |   |   |   |   |   |   |   |   |   |   |--- class: high
|   |   |   |   |   |   |   |   |   |--- feature_6 >  1.50
|   |   |   |   |   |   |   |   |   |   |--- feature_67 <= 0.50
|   |   |   |   |   |   |   |   |   |   |   |--- class: medium
|   |   |   |   |   |   |   |   |   |   |--- feature_67 >  0.50
|   |   |   |   |   |   |   |   |   |   |   |--- class: high
|   |   |   |   |   |   |   |   |--- feature_9 >  1.50
|   |   |   |   |   |   |   |   |   |--- feature_7 <= 11.45
|   |   |   |   |   |   |   |   |   |   |--- feature_8 <= 13.50
|   |   |   |   |   |   |   |   |   |   |   |--- truncated branch of depth 3
|   |   |   |   |   |   |   |   |   |   |--- feature_8 >  13.50
|   |   |   |   |   |   |   |   |   |   |   |--- truncated branch of depth 3
|   |   |   |   |   |   |   |   |   |--- feature_7 >  11.45
|   |   |   |   |   |   |   |   |   |   |--- class: medium
|   |   |   |   |   |   |   |--- feature_29 >  0.50
|   |   |   |   |   |   |   |   |--- class: low
|   |   |   |   |   |   |--- feature_14 >  11.00
|   |   |   |   |   |   |   |--- feature_90 <= 0.50
|   |   |   |   |   |   |   |   |--- class: low
|   |   |   |   |   |   |   |--- feature_90 >  0.50
|   |   |   |   |   |   |   |   |--- class: medium
|   |   |   |   |   |--- feature_0 >  1.57
|   |   |   |   |   |   |--- feature_7 <= 7.16
|   |   |   |   |   |   |   |--- class: medium
|   |   |   |   |   |   |--- feature_7 >  7.16
|   |   |   |   |   |   |   |--- class: low
|   |   |   |   |--- feature_55 >  0.50
|   |   |   |   |   |--- class: high
|--- feature_1 >  24.50
|   |--- feature_99 <= 0.50
|   |   |--- feature_6 <= 16.50
|   |   |   |--- feature_6 <= 1.50
|   |   |   |   |--- feature_7 <= 4.45
|   |   |   |   |   |--- feature_12 <= 0.28
|   |   |   |   |   |   |--- feature_48 <= 0.50
|   |   |   |   |   |   |   |--- feature_79 <= 0.50
|   |   |   |   |   |   |   |   |--- feature_12 <= -0.00
|   |   |   |   |   |   |   |   |   |--- feature_78 <= 0.50
|   |   |   |   |   |   |   |   |   |   |--- feature_12 <= -0.26
|   |   |   |   |   |   |   |   |   |   |   |--- class: high
|   |   |   |   |   |   |   |   |   |   |--- feature_12 >  -0.26
|   |   |   |   |   |   |   |   |   |   |   |--- class: low
|   |   |   |   |   |   |   |   |   |--- feature_78 >  0.50
|   |   |   |   |   |   |   |   |   |   |--- feature_22 <= 0.50
|   |   |   |   |   |   |   |   |   |   |   |--- class: medium
|   |   |   |   |   |   |   |   |   |   |--- feature_22 >  0.50
|   |   |   |   |   |   |   |   |   |   |   |--- class: high
|   |   |   |   |   |   |   |   |--- feature_12 >  -0.00
|   |   |   |   |   |   |   |   |   |--- feature_8 <= 4.50
|   |   |   |   |   |   |   |   |   |   |--- feature_52 <= 1.00
|   |   |   |   |   |   |   |   |   |   |   |--- class: low
|   |   |   |   |   |   |   |   |   |   |--- feature_52 >  1.00
|   |   |   |   |   |   |   |   |   |   |   |--- class: high
|   |   |   |   |   |   |   |   |   |--- feature_8 >  4.50
|   |   |   |   |   |   |   |   |   |   |--- feature_25 <= 0.50
|   |   |   |   |   |   |   |   |   |   |   |--- truncated branch of depth 4
|   |   |   |   |   |   |   |   |   |   |--- feature_25 >  0.50
|   |   |   |   |   |   |   |   |   |   |   |--- class: high
|   |   |   |   |   |   |   |--- feature_79 >  0.50
|   |   |   |   |   |   |   |   |--- feature_11 <= 39.50
|   |   |   |   |   |   |   |   |   |--- class: medium
|   |   |   |   |   |   |   |   |--- feature_11 >  39.50
|   |   |   |   |   |   |   |   |   |--- class: high
|   |   |   |   |   |   |--- feature_48 >  0.50
|   |   |   |   |   |   |   |--- feature_0 <= 4.08
|   |   |   |   |   |   |   |   |--- class: medium
|   |   |   |   |   |   |   |--- feature_0 >  4.08
|   |   |   |   |   |   |   |   |--- class: low
|   |   |   |   |   |--- feature_12 >  0.28
|   |   |   |   |   |   |--- feature_90 <= 2.00
|   |   |   |   |   |   |   |--- class: none
|   |   |   |   |   |   |--- feature_90 >  2.00
|   |   |   |   |   |   |   |--- class: medium
|   |   |   |   |--- feature_7 >  4.45
|   |   |   |   |   |--- feature_97 <= 0.50
|   |   |   |   |   |   |--- feature_5 <= 18.00
|   |   |   |   |   |   |   |--- feature_73 <= 0.50
|   |   |   |   |   |   |   |   |--- feature_10 <= 0.50
|   |   |   |   |   |   |   |   |   |--- feature_96 <= 0.50
|   |   |   |   |   |   |   |   |   |   |--- class: low
|   |   |   |   |   |   |   |   |   |--- feature_96 >  0.50
|   |   |   |   |   |   |   |   |   |   |--- feature_108 <= 1.00
|   |   |   |   |   |   |   |   |   |   |   |--- class: high
|   |   |   |   |   |   |   |   |   |   |--- feature_108 >  1.00
|   |   |   |   |   |   |   |   |   |   |   |--- class: none
|   |   |   |   |   |   |   |   |--- feature_10 >  0.50
|   |   |   |   |   |   |   |   |   |--- feature_12 <= 0.04
|   |   |   |   |   |   |   |   |   |   |--- feature_5 <= 2.00
|   |   |   |   |   |   |   |   |   |   |   |--- class: none
|   |   |   |   |   |   |   |   |   |   |--- feature_5 >  2.00
|   |   |   |   |   |   |   |   |   |   |   |--- truncated branch of depth 2
|   |   |   |   |   |   |   |   |   |--- feature_12 >  0.04
|   |   |   |   |   |   |   |   |   |   |--- feature_101 <= 0.50
|   |   |   |   |   |   |   |   |   |   |   |--- truncated branch of depth 4
|   |   |   |   |   |   |   |   |   |   |--- feature_101 >  0.50
|   |   |   |   |   |   |   |   |   |   |   |--- class: low
|   |   |   |   |   |   |   |--- feature_73 >  0.50
|   |   |   |   |   |   |   |   |--- feature_71 <= 0.50
|   |   |   |   |   |   |   |   |   |--- feature_112 <= 0.50
|   |   |   |   |   |   |   |   |   |   |--- class: none
|   |   |   |   |   |   |   |   |   |--- feature_112 >  0.50
|   |   |   |   |   |   |   |   |   |   |--- class: medium
|   |   |   |   |   |   |   |   |--- feature_71 >  0.50
|   |   |   |   |   |   |   |   |   |--- class: high
|   |   |   |   |   |   |--- feature_5 >  18.00
|   |   |   |   |   |   |   |--- feature_9 <= 0.50
|   |   |   |   |   |   |   |   |--- class: high
|   |   |   |   |   |   |   |--- feature_9 >  0.50
|   |   |   |   |   |   |   |   |--- class: low
|   |   |   |   |   |--- feature_97 >  0.50
|   |   |   |   |   |   |--- feature_12 <= 0.12
|   |   |   |   |   |   |   |--- feature_12 <= -0.00
|   |   |   |   |   |   |   |   |--- feature_79 <= 0.50
|   |   |   |   |   |   |   |   |   |--- feature_9 <= 2.00
|   |   |   |   |   |   |   |   |   |   |--- feature_0 <= -3.25
|   |   |   |   |   |   |   |   |   |   |   |--- class: medium
|   |   |   |   |   |   |   |   |   |   |--- feature_0 >  -3.25
|   |   |   |   |   |   |   |   |   |   |   |--- truncated branch of depth 4
|   |   |   |   |   |   |   |   |   |--- feature_9 >  2.00
|   |   |   |   |   |   |   |   |   |   |--- class: medium
|   |   |   |   |   |   |   |   |--- feature_79 >  0.50
|   |   |   |   |   |   |   |   |   |--- feature_22 <= 0.50
|   |   |   |   |   |   |   |   |   |   |--- class: none
|   |   |   |   |   |   |   |   |   |--- feature_22 >  0.50
|   |   |   |   |   |   |   |   |   |   |--- class: high
|   |   |   |   |   |   |   |--- feature_12 >  -0.00
|   |   |   |   |   |   |   |   |--- feature_12 <= 0.09
|   |   |   |   |   |   |   |   |   |--- feature_14 <= 2.50
|   |   |   |   |   |   |   |   |   |   |--- feature_5 <= 5.00
|   |   |   |   |   |   |   |   |   |   |   |--- class: medium
|   |   |   |   |   |   |   |   |   |   |--- feature_5 >  5.00
|   |   |   |   |   |   |   |   |   |   |   |--- class: low
|   |   |   |   |   |   |   |   |   |--- feature_14 >  2.50
|   |   |   |   |   |   |   |   |   |   |--- class: none
|   |   |   |   |   |   |   |   |--- feature_12 >  0.09
|   |   |   |   |   |   |   |   |   |--- class: medium
|   |   |   |   |   |   |--- feature_12 >  0.12
|   |   |   |   |   |   |   |--- feature_114 <= 0.50
|   |   |   |   |   |   |   |   |--- feature_5 <= 0.50
|   |   |   |   |   |   |   |   |   |--- feature_12 <= 0.27
|   |   |   |   |   |   |   |   |   |   |--- class: high
|   |   |   |   |   |   |   |   |   |--- feature_12 >  0.27
|   |   |   |   |   |   |   |   |   |   |--- class: medium
|   |   |   |   |   |   |   |   |--- feature_5 >  0.50
|   |   |   |   |   |   |   |   |   |--- feature_19 <= 0.50
|   |   |   |   |   |   |   |   |   |   |--- feature_7 <= 5.69
|   |   |   |   |   |   |   |   |   |   |   |--- class: high
|   |   |   |   |   |   |   |   |   |   |--- feature_7 >  5.69
|   |   |   |   |   |   |   |   |   |   |   |--- truncated branch of depth 2
|   |   |   |   |   |   |   |   |   |--- feature_19 >  0.50
|   |   |   |   |   |   |   |   |   |   |--- feature_8 <= 10.00
|   |   |   |   |   |   |   |   |   |   |   |--- truncated branch of depth 3
|   |   |   |   |   |   |   |   |   |   |--- feature_8 >  10.00
|   |   |   |   |   |   |   |   |   |   |   |--- truncated branch of depth 2
|   |   |   |   |   |   |   |--- feature_114 >  0.50
|   |   |   |   |   |   |   |   |--- class: medium
|   |   |   |--- feature_6 >  1.50
|   |   |   |   |--- feature_25 <= 0.50
|   |   |   |   |   |--- feature_103 <= 1.50
|   |   |   |   |   |   |--- feature_12 <= 0.62
|   |   |   |   |   |   |   |--- feature_21 <= 0.50
|   |   |   |   |   |   |   |   |--- feature_12 <= -0.07
|   |   |   |   |   |   |   |   |   |--- feature_11 <= 16.50
|   |   |   |   |   |   |   |   |   |   |--- feature_6 <= 4.50
|   |   |   |   |   |   |   |   |   |   |   |--- class: medium
|   |   |   |   |   |   |   |   |   |   |--- feature_6 >  4.50
|   |   |   |   |   |   |   |   |   |   |   |--- truncated branch of depth 2
|   |   |   |   |   |   |   |   |   |--- feature_11 >  16.50
|   |   |   |   |   |   |   |   |   |   |--- feature_14 <= 11.50
|   |   |   |   |   |   |   |   |   |   |   |--- truncated branch of depth 14
|   |   |   |   |   |   |   |   |   |   |--- feature_14 >  11.50
|   |   |   |   |   |   |   |   |   |   |   |--- class: medium
|   |   |   |   |   |   |   |   |--- feature_12 >  -0.07
|   |   |   |   |   |   |   |   |   |--- feature_2 <= 45.50
|   |   |   |   |   |   |   |   |   |   |--- feature_3 <= 239.50
|   |   |   |   |   |   |   |   |   |   |   |--- truncated branch of depth 21
|   |   |   |   |   |   |   |   |   |   |--- feature_3 >  239.50
|   |   |   |   |   |   |   |   |   |   |   |--- truncated branch of depth 17
|   |   |   |   |   |   |   |   |   |--- feature_2 >  45.50
|   |   |   |   |   |   |   |   |   |   |--- feature_7 <= 4.05
|   |   |   |   |   |   |   |   |   |   |   |--- class: medium
|   |   |   |   |   |   |   |   |   |   |--- feature_7 >  4.05
|   |   |   |   |   |   |   |   |   |   |   |--- truncated branch of depth 5
|   |   |   |   |   |   |   |--- feature_21 >  0.50
|   |   |   |   |   |   |   |   |--- feature_7 <= 3.96
|   |   |   |   |   |   |   |   |   |--- feature_0 <= 0.13
|   |   |   |   |   |   |   |   |   |   |--- class: none
|   |   |   |   |   |   |   |   |   |--- feature_0 >  0.13
|   |   |   |   |   |   |   |   |   |   |--- class: medium
|   |   |   |   |   |   |   |   |--- feature_7 >  3.96
|   |   |   |   |   |   |   |   |   |--- feature_102 <= 0.50
|   |   |   |   |   |   |   |   |   |   |--- feature_9 <= 0.50
|   |   |   |   |   |   |   |   |   |   |   |--- truncated branch of depth 9
|   |   |   |   |   |   |   |   |   |   |--- feature_9 >  0.50
|   |   |   |   |   |   |   |   |   |   |   |--- truncated branch of depth 8
|   |   |   |   |   |   |   |   |   |--- feature_102 >  0.50
|   |   |   |   |   |   |   |   |   |   |--- feature_101 <= 0.50
|   |   |   |   |   |   |   |   |   |   |   |--- class: medium
|   |   |   |   |   |   |   |   |   |   |--- feature_101 >  0.50
|   |   |   |   |   |   |   |   |   |   |   |--- class: low
|   |   |   |   |   |   |--- feature_12 >  0.62
|   |   |   |   |   |   |   |--- feature_48 <= 0.50
|   |   |   |   |   |   |   |   |--- feature_111 <= 0.50
|   |   |   |   |   |   |   |   |   |--- feature_1 <= 27.50
|   |   |   |   |   |   |   |   |   |   |--- class: none
|   |   |   |   |   |   |   |   |   |--- feature_1 >  27.50
|   |   |   |   |   |   |   |   |   |   |--- feature_55 <= 2.00
|   |   |   |   |   |   |   |   |   |   |   |--- class: medium
|   |   |   |   |   |   |   |   |   |   |--- feature_55 >  2.00
|   |   |   |   |   |   |   |   |   |   |   |--- class: none
|   |   |   |   |   |   |   |   |--- feature_111 >  0.50
|   |   |   |   |   |   |   |   |   |--- class: none
|   |   |   |   |   |   |   |--- feature_48 >  0.50
|   |   |   |   |   |   |   |   |--- feature_89 <= 0.50
|   |   |   |   |   |   |   |   |   |--- class: high
|   |   |   |   |   |   |   |   |--- feature_89 >  0.50
|   |   |   |   |   |   |   |   |   |--- class: medium
|   |   |   |   |   |--- feature_103 >  1.50
|   |   |   |   |   |   |--- feature_0 <= -3.68
|   |   |   |   |   |   |   |--- class: high
|   |   |   |   |   |   |--- feature_0 >  -3.68
|   |   |   |   |   |   |   |--- feature_12 <= 0.10
|   |   |   |   |   |   |   |   |--- feature_0 <= -1.67
|   |   |   |   |   |   |   |   |   |--- class: low
|   |   |   |   |   |   |   |   |--- feature_0 >  -1.67
|   |   |   |   |   |   |   |   |   |--- feature_0 <= 0.53
|   |   |   |   |   |   |   |   |   |   |--- feature_3 <= 176.00
|   |   |   |   |   |   |   |   |   |   |   |--- class: high
|   |   |   |   |   |   |   |   |   |   |--- feature_3 >  176.00
|   |   |   |   |   |   |   |   |   |   |   |--- class: none
|   |   |   |   |   |   |   |   |   |--- feature_0 >  0.53
|   |   |   |   |   |   |   |   |   |   |--- class: high
|   |   |   |   |   |   |   |--- feature_12 >  0.10
|   |   |   |   |   |   |   |   |--- feature_6 <= 2.50
|   |   |   |   |   |   |   |   |   |--- class: none
|   |   |   |   |   |   |   |   |--- feature_6 >  2.50
|   |   |   |   |   |   |   |   |   |--- class: low
|   |   |   |   |--- feature_25 >  0.50
|   |   |   |   |   |--- feature_7 <= 4.37
|   |   |   |   |   |   |--- feature_8 <= 5.50
|   |   |   |   |   |   |   |--- feature_103 <= 0.50
|   |   |   |   |   |   |   |   |--- feature_89 <= 0.50
|   |   |   |   |   |   |   |   |   |--- class: low
|   |   |   |   |   |   |   |   |--- feature_89 >  0.50
|   |   |   |   |   |   |   |   |   |--- class: high
|   |   |   |   |   |   |   |--- feature_103 >  0.50
|   |   |   |   |   |   |   |   |--- class: none
|   |   |   |   |   |   |--- feature_8 >  5.50
|   |   |   |   |   |   |   |--- feature_9 <= 2.50
|   |   |   |   |   |   |   |   |--- feature_90 <= 0.50
|   |   |   |   |   |   |   |   |   |--- class: none
|   |   |   |   |   |   |   |   |--- feature_90 >  0.50
|   |   |   |   |   |   |   |   |   |--- feature_7 <= 4.30
|   |   |   |   |   |   |   |   |   |   |--- feature_65 <= 0.50
|   |   |   |   |   |   |   |   |   |   |   |--- class: medium
|   |   |   |   |   |   |   |   |   |   |--- feature_65 >  0.50
|   |   |   |   |   |   |   |   |   |   |   |--- class: none
|   |   |   |   |   |   |   |   |   |--- feature_7 >  4.30
|   |   |   |   |   |   |   |   |   |   |--- class: none
|   |   |   |   |   |   |   |--- feature_9 >  2.50
|   |   |   |   |   |   |   |   |--- class: medium
|   |   |   |   |   |--- feature_7 >  4.37
|   |   |   |   |   |   |--- feature_64 <= 0.50
|   |   |   |   |   |   |   |--- feature_88 <= 0.50
|   |   |   |   |   |   |   |   |--- feature_50 <= 0.50
|   |   |   |   |   |   |   |   |   |--- class: medium
|   |   |   |   |   |   |   |   |--- feature_50 >  0.50
|   |   |   |   |   |   |   |   |   |--- class: high
|   |   |   |   |   |   |   |--- feature_88 >  0.50
|   |   |   |   |   |   |   |   |--- feature_14 <= 1.50
|   |   |   |   |   |   |   |   |   |--- class: medium
|   |   |   |   |   |   |   |   |--- feature_14 >  1.50
|   |   |   |   |   |   |   |   |   |--- class: high
|   |   |   |   |   |   |--- feature_64 >  0.50
|   |   |   |   |   |   |   |--- feature_87 <= 2.00
|   |   |   |   |   |   |   |   |--- class: high
|   |   |   |   |   |   |   |--- feature_87 >  2.00
|   |   |   |   |   |   |   |   |--- class: low
|   |   |--- feature_6 >  16.50
|   |   |   |--- feature_52 <= 2.50
|   |   |   |   |--- class: none
|   |   |   |--- feature_52 >  2.50
|   |   |   |   |--- class: low
|   |--- feature_99 >  0.50
|   |   |--- feature_7 <= 4.35
|   |   |   |--- feature_14 <= 2.50
|   |   |   |   |--- feature_9 <= 2.50
|   |   |   |   |   |--- feature_18 <= 0.50
|   |   |   |   |   |   |--- class: high
|   |   |   |   |   |--- feature_18 >  0.50
|   |   |   |   |   |   |--- class: none
|   |   |   |   |--- feature_9 >  2.50
|   |   |   |   |   |--- class: none
|   |   |   |--- feature_14 >  2.50
|   |   |   |   |--- feature_7 <= 4.19
|   |   |   |   |   |--- feature_11 <= 23.50
|   |   |   |   |   |   |--- feature_3 <= 134.50
|   |   |   |   |   |   |   |--- class: medium
|   |   |   |   |   |   |--- feature_3 >  134.50
|   |   |   |   |   |   |   |--- class: none
|   |   |   |   |   |--- feature_11 >  23.50
|   |   |   |   |   |   |--- feature_0 <= -2.88
|   |   |   |   |   |   |   |--- class: medium
|   |   |   |   |   |   |--- feature_0 >  -2.88
|   |   |   |   |   |   |   |--- class: low
|   |   |   |   |--- feature_7 >  4.19
|   |   |   |   |   |--- feature_12 <= 0.17
|   |   |   |   |   |   |--- feature_7 <= 4.34
|   |   |   |   |   |   |   |--- class: high
|   |   |   |   |   |   |--- feature_7 >  4.34
|   |   |   |   |   |   |   |--- class: none
|   |   |   |   |   |--- feature_12 >  0.17
|   |   |   |   |   |   |--- class: low
|   |   |--- feature_7 >  4.35
|   |   |   |--- feature_0 <= 2.72
|   |   |   |   |--- feature_9 <= 9.50
|   |   |   |   |   |--- feature_2 <= 25.50
|   |   |   |   |   |   |--- feature_19 <= 0.50
|   |   |   |   |   |   |   |--- feature_6 <= 4.50
|   |   |   |   |   |   |   |   |--- feature_113 <= 1.50
|   |   |   |   |   |   |   |   |   |--- feature_7 <= 4.81
|   |   |   |   |   |   |   |   |   |   |--- feature_0 <= -0.28
|   |   |   |   |   |   |   |   |   |   |   |--- class: high
|   |   |   |   |   |   |   |   |   |   |--- feature_0 >  -0.28
|   |   |   |   |   |   |   |   |   |   |   |--- class: low
|   |   |   |   |   |   |   |   |   |--- feature_7 >  4.81
|   |   |   |   |   |   |   |   |   |   |--- class: high
|   |   |   |   |   |   |   |   |--- feature_113 >  1.50
|   |   |   |   |   |   |   |   |   |--- class: medium
|   |   |   |   |   |   |   |--- feature_6 >  4.50
|   |   |   |   |   |   |   |   |--- class: low
|   |   |   |   |   |   |--- feature_19 >  0.50
|   |   |   |   |   |   |   |--- feature_2 <= 24.50
|   |   |   |   |   |   |   |   |--- class: medium
|   |   |   |   |   |   |   |--- feature_2 >  24.50
|   |   |   |   |   |   |   |   |--- class: low
|   |   |   |   |   |--- feature_2 >  25.50
|   |   |   |   |   |   |--- feature_19 <= 0.50
|   |   |   |   |   |   |   |--- feature_0 <= -2.31
|   |   |   |   |   |   |   |   |--- feature_106 <= 0.50
|   |   |   |   |   |   |   |   |   |--- feature_103 <= 0.50
|   |   |   |   |   |   |   |   |   |   |--- class: medium
|   |   |   |   |   |   |   |   |   |--- feature_103 >  0.50
|   |   |   |   |   |   |   |   |   |   |--- feature_17 <= 0.50
|   |   |   |   |   |   |   |   |   |   |   |--- truncated branch of depth 2
|   |   |   |   |   |   |   |   |   |   |--- feature_17 >  0.50
|   |   |   |   |   |   |   |   |   |   |   |--- class: medium
|   |   |   |   |   |   |   |   |--- feature_106 >  0.50
|   |   |   |   |   |   |   |   |   |--- feature_15 <= 0.50
|   |   |   |   |   |   |   |   |   |   |--- class: low
|   |   |   |   |   |   |   |   |   |--- feature_15 >  0.50
|   |   |   |   |   |   |   |   |   |   |--- class: high
|   |   |   |   |   |   |   |--- feature_0 >  -2.31
|   |   |   |   |   |   |   |   |--- feature_3 <= 180.50
|   |   |   |   |   |   |   |   |   |--- feature_11 <= 25.50
|   |   |   |   |   |   |   |   |   |   |--- class: high
|   |   |   |   |   |   |   |   |   |--- feature_11 >  25.50
|   |   |   |   |   |   |   |   |   |   |--- class: none
|   |   |   |   |   |   |   |   |--- feature_3 >  180.50
|   |   |   |   |   |   |   |   |   |--- feature_12 <= -0.15
|   |   |   |   |   |   |   |   |   |   |--- class: high
|   |   |   |   |   |   |   |   |   |--- feature_12 >  -0.15
|   |   |   |   |   |   |   |   |   |   |--- feature_20 <= 1.50
|   |   |   |   |   |   |   |   |   |   |   |--- truncated branch of depth 8
|   |   |   |   |   |   |   |   |   |   |--- feature_20 >  1.50
|   |   |   |   |   |   |   |   |   |   |   |--- class: high
|   |   |   |   |   |   |--- feature_19 >  0.50
|   |   |   |   |   |   |   |--- feature_44 <= 0.50
|   |   |   |   |   |   |   |   |--- feature_95 <= 0.50
|   |   |   |   |   |   |   |   |   |--- feature_4 <= 7.50
|   |   |   |   |   |   |   |   |   |   |--- feature_97 <= 0.50
|   |   |   |   |   |   |   |   |   |   |   |--- class: medium
|   |   |   |   |   |   |   |   |   |   |--- feature_97 >  0.50
|   |   |   |   |   |   |   |   |   |   |   |--- class: low
|   |   |   |   |   |   |   |   |   |--- feature_4 >  7.50
|   |   |   |   |   |   |   |   |   |   |--- feature_3 <= 208.50
|   |   |   |   |   |   |   |   |   |   |   |--- truncated branch of depth 2
|   |   |   |   |   |   |   |   |   |   |--- feature_3 >  208.50
|   |   |   |   |   |   |   |   |   |   |   |--- truncated branch of depth 4
|   |   |   |   |   |   |   |   |--- feature_95 >  0.50
|   |   |   |   |   |   |   |   |   |--- feature_55 <= 0.50
|   |   |   |   |   |   |   |   |   |   |--- feature_2 <= 41.50
|   |   |   |   |   |   |   |   |   |   |   |--- truncated branch of depth 3
|   |   |   |   |   |   |   |   |   |   |--- feature_2 >  41.50
|   |   |   |   |   |   |   |   |   |   |   |--- class: high
|   |   |   |   |   |   |   |   |   |--- feature_55 >  0.50
|   |   |   |   |   |   |   |   |   |   |--- class: high
|   |   |   |   |   |   |   |--- feature_44 >  0.50
|   |   |   |   |   |   |   |   |--- feature_3 <= 223.00
|   |   |   |   |   |   |   |   |   |--- class: medium
|   |   |   |   |   |   |   |   |--- feature_3 >  223.00
|   |   |   |   |   |   |   |   |   |--- feature_4 <= 13.50
|   |   |   |   |   |   |   |   |   |   |--- class: high
|   |   |   |   |   |   |   |   |   |--- feature_4 >  13.50
|   |   |   |   |   |   |   |   |   |   |--- feature_44 <= 1.50
|   |   |   |   |   |   |   |   |   |   |   |--- class: none
|   |   |   |   |   |   |   |   |   |   |--- feature_44 >  1.50
|   |   |   |   |   |   |   |   |   |   |   |--- class: medium
|   |   |   |   |--- feature_9 >  9.50
|   |   |   |   |   |--- feature_2 <= 36.50
|   |   |   |   |   |   |--- feature_12 <= -0.08
|   |   |   |   |   |   |   |--- class: none
|   |   |   |   |   |   |--- feature_12 >  -0.08
|   |   |   |   |   |   |   |--- feature_9 <= 11.50
|   |   |   |   |   |   |   |   |--- class: low
|   |   |   |   |   |   |   |--- feature_9 >  11.50
|   |   |   |   |   |   |   |   |--- feature_10 <= 7.00
|   |   |   |   |   |   |   |   |   |--- class: high
|   |   |   |   |   |   |   |   |--- feature_10 >  7.00
|   |   |   |   |   |   |   |   |   |--- class: low
|   |   |   |   |   |--- feature_2 >  36.50
|   |   |   |   |   |   |--- class: high
|   |   |   |--- feature_0 >  2.72
|   |   |   |   |--- feature_66 <= 0.50
|   |   |   |   |   |--- feature_20 <= 0.50
|   |   |   |   |   |   |--- feature_4 <= 8.50
|   |   |   |   |   |   |   |--- class: medium
|   |   |   |   |   |   |--- feature_4 >  8.50
|   |   |   |   |   |   |   |--- feature_11 <= 24.50
|   |   |   |   |   |   |   |   |--- class: low
|   |   |   |   |   |   |   |--- feature_11 >  24.50
|   |   |   |   |   |   |   |   |--- feature_22 <= 0.50
|   |   |   |   |   |   |   |   |   |--- class: medium
|   |   |   |   |   |   |   |   |--- feature_22 >  0.50
|   |   |   |   |   |   |   |   |   |--- class: low
|   |   |   |   |   |--- feature_20 >  0.50
|   |   |   |   |   |   |--- class: low
|   |   |   |   |--- feature_66 >  0.50
|   |   |   |   |   |--- feature_90 <= 0.50
|   |   |   |   |   |   |--- class: medium
|   |   |   |   |   |--- feature_90 >  0.50
|   |   |   |   |   |   |--- class: high
