|--- feature_68 <= 0.50
|   |--- feature_46 <= 0.50
|   |   |--- feature_47 <= 0.50
|   |   |   |--- feature_25 <= 0.50
|   |   |   |   |--- feature_102 <= 0.50
|   |   |   |   |   |--- feature_63 <= 0.50
|   |   |   |   |   |   |--- feature_28 <= 0.50
|   |   |   |   |   |   |   |--- feature_5 <= 33.50
|   |   |   |   |   |   |   |   |--- feature_15 <= 0.50
|   |   |   |   |   |   |   |   |   |--- feature_12 <= 2.50
|   |   |   |   |   |   |   |   |   |   |--- feature_98 <= 0.50
|   |   |   |   |   |   |   |   |   |   |   |--- truncated branch of depth 48
|   |   |   |   |   |   |   |   |   |   |--- feature_98 >  0.50
|   |   |   |   |   |   |   |   |   |   |   |--- truncated branch of depth 20
|   |   |   |   |   |   |   |   |   |--- feature_12 >  2.50
|   |   |   |   |   |   |   |   |   |   |--- feature_10 <= 4.92
|   |   |   |   |   |   |   |   |   |   |   |--- truncated branch of depth 33
|   |   |   |   |   |   |   |   |   |   |--- feature_10 >  4.92
|   |   |   |   |   |   |   |   |   |   |   |--- truncated branch of depth 30
|   |   |   |   |   |   |   |   |--- feature_15 >  0.50
|   |   |   |   |   |   |   |   |   |--- feature_75 <= 0.50
|   |   |   |   |   |   |   |   |   |   |--- feature_0 <= 1.50
|   |   |   |   |   |   |   |   |   |   |   |--- truncated branch of depth 3
|   |   |   |   |   |   |   |   |   |   |--- feature_0 >  1.50
|   |   |   |   |   |   |   |   |   |   |   |--- truncated branch of depth 3
|   |   |   |   |   |   |   |   |   |--- feature_75 >  0.50
|   |   |   |   |   |   |   |   |   |   |--- feature_3 <= 2.17
|   |   |   |   |   |   |   |   |   |   |   |--- truncated branch of depth 5
|   |   |   |   |   |   |   |   |   |   |--- feature_3 >  2.17
|   |   |   |   |   |   |   |   |   |   |   |--- class: negative
|   |   |   |   |   |   |   |--- feature_5 >  33.50
|   |   |   |   |   |   |   |   |--- feature_1 <= 1.50
|   |   |   |   |   |   |   |   |   |--- feature_42 <= 0.50
|   |   |   |   |   |   |   |   |   |   |--- feature_26 <= 0.50
|   |   |   |   |   |   |   |   |   |   |   |--- truncated branch of depth 10
|   |   |   |   |   |   |   |   |   |   |--- feature_26 >  0.50
|   |   |   |   |   |   |   |   |   |   |   |--- truncated branch of depth 4
|   |   |   |   |   |   |   |   |   |--- feature_42 >  0.50
|   |   |   |   |   |   |   |   |   |   |--- feature_61 <= 1.50
|   |   |   |   |   |   |   |   |   |   |   |--- truncated branch of depth 7
|   |   |   |   |   |   |   |   |   |   |--- feature_61 >  1.50
|   |   |   |   |   |   |   |   |   |   |   |--- class: negative
|   |   |   |   |   |   |   |   |--- feature_1 >  1.50
|   |   |   |   |   |   |   |   |   |--- feature_59 <= 2.50
|   |   |   |   |   |   |   |   |   |   |--- feature_5 <= 46.00
|   |   |   |   |   |   |   |   |   |   |   |--- truncated branch of depth 8
|   |   |   |   |   |   |   |   |   |   |--- feature_5 >  46.00
|   |   |   |   |   |   |   |   |   |   |   |--- class: negative
|   |   |   |   |   |   |   |   |   |--- feature_59 >  2.50
|   |   |   |   |   |   |   |   |   |   |--- class: negative
|   |   |   |   |   |   |--- feature_28 >  0.50
|   |   |   |   |   |   |   |--- feature_93 <= 0.50
|   |   |   |   |   |   |   |   |--- feature_8 <= 3.50
|   |   |   |   |   |   |   |   |   |--- feature_0 <= 6.50
|   |   |   |   |   |   |   |   |   |   |--- class: positive
|   |   |   |   |   |   |   |   |   |--- feature_0 >  6.50
|   |   |   |   |   |   |   |   |   |   |--- class: neutral
|   |   |   |   |   |   |   |   |--- feature_8 >  3.50
|   |   |   |   |   |   |   |   |   |--- feature_16 <= 6.50
|   |   |   |   |   |   |   |   |   |   |--- class: neutral
|   |   |   |   |   |   |   |   |   |--- feature_16 >  6.50
|   |   |   |   |   |   |   |   |   |   |--- class: positive
|   |   |   |   |   |   |   |--- feature_93 >  0.50
|   |   |   |   |   |   |   |   |--- class: positive
|   |   |   |   |   |--- feature_63 >  0.50
|   |   |   |   |   |   |--- feature_14 <= 10.50
|   |   |   |   |   |   |   |--- feature_9 <= 0.50
|   |   |   |   |   |   |   |   |--- feature_42 <= 0.50
|   |   |   |   |   |   |   |   |   |--- feature_3 <= 1.00
|   |   |   |   |   |   |   |   |   |   |--- class: positive
|   |   |   |   |   |   |   |   |   |--- feature_3 >  1.00
|   |   |   |   |   |   |   |   |   |   |--- feature_24 <= 0.50
|   |   |   |   |   |   |   |   |   |   |   |--- truncated branch of depth 2
|   |   |   |   |   |   |   |   |   |   |--- feature_24 >  0.50
|   |   |   |   |   |   |   |   |   |   |   |--- class: neutral
|   |   |   |   |   |   |   |   |--- feature_42 >  0.50
|   |   |   |   |   |   |   |   |   |--- class: neutral
|   |   |   |   |   |   |   |--- feature_9 >  0.50
|   |   |   |   |   |   |   |   |--- class: positive
|   |   |   |   |   |   |--- feature_14 >  10.50
|   |   |   |   |   |   |   |--- feature_5 <= 36.50
|   |   |   |   |   |   |   |   |--- feature_9 <= 3.50
|   |   |   |   |   |   |   |   |   |--- feature_13 <= 2.50
|   |   |   |   |   |   |   |   |   |   |--- feature_97 <= 0.50
|   |   |   |   |   |   |   |   |   |   |   |--- truncated branch of depth 4
|   |   |   |   |   |   |   |   |   |   |--- feature_97 >  0.50
|   |   |   |   |   |   |   |   |   |   |   |--- class: negative
|   |   |   |   |   |   |   |   |   |--- feature_13 >  2.50
|   |   |   |   |   |   |   |   |   |   |--- feature_103 <= 0.50
|   |   |   |   |   |   |   |   |   |   |   |--- truncated branch of depth 2
|   |   |   |   |   |   |   |   |   |   |--- feature_103 >  0.50
|   |   |   |   |   |   |   |   |   |   |   |--- truncated branch of depth 2
|   |   |   |   |   |   |   |   |--- feature_9 >  3.50
|   |   |   |   |   |   |   |   |   |--- class: positive
|   |   |   |   |   |   |   |--- feature_5 >  36.50
|   |   |   |   |   |   |   |   |--- class: neutral
|   |   |   |   |--- feature_102 >  0.50
|   |   |   |   |   |--- feature_5 <= 32.50
|   |   |   |   |   |   |--- feature_29 <= 0.50
|   |   |   |   |   |   |   |--- feature_3 <= 0.40
|   |   |   |   |   |   |   |   |--- feature_3 <= -0.49
|   |   |   |   |   |   |   |   |   |--- class: positive
|   |   |   |   |   |   |   |   |--- feature_3 >  -0.49
|   |   |   |   |   |   |   |   |   |--- feature_42 <= 0.50
|   |   |   |   |   |   |   |   |   |   |--- feature_12 <= 2.50
|   |   |   |   |   |   |   |   |   |   |   |--- class: neutral
|   |   |   |   |   |   |   |   |   |   |--- feature_12 >  2.50
|   |   |   |   |   |   |   |   |   |   |   |--- truncated branch of depth 2
|   |   |   |   |   |   |   |   |   |--- feature_42 >  0.50
|   |   |   |   |   |   |   |   |   |   |--- class: positive
|   |   |   |   |   |   |   |--- feature_3 >  0.40
|   |   |   |   |   |   |   |   |--- class: positive
|   |   |   |   |   |   |--- feature_29 >  0.50
|   |   |   |   |   |   |   |--- feature_88 <= 0.50
|   |   |   |   |   |   |   |   |--- class: neutral
|   |   |   |   |   |   |   |--- feature_88 >  0.50
|   |   |   |   |   |   |   |   |--- class: positive
|   |   |   |   |   |--- feature_5 >  32.50
|   |   |   |   |   |   |--- class: neutral
|   |   |   |--- feature_25 >  0.50
|   |   |   |   |--- feature_73 <= 0.50
|   |   |   |   |   |--- class: negative
|   |   |   |   |--- feature_73 >  0.50
|   |   |   |   |   |--- feature_16 <= 3.50
|   |   |   |   |   |   |--- class: negative
|   |   |   |   |   |--- feature_16 >  3.50
|   |   |   |   |   |   |--- feature_16 <= 6.50
|   |   |   |   |   |   |   |--- class: neutral
|   |   |   |   |   |   |--- feature_16 >  6.50
|   |   |   |   |   |   |   |--- class: negative
|   |   |--- feature_47 >  0.50
|   |   |   |--- feature_4 <= 35.50
|   |   |   |   |--- feature_23 <= 0.50
|   |   |   |   |   |--- feature_62 <= 0.50
|   |   |   |   |   |   |--- class: positive
|   |   |   |   |   |--- feature_62 >  0.50
|   |   |   |   |   |   |--- feature_2 <= 2.50
|   |   |   |   |   |   |   |--- class: positive
|   |   |   |   |   |   |--- feature_2 >  2.50
|   |   |   |   |   |   |   |--- class: neutral
|   |   |   |   |--- feature_23 >  0.50
|   |   |   |   |   |--- feature_6 <= 166.50
|   |   |   |   |   |   |--- class: positive
|   |   |   |   |   |--- feature_6 >  166.50
|   |   |   |   |   |   |--- class: neutral
|   |   |   |--- feature_4 >  35.50
|   |   |   |   |--- feature_26 <= 0.50
|   |   |   |   |   |--- feature_3 <= 0.62
|   |   |   |   |   |   |--- feature_11 <= 7.00
|   |   |   |   |   |   |   |--- class: positive
|   |   |   |   |   |   |--- feature_11 >  7.00
|   |   |   |   |   |   |   |--- class: neutral
|   |   |   |   |   |--- feature_3 >  0.62
|   |   |   |   |   |   |--- class: positive
|   |   |   |   |--- feature_26 >  0.50
|   |   |   |   |   |--- class: neutral
|   |--- feature_46 >  0.50
|   |   |--- feature_14 <= 9.50
|   |   |   |--- feature_25 <= 0.50
|   |   |   |   |--- class: positive
|   |   |   |--- feature_25 >  0.50
|   |   |   |   |--- class: negative
|   |   |--- feature_14 >  9.50
|   |   |   |--- feature_58 <= 0.50
|   |   |   |   |--- feature_59 <= 1.50
|   |   |   |   |   |--- feature_72 <= 0.50
|   |   |   |   |   |   |--- feature_65 <= 0.50
|   |   |   |   |   |   |   |--- feature_3 <= -5.46
|   |   |   |   |   |   |   |   |--- class: neutral
|   |   |   |   |   |   |   |--- feature_3 >  -5.46
|   |   |   |   |   |   |   |   |--- feature_113 <= 0.50
|   |   |   |   |   |   |   |   |   |--- feature_4 <= 12.50
|   |   |   |   |   |   |   |   |   |   |--- class: neutral
|   |   |   |   |   |   |   |   |   |--- feature_4 >  12.50
|   |   |   |   |   |   |   |   |   |   |--- class: positive
|   |   |   |   |   |   |   |   |--- feature_113 >  0.50
|   |   |   |   |   |   |   |   |   |--- feature_12 <= 1.50
|   |   |   |   |   |   |   |   |   |   |--- feature_11 <= 7.50
|   |   |   |   |   |   |   |   |   |   |   |--- class: positive
|   |   |   |   |   |   |   |   |   |   |--- feature_11 >  7.50
|   |   |   |   |   |   |   |   |   |   |   |--- class: neutral
|   |   |   |   |   |   |   |   |   |--- feature_12 >  1.50
|   |   |   |   |   |   |   |   |   |   |--- class: positive
|   |   |   |   |   |   |--- feature_65 >  0.50
|   |   |   |   |   |   |   |--- feature_11 <= 11.00
|   |   |   |   |   |   |   |   |--- class: neutral
|   |   |   |   |   |   |   |--- feature_11 >  11.00
|   |   |   |   |   |   |   |   |--- class: positive
|   |   |   |   |   |--- feature_72 >  0.50
|   |   |   |   |   |   |--- feature_6 <= 258.50
|   |   |   |   |   |   |   |--- class: neutral
|   |   |   |   |   |   |--- feature_6 >  258.50
|   |   |   |   |   |   |   |--- class: positive
|   |   |   |   |--- feature_59 >  1.50
|   |   |   |   |   |--- class: neutral
|   |   |   |--- feature_58 >  0.50
|   |   |   |   |--- feature_10 <= 4.79
|   |   |   |   |   |--- feature_4 <= 37.00
|   |   |   |   |   |   |--- class: positive
|   |   |   |   |   |--- feature_4 >  37.00
|   |   |   |   |   |   |--- class: neutral
|   |   |   |   |--- feature_10 >  4.79
|   |   |   |   |   |--- feature_41 <= 0.50
|   |   |   |   |   |   |--- class: neutral
|   |   |   |   |   |--- feature_41 >  0.50
|   |   |   |   |   |   |--- class: positive
|--- feature_68 >  0.50
|   |--- feature_14 <= 13.50
|   |   |--- feature_3 <= -7.69
|   |   |   |--- class: neutral
|   |   |--- feature_3 >  -7.69
|   |   |   |--- feature_14 <= 2.50
|   |   |   |   |--- class: positive
|   |   |   |--- feature_14 >  2.50
|   |   |   |   |--- feature_10 <= 14.10
|   |   |   |   |   |--- feature_6 <= 79.00
|   |   |   |   |   |   |--- feature_43 <= 0.50
|   |   |   |   |   |   |   |--- class: positive
|   |   |   |   |   |   |--- feature_43 >  0.50
|   |   |   |   |   |   |   |--- feature_10 <= 4.69
|   |   |   |   |   |   |   |   |--- class: positive
|   |   |   |   |   |   |   |--- feature_10 >  4.69
|   |   |   |   |   |   |   |   |--- class: neutral
|   |   |   |   |   |--- feature_6 >  79.00
|   |   |   |   |   |   |--- feature_6 <= 81.50
|   |   |   |   |   |   |   |--- class: neutral
|   |   |   |   |   |   |--- feature_6 >  81.50
|   |   |   |   |   |   |   |--- feature_5 <= 14.50
|   |   |   |   |   |   |   |   |--- feature_100 <= 0.50
|   |   |   |   |   |   |   |   |   |--- feature_5 <= 13.50
|   |   |   |   |   |   |   |   |   |   |--- feature_10 <= 9.20
|   |   |   |   |   |   |   |   |   |   |   |--- class: positive
|   |   |   |   |   |   |   |   |   |   |--- feature_10 >  9.20
|   |   |   |   |   |   |   |   |   |   |   |--- truncated branch of depth 2
|   |   |   |   |   |   |   |   |   |--- feature_5 >  13.50
|   |   |   |   |   |   |   |   |   |   |--- class: neutral
|   |   |   |   |   |   |   |   |--- feature_100 >  0.50
|   |   |   |   |   |   |   |   |   |--- class: positive
|   |   |   |   |   |   |   |--- feature_5 >  14.50
|   |   |   |   |   |   |   |   |--- feature_108 <= 0.50
|   |   |   |   |   |   |   |   |   |--- class: positive
|   |   |   |   |   |   |   |   |--- feature_108 >  0.50
|   |   |   |   |   |   |   |   |   |--- feature_96 <= 0.50
|   |   |   |   |   |   |   |   |   |   |--- class: neutral
|   |   |   |   |   |   |   |   |   |--- feature_96 >  0.50
|   |   |   |   |   |   |   |   |   |   |--- class: positive
|   |   |   |   |--- feature_10 >  14.10
|   |   |   |   |   |--- class: neutral
|   |--- feature_14 >  13.50
|   |   |--- feature_4 <= 36.00
|   |   |   |--- feature_21 <= 0.50
|   |   |   |   |--- feature_2 <= 5.00
|   |   |   |   |   |--- feature_76 <= 0.50
|   |   |   |   |   |   |--- feature_7 <= 3.50
|   |   |   |   |   |   |   |--- feature_3 <= -0.59
|   |   |   |   |   |   |   |   |--- class: neutral
|   |   |   |   |   |   |   |--- feature_3 >  -0.59
|   |   |   |   |   |   |   |   |--- class: positive
|   |   |   |   |   |   |--- feature_7 >  3.50
|   |   |   |   |   |   |   |--- class: neutral
|   |   |   |   |   |--- feature_76 >  0.50
|   |   |   |   |   |   |--- feature_91 <= 0.50
|   |   |   |   |   |   |   |--- class: positive
|   |   |   |   |   |   |--- feature_91 >  0.50
|   |   |   |   |   |   |   |--- feature_12 <= 5.00
|   |   |   |   |   |   |   |   |--- class: neutral
|   |   |   |   |   |   |   |--- feature_12 >  5.00
|   |   |   |   |   |   |   |   |--- class: positive
|   |   |   |   |--- feature_2 >  5.00
|   |   |   |   |   |--- class: positive
|   |   |   |--- feature_21 >  0.50
|   |   |   |   |--- feature_98 <= 0.50
|   |   |   |   |   |--- class: positive
|   |   |   |   |--- feature_98 >  0.50
|   |   |   |   |   |--- feature_10 <= 4.60
|   |   |   |   |   |   |--- class: neutral
|   |   |   |   |   |--- feature_10 >  4.60
|   |   |   |   |   |   |--- class: positive
|   |   |--- feature_4 >  36.00
|   |   |   |--- feature_9 <= 5.50
|   |   |   |   |--- feature_88 <= 0.50
|   |   |   |   |   |--- feature_11 <= 20.50
|   |   |   |   |   |   |--- feature_90 <= 0.50
|   |   |   |   |   |   |   |--- class: neutral
|   |   |   |   |   |   |--- feature_90 >  0.50
|   |   |   |   |   |   |   |--- feature_42 <= 0.50
|   |   |   |   |   |   |   |   |--- class: neutral
|   |   |   |   |   |   |   |--- feature_42 >  0.50
|   |   |   |   |   |   |   |   |--- class: positive
|   |   |   |   |   |--- feature_11 >  20.50
|   |   |   |   |   |   |--- class: positive
|   |   |   |   |--- feature_88 >  0.50
|   |   |   |   |   |--- class: positive
|   |   |   |--- feature_9 >  5.50
|   |   |   |   |--- class: neutral
